[0.014s] Invoking command in '/home/ohtoai/rust_ros_ws/build/unique_identifier_msgs': AMENT_PREFIX_PATH=/home/ohtoai/rust_ros_ws/install/rosidl_core_runtime:/home/ohtoai/rust_ros_ws/install/rosidl_core_generators:/home/ohtoai/rust_ros_ws/install/rosidl_generator_rs:/home/ohtoai/rust_ros_ws/install/rosidl_runtime_rs:${AMENT_PREFIX_PATH} CMAKE_PREFIX_PATH=/home/ohtoai/rust_ros_ws/install/rosidl_core_runtime:/home/ohtoai/rust_ros_ws/install/rosidl_core_generators:/home/ohtoai/rust_ros_ws/install/rosidl_generator_rs:/opt/ros/jazzy/opt/gz_math_vendor:/opt/ros/jazzy/opt/gz_utils_vendor:/opt/ros/jazzy/opt/gz_cmake_vendor:/opt/ros/jazzy DEBUGINFOD_URLS=https://debuginfod.ubuntu.com PYTHONPATH=/home/ohtoai/rust_ros_ws/install/rosidl_generator_rs/lib/python3.12/site-packages:${PYTHONPATH} /usr/bin/cmake /home/ohtoai/rust_ros_ws/src/ros2/unique_identifier_msgs -DCMAKE_INSTALL_PREFIX=/home/ohtoai/rust_ros_ws/install/unique_identifier_msgs
[0.113s] -- The C compiler identification is GNU 13.3.0
[0.208s] -- The CXX compiler identification is GNU 13.3.0
[0.250s] -- Detecting C compiler ABI info
[0.363s] -- Detecting C compiler ABI info - done
[0.369s] -- Check for working C compiler: /usr/bin/cc - skipped
[0.370s] -- Detecting C compile features
[0.370s] -- Detecting C compile features - done
[0.382s] -- Detecting CXX compiler ABI info
[0.542s] -- Detecting CXX compiler ABI info - done
[0.550s] -- Check for working CXX compiler: /usr/bin/c++ - skipped
[0.550s] -- Detecting CXX compile features
[0.551s] -- Detecting CXX compile features - done
[0.554s] -- Found ament_cmake: 2.5.3 (/opt/ros/jazzy/share/ament_cmake/cmake)
[0.683s] -- Found Python3: /usr/bin/python3 (found version "3.12.3") found components: Interpreter 
[0.771s] -- Found rosidl_core_generators: 0.2.0 (/home/ohtoai/rust_ros_ws/install/rosidl_core_generators/share/rosidl_core_generators/cmake)
[0.773s] -- Using all available rosidl_typesupport_c: rosidl_typesupport_fastrtps_c;rosidl_typesupport_introspection_c
[0.863s] -- Using all available rosidl_typesupport_cpp: rosidl_typesupport_fastrtps_cpp;rosidl_typesupport_introspection_cpp
[0.963s] -- Found rosidl_adapter: 4.6.5 (/opt/ros/jazzy/share/rosidl_adapter/cmake)
[1.858s] -- Found ament_cmake_ros: 0.12.0 (/opt/ros/jazzy/share/ament_cmake_ros/cmake)
[2.666s] -- Using all available rosidl_typesupport_c: rosidl_typesupport_fastrtps_c;rosidl_typesupport_introspection_c
[3.775s] -- Using all available rosidl_typesupport_cpp: rosidl_typesupport_fastrtps_cpp;rosidl_typesupport_introspection_cpp
[3.787s] -- Found python_cmake_module: 0.11.1 (/opt/ros/jazzy/share/python_cmake_module/cmake)
[3.989s] -- Found PythonExtra: /usr/bin/python3  
[4.463s] -- Found Python3: /usr/bin/python3 (found version "3.12.3") found components: Interpreter Development NumPy Development.Module Development.Embed 
[4.495s] -- Found ament_lint_auto: 0.17.1 (/opt/ros/jazzy/share/ament_lint_auto/cmake)
[4.518s] -- Added test 'copyright' to check source files copyright and LICENSE
[4.523s] -- Added test 'lint_cmake' to check CMake code style
[4.529s] -- Added test 'xmllint' to check XML markup files
[4.537s] -- Configuring done (4.5s)
[4.589s] -- Generating done (0.0s)
[4.601s] -- Build files have been written to: /home/ohtoai/rust_ros_ws/build/unique_identifier_msgs
[4.607s] Invoked command in '/home/ohtoai/rust_ros_ws/build/unique_identifier_msgs' returned '0': AMENT_PREFIX_PATH=/home/ohtoai/rust_ros_ws/install/rosidl_core_runtime:/home/ohtoai/rust_ros_ws/install/rosidl_core_generators:/home/ohtoai/rust_ros_ws/install/rosidl_generator_rs:/home/ohtoai/rust_ros_ws/install/rosidl_runtime_rs:${AMENT_PREFIX_PATH} CMAKE_PREFIX_PATH=/home/ohtoai/rust_ros_ws/install/rosidl_core_runtime:/home/ohtoai/rust_ros_ws/install/rosidl_core_generators:/home/ohtoai/rust_ros_ws/install/rosidl_generator_rs:/opt/ros/jazzy/opt/gz_math_vendor:/opt/ros/jazzy/opt/gz_utils_vendor:/opt/ros/jazzy/opt/gz_cmake_vendor:/opt/ros/jazzy DEBUGINFOD_URLS=https://debuginfod.ubuntu.com PYTHONPATH=/home/ohtoai/rust_ros_ws/install/rosidl_generator_rs/lib/python3.12/site-packages:${PYTHONPATH} /usr/bin/cmake /home/ohtoai/rust_ros_ws/src/ros2/unique_identifier_msgs -DCMAKE_INSTALL_PREFIX=/home/ohtoai/rust_ros_ws/install/unique_identifier_msgs
[4.609s] Invoking command in '/home/ohtoai/rust_ros_ws/build/unique_identifier_msgs': AMENT_PREFIX_PATH=/home/ohtoai/rust_ros_ws/install/rosidl_core_runtime:/home/ohtoai/rust_ros_ws/install/rosidl_core_generators:/home/ohtoai/rust_ros_ws/install/rosidl_generator_rs:/home/ohtoai/rust_ros_ws/install/rosidl_runtime_rs:${AMENT_PREFIX_PATH} CMAKE_PREFIX_PATH=/home/ohtoai/rust_ros_ws/install/rosidl_core_runtime:/home/ohtoai/rust_ros_ws/install/rosidl_core_generators:/home/ohtoai/rust_ros_ws/install/rosidl_generator_rs:/opt/ros/jazzy/opt/gz_math_vendor:/opt/ros/jazzy/opt/gz_utils_vendor:/opt/ros/jazzy/opt/gz_cmake_vendor:/opt/ros/jazzy DEBUGINFOD_URLS=https://debuginfod.ubuntu.com PYTHONPATH=/home/ohtoai/rust_ros_ws/install/rosidl_generator_rs/lib/python3.12/site-packages:${PYTHONPATH} /usr/bin/cmake --build /home/ohtoai/rust_ros_ws/build/unique_identifier_msgs -- -j2 -l2
[4.702s] [  2%] [34m[1mGenerating Rust code for ROS interfaces[0m
[5.047s] [  2%] Built target unique_identifier_msgs__rs
[5.078s] [  5%] [34m[1mGenerating type hashes for ROS interfaces[0m
[5.337s] [  5%] Built target unique_identifier_msgs__rosidl_generator_type_description
[5.378s] [  5%] Built target ament_cmake_python_copy_unique_identifier_msgs
[5.393s] [  8%] [34m[1mGenerating C code for ROS interfaces[0m
[5.777s] [ 11%] [32mBuilding C object CMakeFiles/unique_identifier_msgs__rosidl_generator_c.dir/rosidl_generator_c/unique_identifier_msgs/msg/detail/uuid__description.c.o[0m
[5.830s] [ 14%] [32mBuilding C object CMakeFiles/unique_identifier_msgs__rosidl_generator_c.dir/rosidl_generator_c/unique_identifier_msgs/msg/detail/uuid__functions.c.o[0m
[5.896s] [ 17%] [32mBuilding C object CMakeFiles/unique_identifier_msgs__rosidl_generator_c.dir/rosidl_generator_c/unique_identifier_msgs/msg/detail/uuid__type_support.c.o[0m
[5.957s] [ 20%] [32m[1mLinking C shared library libunique_identifier_msgs__rosidl_generator_c.so[0m
[6.017s] [ 20%] Built target unique_identifier_msgs__rosidl_generator_c
[6.065s] [ 22%] [34m[1mGenerating C++ code for ROS interfaces[0m
[6.447s] [ 22%] Built target unique_identifier_msgs__cpp
[6.776s] running egg_info
[6.776s] creating unique_identifier_msgs.egg-info
[6.794s] writing unique_identifier_msgs.egg-info/PKG-INFO
[6.797s] writing dependency_links to unique_identifier_msgs.egg-info/dependency_links.txt
[6.797s] writing top-level names to unique_identifier_msgs.egg-info/top_level.txt
[6.797s] writing manifest file 'unique_identifier_msgs.egg-info/SOURCES.txt'
[6.836s] reading manifest file 'unique_identifier_msgs.egg-info/SOURCES.txt'
[6.836s] writing manifest file 'unique_identifier_msgs.egg-info/SOURCES.txt'
[6.913s] [ 22%] Built target ament_cmake_python_build_unique_identifier_msgs_egg
[6.942s] [ 25%] [34m[1mGenerating C type support for eProsima Fast-RTPS[0m
[7.463s] [ 28%] [32mBuilding CXX object CMakeFiles/unique_identifier_msgs__rosidl_typesupport_fastrtps_c.dir/rosidl_typesupport_fastrtps_c/unique_identifier_msgs/msg/detail/uuid__type_support_c.cpp.o[0m
[8.057s] [ 31%] [32m[1mLinking CXX shared library libunique_identifier_msgs__rosidl_typesupport_fastrtps_c.so[0m
[8.119s] [ 31%] Built target unique_identifier_msgs__rosidl_typesupport_fastrtps_c
[8.144s] [ 34%] [34m[1mGenerating C introspection for ROS interfaces[0m
[8.515s] [ 37%] [32mBuilding C object CMakeFiles/unique_identifier_msgs__rosidl_typesupport_introspection_c.dir/rosidl_typesupport_introspection_c/unique_identifier_msgs/msg/detail/uuid__type_support.c.o[0m
[8.561s] [ 40%] [32m[1mLinking C shared library libunique_identifier_msgs__rosidl_typesupport_introspection_c.so[0m
[8.601s] [ 40%] Built target unique_identifier_msgs__rosidl_typesupport_introspection_c
[8.612s] [ 42%] [34m[1mGenerating C type support dispatch for ROS interfaces[0m
[8.908s] [ 45%] [32mBuilding CXX object CMakeFiles/unique_identifier_msgs__rosidl_typesupport_c.dir/rosidl_typesupport_c/unique_identifier_msgs/msg/uuid__type_support.cpp.o[0m
[8.965s] [ 48%] [32m[1mLinking CXX shared library libunique_identifier_msgs__rosidl_typesupport_c.so[0m
[9.017s] [ 48%] Built target unique_identifier_msgs__rosidl_typesupport_c
[9.040s] [ 51%] [34m[1mGenerating C++ type support for eProsima Fast-RTPS[0m
[9.411s] [ 54%] [32mBuilding CXX object CMakeFiles/unique_identifier_msgs__rosidl_typesupport_fastrtps_cpp.dir/rosidl_typesupport_fastrtps_cpp/unique_identifier_msgs/msg/detail/dds_fastrtps/uuid__type_support.cpp.o[0m
[9.976s] [ 57%] [32m[1mLinking CXX shared library libunique_identifier_msgs__rosidl_typesupport_fastrtps_cpp.so[0m
[10.091s] [ 57%] Built target unique_identifier_msgs__rosidl_typesupport_fastrtps_cpp
[10.112s] [ 60%] [34m[1mGenerating C++ introspection for ROS interfaces[0m
[10.442s] [ 62%] [32mBuilding CXX object CMakeFiles/unique_identifier_msgs__rosidl_typesupport_introspection_cpp.dir/rosidl_typesupport_introspection_cpp/unique_identifier_msgs/msg/detail/uuid__type_support.cpp.o[0m
[10.839s] [ 65%] [32m[1mLinking CXX shared library libunique_identifier_msgs__rosidl_typesupport_introspection_cpp.so[0m
[10.935s] [ 65%] Built target unique_identifier_msgs__rosidl_typesupport_introspection_cpp
[10.946s] [ 68%] [34m[1mGenerating C++ type support dispatch for ROS interfaces[0m
[11.358s] [ 71%] [32mBuilding CXX object CMakeFiles/unique_identifier_msgs__rosidl_typesupport_cpp.dir/rosidl_typesupport_cpp/unique_identifier_msgs/msg/uuid__type_support.cpp.o[0m
[11.637s] [ 74%] [32m[1mLinking CXX shared library libunique_identifier_msgs__rosidl_typesupport_cpp.so[0m
[11.708s] [ 74%] Built target unique_identifier_msgs__rosidl_typesupport_cpp
[11.739s] [ 74%] Built target unique_identifier_msgs
[11.770s] [ 77%] [34m[1mGenerating Python code for ROS interfaces[0m
[12.255s] [ 77%] Built target unique_identifier_msgs__py
[12.296s] [ 80%] [32mBuilding C object CMakeFiles/unique_identifier_msgs__rosidl_generator_py.dir/rosidl_generator_py/unique_identifier_msgs/msg/_uuid_s.c.o[0m
[12.530s] [ 82%] [32m[1mLinking C shared library libunique_identifier_msgs__rosidl_generator_py.so[0m
[12.612s] [ 82%] Built target unique_identifier_msgs__rosidl_generator_py
[12.653s] [ 85%] [32mBuilding C object CMakeFiles/unique_identifier_msgs_s__rosidl_typesupport_fastrtps_c.dir/rosidl_generator_py/unique_identifier_msgs/_unique_identifier_msgs_s.ep.rosidl_typesupport_fastrtps_c.c.o[0m
[12.867s] [ 88%] [32m[1mLinking C shared module rosidl_generator_py/unique_identifier_msgs/unique_identifier_msgs_s__rosidl_typesupport_fastrtps_c.so[0m
[12.946s] [ 88%] Built target unique_identifier_msgs_s__rosidl_typesupport_fastrtps_c
[12.985s] [ 91%] [32mBuilding C object CMakeFiles/unique_identifier_msgs_s__rosidl_typesupport_introspection_c.dir/rosidl_generator_py/unique_identifier_msgs/_unique_identifier_msgs_s.ep.rosidl_typesupport_introspection_c.c.o[0m
[13.186s] [ 94%] [32m[1mLinking C shared module rosidl_generator_py/unique_identifier_msgs/unique_identifier_msgs_s__rosidl_typesupport_introspection_c.so[0m
[13.272s] [ 94%] Built target unique_identifier_msgs_s__rosidl_typesupport_introspection_c
[13.318s] [ 97%] [32mBuilding C object CMakeFiles/unique_identifier_msgs_s__rosidl_typesupport_c.dir/rosidl_generator_py/unique_identifier_msgs/_unique_identifier_msgs_s.ep.rosidl_typesupport_c.c.o[0m
[13.609s] [100%] [32m[1mLinking C shared module rosidl_generator_py/unique_identifier_msgs/unique_identifier_msgs_s__rosidl_typesupport_c.so[0m
[13.711s] [100%] Built target unique_identifier_msgs_s__rosidl_typesupport_c
[13.732s] Invoked command in '/home/ohtoai/rust_ros_ws/build/unique_identifier_msgs' returned '0': AMENT_PREFIX_PATH=/home/ohtoai/rust_ros_ws/install/rosidl_core_runtime:/home/ohtoai/rust_ros_ws/install/rosidl_core_generators:/home/ohtoai/rust_ros_ws/install/rosidl_generator_rs:/home/ohtoai/rust_ros_ws/install/rosidl_runtime_rs:${AMENT_PREFIX_PATH} CMAKE_PREFIX_PATH=/home/ohtoai/rust_ros_ws/install/rosidl_core_runtime:/home/ohtoai/rust_ros_ws/install/rosidl_core_generators:/home/ohtoai/rust_ros_ws/install/rosidl_generator_rs:/opt/ros/jazzy/opt/gz_math_vendor:/opt/ros/jazzy/opt/gz_utils_vendor:/opt/ros/jazzy/opt/gz_cmake_vendor:/opt/ros/jazzy DEBUGINFOD_URLS=https://debuginfod.ubuntu.com PYTHONPATH=/home/ohtoai/rust_ros_ws/install/rosidl_generator_rs/lib/python3.12/site-packages:${PYTHONPATH} /usr/bin/cmake --build /home/ohtoai/rust_ros_ws/build/unique_identifier_msgs -- -j2 -l2
[13.735s] Invoking command in '/home/ohtoai/rust_ros_ws/build/unique_identifier_msgs': AMENT_PREFIX_PATH=/home/ohtoai/rust_ros_ws/install/rosidl_core_runtime:/home/ohtoai/rust_ros_ws/install/rosidl_core_generators:/home/ohtoai/rust_ros_ws/install/rosidl_generator_rs:/home/ohtoai/rust_ros_ws/install/rosidl_runtime_rs:${AMENT_PREFIX_PATH} CMAKE_PREFIX_PATH=/home/ohtoai/rust_ros_ws/install/rosidl_core_runtime:/home/ohtoai/rust_ros_ws/install/rosidl_core_generators:/home/ohtoai/rust_ros_ws/install/rosidl_generator_rs:/opt/ros/jazzy/opt/gz_math_vendor:/opt/ros/jazzy/opt/gz_utils_vendor:/opt/ros/jazzy/opt/gz_cmake_vendor:/opt/ros/jazzy DEBUGINFOD_URLS=https://debuginfod.ubuntu.com PYTHONPATH=/home/ohtoai/rust_ros_ws/install/rosidl_generator_rs/lib/python3.12/site-packages:${PYTHONPATH} /usr/bin/cmake --install /home/ohtoai/rust_ros_ws/build/unique_identifier_msgs
[13.760s] -- Install configuration: ""
[13.763s] -- Installing: /home/ohtoai/rust_ros_ws/install/unique_identifier_msgs/share/ament_index/resource_index/rosidl_interfaces/unique_identifier_msgs
[13.764s] -- Installing: /home/ohtoai/rust_ros_ws/install/unique_identifier_msgs/share/unique_identifier_msgs/msg/UUID.json
[13.764s] -- Installing: /home/ohtoai/rust_ros_ws/install/unique_identifier_msgs/include/unique_identifier_msgs/unique_identifier_msgs
[13.764s] -- Installing: /home/ohtoai/rust_ros_ws/install/unique_identifier_msgs/include/unique_identifier_msgs/unique_identifier_msgs/msg
[13.764s] -- Installing: /home/ohtoai/rust_ros_ws/install/unique_identifier_msgs/include/unique_identifier_msgs/unique_identifier_msgs/msg/detail
[13.764s] -- Installing: /home/ohtoai/rust_ros_ws/install/unique_identifier_msgs/include/unique_identifier_msgs/unique_identifier_msgs/msg/detail/uuid__type_support.c
[13.764s] -- Installing: /home/ohtoai/rust_ros_ws/install/unique_identifier_msgs/include/unique_identifier_msgs/unique_identifier_msgs/msg/detail/uuid__functions.h
[13.766s] -- Installing: /home/ohtoai/rust_ros_ws/install/unique_identifier_msgs/include/unique_identifier_msgs/unique_identifier_msgs/msg/detail/uuid__functions.c
[13.766s] -- Installing: /home/ohtoai/rust_ros_ws/install/unique_identifier_msgs/include/unique_identifier_msgs/unique_identifier_msgs/msg/detail/uuid__struct.h
[13.766s] -- Installing: /home/ohtoai/rust_ros_ws/install/unique_identifier_msgs/include/unique_identifier_msgs/unique_identifier_msgs/msg/detail/uuid__description.c
[13.766s] -- Installing: /home/ohtoai/rust_ros_ws/install/unique_identifier_msgs/include/unique_identifier_msgs/unique_identifier_msgs/msg/detail/uuid__type_support.h
[13.766s] -- Installing: /home/ohtoai/rust_ros_ws/install/unique_identifier_msgs/include/unique_identifier_msgs/unique_identifier_msgs/msg/rosidl_generator_c__visibility_control.h
[13.767s] -- Installing: /home/ohtoai/rust_ros_ws/install/unique_identifier_msgs/include/unique_identifier_msgs/unique_identifier_msgs/msg/uuid.h
[13.767s] -- Installing: /home/ohtoai/rust_ros_ws/install/unique_identifier_msgs/share/unique_identifier_msgs/environment/library_path.sh
[13.767s] -- Installing: /home/ohtoai/rust_ros_ws/install/unique_identifier_msgs/share/unique_identifier_msgs/environment/library_path.dsv
[13.767s] -- Installing: /home/ohtoai/rust_ros_ws/install/unique_identifier_msgs/lib/libunique_identifier_msgs__rosidl_generator_c.so
[13.768s] -- Set non-toolchain portion of runtime path of "/home/ohtoai/rust_ros_ws/install/unique_identifier_msgs/lib/libunique_identifier_msgs__rosidl_generator_c.so" to ""
[13.768s] -- Up-to-date: /home/ohtoai/rust_ros_ws/install/unique_identifier_msgs/include/unique_identifier_msgs/unique_identifier_msgs
[13.768s] -- Up-to-date: /home/ohtoai/rust_ros_ws/install/unique_identifier_msgs/include/unique_identifier_msgs/unique_identifier_msgs/msg
[13.768s] -- Up-to-date: /home/ohtoai/rust_ros_ws/install/unique_identifier_msgs/include/unique_identifier_msgs/unique_identifier_msgs/msg/detail
[13.768s] -- Installing: /home/ohtoai/rust_ros_ws/install/unique_identifier_msgs/include/unique_identifier_msgs/unique_identifier_msgs/msg/detail/uuid__rosidl_typesupport_fastrtps_c.h
[13.768s] -- Installing: /home/ohtoai/rust_ros_ws/install/unique_identifier_msgs/include/unique_identifier_msgs/unique_identifier_msgs/msg/rosidl_typesupport_fastrtps_c__visibility_control.h
[13.768s] -- Installing: /home/ohtoai/rust_ros_ws/install/unique_identifier_msgs/lib/libunique_identifier_msgs__rosidl_typesupport_fastrtps_c.so
[13.769s] -- Set non-toolchain portion of runtime path of "/home/ohtoai/rust_ros_ws/install/unique_identifier_msgs/lib/libunique_identifier_msgs__rosidl_typesupport_fastrtps_c.so" to ""
[13.769s] -- Up-to-date: /home/ohtoai/rust_ros_ws/install/unique_identifier_msgs/include/unique_identifier_msgs/unique_identifier_msgs
[13.770s] -- Up-to-date: /home/ohtoai/rust_ros_ws/install/unique_identifier_msgs/include/unique_identifier_msgs/unique_identifier_msgs/msg
[13.770s] -- Up-to-date: /home/ohtoai/rust_ros_ws/install/unique_identifier_msgs/include/unique_identifier_msgs/unique_identifier_msgs/msg/detail
[13.770s] -- Installing: /home/ohtoai/rust_ros_ws/install/unique_identifier_msgs/include/unique_identifier_msgs/unique_identifier_msgs/msg/detail/uuid__type_support.c
[13.771s] -- Installing: /home/ohtoai/rust_ros_ws/install/unique_identifier_msgs/include/unique_identifier_msgs/unique_identifier_msgs/msg/detail/uuid__rosidl_typesupport_introspection_c.h
[13.771s] -- Installing: /home/ohtoai/rust_ros_ws/install/unique_identifier_msgs/include/unique_identifier_msgs/unique_identifier_msgs/msg/rosidl_typesupport_introspection_c__visibility_control.h
[13.771s] -- Installing: /home/ohtoai/rust_ros_ws/install/unique_identifier_msgs/lib/libunique_identifier_msgs__rosidl_typesupport_introspection_c.so
[13.771s] -- Set non-toolchain portion of runtime path of "/home/ohtoai/rust_ros_ws/install/unique_identifier_msgs/lib/libunique_identifier_msgs__rosidl_typesupport_introspection_c.so" to ""
[13.775s] -- Installing: /home/ohtoai/rust_ros_ws/install/unique_identifier_msgs/lib/libunique_identifier_msgs__rosidl_typesupport_c.so
[13.775s] -- Set non-toolchain portion of runtime path of "/home/ohtoai/rust_ros_ws/install/unique_identifier_msgs/lib/libunique_identifier_msgs__rosidl_typesupport_c.so" to ""
[13.775s] -- Up-to-date: /home/ohtoai/rust_ros_ws/install/unique_identifier_msgs/include/unique_identifier_msgs/unique_identifier_msgs
[13.775s] -- Up-to-date: /home/ohtoai/rust_ros_ws/install/unique_identifier_msgs/include/unique_identifier_msgs/unique_identifier_msgs/msg
[13.775s] -- Up-to-date: /home/ohtoai/rust_ros_ws/install/unique_identifier_msgs/include/unique_identifier_msgs/unique_identifier_msgs/msg/detail
[13.775s] -- Installing: /home/ohtoai/rust_ros_ws/install/unique_identifier_msgs/include/unique_identifier_msgs/unique_identifier_msgs/msg/detail/uuid__struct.hpp
[13.775s] -- Installing: /home/ohtoai/rust_ros_ws/install/unique_identifier_msgs/include/unique_identifier_msgs/unique_identifier_msgs/msg/detail/uuid__builder.hpp
[13.775s] -- Installing: /home/ohtoai/rust_ros_ws/install/unique_identifier_msgs/include/unique_identifier_msgs/unique_identifier_msgs/msg/detail/uuid__type_support.hpp
[13.775s] -- Installing: /home/ohtoai/rust_ros_ws/install/unique_identifier_msgs/include/unique_identifier_msgs/unique_identifier_msgs/msg/detail/uuid__traits.hpp
[13.775s] -- Installing: /home/ohtoai/rust_ros_ws/install/unique_identifier_msgs/include/unique_identifier_msgs/unique_identifier_msgs/msg/rosidl_generator_cpp__visibility_control.hpp
[13.775s] -- Installing: /home/ohtoai/rust_ros_ws/install/unique_identifier_msgs/include/unique_identifier_msgs/unique_identifier_msgs/msg/uuid.hpp
[13.776s] -- Up-to-date: /home/ohtoai/rust_ros_ws/install/unique_identifier_msgs/include/unique_identifier_msgs/unique_identifier_msgs
[13.776s] -- Up-to-date: /home/ohtoai/rust_ros_ws/install/unique_identifier_msgs/include/unique_identifier_msgs/unique_identifier_msgs/msg
[13.776s] -- Up-to-date: /home/ohtoai/rust_ros_ws/install/unique_identifier_msgs/include/unique_identifier_msgs/unique_identifier_msgs/msg/detail
[13.778s] -- Installing: /home/ohtoai/rust_ros_ws/install/unique_identifier_msgs/include/unique_identifier_msgs/unique_identifier_msgs/msg/detail/dds_fastrtps
[13.778s] -- Installing: /home/ohtoai/rust_ros_ws/install/unique_identifier_msgs/include/unique_identifier_msgs/unique_identifier_msgs/msg/detail/uuid__rosidl_typesupport_fastrtps_cpp.hpp
[13.779s] -- Installing: /home/ohtoai/rust_ros_ws/install/unique_identifier_msgs/include/unique_identifier_msgs/unique_identifier_msgs/msg/rosidl_typesupport_fastrtps_cpp__visibility_control.h
[13.779s] -- Installing: /home/ohtoai/rust_ros_ws/install/unique_identifier_msgs/lib/libunique_identifier_msgs__rosidl_typesupport_fastrtps_cpp.so
[13.781s] -- Set non-toolchain portion of runtime path of "/home/ohtoai/rust_ros_ws/install/unique_identifier_msgs/lib/libunique_identifier_msgs__rosidl_typesupport_fastrtps_cpp.so" to ""
[13.781s] -- Up-to-date: /home/ohtoai/rust_ros_ws/install/unique_identifier_msgs/include/unique_identifier_msgs/unique_identifier_msgs
[13.781s] -- Up-to-date: /home/ohtoai/rust_ros_ws/install/unique_identifier_msgs/include/unique_identifier_msgs/unique_identifier_msgs/msg
[13.782s] -- Up-to-date: /home/ohtoai/rust_ros_ws/install/unique_identifier_msgs/include/unique_identifier_msgs/unique_identifier_msgs/msg/detail
[13.782s] -- Installing: /home/ohtoai/rust_ros_ws/install/unique_identifier_msgs/include/unique_identifier_msgs/unique_identifier_msgs/msg/detail/uuid__type_support.cpp
[13.782s] -- Installing: /home/ohtoai/rust_ros_ws/install/unique_identifier_msgs/include/unique_identifier_msgs/unique_identifier_msgs/msg/detail/uuid__rosidl_typesupport_introspection_cpp.hpp
[13.782s] -- Installing: /home/ohtoai/rust_ros_ws/install/unique_identifier_msgs/lib/libunique_identifier_msgs__rosidl_typesupport_introspection_cpp.so
[13.782s] -- Set non-toolchain portion of runtime path of "/home/ohtoai/rust_ros_ws/install/unique_identifier_msgs/lib/libunique_identifier_msgs__rosidl_typesupport_introspection_cpp.so" to ""
[13.782s] -- Installing: /home/ohtoai/rust_ros_ws/install/unique_identifier_msgs/lib/libunique_identifier_msgs__rosidl_typesupport_cpp.so
[13.783s] -- Set non-toolchain portion of runtime path of "/home/ohtoai/rust_ros_ws/install/unique_identifier_msgs/lib/libunique_identifier_msgs__rosidl_typesupport_cpp.so" to ""
[13.784s] -- Installing: /home/ohtoai/rust_ros_ws/install/unique_identifier_msgs/share/ament_index/resource_index/rust_packages/unique_identifier_msgs
[13.785s] -- Installing: /home/ohtoai/rust_ros_ws/install/unique_identifier_msgs/share/unique_identifier_msgs/rust
[13.785s] -- Installing: /home/ohtoai/rust_ros_ws/install/unique_identifier_msgs/share/unique_identifier_msgs/rust/build.rs
[13.789s] -- Installing: /home/ohtoai/rust_ros_ws/install/unique_identifier_msgs/share/unique_identifier_msgs/rust/Cargo.toml
[13.789s] -- Installing: /home/ohtoai/rust_ros_ws/install/unique_identifier_msgs/share/unique_identifier_msgs/rust/src
[13.789s] -- Installing: /home/ohtoai/rust_ros_ws/install/unique_identifier_msgs/share/unique_identifier_msgs/rust/src/msg.rs
[13.790s] -- Installing: /home/ohtoai/rust_ros_ws/install/unique_identifier_msgs/share/unique_identifier_msgs/rust/src/lib.rs
[13.790s] -- Installing: /home/ohtoai/rust_ros_ws/install/unique_identifier_msgs/share/unique_identifier_msgs/environment/pythonpath.sh
[13.790s] -- Installing: /home/ohtoai/rust_ros_ws/install/unique_identifier_msgs/share/unique_identifier_msgs/environment/pythonpath.dsv
[13.790s] -- Installing: /home/ohtoai/rust_ros_ws/install/unique_identifier_msgs/lib/python3.12/site-packages/unique_identifier_msgs-2.5.0-py3.12.egg-info
[13.793s] -- Installing: /home/ohtoai/rust_ros_ws/install/unique_identifier_msgs/lib/python3.12/site-packages/unique_identifier_msgs-2.5.0-py3.12.egg-info/PKG-INFO
[13.793s] -- Installing: /home/ohtoai/rust_ros_ws/install/unique_identifier_msgs/lib/python3.12/site-packages/unique_identifier_msgs-2.5.0-py3.12.egg-info/top_level.txt
[13.793s] -- Installing: /home/ohtoai/rust_ros_ws/install/unique_identifier_msgs/lib/python3.12/site-packages/unique_identifier_msgs-2.5.0-py3.12.egg-info/SOURCES.txt
[13.793s] -- Installing: /home/ohtoai/rust_ros_ws/install/unique_identifier_msgs/lib/python3.12/site-packages/unique_identifier_msgs-2.5.0-py3.12.egg-info/dependency_links.txt
[13.793s] -- Installing: /home/ohtoai/rust_ros_ws/install/unique_identifier_msgs/lib/python3.12/site-packages/unique_identifier_msgs
[13.793s] -- Installing: /home/ohtoai/rust_ros_ws/install/unique_identifier_msgs/lib/python3.12/site-packages/unique_identifier_msgs/_unique_identifier_msgs_s.ep.rosidl_typesupport_introspection_c.c
[13.794s] -- Installing: /home/ohtoai/rust_ros_ws/install/unique_identifier_msgs/lib/python3.12/site-packages/unique_identifier_msgs/msg
[13.794s] -- Installing: /home/ohtoai/rust_ros_ws/install/unique_identifier_msgs/lib/python3.12/site-packages/unique_identifier_msgs/msg/_uuid_s.c
[13.794s] -- Installing: /home/ohtoai/rust_ros_ws/install/unique_identifier_msgs/lib/python3.12/site-packages/unique_identifier_msgs/msg/_uuid.py
[13.794s] -- Installing: /home/ohtoai/rust_ros_ws/install/unique_identifier_msgs/lib/python3.12/site-packages/unique_identifier_msgs/msg/__init__.py
[13.794s] -- Installing: /home/ohtoai/rust_ros_ws/install/unique_identifier_msgs/lib/python3.12/site-packages/unique_identifier_msgs/_unique_identifier_msgs_s.ep.rosidl_typesupport_fastrtps_c.c
[13.794s] -- Installing: /home/ohtoai/rust_ros_ws/install/unique_identifier_msgs/lib/python3.12/site-packages/unique_identifier_msgs/unique_identifier_msgs_s__rosidl_typesupport_introspection_c.so
[13.794s] -- Installing: /home/ohtoai/rust_ros_ws/install/unique_identifier_msgs/lib/python3.12/site-packages/unique_identifier_msgs/_unique_identifier_msgs_s.ep.rosidl_typesupport_c.c
[13.794s] -- Installing: /home/ohtoai/rust_ros_ws/install/unique_identifier_msgs/lib/python3.12/site-packages/unique_identifier_msgs/unique_identifier_msgs_s__rosidl_typesupport_fastrtps_c.so
[13.795s] -- Installing: /home/ohtoai/rust_ros_ws/install/unique_identifier_msgs/lib/python3.12/site-packages/unique_identifier_msgs/unique_identifier_msgs_s__rosidl_typesupport_c.so
[13.798s] -- Installing: /home/ohtoai/rust_ros_ws/install/unique_identifier_msgs/lib/python3.12/site-packages/unique_identifier_msgs/__init__.py
[13.907s] Listing '/home/ohtoai/rust_ros_ws/install/unique_identifier_msgs/lib/python3.12/site-packages/unique_identifier_msgs'...
[13.907s] Compiling '/home/ohtoai/rust_ros_ws/install/unique_identifier_msgs/lib/python3.12/site-packages/unique_identifier_msgs/__init__.py'...
[13.907s] Listing '/home/ohtoai/rust_ros_ws/install/unique_identifier_msgs/lib/python3.12/site-packages/unique_identifier_msgs/msg'...
[13.907s] Compiling '/home/ohtoai/rust_ros_ws/install/unique_identifier_msgs/lib/python3.12/site-packages/unique_identifier_msgs/msg/__init__.py'...
[13.907s] Compiling '/home/ohtoai/rust_ros_ws/install/unique_identifier_msgs/lib/python3.12/site-packages/unique_identifier_msgs/msg/_uuid.py'...
[13.918s] -- Installing: /home/ohtoai/rust_ros_ws/install/unique_identifier_msgs/lib/python3.12/site-packages/unique_identifier_msgs/unique_identifier_msgs_s__rosidl_typesupport_fastrtps_c.so
[13.919s] -- Set non-toolchain portion of runtime path of "/home/ohtoai/rust_ros_ws/install/unique_identifier_msgs/lib/python3.12/site-packages/unique_identifier_msgs/unique_identifier_msgs_s__rosidl_typesupport_fastrtps_c.so" to ""
[13.920s] -- Installing: /home/ohtoai/rust_ros_ws/install/unique_identifier_msgs/lib/python3.12/site-packages/unique_identifier_msgs/unique_identifier_msgs_s__rosidl_typesupport_introspection_c.so
[13.920s] -- Set non-toolchain portion of runtime path of "/home/ohtoai/rust_ros_ws/install/unique_identifier_msgs/lib/python3.12/site-packages/unique_identifier_msgs/unique_identifier_msgs_s__rosidl_typesupport_introspection_c.so" to ""
[13.923s] -- Installing: /home/ohtoai/rust_ros_ws/install/unique_identifier_msgs/lib/python3.12/site-packages/unique_identifier_msgs/unique_identifier_msgs_s__rosidl_typesupport_c.so
[13.925s] -- Set non-toolchain portion of runtime path of "/home/ohtoai/rust_ros_ws/install/unique_identifier_msgs/lib/python3.12/site-packages/unique_identifier_msgs/unique_identifier_msgs_s__rosidl_typesupport_c.so" to ""
[13.925s] -- Installing: /home/ohtoai/rust_ros_ws/install/unique_identifier_msgs/lib/libunique_identifier_msgs__rosidl_generator_py.so
[13.926s] -- Set non-toolchain portion of runtime path of "/home/ohtoai/rust_ros_ws/install/unique_identifier_msgs/lib/libunique_identifier_msgs__rosidl_generator_py.so" to ""
[13.929s] -- Installing: /home/ohtoai/rust_ros_ws/install/unique_identifier_msgs/share/unique_identifier_msgs/msg/UUID.idl
[13.930s] -- Installing: /home/ohtoai/rust_ros_ws/install/unique_identifier_msgs/share/unique_identifier_msgs/msg/UUID.msg
[13.930s] -- Installing: /home/ohtoai/rust_ros_ws/install/unique_identifier_msgs/share/ament_index/resource_index/package_run_dependencies/unique_identifier_msgs
[13.931s] -- Installing: /home/ohtoai/rust_ros_ws/install/unique_identifier_msgs/share/ament_index/resource_index/parent_prefix_path/unique_identifier_msgs
[13.931s] -- Installing: /home/ohtoai/rust_ros_ws/install/unique_identifier_msgs/share/unique_identifier_msgs/environment/ament_prefix_path.sh
[13.932s] -- Installing: /home/ohtoai/rust_ros_ws/install/unique_identifier_msgs/share/unique_identifier_msgs/environment/ament_prefix_path.dsv
[13.932s] -- Installing: /home/ohtoai/rust_ros_ws/install/unique_identifier_msgs/share/unique_identifier_msgs/environment/path.sh
[13.933s] -- Installing: /home/ohtoai/rust_ros_ws/install/unique_identifier_msgs/share/unique_identifier_msgs/environment/path.dsv
[13.933s] -- Installing: /home/ohtoai/rust_ros_ws/install/unique_identifier_msgs/share/unique_identifier_msgs/local_setup.bash
[13.933s] -- Installing: /home/ohtoai/rust_ros_ws/install/unique_identifier_msgs/share/unique_identifier_msgs/local_setup.sh
[13.937s] -- Installing: /home/ohtoai/rust_ros_ws/install/unique_identifier_msgs/share/unique_identifier_msgs/local_setup.zsh
[13.937s] -- Installing: /home/ohtoai/rust_ros_ws/install/unique_identifier_msgs/share/unique_identifier_msgs/local_setup.dsv
[13.937s] -- Installing: /home/ohtoai/rust_ros_ws/install/unique_identifier_msgs/share/unique_identifier_msgs/package.dsv
[13.938s] -- Installing: /home/ohtoai/rust_ros_ws/install/unique_identifier_msgs/share/ament_index/resource_index/packages/unique_identifier_msgs
[13.938s] -- Installing: /home/ohtoai/rust_ros_ws/install/unique_identifier_msgs/share/unique_identifier_msgs/cmake/export_unique_identifier_msgs__rosidl_generator_cExport.cmake
[13.938s] -- Installing: /home/ohtoai/rust_ros_ws/install/unique_identifier_msgs/share/unique_identifier_msgs/cmake/export_unique_identifier_msgs__rosidl_generator_cExport-noconfig.cmake
[13.939s] -- Installing: /home/ohtoai/rust_ros_ws/install/unique_identifier_msgs/share/unique_identifier_msgs/cmake/export_unique_identifier_msgs__rosidl_typesupport_fastrtps_cExport.cmake
[13.942s] -- Installing: /home/ohtoai/rust_ros_ws/install/unique_identifier_msgs/share/unique_identifier_msgs/cmake/export_unique_identifier_msgs__rosidl_typesupport_fastrtps_cExport-noconfig.cmake
[13.942s] -- Installing: /home/ohtoai/rust_ros_ws/install/unique_identifier_msgs/share/unique_identifier_msgs/cmake/unique_identifier_msgs__rosidl_typesupport_introspection_cExport.cmake
[13.943s] -- Installing: /home/ohtoai/rust_ros_ws/install/unique_identifier_msgs/share/unique_identifier_msgs/cmake/unique_identifier_msgs__rosidl_typesupport_introspection_cExport-noconfig.cmake
[13.943s] -- Installing: /home/ohtoai/rust_ros_ws/install/unique_identifier_msgs/share/unique_identifier_msgs/cmake/unique_identifier_msgs__rosidl_typesupport_cExport.cmake
[13.944s] -- Installing: /home/ohtoai/rust_ros_ws/install/unique_identifier_msgs/share/unique_identifier_msgs/cmake/unique_identifier_msgs__rosidl_typesupport_cExport-noconfig.cmake
[13.944s] -- Installing: /home/ohtoai/rust_ros_ws/install/unique_identifier_msgs/share/unique_identifier_msgs/cmake/export_unique_identifier_msgs__rosidl_generator_cppExport.cmake
[13.944s] -- Installing: /home/ohtoai/rust_ros_ws/install/unique_identifier_msgs/share/unique_identifier_msgs/cmake/export_unique_identifier_msgs__rosidl_typesupport_fastrtps_cppExport.cmake
[13.944s] -- Installing: /home/ohtoai/rust_ros_ws/install/unique_identifier_msgs/share/unique_identifier_msgs/cmake/export_unique_identifier_msgs__rosidl_typesupport_fastrtps_cppExport-noconfig.cmake
[13.945s] -- Installing: /home/ohtoai/rust_ros_ws/install/unique_identifier_msgs/share/unique_identifier_msgs/cmake/unique_identifier_msgs__rosidl_typesupport_introspection_cppExport.cmake
[13.945s] -- Installing: /home/ohtoai/rust_ros_ws/install/unique_identifier_msgs/share/unique_identifier_msgs/cmake/unique_identifier_msgs__rosidl_typesupport_introspection_cppExport-noconfig.cmake
[13.945s] -- Installing: /home/ohtoai/rust_ros_ws/install/unique_identifier_msgs/share/unique_identifier_msgs/cmake/unique_identifier_msgs__rosidl_typesupport_cppExport.cmake
[13.945s] -- Installing: /home/ohtoai/rust_ros_ws/install/unique_identifier_msgs/share/unique_identifier_msgs/cmake/unique_identifier_msgs__rosidl_typesupport_cppExport-noconfig.cmake
[13.948s] -- Installing: /home/ohtoai/rust_ros_ws/install/unique_identifier_msgs/share/unique_identifier_msgs/cmake/export_unique_identifier_msgs__rosidl_generator_pyExport.cmake
[13.948s] -- Installing: /home/ohtoai/rust_ros_ws/install/unique_identifier_msgs/share/unique_identifier_msgs/cmake/export_unique_identifier_msgs__rosidl_generator_pyExport-noconfig.cmake
[13.949s] -- Installing: /home/ohtoai/rust_ros_ws/install/unique_identifier_msgs/share/unique_identifier_msgs/cmake/rosidl_cmake-extras.cmake
[13.949s] -- Installing: /home/ohtoai/rust_ros_ws/install/unique_identifier_msgs/share/unique_identifier_msgs/cmake/ament_cmake_export_include_directories-extras.cmake
[13.950s] -- Installing: /home/ohtoai/rust_ros_ws/install/unique_identifier_msgs/share/unique_identifier_msgs/cmake/ament_cmake_export_libraries-extras.cmake
[13.950s] -- Installing: /home/ohtoai/rust_ros_ws/install/unique_identifier_msgs/share/unique_identifier_msgs/cmake/ament_cmake_export_targets-extras.cmake
[13.951s] -- Installing: /home/ohtoai/rust_ros_ws/install/unique_identifier_msgs/share/unique_identifier_msgs/cmake/rosidl_cmake_export_typesupport_targets-extras.cmake
[13.951s] -- Installing: /home/ohtoai/rust_ros_ws/install/unique_identifier_msgs/share/unique_identifier_msgs/cmake/ament_cmake_export_dependencies-extras.cmake
[13.952s] -- Installing: /home/ohtoai/rust_ros_ws/install/unique_identifier_msgs/share/unique_identifier_msgs/cmake/rosidl_cmake_export_typesupport_libraries-extras.cmake
[13.952s] -- Installing: /home/ohtoai/rust_ros_ws/install/unique_identifier_msgs/share/unique_identifier_msgs/cmake/unique_identifier_msgsConfig.cmake
[13.952s] -- Installing: /home/ohtoai/rust_ros_ws/install/unique_identifier_msgs/share/unique_identifier_msgs/cmake/unique_identifier_msgsConfig-version.cmake
[13.952s] -- Installing: /home/ohtoai/rust_ros_ws/install/unique_identifier_msgs/share/unique_identifier_msgs/package.xml
[13.953s] -- Installing: /home/ohtoai/rust_ros_ws/install/unique_identifier_msgs/share/unique_identifier_msgs/mapping_rules.yaml
[13.963s] Invoked command in '/home/ohtoai/rust_ros_ws/build/unique_identifier_msgs' returned '0': AMENT_PREFIX_PATH=/home/ohtoai/rust_ros_ws/install/rosidl_core_runtime:/home/ohtoai/rust_ros_ws/install/rosidl_core_generators:/home/ohtoai/rust_ros_ws/install/rosidl_generator_rs:/home/ohtoai/rust_ros_ws/install/rosidl_runtime_rs:${AMENT_PREFIX_PATH} CMAKE_PREFIX_PATH=/home/ohtoai/rust_ros_ws/install/rosidl_core_runtime:/home/ohtoai/rust_ros_ws/install/rosidl_core_generators:/home/ohtoai/rust_ros_ws/install/rosidl_generator_rs:/opt/ros/jazzy/opt/gz_math_vendor:/opt/ros/jazzy/opt/gz_utils_vendor:/opt/ros/jazzy/opt/gz_cmake_vendor:/opt/ros/jazzy DEBUGINFOD_URLS=https://debuginfod.ubuntu.com PYTHONPATH=/home/ohtoai/rust_ros_ws/install/rosidl_generator_rs/lib/python3.12/site-packages:${PYTHONPATH} /usr/bin/cmake --install /home/ohtoai/rust_ros_ws/build/unique_identifier_msgs
