-- The C compiler identification is GNU 13.3.0
-- The CXX compiler identification is GNU 13.3.0
-- Detecting C compiler ABI info
-- Detecting C compiler ABI info - done
-- Check for working C compiler: /usr/bin/cc - skipped
-- Detecting C compile features
-- Detecting C compile features - done
-- Detecting CXX compiler ABI info
-- Detecting CXX compiler ABI info - done
-- Check for working CXX compiler: /usr/bin/c++ - skipped
-- Detecting CXX compile features
-- Detecting CXX compile features - done
-- Found ament_cmake: 2.5.3 (/opt/ros/jazzy/share/ament_cmake/cmake)
-- Found Python3: /usr/bin/python3 (found version "3.12.3") found components: Interpreter 
-- Found rosidl_default_generators: 1.6.0 (/home/ohtoai/rust_ros_ws/install/rosidl_default_generators/share/rosidl_default_generators/cmake)
-- Using all available rosidl_typesupport_c: rosidl_typesupport_fastrtps_c;rosidl_typesupport_introspection_c
-- Using all available rosidl_typesupport_cpp: rosidl_typesupport_fastrtps_cpp;rosidl_typesupport_introspection_cpp
-- Found rosidl_adapter: 4.6.5 (/opt/ros/jazzy/share/rosidl_adapter/cmake)
-- Found ament_cmake_ros: 0.12.0 (/opt/ros/jazzy/share/ament_cmake_ros/cmake)
-- Using all available rosidl_typesupport_c: rosidl_typesupport_fastrtps_c;rosidl_typesupport_introspection_c
-- Using all available rosidl_typesupport_cpp: rosidl_typesupport_fastrtps_cpp;rosidl_typesupport_introspection_cpp
-- Found python_cmake_module: 0.11.1 (/opt/ros/jazzy/share/python_cmake_module/cmake)
-- Found PythonExtra: /usr/bin/python3  
-- Found Python3: /usr/bin/python3 (found version "3.12.3") found components: Interpreter Development NumPy Development.Module Development.Embed 
-- Configuring done (5.2s)
-- Generating done (0.1s)
-- Build files have been written to: /home/ohtoai/rust_ros_ws/build/rclrs_example_msgs
[  1%] [34m[1mGenerating Rust code for ROS interfaces[0m
[  1%] Built target rclrs_example_msgs__rs
[  3%] [34m[1mGenerating type hashes for ROS interfaces[0m
[  3%] Built target rclrs_example_msgs__rosidl_generator_type_description
[  3%] Built target ament_cmake_python_copy_rclrs_example_msgs
[  5%] [34m[1mGenerating C code for ROS interfaces[0m
[  7%] [32mBuilding C object CMakeFiles/rclrs_example_msgs__rosidl_generator_c.dir/rosidl_generator_c/rclrs_example_msgs/msg/detail/my_message__description.c.o[0m
[  9%] [32mBuilding C object CMakeFiles/rclrs_example_msgs__rosidl_generator_c.dir/rosidl_generator_c/rclrs_example_msgs/msg/detail/my_message__functions.c.o[0m
[ 10%] [32mBuilding C object CMakeFiles/rclrs_example_msgs__rosidl_generator_c.dir/rosidl_generator_c/rclrs_example_msgs/msg/detail/my_message__type_support.c.o[0m
[ 12%] [32mBuilding C object CMakeFiles/rclrs_example_msgs__rosidl_generator_c.dir/rosidl_generator_c/rclrs_example_msgs/msg/detail/nested_type__description.c.o[0m
[ 14%] [32mBuilding C object CMakeFiles/rclrs_example_msgs__rosidl_generator_c.dir/rosidl_generator_c/rclrs_example_msgs/msg/detail/nested_type__functions.c.o[0m
[ 16%] [32mBuilding C object CMakeFiles/rclrs_example_msgs__rosidl_generator_c.dir/rosidl_generator_c/rclrs_example_msgs/msg/detail/nested_type__type_support.c.o[0m
[ 18%] [32mBuilding C object CMakeFiles/rclrs_example_msgs__rosidl_generator_c.dir/rosidl_generator_c/rclrs_example_msgs/msg/detail/various_types__description.c.o[0m
[ 20%] [32mBuilding C object CMakeFiles/rclrs_example_msgs__rosidl_generator_c.dir/rosidl_generator_c/rclrs_example_msgs/msg/detail/various_types__functions.c.o[0m
[ 21%] [32mBuilding C object CMakeFiles/rclrs_example_msgs__rosidl_generator_c.dir/rosidl_generator_c/rclrs_example_msgs/msg/detail/various_types__type_support.c.o[0m
[ 23%] [32m[1mLinking C shared library librclrs_example_msgs__rosidl_generator_c.so[0m
[ 23%] Built target rclrs_example_msgs__rosidl_generator_c
[ 25%] [34m[1mGenerating C++ code for ROS interfaces[0m
[ 25%] Built target rclrs_example_msgs__cpp
running egg_info
creating rclrs_example_msgs.egg-info
writing rclrs_example_msgs.egg-info/PKG-INFO
writing dependency_links to rclrs_example_msgs.egg-info/dependency_links.txt
writing top-level names to rclrs_example_msgs.egg-info/top_level.txt
writing manifest file 'rclrs_example_msgs.egg-info/SOURCES.txt'
reading manifest file 'rclrs_example_msgs.egg-info/SOURCES.txt'
writing manifest file 'rclrs_example_msgs.egg-info/SOURCES.txt'
[ 25%] Built target ament_cmake_python_build_rclrs_example_msgs_egg
[ 27%] [34m[1mGenerating C++ type support dispatch for ROS interfaces[0m
[ 29%] [32mBuilding CXX object CMakeFiles/rclrs_example_msgs__rosidl_typesupport_cpp.dir/rosidl_typesupport_cpp/rclrs_example_msgs/msg/my_message__type_support.cpp.o[0m
[ 30%] [32mBuilding CXX object CMakeFiles/rclrs_example_msgs__rosidl_typesupport_cpp.dir/rosidl_typesupport_cpp/rclrs_example_msgs/msg/nested_type__type_support.cpp.o[0m
[ 32%] [32mBuilding CXX object CMakeFiles/rclrs_example_msgs__rosidl_typesupport_cpp.dir/rosidl_typesupport_cpp/rclrs_example_msgs/msg/various_types__type_support.cpp.o[0m
[ 34%] [32m[1mLinking CXX shared library librclrs_example_msgs__rosidl_typesupport_cpp.so[0m
[ 34%] Built target rclrs_example_msgs__rosidl_typesupport_cpp
[ 36%] [34m[1mGenerating C type support for eProsima Fast-RTPS[0m
[ 38%] [32mBuilding CXX object CMakeFiles/rclrs_example_msgs__rosidl_typesupport_fastrtps_c.dir/rosidl_typesupport_fastrtps_c/rclrs_example_msgs/msg/detail/my_message__type_support_c.cpp.o[0m
[ 40%] [32mBuilding CXX object CMakeFiles/rclrs_example_msgs__rosidl_typesupport_fastrtps_c.dir/rosidl_typesupport_fastrtps_c/rclrs_example_msgs/msg/detail/nested_type__type_support_c.cpp.o[0m
[ 41%] [32mBuilding CXX object CMakeFiles/rclrs_example_msgs__rosidl_typesupport_fastrtps_c.dir/rosidl_typesupport_fastrtps_c/rclrs_example_msgs/msg/detail/various_types__type_support_c.cpp.o[0m
[ 43%] [32m[1mLinking CXX shared library librclrs_example_msgs__rosidl_typesupport_fastrtps_c.so[0m
[ 43%] Built target rclrs_example_msgs__rosidl_typesupport_fastrtps_c
[ 45%] [34m[1mGenerating C introspection for ROS interfaces[0m
[ 47%] [32mBuilding C object CMakeFiles/rclrs_example_msgs__rosidl_typesupport_introspection_c.dir/rosidl_typesupport_introspection_c/rclrs_example_msgs/msg/detail/my_message__type_support.c.o[0m
[ 49%] [32mBuilding C object CMakeFiles/rclrs_example_msgs__rosidl_typesupport_introspection_c.dir/rosidl_typesupport_introspection_c/rclrs_example_msgs/msg/detail/nested_type__type_support.c.o[0m
[ 50%] [32mBuilding C object CMakeFiles/rclrs_example_msgs__rosidl_typesupport_introspection_c.dir/rosidl_typesupport_introspection_c/rclrs_example_msgs/msg/detail/various_types__type_support.c.o[0m
[ 52%] [32m[1mLinking C shared library librclrs_example_msgs__rosidl_typesupport_introspection_c.so[0m
[ 52%] Built target rclrs_example_msgs__rosidl_typesupport_introspection_c
[ 54%] [34m[1mGenerating C type support dispatch for ROS interfaces[0m
[ 56%] [32mBuilding CXX object CMakeFiles/rclrs_example_msgs__rosidl_typesupport_c.dir/rosidl_typesupport_c/rclrs_example_msgs/msg/my_message__type_support.cpp.o[0m
[ 58%] [32mBuilding CXX object CMakeFiles/rclrs_example_msgs__rosidl_typesupport_c.dir/rosidl_typesupport_c/rclrs_example_msgs/msg/nested_type__type_support.cpp.o[0m
[ 60%] [32mBuilding CXX object CMakeFiles/rclrs_example_msgs__rosidl_typesupport_c.dir/rosidl_typesupport_c/rclrs_example_msgs/msg/various_types__type_support.cpp.o[0m
[ 61%] [32m[1mLinking CXX shared library librclrs_example_msgs__rosidl_typesupport_c.so[0m
[ 61%] Built target rclrs_example_msgs__rosidl_typesupport_c
[ 63%] [34m[1mGenerating C++ type support for eProsima Fast-RTPS[0m
[ 65%] [32mBuilding CXX object CMakeFiles/rclrs_example_msgs__rosidl_typesupport_fastrtps_cpp.dir/rosidl_typesupport_fastrtps_cpp/rclrs_example_msgs/msg/detail/dds_fastrtps/my_message__type_support.cpp.o[0m
[ 67%] [32mBuilding CXX object CMakeFiles/rclrs_example_msgs__rosidl_typesupport_fastrtps_cpp.dir/rosidl_typesupport_fastrtps_cpp/rclrs_example_msgs/msg/detail/dds_fastrtps/nested_type__type_support.cpp.o[0m
[ 69%] [32mBuilding CXX object CMakeFiles/rclrs_example_msgs__rosidl_typesupport_fastrtps_cpp.dir/rosidl_typesupport_fastrtps_cpp/rclrs_example_msgs/msg/detail/dds_fastrtps/various_types__type_support.cpp.o[0m
[ 70%] [32m[1mLinking CXX shared library librclrs_example_msgs__rosidl_typesupport_fastrtps_cpp.so[0m
[ 70%] Built target rclrs_example_msgs__rosidl_typesupport_fastrtps_cpp
[ 72%] [34m[1mGenerating C++ introspection for ROS interfaces[0m
[ 74%] [32mBuilding CXX object CMakeFiles/rclrs_example_msgs__rosidl_typesupport_introspection_cpp.dir/rosidl_typesupport_introspection_cpp/rclrs_example_msgs/msg/detail/my_message__type_support.cpp.o[0m
[ 76%] [32mBuilding CXX object CMakeFiles/rclrs_example_msgs__rosidl_typesupport_introspection_cpp.dir/rosidl_typesupport_introspection_cpp/rclrs_example_msgs/msg/detail/nested_type__type_support.cpp.o[0m
[ 78%] [32mBuilding CXX object CMakeFiles/rclrs_example_msgs__rosidl_typesupport_introspection_cpp.dir/rosidl_typesupport_introspection_cpp/rclrs_example_msgs/msg/detail/various_types__type_support.cpp.o[0m
[ 80%] [32m[1mLinking CXX shared library librclrs_example_msgs__rosidl_typesupport_introspection_cpp.so[0m
[ 80%] Built target rclrs_example_msgs__rosidl_typesupport_introspection_cpp
[ 80%] Built target rclrs_example_msgs
[ 81%] [34m[1mGenerating Python code for ROS interfaces[0m
[ 81%] Built target rclrs_example_msgs__py
[ 83%] [32mBuilding C object CMakeFiles/rclrs_example_msgs__rosidl_generator_py.dir/rosidl_generator_py/rclrs_example_msgs/msg/_my_message_s.c.o[0m
[ 85%] [32mBuilding C object CMakeFiles/rclrs_example_msgs__rosidl_generator_py.dir/rosidl_generator_py/rclrs_example_msgs/msg/_nested_type_s.c.o[0m
[ 87%] [32mBuilding C object CMakeFiles/rclrs_example_msgs__rosidl_generator_py.dir/rosidl_generator_py/rclrs_example_msgs/msg/_various_types_s.c.o[0m
[ 89%] [32m[1mLinking C shared library librclrs_example_msgs__rosidl_generator_py.so[0m
[ 89%] Built target rclrs_example_msgs__rosidl_generator_py
[ 90%] [32mBuilding C object CMakeFiles/rclrs_example_msgs_s__rosidl_typesupport_fastrtps_c.dir/rosidl_generator_py/rclrs_example_msgs/_rclrs_example_msgs_s.ep.rosidl_typesupport_fastrtps_c.c.o[0m
[ 92%] [32m[1mLinking C shared module rosidl_generator_py/rclrs_example_msgs/rclrs_example_msgs_s__rosidl_typesupport_fastrtps_c.so[0m
[ 92%] Built target rclrs_example_msgs_s__rosidl_typesupport_fastrtps_c
[ 94%] [32mBuilding C object CMakeFiles/rclrs_example_msgs_s__rosidl_typesupport_introspection_c.dir/rosidl_generator_py/rclrs_example_msgs/_rclrs_example_msgs_s.ep.rosidl_typesupport_introspection_c.c.o[0m
[ 96%] [32m[1mLinking C shared module rosidl_generator_py/rclrs_example_msgs/rclrs_example_msgs_s__rosidl_typesupport_introspection_c.so[0m
[ 96%] Built target rclrs_example_msgs_s__rosidl_typesupport_introspection_c
[ 98%] [32mBuilding C object CMakeFiles/rclrs_example_msgs_s__rosidl_typesupport_c.dir/rosidl_generator_py/rclrs_example_msgs/_rclrs_example_msgs_s.ep.rosidl_typesupport_c.c.o[0m
[100%] [32m[1mLinking C shared module rosidl_generator_py/rclrs_example_msgs/rclrs_example_msgs_s__rosidl_typesupport_c.so[0m
[100%] Built target rclrs_example_msgs_s__rosidl_typesupport_c
-- Install configuration: ""
-- Installing: /home/ohtoai/rust_ros_ws/install/rclrs_example_msgs/share/ament_index/resource_index/rosidl_interfaces/rclrs_example_msgs
-- Installing: /home/ohtoai/rust_ros_ws/install/rclrs_example_msgs/share/rclrs_example_msgs/msg/MyMessage.json
-- Installing: /home/ohtoai/rust_ros_ws/install/rclrs_example_msgs/share/rclrs_example_msgs/msg/NestedType.json
-- Installing: /home/ohtoai/rust_ros_ws/install/rclrs_example_msgs/share/rclrs_example_msgs/msg/VariousTypes.json
-- Installing: /home/ohtoai/rust_ros_ws/install/rclrs_example_msgs/include/rclrs_example_msgs/rclrs_example_msgs
-- Installing: /home/ohtoai/rust_ros_ws/install/rclrs_example_msgs/include/rclrs_example_msgs/rclrs_example_msgs/msg
-- Installing: /home/ohtoai/rust_ros_ws/install/rclrs_example_msgs/include/rclrs_example_msgs/rclrs_example_msgs/msg/detail
-- Installing: /home/ohtoai/rust_ros_ws/install/rclrs_example_msgs/include/rclrs_example_msgs/rclrs_example_msgs/msg/detail/nested_type__description.c
-- Installing: /home/ohtoai/rust_ros_ws/install/rclrs_example_msgs/include/rclrs_example_msgs/rclrs_example_msgs/msg/detail/nested_type__functions.h
-- Installing: /home/ohtoai/rust_ros_ws/install/rclrs_example_msgs/include/rclrs_example_msgs/rclrs_example_msgs/msg/detail/my_message__type_support.c
-- Installing: /home/ohtoai/rust_ros_ws/install/rclrs_example_msgs/include/rclrs_example_msgs/rclrs_example_msgs/msg/detail/nested_type__type_support.h
-- Installing: /home/ohtoai/rust_ros_ws/install/rclrs_example_msgs/include/rclrs_example_msgs/rclrs_example_msgs/msg/detail/nested_type__type_support.c
-- Installing: /home/ohtoai/rust_ros_ws/install/rclrs_example_msgs/include/rclrs_example_msgs/rclrs_example_msgs/msg/detail/nested_type__functions.c
-- Installing: /home/ohtoai/rust_ros_ws/install/rclrs_example_msgs/include/rclrs_example_msgs/rclrs_example_msgs/msg/detail/my_message__functions.c
-- Installing: /home/ohtoai/rust_ros_ws/install/rclrs_example_msgs/include/rclrs_example_msgs/rclrs_example_msgs/msg/detail/my_message__functions.h
-- Installing: /home/ohtoai/rust_ros_ws/install/rclrs_example_msgs/include/rclrs_example_msgs/rclrs_example_msgs/msg/detail/various_types__struct.h
-- Installing: /home/ohtoai/rust_ros_ws/install/rclrs_example_msgs/include/rclrs_example_msgs/rclrs_example_msgs/msg/detail/my_message__description.c
-- Installing: /home/ohtoai/rust_ros_ws/install/rclrs_example_msgs/include/rclrs_example_msgs/rclrs_example_msgs/msg/detail/various_types__description.c
-- Installing: /home/ohtoai/rust_ros_ws/install/rclrs_example_msgs/include/rclrs_example_msgs/rclrs_example_msgs/msg/detail/my_message__type_support.h
-- Installing: /home/ohtoai/rust_ros_ws/install/rclrs_example_msgs/include/rclrs_example_msgs/rclrs_example_msgs/msg/detail/various_types__functions.h
-- Installing: /home/ohtoai/rust_ros_ws/install/rclrs_example_msgs/include/rclrs_example_msgs/rclrs_example_msgs/msg/detail/various_types__type_support.c
-- Installing: /home/ohtoai/rust_ros_ws/install/rclrs_example_msgs/include/rclrs_example_msgs/rclrs_example_msgs/msg/detail/my_message__struct.h
-- Installing: /home/ohtoai/rust_ros_ws/install/rclrs_example_msgs/include/rclrs_example_msgs/rclrs_example_msgs/msg/detail/various_types__functions.c
-- Installing: /home/ohtoai/rust_ros_ws/install/rclrs_example_msgs/include/rclrs_example_msgs/rclrs_example_msgs/msg/detail/various_types__type_support.h
-- Installing: /home/ohtoai/rust_ros_ws/install/rclrs_example_msgs/include/rclrs_example_msgs/rclrs_example_msgs/msg/detail/nested_type__struct.h
-- Installing: /home/ohtoai/rust_ros_ws/install/rclrs_example_msgs/include/rclrs_example_msgs/rclrs_example_msgs/msg/nested_type.h
-- Installing: /home/ohtoai/rust_ros_ws/install/rclrs_example_msgs/include/rclrs_example_msgs/rclrs_example_msgs/msg/rosidl_generator_c__visibility_control.h
-- Installing: /home/ohtoai/rust_ros_ws/install/rclrs_example_msgs/include/rclrs_example_msgs/rclrs_example_msgs/msg/my_message.h
-- Installing: /home/ohtoai/rust_ros_ws/install/rclrs_example_msgs/include/rclrs_example_msgs/rclrs_example_msgs/msg/various_types.h
-- Installing: /home/ohtoai/rust_ros_ws/install/rclrs_example_msgs/share/rclrs_example_msgs/environment/library_path.sh
-- Installing: /home/ohtoai/rust_ros_ws/install/rclrs_example_msgs/share/rclrs_example_msgs/environment/library_path.dsv
-- Installing: /home/ohtoai/rust_ros_ws/install/rclrs_example_msgs/lib/librclrs_example_msgs__rosidl_generator_c.so
-- Set non-toolchain portion of runtime path of "/home/ohtoai/rust_ros_ws/install/rclrs_example_msgs/lib/librclrs_example_msgs__rosidl_generator_c.so" to ""
-- Up-to-date: /home/ohtoai/rust_ros_ws/install/rclrs_example_msgs/include/rclrs_example_msgs/rclrs_example_msgs
-- Up-to-date: /home/ohtoai/rust_ros_ws/install/rclrs_example_msgs/include/rclrs_example_msgs/rclrs_example_msgs/msg
-- Up-to-date: /home/ohtoai/rust_ros_ws/install/rclrs_example_msgs/include/rclrs_example_msgs/rclrs_example_msgs/msg/detail
-- Installing: /home/ohtoai/rust_ros_ws/install/rclrs_example_msgs/include/rclrs_example_msgs/rclrs_example_msgs/msg/detail/my_message__rosidl_typesupport_fastrtps_c.h
-- Installing: /home/ohtoai/rust_ros_ws/install/rclrs_example_msgs/include/rclrs_example_msgs/rclrs_example_msgs/msg/detail/nested_type__rosidl_typesupport_fastrtps_c.h
-- Installing: /home/ohtoai/rust_ros_ws/install/rclrs_example_msgs/include/rclrs_example_msgs/rclrs_example_msgs/msg/detail/various_types__rosidl_typesupport_fastrtps_c.h
-- Installing: /home/ohtoai/rust_ros_ws/install/rclrs_example_msgs/include/rclrs_example_msgs/rclrs_example_msgs/msg/rosidl_typesupport_fastrtps_c__visibility_control.h
-- Installing: /home/ohtoai/rust_ros_ws/install/rclrs_example_msgs/lib/librclrs_example_msgs__rosidl_typesupport_fastrtps_c.so
-- Set non-toolchain portion of runtime path of "/home/ohtoai/rust_ros_ws/install/rclrs_example_msgs/lib/librclrs_example_msgs__rosidl_typesupport_fastrtps_c.so" to ""
-- Up-to-date: /home/ohtoai/rust_ros_ws/install/rclrs_example_msgs/include/rclrs_example_msgs/rclrs_example_msgs
-- Up-to-date: /home/ohtoai/rust_ros_ws/install/rclrs_example_msgs/include/rclrs_example_msgs/rclrs_example_msgs/msg
-- Up-to-date: /home/ohtoai/rust_ros_ws/install/rclrs_example_msgs/include/rclrs_example_msgs/rclrs_example_msgs/msg/detail
-- Installing: /home/ohtoai/rust_ros_ws/install/rclrs_example_msgs/include/rclrs_example_msgs/rclrs_example_msgs/msg/detail/nested_type__rosidl_typesupport_introspection_c.h
-- Installing: /home/ohtoai/rust_ros_ws/install/rclrs_example_msgs/include/rclrs_example_msgs/rclrs_example_msgs/msg/detail/various_types__rosidl_typesupport_introspection_c.h
-- Installing: /home/ohtoai/rust_ros_ws/install/rclrs_example_msgs/include/rclrs_example_msgs/rclrs_example_msgs/msg/detail/my_message__type_support.c
-- Installing: /home/ohtoai/rust_ros_ws/install/rclrs_example_msgs/include/rclrs_example_msgs/rclrs_example_msgs/msg/detail/nested_type__type_support.c
-- Installing: /home/ohtoai/rust_ros_ws/install/rclrs_example_msgs/include/rclrs_example_msgs/rclrs_example_msgs/msg/detail/my_message__rosidl_typesupport_introspection_c.h
-- Installing: /home/ohtoai/rust_ros_ws/install/rclrs_example_msgs/include/rclrs_example_msgs/rclrs_example_msgs/msg/detail/various_types__type_support.c
-- Installing: /home/ohtoai/rust_ros_ws/install/rclrs_example_msgs/include/rclrs_example_msgs/rclrs_example_msgs/msg/rosidl_typesupport_introspection_c__visibility_control.h
-- Installing: /home/ohtoai/rust_ros_ws/install/rclrs_example_msgs/lib/librclrs_example_msgs__rosidl_typesupport_introspection_c.so
-- Set non-toolchain portion of runtime path of "/home/ohtoai/rust_ros_ws/install/rclrs_example_msgs/lib/librclrs_example_msgs__rosidl_typesupport_introspection_c.so" to ""
-- Installing: /home/ohtoai/rust_ros_ws/install/rclrs_example_msgs/lib/librclrs_example_msgs__rosidl_typesupport_c.so
-- Set non-toolchain portion of runtime path of "/home/ohtoai/rust_ros_ws/install/rclrs_example_msgs/lib/librclrs_example_msgs__rosidl_typesupport_c.so" to ""
-- Up-to-date: /home/ohtoai/rust_ros_ws/install/rclrs_example_msgs/include/rclrs_example_msgs/rclrs_example_msgs
-- Up-to-date: /home/ohtoai/rust_ros_ws/install/rclrs_example_msgs/include/rclrs_example_msgs/rclrs_example_msgs/msg
-- Up-to-date: /home/ohtoai/rust_ros_ws/install/rclrs_example_msgs/include/rclrs_example_msgs/rclrs_example_msgs/msg/detail
-- Installing: /home/ohtoai/rust_ros_ws/install/rclrs_example_msgs/include/rclrs_example_msgs/rclrs_example_msgs/msg/detail/nested_type__type_support.hpp
-- Installing: /home/ohtoai/rust_ros_ws/install/rclrs_example_msgs/include/rclrs_example_msgs/rclrs_example_msgs/msg/detail/my_message__builder.hpp
-- Installing: /home/ohtoai/rust_ros_ws/install/rclrs_example_msgs/include/rclrs_example_msgs/rclrs_example_msgs/msg/detail/my_message__struct.hpp
-- Installing: /home/ohtoai/rust_ros_ws/install/rclrs_example_msgs/include/rclrs_example_msgs/rclrs_example_msgs/msg/detail/nested_type__builder.hpp
-- Installing: /home/ohtoai/rust_ros_ws/install/rclrs_example_msgs/include/rclrs_example_msgs/rclrs_example_msgs/msg/detail/nested_type__struct.hpp
-- Installing: /home/ohtoai/rust_ros_ws/install/rclrs_example_msgs/include/rclrs_example_msgs/rclrs_example_msgs/msg/detail/various_types__traits.hpp
-- Installing: /home/ohtoai/rust_ros_ws/install/rclrs_example_msgs/include/rclrs_example_msgs/rclrs_example_msgs/msg/detail/various_types__builder.hpp
-- Installing: /home/ohtoai/rust_ros_ws/install/rclrs_example_msgs/include/rclrs_example_msgs/rclrs_example_msgs/msg/detail/various_types__type_support.hpp
-- Installing: /home/ohtoai/rust_ros_ws/install/rclrs_example_msgs/include/rclrs_example_msgs/rclrs_example_msgs/msg/detail/nested_type__traits.hpp
-- Installing: /home/ohtoai/rust_ros_ws/install/rclrs_example_msgs/include/rclrs_example_msgs/rclrs_example_msgs/msg/detail/my_message__traits.hpp
-- Installing: /home/ohtoai/rust_ros_ws/install/rclrs_example_msgs/include/rclrs_example_msgs/rclrs_example_msgs/msg/detail/my_message__type_support.hpp
-- Installing: /home/ohtoai/rust_ros_ws/install/rclrs_example_msgs/include/rclrs_example_msgs/rclrs_example_msgs/msg/detail/various_types__struct.hpp
-- Installing: /home/ohtoai/rust_ros_ws/install/rclrs_example_msgs/include/rclrs_example_msgs/rclrs_example_msgs/msg/rosidl_generator_cpp__visibility_control.hpp
-- Installing: /home/ohtoai/rust_ros_ws/install/rclrs_example_msgs/include/rclrs_example_msgs/rclrs_example_msgs/msg/my_message.hpp
-- Installing: /home/ohtoai/rust_ros_ws/install/rclrs_example_msgs/include/rclrs_example_msgs/rclrs_example_msgs/msg/various_types.hpp
-- Installing: /home/ohtoai/rust_ros_ws/install/rclrs_example_msgs/include/rclrs_example_msgs/rclrs_example_msgs/msg/nested_type.hpp
-- Up-to-date: /home/ohtoai/rust_ros_ws/install/rclrs_example_msgs/include/rclrs_example_msgs/rclrs_example_msgs
-- Up-to-date: /home/ohtoai/rust_ros_ws/install/rclrs_example_msgs/include/rclrs_example_msgs/rclrs_example_msgs/msg
-- Up-to-date: /home/ohtoai/rust_ros_ws/install/rclrs_example_msgs/include/rclrs_example_msgs/rclrs_example_msgs/msg/detail
-- Installing: /home/ohtoai/rust_ros_ws/install/rclrs_example_msgs/include/rclrs_example_msgs/rclrs_example_msgs/msg/detail/various_types__rosidl_typesupport_fastrtps_cpp.hpp
-- Installing: /home/ohtoai/rust_ros_ws/install/rclrs_example_msgs/include/rclrs_example_msgs/rclrs_example_msgs/msg/detail/my_message__rosidl_typesupport_fastrtps_cpp.hpp
-- Installing: /home/ohtoai/rust_ros_ws/install/rclrs_example_msgs/include/rclrs_example_msgs/rclrs_example_msgs/msg/detail/dds_fastrtps
-- Installing: /home/ohtoai/rust_ros_ws/install/rclrs_example_msgs/include/rclrs_example_msgs/rclrs_example_msgs/msg/detail/nested_type__rosidl_typesupport_fastrtps_cpp.hpp
-- Installing: /home/ohtoai/rust_ros_ws/install/rclrs_example_msgs/include/rclrs_example_msgs/rclrs_example_msgs/msg/rosidl_typesupport_fastrtps_cpp__visibility_control.h
-- Installing: /home/ohtoai/rust_ros_ws/install/rclrs_example_msgs/lib/librclrs_example_msgs__rosidl_typesupport_fastrtps_cpp.so
-- Set non-toolchain portion of runtime path of "/home/ohtoai/rust_ros_ws/install/rclrs_example_msgs/lib/librclrs_example_msgs__rosidl_typesupport_fastrtps_cpp.so" to ""
-- Up-to-date: /home/ohtoai/rust_ros_ws/install/rclrs_example_msgs/include/rclrs_example_msgs/rclrs_example_msgs
-- Up-to-date: /home/ohtoai/rust_ros_ws/install/rclrs_example_msgs/include/rclrs_example_msgs/rclrs_example_msgs/msg
-- Up-to-date: /home/ohtoai/rust_ros_ws/install/rclrs_example_msgs/include/rclrs_example_msgs/rclrs_example_msgs/msg/detail
-- Installing: /home/ohtoai/rust_ros_ws/install/rclrs_example_msgs/include/rclrs_example_msgs/rclrs_example_msgs/msg/detail/nested_type__type_support.cpp
-- Installing: /home/ohtoai/rust_ros_ws/install/rclrs_example_msgs/include/rclrs_example_msgs/rclrs_example_msgs/msg/detail/nested_type__rosidl_typesupport_introspection_cpp.hpp
-- Installing: /home/ohtoai/rust_ros_ws/install/rclrs_example_msgs/include/rclrs_example_msgs/rclrs_example_msgs/msg/detail/various_types__rosidl_typesupport_introspection_cpp.hpp
-- Installing: /home/ohtoai/rust_ros_ws/install/rclrs_example_msgs/include/rclrs_example_msgs/rclrs_example_msgs/msg/detail/various_types__type_support.cpp
-- Installing: /home/ohtoai/rust_ros_ws/install/rclrs_example_msgs/include/rclrs_example_msgs/rclrs_example_msgs/msg/detail/my_message__rosidl_typesupport_introspection_cpp.hpp
-- Installing: /home/ohtoai/rust_ros_ws/install/rclrs_example_msgs/include/rclrs_example_msgs/rclrs_example_msgs/msg/detail/my_message__type_support.cpp
-- Installing: /home/ohtoai/rust_ros_ws/install/rclrs_example_msgs/lib/librclrs_example_msgs__rosidl_typesupport_introspection_cpp.so
-- Set non-toolchain portion of runtime path of "/home/ohtoai/rust_ros_ws/install/rclrs_example_msgs/lib/librclrs_example_msgs__rosidl_typesupport_introspection_cpp.so" to ""
-- Installing: /home/ohtoai/rust_ros_ws/install/rclrs_example_msgs/lib/librclrs_example_msgs__rosidl_typesupport_cpp.so
-- Set non-toolchain portion of runtime path of "/home/ohtoai/rust_ros_ws/install/rclrs_example_msgs/lib/librclrs_example_msgs__rosidl_typesupport_cpp.so" to ""
-- Installing: /home/ohtoai/rust_ros_ws/install/rclrs_example_msgs/share/ament_index/resource_index/rust_packages/rclrs_example_msgs
-- Installing: /home/ohtoai/rust_ros_ws/install/rclrs_example_msgs/share/rclrs_example_msgs/rust
-- Installing: /home/ohtoai/rust_ros_ws/install/rclrs_example_msgs/share/rclrs_example_msgs/rust/build.rs
-- Installing: /home/ohtoai/rust_ros_ws/install/rclrs_example_msgs/share/rclrs_example_msgs/rust/Cargo.toml
-- Installing: /home/ohtoai/rust_ros_ws/install/rclrs_example_msgs/share/rclrs_example_msgs/rust/src
-- Installing: /home/ohtoai/rust_ros_ws/install/rclrs_example_msgs/share/rclrs_example_msgs/rust/src/msg.rs
-- Installing: /home/ohtoai/rust_ros_ws/install/rclrs_example_msgs/share/rclrs_example_msgs/rust/src/lib.rs
-- Installing: /home/ohtoai/rust_ros_ws/install/rclrs_example_msgs/share/rclrs_example_msgs/environment/pythonpath.sh
-- Installing: /home/ohtoai/rust_ros_ws/install/rclrs_example_msgs/share/rclrs_example_msgs/environment/pythonpath.dsv
-- Installing: /home/ohtoai/rust_ros_ws/install/rclrs_example_msgs/lib/python3.12/site-packages/rclrs_example_msgs-0.4.1-py3.12.egg-info
-- Installing: /home/ohtoai/rust_ros_ws/install/rclrs_example_msgs/lib/python3.12/site-packages/rclrs_example_msgs-0.4.1-py3.12.egg-info/PKG-INFO
-- Installing: /home/ohtoai/rust_ros_ws/install/rclrs_example_msgs/lib/python3.12/site-packages/rclrs_example_msgs-0.4.1-py3.12.egg-info/top_level.txt
-- Installing: /home/ohtoai/rust_ros_ws/install/rclrs_example_msgs/lib/python3.12/site-packages/rclrs_example_msgs-0.4.1-py3.12.egg-info/SOURCES.txt
-- Installing: /home/ohtoai/rust_ros_ws/install/rclrs_example_msgs/lib/python3.12/site-packages/rclrs_example_msgs-0.4.1-py3.12.egg-info/dependency_links.txt
-- Installing: /home/ohtoai/rust_ros_ws/install/rclrs_example_msgs/lib/python3.12/site-packages/rclrs_example_msgs
-- Installing: /home/ohtoai/rust_ros_ws/install/rclrs_example_msgs/lib/python3.12/site-packages/rclrs_example_msgs/_rclrs_example_msgs_s.ep.rosidl_typesupport_fastrtps_c.c
-- Installing: /home/ohtoai/rust_ros_ws/install/rclrs_example_msgs/lib/python3.12/site-packages/rclrs_example_msgs/_rclrs_example_msgs_s.ep.rosidl_typesupport_c.c
-- Installing: /home/ohtoai/rust_ros_ws/install/rclrs_example_msgs/lib/python3.12/site-packages/rclrs_example_msgs/rclrs_example_msgs_s__rosidl_typesupport_c.so
-- Installing: /home/ohtoai/rust_ros_ws/install/rclrs_example_msgs/lib/python3.12/site-packages/rclrs_example_msgs/msg
-- Installing: /home/ohtoai/rust_ros_ws/install/rclrs_example_msgs/lib/python3.12/site-packages/rclrs_example_msgs/msg/_various_types.py
-- Installing: /home/ohtoai/rust_ros_ws/install/rclrs_example_msgs/lib/python3.12/site-packages/rclrs_example_msgs/msg/_my_message.py
-- Installing: /home/ohtoai/rust_ros_ws/install/rclrs_example_msgs/lib/python3.12/site-packages/rclrs_example_msgs/msg/_nested_type_s.c
-- Installing: /home/ohtoai/rust_ros_ws/install/rclrs_example_msgs/lib/python3.12/site-packages/rclrs_example_msgs/msg/_various_types_s.c
-- Installing: /home/ohtoai/rust_ros_ws/install/rclrs_example_msgs/lib/python3.12/site-packages/rclrs_example_msgs/msg/_nested_type.py
-- Installing: /home/ohtoai/rust_ros_ws/install/rclrs_example_msgs/lib/python3.12/site-packages/rclrs_example_msgs/msg/_my_message_s.c
-- Installing: /home/ohtoai/rust_ros_ws/install/rclrs_example_msgs/lib/python3.12/site-packages/rclrs_example_msgs/msg/__init__.py
-- Installing: /home/ohtoai/rust_ros_ws/install/rclrs_example_msgs/lib/python3.12/site-packages/rclrs_example_msgs/rclrs_example_msgs_s__rosidl_typesupport_fastrtps_c.so
-- Installing: /home/ohtoai/rust_ros_ws/install/rclrs_example_msgs/lib/python3.12/site-packages/rclrs_example_msgs/rclrs_example_msgs_s__rosidl_typesupport_introspection_c.so
-- Installing: /home/ohtoai/rust_ros_ws/install/rclrs_example_msgs/lib/python3.12/site-packages/rclrs_example_msgs/_rclrs_example_msgs_s.ep.rosidl_typesupport_introspection_c.c
-- Installing: /home/ohtoai/rust_ros_ws/install/rclrs_example_msgs/lib/python3.12/site-packages/rclrs_example_msgs/__init__.py
Listing '/home/ohtoai/rust_ros_ws/install/rclrs_example_msgs/lib/python3.12/site-packages/rclrs_example_msgs'...
Compiling '/home/ohtoai/rust_ros_ws/install/rclrs_example_msgs/lib/python3.12/site-packages/rclrs_example_msgs/__init__.py'...
Listing '/home/ohtoai/rust_ros_ws/install/rclrs_example_msgs/lib/python3.12/site-packages/rclrs_example_msgs/msg'...
Compiling '/home/ohtoai/rust_ros_ws/install/rclrs_example_msgs/lib/python3.12/site-packages/rclrs_example_msgs/msg/__init__.py'...
Compiling '/home/ohtoai/rust_ros_ws/install/rclrs_example_msgs/lib/python3.12/site-packages/rclrs_example_msgs/msg/_my_message.py'...
Compiling '/home/ohtoai/rust_ros_ws/install/rclrs_example_msgs/lib/python3.12/site-packages/rclrs_example_msgs/msg/_nested_type.py'...
Compiling '/home/ohtoai/rust_ros_ws/install/rclrs_example_msgs/lib/python3.12/site-packages/rclrs_example_msgs/msg/_various_types.py'...
-- Installing: /home/ohtoai/rust_ros_ws/install/rclrs_example_msgs/lib/python3.12/site-packages/rclrs_example_msgs/rclrs_example_msgs_s__rosidl_typesupport_fastrtps_c.so
-- Set non-toolchain portion of runtime path of "/home/ohtoai/rust_ros_ws/install/rclrs_example_msgs/lib/python3.12/site-packages/rclrs_example_msgs/rclrs_example_msgs_s__rosidl_typesupport_fastrtps_c.so" to ""
-- Installing: /home/ohtoai/rust_ros_ws/install/rclrs_example_msgs/lib/python3.12/site-packages/rclrs_example_msgs/rclrs_example_msgs_s__rosidl_typesupport_introspection_c.so
-- Set non-toolchain portion of runtime path of "/home/ohtoai/rust_ros_ws/install/rclrs_example_msgs/lib/python3.12/site-packages/rclrs_example_msgs/rclrs_example_msgs_s__rosidl_typesupport_introspection_c.so" to ""
-- Installing: /home/ohtoai/rust_ros_ws/install/rclrs_example_msgs/lib/python3.12/site-packages/rclrs_example_msgs/rclrs_example_msgs_s__rosidl_typesupport_c.so
-- Set non-toolchain portion of runtime path of "/home/ohtoai/rust_ros_ws/install/rclrs_example_msgs/lib/python3.12/site-packages/rclrs_example_msgs/rclrs_example_msgs_s__rosidl_typesupport_c.so" to ""
-- Installing: /home/ohtoai/rust_ros_ws/install/rclrs_example_msgs/lib/librclrs_example_msgs__rosidl_generator_py.so
-- Set non-toolchain portion of runtime path of "/home/ohtoai/rust_ros_ws/install/rclrs_example_msgs/lib/librclrs_example_msgs__rosidl_generator_py.so" to ""
-- Installing: /home/ohtoai/rust_ros_ws/install/rclrs_example_msgs/share/rclrs_example_msgs/msg/MyMessage.idl
-- Installing: /home/ohtoai/rust_ros_ws/install/rclrs_example_msgs/share/rclrs_example_msgs/msg/NestedType.idl
-- Installing: /home/ohtoai/rust_ros_ws/install/rclrs_example_msgs/share/rclrs_example_msgs/msg/VariousTypes.idl
-- Installing: /home/ohtoai/rust_ros_ws/install/rclrs_example_msgs/share/rclrs_example_msgs/msg/NestedType.msg
-- Installing: /home/ohtoai/rust_ros_ws/install/rclrs_example_msgs/share/rclrs_example_msgs/msg/VariousTypes.msg
-- Installing: /home/ohtoai/rust_ros_ws/install/rclrs_example_msgs/share/ament_index/resource_index/package_run_dependencies/rclrs_example_msgs
-- Installing: /home/ohtoai/rust_ros_ws/install/rclrs_example_msgs/share/ament_index/resource_index/parent_prefix_path/rclrs_example_msgs
-- Installing: /home/ohtoai/rust_ros_ws/install/rclrs_example_msgs/share/rclrs_example_msgs/environment/ament_prefix_path.sh
-- Installing: /home/ohtoai/rust_ros_ws/install/rclrs_example_msgs/share/rclrs_example_msgs/environment/ament_prefix_path.dsv
-- Installing: /home/ohtoai/rust_ros_ws/install/rclrs_example_msgs/share/rclrs_example_msgs/environment/path.sh
-- Installing: /home/ohtoai/rust_ros_ws/install/rclrs_example_msgs/share/rclrs_example_msgs/environment/path.dsv
-- Installing: /home/ohtoai/rust_ros_ws/install/rclrs_example_msgs/share/rclrs_example_msgs/local_setup.bash
-- Installing: /home/ohtoai/rust_ros_ws/install/rclrs_example_msgs/share/rclrs_example_msgs/local_setup.sh
-- Installing: /home/ohtoai/rust_ros_ws/install/rclrs_example_msgs/share/rclrs_example_msgs/local_setup.zsh
-- Installing: /home/ohtoai/rust_ros_ws/install/rclrs_example_msgs/share/rclrs_example_msgs/local_setup.dsv
-- Installing: /home/ohtoai/rust_ros_ws/install/rclrs_example_msgs/share/rclrs_example_msgs/package.dsv
-- Installing: /home/ohtoai/rust_ros_ws/install/rclrs_example_msgs/share/ament_index/resource_index/packages/rclrs_example_msgs
-- Installing: /home/ohtoai/rust_ros_ws/install/rclrs_example_msgs/share/rclrs_example_msgs/cmake/export_rclrs_example_msgs__rosidl_generator_cExport.cmake
-- Installing: /home/ohtoai/rust_ros_ws/install/rclrs_example_msgs/share/rclrs_example_msgs/cmake/export_rclrs_example_msgs__rosidl_generator_cExport-noconfig.cmake
-- Installing: /home/ohtoai/rust_ros_ws/install/rclrs_example_msgs/share/rclrs_example_msgs/cmake/export_rclrs_example_msgs__rosidl_typesupport_fastrtps_cExport.cmake
-- Installing: /home/ohtoai/rust_ros_ws/install/rclrs_example_msgs/share/rclrs_example_msgs/cmake/export_rclrs_example_msgs__rosidl_typesupport_fastrtps_cExport-noconfig.cmake
-- Installing: /home/ohtoai/rust_ros_ws/install/rclrs_example_msgs/share/rclrs_example_msgs/cmake/rclrs_example_msgs__rosidl_typesupport_introspection_cExport.cmake
-- Installing: /home/ohtoai/rust_ros_ws/install/rclrs_example_msgs/share/rclrs_example_msgs/cmake/rclrs_example_msgs__rosidl_typesupport_introspection_cExport-noconfig.cmake
-- Installing: /home/ohtoai/rust_ros_ws/install/rclrs_example_msgs/share/rclrs_example_msgs/cmake/rclrs_example_msgs__rosidl_typesupport_cExport.cmake
-- Installing: /home/ohtoai/rust_ros_ws/install/rclrs_example_msgs/share/rclrs_example_msgs/cmake/rclrs_example_msgs__rosidl_typesupport_cExport-noconfig.cmake
-- Installing: /home/ohtoai/rust_ros_ws/install/rclrs_example_msgs/share/rclrs_example_msgs/cmake/export_rclrs_example_msgs__rosidl_generator_cppExport.cmake
-- Installing: /home/ohtoai/rust_ros_ws/install/rclrs_example_msgs/share/rclrs_example_msgs/cmake/export_rclrs_example_msgs__rosidl_typesupport_fastrtps_cppExport.cmake
-- Installing: /home/ohtoai/rust_ros_ws/install/rclrs_example_msgs/share/rclrs_example_msgs/cmake/export_rclrs_example_msgs__rosidl_typesupport_fastrtps_cppExport-noconfig.cmake
-- Installing: /home/ohtoai/rust_ros_ws/install/rclrs_example_msgs/share/rclrs_example_msgs/cmake/rclrs_example_msgs__rosidl_typesupport_introspection_cppExport.cmake
-- Installing: /home/ohtoai/rust_ros_ws/install/rclrs_example_msgs/share/rclrs_example_msgs/cmake/rclrs_example_msgs__rosidl_typesupport_introspection_cppExport-noconfig.cmake
-- Installing: /home/ohtoai/rust_ros_ws/install/rclrs_example_msgs/share/rclrs_example_msgs/cmake/rclrs_example_msgs__rosidl_typesupport_cppExport.cmake
-- Installing: /home/ohtoai/rust_ros_ws/install/rclrs_example_msgs/share/rclrs_example_msgs/cmake/rclrs_example_msgs__rosidl_typesupport_cppExport-noconfig.cmake
-- Installing: /home/ohtoai/rust_ros_ws/install/rclrs_example_msgs/share/rclrs_example_msgs/cmake/export_rclrs_example_msgs__rosidl_generator_pyExport.cmake
-- Installing: /home/ohtoai/rust_ros_ws/install/rclrs_example_msgs/share/rclrs_example_msgs/cmake/export_rclrs_example_msgs__rosidl_generator_pyExport-noconfig.cmake
-- Installing: /home/ohtoai/rust_ros_ws/install/rclrs_example_msgs/share/rclrs_example_msgs/cmake/rosidl_cmake-extras.cmake
-- Installing: /home/ohtoai/rust_ros_ws/install/rclrs_example_msgs/share/rclrs_example_msgs/cmake/ament_cmake_export_include_directories-extras.cmake
-- Installing: /home/ohtoai/rust_ros_ws/install/rclrs_example_msgs/share/rclrs_example_msgs/cmake/ament_cmake_export_libraries-extras.cmake
-- Installing: /home/ohtoai/rust_ros_ws/install/rclrs_example_msgs/share/rclrs_example_msgs/cmake/ament_cmake_export_targets-extras.cmake
-- Installing: /home/ohtoai/rust_ros_ws/install/rclrs_example_msgs/share/rclrs_example_msgs/cmake/rosidl_cmake_export_typesupport_targets-extras.cmake
-- Installing: /home/ohtoai/rust_ros_ws/install/rclrs_example_msgs/share/rclrs_example_msgs/cmake/ament_cmake_export_dependencies-extras.cmake
-- Installing: /home/ohtoai/rust_ros_ws/install/rclrs_example_msgs/share/rclrs_example_msgs/cmake/rosidl_cmake_export_typesupport_libraries-extras.cmake
-- Installing: /home/ohtoai/rust_ros_ws/install/rclrs_example_msgs/share/rclrs_example_msgs/cmake/rclrs_example_msgsConfig.cmake
-- Installing: /home/ohtoai/rust_ros_ws/install/rclrs_example_msgs/share/rclrs_example_msgs/cmake/rclrs_example_msgsConfig-version.cmake
-- Installing: /home/ohtoai/rust_ros_ws/install/rclrs_example_msgs/share/rclrs_example_msgs/package.xml
