[0.032s] Invoking command in '/home/ohtoai/rust_ros_ws/build/rclrs_example_msgs': AMENT_PREFIX_PATH=/home/ohtoai/rust_ros_ws/install/rosidl_default_runtime:/home/ohtoai/rust_ros_ws/install/rosidl_default_generators:/home/ohtoai/rust_ros_ws/install/action_msgs:/home/ohtoai/rust_ros_ws/install/service_msgs:/home/ohtoai/rust_ros_ws/install/unique_identifier_msgs:/home/ohtoai/rust_ros_ws/install/builtin_interfaces:/home/ohtoai/rust_ros_ws/install/rosidl_core_runtime:/home/ohtoai/rust_ros_ws/install/rosidl_core_generators:/home/ohtoai/rust_ros_ws/install/rosidl_generator_rs:/home/ohtoai/rust_ros_ws/install/rosidl_runtime_rs:${AMENT_PREFIX_PATH} CMAKE_PREFIX_PATH=/home/ohtoai/rust_ros_ws/install/rosidl_default_runtime:/home/ohtoai/rust_ros_ws/install/rosidl_default_generators:/home/ohtoai/rust_ros_ws/install/action_msgs:/home/ohtoai/rust_ros_ws/install/service_msgs:/home/ohtoai/rust_ros_ws/install/unique_identifier_msgs:/home/ohtoai/rust_ros_ws/install/builtin_interfaces:/home/ohtoai/rust_ros_ws/install/rosidl_core_runtime:/home/ohtoai/rust_ros_ws/install/rosidl_core_generators:/home/ohtoai/rust_ros_ws/install/rosidl_generator_rs:/opt/ros/jazzy/opt/gz_math_vendor:/opt/ros/jazzy/opt/gz_utils_vendor:/opt/ros/jazzy/opt/gz_cmake_vendor:/opt/ros/jazzy DEBUGINFOD_URLS=https://debuginfod.ubuntu.com LD_LIBRARY_PATH=/home/ohtoai/rust_ros_ws/install/action_msgs/lib:/home/ohtoai/rust_ros_ws/install/service_msgs/lib:/home/ohtoai/rust_ros_ws/install/unique_identifier_msgs/lib:/home/ohtoai/rust_ros_ws/install/builtin_interfaces/lib:${LD_LIBRARY_PATH} PYTHONPATH=/home/ohtoai/rust_ros_ws/install/action_msgs/lib/python3.12/site-packages:/home/ohtoai/rust_ros_ws/install/service_msgs/lib/python3.12/site-packages:/home/ohtoai/rust_ros_ws/install/unique_identifier_msgs/lib/python3.12/site-packages:/home/ohtoai/rust_ros_ws/install/builtin_interfaces/lib/python3.12/site-packages:/home/ohtoai/rust_ros_ws/install/rosidl_generator_rs/lib/python3.12/site-packages:${PYTHONPATH} /usr/bin/cmake /home/ohtoai/rust_ros_ws/src/ros2_rust/examples/rclrs_example_msgs -DCMAKE_INSTALL_PREFIX=/home/ohtoai/rust_ros_ws/install/rclrs_example_msgs
[0.132s] -- The C compiler identification is GNU 13.3.0
[0.224s] -- The CXX compiler identification is GNU 13.3.0
[0.255s] -- Detecting C compiler ABI info
[0.437s] -- Detecting C compiler ABI info - done
[0.462s] -- Check for working C compiler: /usr/bin/cc - skipped
[0.462s] -- Detecting C compile features
[0.463s] -- Detecting C compile features - done
[0.472s] -- Detecting CXX compiler ABI info
[0.615s] -- Detecting CXX compiler ABI info - done
[0.623s] -- Check for working CXX compiler: /usr/bin/c++ - skipped
[0.623s] -- Detecting CXX compile features
[0.624s] -- Detecting CXX compile features - done
[0.626s] -- Found ament_cmake: 2.5.3 (/opt/ros/jazzy/share/ament_cmake/cmake)
[0.854s] -- Found Python3: /usr/bin/python3 (found version "3.12.3") found components: Interpreter 
[1.044s] -- Found rosidl_default_generators: 1.6.0 (/home/ohtoai/rust_ros_ws/install/rosidl_default_generators/share/rosidl_default_generators/cmake)
[1.059s] -- Using all available rosidl_typesupport_c: rosidl_typesupport_fastrtps_c;rosidl_typesupport_introspection_c
[1.151s] -- Using all available rosidl_typesupport_cpp: rosidl_typesupport_fastrtps_cpp;rosidl_typesupport_introspection_cpp
[1.230s] -- Found rosidl_adapter: 4.6.5 (/opt/ros/jazzy/share/rosidl_adapter/cmake)
[2.206s] -- Found ament_cmake_ros: 0.12.0 (/opt/ros/jazzy/share/ament_cmake_ros/cmake)
[2.996s] -- Using all available rosidl_typesupport_c: rosidl_typesupport_fastrtps_c;rosidl_typesupport_introspection_c
[4.030s] -- Using all available rosidl_typesupport_cpp: rosidl_typesupport_fastrtps_cpp;rosidl_typesupport_introspection_cpp
[4.035s] -- Found python_cmake_module: 0.11.1 (/opt/ros/jazzy/share/python_cmake_module/cmake)
[4.277s] -- Found PythonExtra: /usr/bin/python3  
[5.190s] -- Found Python3: /usr/bin/python3 (found version "3.12.3") found components: Interpreter Development NumPy Development.Module Development.Embed 
[5.251s] -- Configuring done (5.2s)
[5.336s] -- Generating done (0.1s)
[5.375s] -- Build files have been written to: /home/ohtoai/rust_ros_ws/build/rclrs_example_msgs
[5.389s] Invoked command in '/home/ohtoai/rust_ros_ws/build/rclrs_example_msgs' returned '0': AMENT_PREFIX_PATH=/home/ohtoai/rust_ros_ws/install/rosidl_default_runtime:/home/ohtoai/rust_ros_ws/install/rosidl_default_generators:/home/ohtoai/rust_ros_ws/install/action_msgs:/home/ohtoai/rust_ros_ws/install/service_msgs:/home/ohtoai/rust_ros_ws/install/unique_identifier_msgs:/home/ohtoai/rust_ros_ws/install/builtin_interfaces:/home/ohtoai/rust_ros_ws/install/rosidl_core_runtime:/home/ohtoai/rust_ros_ws/install/rosidl_core_generators:/home/ohtoai/rust_ros_ws/install/rosidl_generator_rs:/home/ohtoai/rust_ros_ws/install/rosidl_runtime_rs:${AMENT_PREFIX_PATH} CMAKE_PREFIX_PATH=/home/ohtoai/rust_ros_ws/install/rosidl_default_runtime:/home/ohtoai/rust_ros_ws/install/rosidl_default_generators:/home/ohtoai/rust_ros_ws/install/action_msgs:/home/ohtoai/rust_ros_ws/install/service_msgs:/home/ohtoai/rust_ros_ws/install/unique_identifier_msgs:/home/ohtoai/rust_ros_ws/install/builtin_interfaces:/home/ohtoai/rust_ros_ws/install/rosidl_core_runtime:/home/ohtoai/rust_ros_ws/install/rosidl_core_generators:/home/ohtoai/rust_ros_ws/install/rosidl_generator_rs:/opt/ros/jazzy/opt/gz_math_vendor:/opt/ros/jazzy/opt/gz_utils_vendor:/opt/ros/jazzy/opt/gz_cmake_vendor:/opt/ros/jazzy DEBUGINFOD_URLS=https://debuginfod.ubuntu.com LD_LIBRARY_PATH=/home/ohtoai/rust_ros_ws/install/action_msgs/lib:/home/ohtoai/rust_ros_ws/install/service_msgs/lib:/home/ohtoai/rust_ros_ws/install/unique_identifier_msgs/lib:/home/ohtoai/rust_ros_ws/install/builtin_interfaces/lib:${LD_LIBRARY_PATH} PYTHONPATH=/home/ohtoai/rust_ros_ws/install/action_msgs/lib/python3.12/site-packages:/home/ohtoai/rust_ros_ws/install/service_msgs/lib/python3.12/site-packages:/home/ohtoai/rust_ros_ws/install/unique_identifier_msgs/lib/python3.12/site-packages:/home/ohtoai/rust_ros_ws/install/builtin_interfaces/lib/python3.12/site-packages:/home/ohtoai/rust_ros_ws/install/rosidl_generator_rs/lib/python3.12/site-packages:${PYTHONPATH} /usr/bin/cmake /home/ohtoai/rust_ros_ws/src/ros2_rust/examples/rclrs_example_msgs -DCMAKE_INSTALL_PREFIX=/home/ohtoai/rust_ros_ws/install/rclrs_example_msgs
[5.393s] Invoking command in '/home/ohtoai/rust_ros_ws/build/rclrs_example_msgs': AMENT_PREFIX_PATH=/home/ohtoai/rust_ros_ws/install/rosidl_default_runtime:/home/ohtoai/rust_ros_ws/install/rosidl_default_generators:/home/ohtoai/rust_ros_ws/install/action_msgs:/home/ohtoai/rust_ros_ws/install/service_msgs:/home/ohtoai/rust_ros_ws/install/unique_identifier_msgs:/home/ohtoai/rust_ros_ws/install/builtin_interfaces:/home/ohtoai/rust_ros_ws/install/rosidl_core_runtime:/home/ohtoai/rust_ros_ws/install/rosidl_core_generators:/home/ohtoai/rust_ros_ws/install/rosidl_generator_rs:/home/ohtoai/rust_ros_ws/install/rosidl_runtime_rs:${AMENT_PREFIX_PATH} CMAKE_PREFIX_PATH=/home/ohtoai/rust_ros_ws/install/rosidl_default_runtime:/home/ohtoai/rust_ros_ws/install/rosidl_default_generators:/home/ohtoai/rust_ros_ws/install/action_msgs:/home/ohtoai/rust_ros_ws/install/service_msgs:/home/ohtoai/rust_ros_ws/install/unique_identifier_msgs:/home/ohtoai/rust_ros_ws/install/builtin_interfaces:/home/ohtoai/rust_ros_ws/install/rosidl_core_runtime:/home/ohtoai/rust_ros_ws/install/rosidl_core_generators:/home/ohtoai/rust_ros_ws/install/rosidl_generator_rs:/opt/ros/jazzy/opt/gz_math_vendor:/opt/ros/jazzy/opt/gz_utils_vendor:/opt/ros/jazzy/opt/gz_cmake_vendor:/opt/ros/jazzy DEBUGINFOD_URLS=https://debuginfod.ubuntu.com LD_LIBRARY_PATH=/home/ohtoai/rust_ros_ws/install/action_msgs/lib:/home/ohtoai/rust_ros_ws/install/service_msgs/lib:/home/ohtoai/rust_ros_ws/install/unique_identifier_msgs/lib:/home/ohtoai/rust_ros_ws/install/builtin_interfaces/lib:${LD_LIBRARY_PATH} PYTHONPATH=/home/ohtoai/rust_ros_ws/install/action_msgs/lib/python3.12/site-packages:/home/ohtoai/rust_ros_ws/install/service_msgs/lib/python3.12/site-packages:/home/ohtoai/rust_ros_ws/install/unique_identifier_msgs/lib/python3.12/site-packages:/home/ohtoai/rust_ros_ws/install/builtin_interfaces/lib/python3.12/site-packages:/home/ohtoai/rust_ros_ws/install/rosidl_generator_rs/lib/python3.12/site-packages:${PYTHONPATH} /usr/bin/cmake --build /home/ohtoai/rust_ros_ws/build/rclrs_example_msgs -- -j2 -l2
[5.501s] [  1%] [34m[1mGenerating Rust code for ROS interfaces[0m
[6.452s] [  1%] Built target rclrs_example_msgs__rs
[6.497s] [  3%] [34m[1mGenerating type hashes for ROS interfaces[0m
[8.884s] [  3%] Built target rclrs_example_msgs__rosidl_generator_type_description
[8.969s] [  3%] Built target ament_cmake_python_copy_rclrs_example_msgs
[9.006s] [  5%] [34m[1mGenerating C code for ROS interfaces[0m
[12.119s] [  7%] [32mBuilding C object CMakeFiles/rclrs_example_msgs__rosidl_generator_c.dir/rosidl_generator_c/rclrs_example_msgs/msg/detail/my_message__description.c.o[0m
[12.271s] [  9%] [32mBuilding C object CMakeFiles/rclrs_example_msgs__rosidl_generator_c.dir/rosidl_generator_c/rclrs_example_msgs/msg/detail/my_message__functions.c.o[0m
[12.448s] [ 10%] [32mBuilding C object CMakeFiles/rclrs_example_msgs__rosidl_generator_c.dir/rosidl_generator_c/rclrs_example_msgs/msg/detail/my_message__type_support.c.o[0m
[12.535s] [ 12%] [32mBuilding C object CMakeFiles/rclrs_example_msgs__rosidl_generator_c.dir/rosidl_generator_c/rclrs_example_msgs/msg/detail/nested_type__description.c.o[0m
[12.665s] [ 14%] [32mBuilding C object CMakeFiles/rclrs_example_msgs__rosidl_generator_c.dir/rosidl_generator_c/rclrs_example_msgs/msg/detail/nested_type__functions.c.o[0m
[12.822s] [ 16%] [32mBuilding C object CMakeFiles/rclrs_example_msgs__rosidl_generator_c.dir/rosidl_generator_c/rclrs_example_msgs/msg/detail/nested_type__type_support.c.o[0m
[12.950s] [ 18%] [32mBuilding C object CMakeFiles/rclrs_example_msgs__rosidl_generator_c.dir/rosidl_generator_c/rclrs_example_msgs/msg/detail/various_types__description.c.o[0m
[13.098s] [ 20%] [32mBuilding C object CMakeFiles/rclrs_example_msgs__rosidl_generator_c.dir/rosidl_generator_c/rclrs_example_msgs/msg/detail/various_types__functions.c.o[0m
[13.320s] [ 21%] [32mBuilding C object CMakeFiles/rclrs_example_msgs__rosidl_generator_c.dir/rosidl_generator_c/rclrs_example_msgs/msg/detail/various_types__type_support.c.o[0m
[13.430s] [ 23%] [32m[1mLinking C shared library librclrs_example_msgs__rosidl_generator_c.so[0m
[13.740s] [ 23%] Built target rclrs_example_msgs__rosidl_generator_c
[13.886s] [ 25%] [34m[1mGenerating C++ code for ROS interfaces[0m
[17.427s] [ 25%] Built target rclrs_example_msgs__cpp
[18.348s] running egg_info
[18.353s] creating rclrs_example_msgs.egg-info
[18.419s] writing rclrs_example_msgs.egg-info/PKG-INFO
[18.419s] writing dependency_links to rclrs_example_msgs.egg-info/dependency_links.txt
[18.419s] writing top-level names to rclrs_example_msgs.egg-info/top_level.txt
[18.419s] writing manifest file 'rclrs_example_msgs.egg-info/SOURCES.txt'
[18.599s] reading manifest file 'rclrs_example_msgs.egg-info/SOURCES.txt'
[18.605s] writing manifest file 'rclrs_example_msgs.egg-info/SOURCES.txt'
[18.814s] [ 25%] Built target ament_cmake_python_build_rclrs_example_msgs_egg
[18.876s] [ 27%] [34m[1mGenerating C++ type support dispatch for ROS interfaces[0m
[20.819s] [ 29%] [32mBuilding CXX object CMakeFiles/rclrs_example_msgs__rosidl_typesupport_cpp.dir/rosidl_typesupport_cpp/rclrs_example_msgs/msg/my_message__type_support.cpp.o[0m
[22.183s] [ 30%] [32mBuilding CXX object CMakeFiles/rclrs_example_msgs__rosidl_typesupport_cpp.dir/rosidl_typesupport_cpp/rclrs_example_msgs/msg/nested_type__type_support.cpp.o[0m
[23.171s] [ 32%] [32mBuilding CXX object CMakeFiles/rclrs_example_msgs__rosidl_typesupport_cpp.dir/rosidl_typesupport_cpp/rclrs_example_msgs/msg/various_types__type_support.cpp.o[0m
[24.296s] [ 34%] [32m[1mLinking CXX shared library librclrs_example_msgs__rosidl_typesupport_cpp.so[0m
[24.343s] [ 34%] Built target rclrs_example_msgs__rosidl_typesupport_cpp
[24.356s] [ 36%] [34m[1mGenerating C type support for eProsima Fast-RTPS[0m
[26.820s] [ 38%] [32mBuilding CXX object CMakeFiles/rclrs_example_msgs__rosidl_typesupport_fastrtps_c.dir/rosidl_typesupport_fastrtps_c/rclrs_example_msgs/msg/detail/my_message__type_support_c.cpp.o[0m
[28.797s] [ 40%] [32mBuilding CXX object CMakeFiles/rclrs_example_msgs__rosidl_typesupport_fastrtps_c.dir/rosidl_typesupport_fastrtps_c/rclrs_example_msgs/msg/detail/nested_type__type_support_c.cpp.o[0m
[30.016s] [ 41%] [32mBuilding CXX object CMakeFiles/rclrs_example_msgs__rosidl_typesupport_fastrtps_c.dir/rosidl_typesupport_fastrtps_c/rclrs_example_msgs/msg/detail/various_types__type_support_c.cpp.o[0m
[31.742s] [ 43%] [32m[1mLinking CXX shared library librclrs_example_msgs__rosidl_typesupport_fastrtps_c.so[0m
[32.034s] [ 43%] Built target rclrs_example_msgs__rosidl_typesupport_fastrtps_c
[32.086s] [ 45%] [34m[1mGenerating C introspection for ROS interfaces[0m
[34.592s] [ 47%] [32mBuilding C object CMakeFiles/rclrs_example_msgs__rosidl_typesupport_introspection_c.dir/rosidl_typesupport_introspection_c/rclrs_example_msgs/msg/detail/my_message__type_support.c.o[0m
[34.799s] [ 49%] [32mBuilding C object CMakeFiles/rclrs_example_msgs__rosidl_typesupport_introspection_c.dir/rosidl_typesupport_introspection_c/rclrs_example_msgs/msg/detail/nested_type__type_support.c.o[0m
[34.925s] [ 50%] [32mBuilding C object CMakeFiles/rclrs_example_msgs__rosidl_typesupport_introspection_c.dir/rosidl_typesupport_introspection_c/rclrs_example_msgs/msg/detail/various_types__type_support.c.o[0m
[35.155s] [ 52%] [32m[1mLinking C shared library librclrs_example_msgs__rosidl_typesupport_introspection_c.so[0m
[35.264s] [ 52%] Built target rclrs_example_msgs__rosidl_typesupport_introspection_c
[35.302s] [ 54%] [34m[1mGenerating C type support dispatch for ROS interfaces[0m
[37.678s] [ 56%] [32mBuilding CXX object CMakeFiles/rclrs_example_msgs__rosidl_typesupport_c.dir/rosidl_typesupport_c/rclrs_example_msgs/msg/my_message__type_support.cpp.o[0m
[37.801s] [ 58%] [32mBuilding CXX object CMakeFiles/rclrs_example_msgs__rosidl_typesupport_c.dir/rosidl_typesupport_c/rclrs_example_msgs/msg/nested_type__type_support.cpp.o[0m
[37.922s] [ 60%] [32mBuilding CXX object CMakeFiles/rclrs_example_msgs__rosidl_typesupport_c.dir/rosidl_typesupport_c/rclrs_example_msgs/msg/various_types__type_support.cpp.o[0m
[38.049s] [ 61%] [32m[1mLinking CXX shared library librclrs_example_msgs__rosidl_typesupport_c.so[0m
[38.174s] [ 61%] Built target rclrs_example_msgs__rosidl_typesupport_c
[38.233s] [ 63%] [34m[1mGenerating C++ type support for eProsima Fast-RTPS[0m
[40.634s] [ 65%] [32mBuilding CXX object CMakeFiles/rclrs_example_msgs__rosidl_typesupport_fastrtps_cpp.dir/rosidl_typesupport_fastrtps_cpp/rclrs_example_msgs/msg/detail/dds_fastrtps/my_message__type_support.cpp.o[0m
[42.666s] [ 67%] [32mBuilding CXX object CMakeFiles/rclrs_example_msgs__rosidl_typesupport_fastrtps_cpp.dir/rosidl_typesupport_fastrtps_cpp/rclrs_example_msgs/msg/detail/dds_fastrtps/nested_type__type_support.cpp.o[0m
[44.179s] [ 69%] [32mBuilding CXX object CMakeFiles/rclrs_example_msgs__rosidl_typesupport_fastrtps_cpp.dir/rosidl_typesupport_fastrtps_cpp/rclrs_example_msgs/msg/detail/dds_fastrtps/various_types__type_support.cpp.o[0m
[46.506s] [ 70%] [32m[1mLinking CXX shared library librclrs_example_msgs__rosidl_typesupport_fastrtps_cpp.so[0m
[46.807s] [ 70%] Built target rclrs_example_msgs__rosidl_typesupport_fastrtps_cpp
[46.844s] [ 72%] [34m[1mGenerating C++ introspection for ROS interfaces[0m
[48.441s] [ 74%] [32mBuilding CXX object CMakeFiles/rclrs_example_msgs__rosidl_typesupport_introspection_cpp.dir/rosidl_typesupport_introspection_cpp/rclrs_example_msgs/msg/detail/my_message__type_support.cpp.o[0m
[49.593s] [ 76%] [32mBuilding CXX object CMakeFiles/rclrs_example_msgs__rosidl_typesupport_introspection_cpp.dir/rosidl_typesupport_introspection_cpp/rclrs_example_msgs/msg/detail/nested_type__type_support.cpp.o[0m
[50.454s] [ 78%] [32mBuilding CXX object CMakeFiles/rclrs_example_msgs__rosidl_typesupport_introspection_cpp.dir/rosidl_typesupport_introspection_cpp/rclrs_example_msgs/msg/detail/various_types__type_support.cpp.o[0m
[51.761s] [ 80%] [32m[1mLinking CXX shared library librclrs_example_msgs__rosidl_typesupport_introspection_cpp.so[0m
[51.978s] [ 80%] Built target rclrs_example_msgs__rosidl_typesupport_introspection_cpp
[52.071s] [ 80%] Built target rclrs_example_msgs
[52.154s] [ 81%] [34m[1mGenerating Python code for ROS interfaces[0m
[55.843s] [ 81%] Built target rclrs_example_msgs__py
[55.922s] [ 83%] [32mBuilding C object CMakeFiles/rclrs_example_msgs__rosidl_generator_py.dir/rosidl_generator_py/rclrs_example_msgs/msg/_my_message_s.c.o[0m
[56.326s] [ 85%] [32mBuilding C object CMakeFiles/rclrs_example_msgs__rosidl_generator_py.dir/rosidl_generator_py/rclrs_example_msgs/msg/_nested_type_s.c.o[0m
[56.577s] [ 87%] [32mBuilding C object CMakeFiles/rclrs_example_msgs__rosidl_generator_py.dir/rosidl_generator_py/rclrs_example_msgs/msg/_various_types_s.c.o[0m
[57.037s] [ 89%] [32m[1mLinking C shared library librclrs_example_msgs__rosidl_generator_py.so[0m
[57.171s] [ 89%] Built target rclrs_example_msgs__rosidl_generator_py
[57.229s] [ 90%] [32mBuilding C object CMakeFiles/rclrs_example_msgs_s__rosidl_typesupport_fastrtps_c.dir/rosidl_generator_py/rclrs_example_msgs/_rclrs_example_msgs_s.ep.rosidl_typesupport_fastrtps_c.c.o[0m
[57.504s] [ 92%] [32m[1mLinking C shared module rosidl_generator_py/rclrs_example_msgs/rclrs_example_msgs_s__rosidl_typesupport_fastrtps_c.so[0m
[57.606s] [ 92%] Built target rclrs_example_msgs_s__rosidl_typesupport_fastrtps_c
[57.674s] [ 94%] [32mBuilding C object CMakeFiles/rclrs_example_msgs_s__rosidl_typesupport_introspection_c.dir/rosidl_generator_py/rclrs_example_msgs/_rclrs_example_msgs_s.ep.rosidl_typesupport_introspection_c.c.o[0m
[57.951s] [ 96%] [32m[1mLinking C shared module rosidl_generator_py/rclrs_example_msgs/rclrs_example_msgs_s__rosidl_typesupport_introspection_c.so[0m
[58.046s] [ 96%] Built target rclrs_example_msgs_s__rosidl_typesupport_introspection_c
[58.122s] [ 98%] [32mBuilding C object CMakeFiles/rclrs_example_msgs_s__rosidl_typesupport_c.dir/rosidl_generator_py/rclrs_example_msgs/_rclrs_example_msgs_s.ep.rosidl_typesupport_c.c.o[0m
[58.459s] [100%] [32m[1mLinking C shared module rosidl_generator_py/rclrs_example_msgs/rclrs_example_msgs_s__rosidl_typesupport_c.so[0m
[58.572s] [100%] Built target rclrs_example_msgs_s__rosidl_typesupport_c
[58.617s] Invoked command in '/home/ohtoai/rust_ros_ws/build/rclrs_example_msgs' returned '0': AMENT_PREFIX_PATH=/home/ohtoai/rust_ros_ws/install/rosidl_default_runtime:/home/ohtoai/rust_ros_ws/install/rosidl_default_generators:/home/ohtoai/rust_ros_ws/install/action_msgs:/home/ohtoai/rust_ros_ws/install/service_msgs:/home/ohtoai/rust_ros_ws/install/unique_identifier_msgs:/home/ohtoai/rust_ros_ws/install/builtin_interfaces:/home/ohtoai/rust_ros_ws/install/rosidl_core_runtime:/home/ohtoai/rust_ros_ws/install/rosidl_core_generators:/home/ohtoai/rust_ros_ws/install/rosidl_generator_rs:/home/ohtoai/rust_ros_ws/install/rosidl_runtime_rs:${AMENT_PREFIX_PATH} CMAKE_PREFIX_PATH=/home/ohtoai/rust_ros_ws/install/rosidl_default_runtime:/home/ohtoai/rust_ros_ws/install/rosidl_default_generators:/home/ohtoai/rust_ros_ws/install/action_msgs:/home/ohtoai/rust_ros_ws/install/service_msgs:/home/ohtoai/rust_ros_ws/install/unique_identifier_msgs:/home/ohtoai/rust_ros_ws/install/builtin_interfaces:/home/ohtoai/rust_ros_ws/install/rosidl_core_runtime:/home/ohtoai/rust_ros_ws/install/rosidl_core_generators:/home/ohtoai/rust_ros_ws/install/rosidl_generator_rs:/opt/ros/jazzy/opt/gz_math_vendor:/opt/ros/jazzy/opt/gz_utils_vendor:/opt/ros/jazzy/opt/gz_cmake_vendor:/opt/ros/jazzy DEBUGINFOD_URLS=https://debuginfod.ubuntu.com LD_LIBRARY_PATH=/home/ohtoai/rust_ros_ws/install/action_msgs/lib:/home/ohtoai/rust_ros_ws/install/service_msgs/lib:/home/ohtoai/rust_ros_ws/install/unique_identifier_msgs/lib:/home/ohtoai/rust_ros_ws/install/builtin_interfaces/lib:${LD_LIBRARY_PATH} PYTHONPATH=/home/ohtoai/rust_ros_ws/install/action_msgs/lib/python3.12/site-packages:/home/ohtoai/rust_ros_ws/install/service_msgs/lib/python3.12/site-packages:/home/ohtoai/rust_ros_ws/install/unique_identifier_msgs/lib/python3.12/site-packages:/home/ohtoai/rust_ros_ws/install/builtin_interfaces/lib/python3.12/site-packages:/home/ohtoai/rust_ros_ws/install/rosidl_generator_rs/lib/python3.12/site-packages:${PYTHONPATH} /usr/bin/cmake --build /home/ohtoai/rust_ros_ws/build/rclrs_example_msgs -- -j2 -l2
[58.622s] Invoking command in '/home/ohtoai/rust_ros_ws/build/rclrs_example_msgs': AMENT_PREFIX_PATH=/home/ohtoai/rust_ros_ws/install/rosidl_default_runtime:/home/ohtoai/rust_ros_ws/install/rosidl_default_generators:/home/ohtoai/rust_ros_ws/install/action_msgs:/home/ohtoai/rust_ros_ws/install/service_msgs:/home/ohtoai/rust_ros_ws/install/unique_identifier_msgs:/home/ohtoai/rust_ros_ws/install/builtin_interfaces:/home/ohtoai/rust_ros_ws/install/rosidl_core_runtime:/home/ohtoai/rust_ros_ws/install/rosidl_core_generators:/home/ohtoai/rust_ros_ws/install/rosidl_generator_rs:/home/ohtoai/rust_ros_ws/install/rosidl_runtime_rs:${AMENT_PREFIX_PATH} CMAKE_PREFIX_PATH=/home/ohtoai/rust_ros_ws/install/rosidl_default_runtime:/home/ohtoai/rust_ros_ws/install/rosidl_default_generators:/home/ohtoai/rust_ros_ws/install/action_msgs:/home/ohtoai/rust_ros_ws/install/service_msgs:/home/ohtoai/rust_ros_ws/install/unique_identifier_msgs:/home/ohtoai/rust_ros_ws/install/builtin_interfaces:/home/ohtoai/rust_ros_ws/install/rosidl_core_runtime:/home/ohtoai/rust_ros_ws/install/rosidl_core_generators:/home/ohtoai/rust_ros_ws/install/rosidl_generator_rs:/opt/ros/jazzy/opt/gz_math_vendor:/opt/ros/jazzy/opt/gz_utils_vendor:/opt/ros/jazzy/opt/gz_cmake_vendor:/opt/ros/jazzy DEBUGINFOD_URLS=https://debuginfod.ubuntu.com LD_LIBRARY_PATH=/home/ohtoai/rust_ros_ws/install/action_msgs/lib:/home/ohtoai/rust_ros_ws/install/service_msgs/lib:/home/ohtoai/rust_ros_ws/install/unique_identifier_msgs/lib:/home/ohtoai/rust_ros_ws/install/builtin_interfaces/lib:${LD_LIBRARY_PATH} PYTHONPATH=/home/ohtoai/rust_ros_ws/install/action_msgs/lib/python3.12/site-packages:/home/ohtoai/rust_ros_ws/install/service_msgs/lib/python3.12/site-packages:/home/ohtoai/rust_ros_ws/install/unique_identifier_msgs/lib/python3.12/site-packages:/home/ohtoai/rust_ros_ws/install/builtin_interfaces/lib/python3.12/site-packages:/home/ohtoai/rust_ros_ws/install/rosidl_generator_rs/lib/python3.12/site-packages:${PYTHONPATH} /usr/bin/cmake --install /home/ohtoai/rust_ros_ws/build/rclrs_example_msgs
[58.647s] -- Install configuration: ""
[58.648s] -- Installing: /home/ohtoai/rust_ros_ws/install/rclrs_example_msgs/share/ament_index/resource_index/rosidl_interfaces/rclrs_example_msgs
[58.648s] -- Installing: /home/ohtoai/rust_ros_ws/install/rclrs_example_msgs/share/rclrs_example_msgs/msg/MyMessage.json
[58.648s] -- Installing: /home/ohtoai/rust_ros_ws/install/rclrs_example_msgs/share/rclrs_example_msgs/msg/NestedType.json
[58.648s] -- Installing: /home/ohtoai/rust_ros_ws/install/rclrs_example_msgs/share/rclrs_example_msgs/msg/VariousTypes.json
[58.648s] -- Installing: /home/ohtoai/rust_ros_ws/install/rclrs_example_msgs/include/rclrs_example_msgs/rclrs_example_msgs
[58.648s] -- Installing: /home/ohtoai/rust_ros_ws/install/rclrs_example_msgs/include/rclrs_example_msgs/rclrs_example_msgs/msg
[58.648s] -- Installing: /home/ohtoai/rust_ros_ws/install/rclrs_example_msgs/include/rclrs_example_msgs/rclrs_example_msgs/msg/detail
[58.648s] -- Installing: /home/ohtoai/rust_ros_ws/install/rclrs_example_msgs/include/rclrs_example_msgs/rclrs_example_msgs/msg/detail/nested_type__description.c
[58.648s] -- Installing: /home/ohtoai/rust_ros_ws/install/rclrs_example_msgs/include/rclrs_example_msgs/rclrs_example_msgs/msg/detail/nested_type__functions.h
[58.649s] -- Installing: /home/ohtoai/rust_ros_ws/install/rclrs_example_msgs/include/rclrs_example_msgs/rclrs_example_msgs/msg/detail/my_message__type_support.c
[58.649s] -- Installing: /home/ohtoai/rust_ros_ws/install/rclrs_example_msgs/include/rclrs_example_msgs/rclrs_example_msgs/msg/detail/nested_type__type_support.h
[58.649s] -- Installing: /home/ohtoai/rust_ros_ws/install/rclrs_example_msgs/include/rclrs_example_msgs/rclrs_example_msgs/msg/detail/nested_type__type_support.c
[58.649s] -- Installing: /home/ohtoai/rust_ros_ws/install/rclrs_example_msgs/include/rclrs_example_msgs/rclrs_example_msgs/msg/detail/nested_type__functions.c
[58.649s] -- Installing: /home/ohtoai/rust_ros_ws/install/rclrs_example_msgs/include/rclrs_example_msgs/rclrs_example_msgs/msg/detail/my_message__functions.c
[58.649s] -- Installing: /home/ohtoai/rust_ros_ws/install/rclrs_example_msgs/include/rclrs_example_msgs/rclrs_example_msgs/msg/detail/my_message__functions.h
[58.649s] -- Installing: /home/ohtoai/rust_ros_ws/install/rclrs_example_msgs/include/rclrs_example_msgs/rclrs_example_msgs/msg/detail/various_types__struct.h
[58.652s] -- Installing: /home/ohtoai/rust_ros_ws/install/rclrs_example_msgs/include/rclrs_example_msgs/rclrs_example_msgs/msg/detail/my_message__description.c
[58.652s] -- Installing: /home/ohtoai/rust_ros_ws/install/rclrs_example_msgs/include/rclrs_example_msgs/rclrs_example_msgs/msg/detail/various_types__description.c
[58.652s] -- Installing: /home/ohtoai/rust_ros_ws/install/rclrs_example_msgs/include/rclrs_example_msgs/rclrs_example_msgs/msg/detail/my_message__type_support.h
[58.653s] -- Installing: /home/ohtoai/rust_ros_ws/install/rclrs_example_msgs/include/rclrs_example_msgs/rclrs_example_msgs/msg/detail/various_types__functions.h
[58.653s] -- Installing: /home/ohtoai/rust_ros_ws/install/rclrs_example_msgs/include/rclrs_example_msgs/rclrs_example_msgs/msg/detail/various_types__type_support.c
[58.654s] -- Installing: /home/ohtoai/rust_ros_ws/install/rclrs_example_msgs/include/rclrs_example_msgs/rclrs_example_msgs/msg/detail/my_message__struct.h
[58.654s] -- Installing: /home/ohtoai/rust_ros_ws/install/rclrs_example_msgs/include/rclrs_example_msgs/rclrs_example_msgs/msg/detail/various_types__functions.c
[58.654s] -- Installing: /home/ohtoai/rust_ros_ws/install/rclrs_example_msgs/include/rclrs_example_msgs/rclrs_example_msgs/msg/detail/various_types__type_support.h
[58.654s] -- Installing: /home/ohtoai/rust_ros_ws/install/rclrs_example_msgs/include/rclrs_example_msgs/rclrs_example_msgs/msg/detail/nested_type__struct.h
[58.654s] -- Installing: /home/ohtoai/rust_ros_ws/install/rclrs_example_msgs/include/rclrs_example_msgs/rclrs_example_msgs/msg/nested_type.h
[58.654s] -- Installing: /home/ohtoai/rust_ros_ws/install/rclrs_example_msgs/include/rclrs_example_msgs/rclrs_example_msgs/msg/rosidl_generator_c__visibility_control.h
[58.654s] -- Installing: /home/ohtoai/rust_ros_ws/install/rclrs_example_msgs/include/rclrs_example_msgs/rclrs_example_msgs/msg/my_message.h
[58.654s] -- Installing: /home/ohtoai/rust_ros_ws/install/rclrs_example_msgs/include/rclrs_example_msgs/rclrs_example_msgs/msg/various_types.h
[58.656s] -- Installing: /home/ohtoai/rust_ros_ws/install/rclrs_example_msgs/share/rclrs_example_msgs/environment/library_path.sh
[58.656s] -- Installing: /home/ohtoai/rust_ros_ws/install/rclrs_example_msgs/share/rclrs_example_msgs/environment/library_path.dsv
[58.656s] -- Installing: /home/ohtoai/rust_ros_ws/install/rclrs_example_msgs/lib/librclrs_example_msgs__rosidl_generator_c.so
[58.658s] -- Set non-toolchain portion of runtime path of "/home/ohtoai/rust_ros_ws/install/rclrs_example_msgs/lib/librclrs_example_msgs__rosidl_generator_c.so" to ""
[58.659s] -- Up-to-date: /home/ohtoai/rust_ros_ws/install/rclrs_example_msgs/include/rclrs_example_msgs/rclrs_example_msgs
[58.659s] -- Up-to-date: /home/ohtoai/rust_ros_ws/install/rclrs_example_msgs/include/rclrs_example_msgs/rclrs_example_msgs/msg
[58.661s] -- Up-to-date: /home/ohtoai/rust_ros_ws/install/rclrs_example_msgs/include/rclrs_example_msgs/rclrs_example_msgs/msg/detail
[58.661s] -- Installing: /home/ohtoai/rust_ros_ws/install/rclrs_example_msgs/include/rclrs_example_msgs/rclrs_example_msgs/msg/detail/my_message__rosidl_typesupport_fastrtps_c.h
[58.662s] -- Installing: /home/ohtoai/rust_ros_ws/install/rclrs_example_msgs/include/rclrs_example_msgs/rclrs_example_msgs/msg/detail/nested_type__rosidl_typesupport_fastrtps_c.h
[58.662s] -- Installing: /home/ohtoai/rust_ros_ws/install/rclrs_example_msgs/include/rclrs_example_msgs/rclrs_example_msgs/msg/detail/various_types__rosidl_typesupport_fastrtps_c.h
[58.662s] -- Installing: /home/ohtoai/rust_ros_ws/install/rclrs_example_msgs/include/rclrs_example_msgs/rclrs_example_msgs/msg/rosidl_typesupport_fastrtps_c__visibility_control.h
[58.662s] -- Installing: /home/ohtoai/rust_ros_ws/install/rclrs_example_msgs/lib/librclrs_example_msgs__rosidl_typesupport_fastrtps_c.so
[58.663s] -- Set non-toolchain portion of runtime path of "/home/ohtoai/rust_ros_ws/install/rclrs_example_msgs/lib/librclrs_example_msgs__rosidl_typesupport_fastrtps_c.so" to ""
[58.663s] -- Up-to-date: /home/ohtoai/rust_ros_ws/install/rclrs_example_msgs/include/rclrs_example_msgs/rclrs_example_msgs
[58.663s] -- Up-to-date: /home/ohtoai/rust_ros_ws/install/rclrs_example_msgs/include/rclrs_example_msgs/rclrs_example_msgs/msg
[58.663s] -- Up-to-date: /home/ohtoai/rust_ros_ws/install/rclrs_example_msgs/include/rclrs_example_msgs/rclrs_example_msgs/msg/detail
[58.663s] -- Installing: /home/ohtoai/rust_ros_ws/install/rclrs_example_msgs/include/rclrs_example_msgs/rclrs_example_msgs/msg/detail/nested_type__rosidl_typesupport_introspection_c.h
[58.664s] -- Installing: /home/ohtoai/rust_ros_ws/install/rclrs_example_msgs/include/rclrs_example_msgs/rclrs_example_msgs/msg/detail/various_types__rosidl_typesupport_introspection_c.h
[58.664s] -- Installing: /home/ohtoai/rust_ros_ws/install/rclrs_example_msgs/include/rclrs_example_msgs/rclrs_example_msgs/msg/detail/my_message__type_support.c
[58.664s] -- Installing: /home/ohtoai/rust_ros_ws/install/rclrs_example_msgs/include/rclrs_example_msgs/rclrs_example_msgs/msg/detail/nested_type__type_support.c
[58.665s] -- Installing: /home/ohtoai/rust_ros_ws/install/rclrs_example_msgs/include/rclrs_example_msgs/rclrs_example_msgs/msg/detail/my_message__rosidl_typesupport_introspection_c.h
[58.665s] -- Installing: /home/ohtoai/rust_ros_ws/install/rclrs_example_msgs/include/rclrs_example_msgs/rclrs_example_msgs/msg/detail/various_types__type_support.c
[58.665s] -- Installing: /home/ohtoai/rust_ros_ws/install/rclrs_example_msgs/include/rclrs_example_msgs/rclrs_example_msgs/msg/rosidl_typesupport_introspection_c__visibility_control.h
[58.665s] -- Installing: /home/ohtoai/rust_ros_ws/install/rclrs_example_msgs/lib/librclrs_example_msgs__rosidl_typesupport_introspection_c.so
[58.665s] -- Set non-toolchain portion of runtime path of "/home/ohtoai/rust_ros_ws/install/rclrs_example_msgs/lib/librclrs_example_msgs__rosidl_typesupport_introspection_c.so" to ""
[58.665s] -- Installing: /home/ohtoai/rust_ros_ws/install/rclrs_example_msgs/lib/librclrs_example_msgs__rosidl_typesupport_c.so
[58.669s] -- Set non-toolchain portion of runtime path of "/home/ohtoai/rust_ros_ws/install/rclrs_example_msgs/lib/librclrs_example_msgs__rosidl_typesupport_c.so" to ""
[58.669s] -- Up-to-date: /home/ohtoai/rust_ros_ws/install/rclrs_example_msgs/include/rclrs_example_msgs/rclrs_example_msgs
[58.670s] -- Up-to-date: /home/ohtoai/rust_ros_ws/install/rclrs_example_msgs/include/rclrs_example_msgs/rclrs_example_msgs/msg
[58.670s] -- Up-to-date: /home/ohtoai/rust_ros_ws/install/rclrs_example_msgs/include/rclrs_example_msgs/rclrs_example_msgs/msg/detail
[58.670s] -- Installing: /home/ohtoai/rust_ros_ws/install/rclrs_example_msgs/include/rclrs_example_msgs/rclrs_example_msgs/msg/detail/nested_type__type_support.hpp
[58.670s] -- Installing: /home/ohtoai/rust_ros_ws/install/rclrs_example_msgs/include/rclrs_example_msgs/rclrs_example_msgs/msg/detail/my_message__builder.hpp
[58.670s] -- Installing: /home/ohtoai/rust_ros_ws/install/rclrs_example_msgs/include/rclrs_example_msgs/rclrs_example_msgs/msg/detail/my_message__struct.hpp
[58.672s] -- Installing: /home/ohtoai/rust_ros_ws/install/rclrs_example_msgs/include/rclrs_example_msgs/rclrs_example_msgs/msg/detail/nested_type__builder.hpp
[58.672s] -- Installing: /home/ohtoai/rust_ros_ws/install/rclrs_example_msgs/include/rclrs_example_msgs/rclrs_example_msgs/msg/detail/nested_type__struct.hpp
[58.672s] -- Installing: /home/ohtoai/rust_ros_ws/install/rclrs_example_msgs/include/rclrs_example_msgs/rclrs_example_msgs/msg/detail/various_types__traits.hpp
[58.672s] -- Installing: /home/ohtoai/rust_ros_ws/install/rclrs_example_msgs/include/rclrs_example_msgs/rclrs_example_msgs/msg/detail/various_types__builder.hpp
[58.672s] -- Installing: /home/ohtoai/rust_ros_ws/install/rclrs_example_msgs/include/rclrs_example_msgs/rclrs_example_msgs/msg/detail/various_types__type_support.hpp
[58.681s] -- Installing: /home/ohtoai/rust_ros_ws/install/rclrs_example_msgs/include/rclrs_example_msgs/rclrs_example_msgs/msg/detail/nested_type__traits.hpp
[58.681s] -- Installing: /home/ohtoai/rust_ros_ws/install/rclrs_example_msgs/include/rclrs_example_msgs/rclrs_example_msgs/msg/detail/my_message__traits.hpp
[58.681s] -- Installing: /home/ohtoai/rust_ros_ws/install/rclrs_example_msgs/include/rclrs_example_msgs/rclrs_example_msgs/msg/detail/my_message__type_support.hpp
[58.681s] -- Installing: /home/ohtoai/rust_ros_ws/install/rclrs_example_msgs/include/rclrs_example_msgs/rclrs_example_msgs/msg/detail/various_types__struct.hpp
[58.681s] -- Installing: /home/ohtoai/rust_ros_ws/install/rclrs_example_msgs/include/rclrs_example_msgs/rclrs_example_msgs/msg/rosidl_generator_cpp__visibility_control.hpp
[58.681s] -- Installing: /home/ohtoai/rust_ros_ws/install/rclrs_example_msgs/include/rclrs_example_msgs/rclrs_example_msgs/msg/my_message.hpp
[58.681s] -- Installing: /home/ohtoai/rust_ros_ws/install/rclrs_example_msgs/include/rclrs_example_msgs/rclrs_example_msgs/msg/various_types.hpp
[58.681s] -- Installing: /home/ohtoai/rust_ros_ws/install/rclrs_example_msgs/include/rclrs_example_msgs/rclrs_example_msgs/msg/nested_type.hpp
[58.681s] -- Up-to-date: /home/ohtoai/rust_ros_ws/install/rclrs_example_msgs/include/rclrs_example_msgs/rclrs_example_msgs
[58.681s] -- Up-to-date: /home/ohtoai/rust_ros_ws/install/rclrs_example_msgs/include/rclrs_example_msgs/rclrs_example_msgs/msg
[58.681s] -- Up-to-date: /home/ohtoai/rust_ros_ws/install/rclrs_example_msgs/include/rclrs_example_msgs/rclrs_example_msgs/msg/detail
[58.681s] -- Installing: /home/ohtoai/rust_ros_ws/install/rclrs_example_msgs/include/rclrs_example_msgs/rclrs_example_msgs/msg/detail/various_types__rosidl_typesupport_fastrtps_cpp.hpp
[58.685s] -- Installing: /home/ohtoai/rust_ros_ws/install/rclrs_example_msgs/include/rclrs_example_msgs/rclrs_example_msgs/msg/detail/my_message__rosidl_typesupport_fastrtps_cpp.hpp
[58.685s] -- Installing: /home/ohtoai/rust_ros_ws/install/rclrs_example_msgs/include/rclrs_example_msgs/rclrs_example_msgs/msg/detail/dds_fastrtps
[58.685s] -- Installing: /home/ohtoai/rust_ros_ws/install/rclrs_example_msgs/include/rclrs_example_msgs/rclrs_example_msgs/msg/detail/nested_type__rosidl_typesupport_fastrtps_cpp.hpp
[58.685s] -- Installing: /home/ohtoai/rust_ros_ws/install/rclrs_example_msgs/include/rclrs_example_msgs/rclrs_example_msgs/msg/rosidl_typesupport_fastrtps_cpp__visibility_control.h
[58.685s] -- Installing: /home/ohtoai/rust_ros_ws/install/rclrs_example_msgs/lib/librclrs_example_msgs__rosidl_typesupport_fastrtps_cpp.so
[58.688s] -- Set non-toolchain portion of runtime path of "/home/ohtoai/rust_ros_ws/install/rclrs_example_msgs/lib/librclrs_example_msgs__rosidl_typesupport_fastrtps_cpp.so" to ""
[58.688s] -- Up-to-date: /home/ohtoai/rust_ros_ws/install/rclrs_example_msgs/include/rclrs_example_msgs/rclrs_example_msgs
[58.688s] -- Up-to-date: /home/ohtoai/rust_ros_ws/install/rclrs_example_msgs/include/rclrs_example_msgs/rclrs_example_msgs/msg
[58.688s] -- Up-to-date: /home/ohtoai/rust_ros_ws/install/rclrs_example_msgs/include/rclrs_example_msgs/rclrs_example_msgs/msg/detail
[58.688s] -- Installing: /home/ohtoai/rust_ros_ws/install/rclrs_example_msgs/include/rclrs_example_msgs/rclrs_example_msgs/msg/detail/nested_type__type_support.cpp
[58.688s] -- Installing: /home/ohtoai/rust_ros_ws/install/rclrs_example_msgs/include/rclrs_example_msgs/rclrs_example_msgs/msg/detail/nested_type__rosidl_typesupport_introspection_cpp.hpp
[58.688s] -- Installing: /home/ohtoai/rust_ros_ws/install/rclrs_example_msgs/include/rclrs_example_msgs/rclrs_example_msgs/msg/detail/various_types__rosidl_typesupport_introspection_cpp.hpp
[58.693s] -- Installing: /home/ohtoai/rust_ros_ws/install/rclrs_example_msgs/include/rclrs_example_msgs/rclrs_example_msgs/msg/detail/various_types__type_support.cpp
[58.695s] -- Installing: /home/ohtoai/rust_ros_ws/install/rclrs_example_msgs/include/rclrs_example_msgs/rclrs_example_msgs/msg/detail/my_message__rosidl_typesupport_introspection_cpp.hpp
[58.695s] -- Installing: /home/ohtoai/rust_ros_ws/install/rclrs_example_msgs/include/rclrs_example_msgs/rclrs_example_msgs/msg/detail/my_message__type_support.cpp
[58.696s] -- Installing: /home/ohtoai/rust_ros_ws/install/rclrs_example_msgs/lib/librclrs_example_msgs__rosidl_typesupport_introspection_cpp.so
[58.699s] -- Set non-toolchain portion of runtime path of "/home/ohtoai/rust_ros_ws/install/rclrs_example_msgs/lib/librclrs_example_msgs__rosidl_typesupport_introspection_cpp.so" to ""
[58.701s] -- Installing: /home/ohtoai/rust_ros_ws/install/rclrs_example_msgs/lib/librclrs_example_msgs__rosidl_typesupport_cpp.so
[58.703s] -- Set non-toolchain portion of runtime path of "/home/ohtoai/rust_ros_ws/install/rclrs_example_msgs/lib/librclrs_example_msgs__rosidl_typesupport_cpp.so" to ""
[58.703s] -- Installing: /home/ohtoai/rust_ros_ws/install/rclrs_example_msgs/share/ament_index/resource_index/rust_packages/rclrs_example_msgs
[58.704s] -- Installing: /home/ohtoai/rust_ros_ws/install/rclrs_example_msgs/share/rclrs_example_msgs/rust
[58.706s] -- Installing: /home/ohtoai/rust_ros_ws/install/rclrs_example_msgs/share/rclrs_example_msgs/rust/build.rs
[58.706s] -- Installing: /home/ohtoai/rust_ros_ws/install/rclrs_example_msgs/share/rclrs_example_msgs/rust/Cargo.toml
[58.706s] -- Installing: /home/ohtoai/rust_ros_ws/install/rclrs_example_msgs/share/rclrs_example_msgs/rust/src
[58.707s] -- Installing: /home/ohtoai/rust_ros_ws/install/rclrs_example_msgs/share/rclrs_example_msgs/rust/src/msg.rs
[58.707s] -- Installing: /home/ohtoai/rust_ros_ws/install/rclrs_example_msgs/share/rclrs_example_msgs/rust/src/lib.rs
[58.709s] -- Installing: /home/ohtoai/rust_ros_ws/install/rclrs_example_msgs/share/rclrs_example_msgs/environment/pythonpath.sh
[58.710s] -- Installing: /home/ohtoai/rust_ros_ws/install/rclrs_example_msgs/share/rclrs_example_msgs/environment/pythonpath.dsv
[58.711s] -- Installing: /home/ohtoai/rust_ros_ws/install/rclrs_example_msgs/lib/python3.12/site-packages/rclrs_example_msgs-0.4.1-py3.12.egg-info
[58.712s] -- Installing: /home/ohtoai/rust_ros_ws/install/rclrs_example_msgs/lib/python3.12/site-packages/rclrs_example_msgs-0.4.1-py3.12.egg-info/PKG-INFO
[58.713s] -- Installing: /home/ohtoai/rust_ros_ws/install/rclrs_example_msgs/lib/python3.12/site-packages/rclrs_example_msgs-0.4.1-py3.12.egg-info/top_level.txt
[58.713s] -- Installing: /home/ohtoai/rust_ros_ws/install/rclrs_example_msgs/lib/python3.12/site-packages/rclrs_example_msgs-0.4.1-py3.12.egg-info/SOURCES.txt
[58.713s] -- Installing: /home/ohtoai/rust_ros_ws/install/rclrs_example_msgs/lib/python3.12/site-packages/rclrs_example_msgs-0.4.1-py3.12.egg-info/dependency_links.txt
[58.715s] -- Installing: /home/ohtoai/rust_ros_ws/install/rclrs_example_msgs/lib/python3.12/site-packages/rclrs_example_msgs
[58.716s] -- Installing: /home/ohtoai/rust_ros_ws/install/rclrs_example_msgs/lib/python3.12/site-packages/rclrs_example_msgs/_rclrs_example_msgs_s.ep.rosidl_typesupport_fastrtps_c.c
[58.716s] -- Installing: /home/ohtoai/rust_ros_ws/install/rclrs_example_msgs/lib/python3.12/site-packages/rclrs_example_msgs/_rclrs_example_msgs_s.ep.rosidl_typesupport_c.c
[58.716s] -- Installing: /home/ohtoai/rust_ros_ws/install/rclrs_example_msgs/lib/python3.12/site-packages/rclrs_example_msgs/rclrs_example_msgs_s__rosidl_typesupport_c.so
[58.717s] -- Installing: /home/ohtoai/rust_ros_ws/install/rclrs_example_msgs/lib/python3.12/site-packages/rclrs_example_msgs/msg
[58.717s] -- Installing: /home/ohtoai/rust_ros_ws/install/rclrs_example_msgs/lib/python3.12/site-packages/rclrs_example_msgs/msg/_various_types.py
[58.718s] -- Installing: /home/ohtoai/rust_ros_ws/install/rclrs_example_msgs/lib/python3.12/site-packages/rclrs_example_msgs/msg/_my_message.py
[58.719s] -- Installing: /home/ohtoai/rust_ros_ws/install/rclrs_example_msgs/lib/python3.12/site-packages/rclrs_example_msgs/msg/_nested_type_s.c
[58.719s] -- Installing: /home/ohtoai/rust_ros_ws/install/rclrs_example_msgs/lib/python3.12/site-packages/rclrs_example_msgs/msg/_various_types_s.c
[58.721s] -- Installing: /home/ohtoai/rust_ros_ws/install/rclrs_example_msgs/lib/python3.12/site-packages/rclrs_example_msgs/msg/_nested_type.py
[58.721s] -- Installing: /home/ohtoai/rust_ros_ws/install/rclrs_example_msgs/lib/python3.12/site-packages/rclrs_example_msgs/msg/_my_message_s.c
[58.722s] -- Installing: /home/ohtoai/rust_ros_ws/install/rclrs_example_msgs/lib/python3.12/site-packages/rclrs_example_msgs/msg/__init__.py
[58.722s] -- Installing: /home/ohtoai/rust_ros_ws/install/rclrs_example_msgs/lib/python3.12/site-packages/rclrs_example_msgs/rclrs_example_msgs_s__rosidl_typesupport_fastrtps_c.so
[58.722s] -- Installing: /home/ohtoai/rust_ros_ws/install/rclrs_example_msgs/lib/python3.12/site-packages/rclrs_example_msgs/rclrs_example_msgs_s__rosidl_typesupport_introspection_c.so
[58.722s] -- Installing: /home/ohtoai/rust_ros_ws/install/rclrs_example_msgs/lib/python3.12/site-packages/rclrs_example_msgs/_rclrs_example_msgs_s.ep.rosidl_typesupport_introspection_c.c
[58.722s] -- Installing: /home/ohtoai/rust_ros_ws/install/rclrs_example_msgs/lib/python3.12/site-packages/rclrs_example_msgs/__init__.py
[58.839s] Listing '/home/ohtoai/rust_ros_ws/install/rclrs_example_msgs/lib/python3.12/site-packages/rclrs_example_msgs'...
[58.839s] Compiling '/home/ohtoai/rust_ros_ws/install/rclrs_example_msgs/lib/python3.12/site-packages/rclrs_example_msgs/__init__.py'...
[58.839s] Listing '/home/ohtoai/rust_ros_ws/install/rclrs_example_msgs/lib/python3.12/site-packages/rclrs_example_msgs/msg'...
[58.839s] Compiling '/home/ohtoai/rust_ros_ws/install/rclrs_example_msgs/lib/python3.12/site-packages/rclrs_example_msgs/msg/__init__.py'...
[58.839s] Compiling '/home/ohtoai/rust_ros_ws/install/rclrs_example_msgs/lib/python3.12/site-packages/rclrs_example_msgs/msg/_my_message.py'...
[58.840s] Compiling '/home/ohtoai/rust_ros_ws/install/rclrs_example_msgs/lib/python3.12/site-packages/rclrs_example_msgs/msg/_nested_type.py'...
[58.840s] Compiling '/home/ohtoai/rust_ros_ws/install/rclrs_example_msgs/lib/python3.12/site-packages/rclrs_example_msgs/msg/_various_types.py'...
[58.853s] -- Installing: /home/ohtoai/rust_ros_ws/install/rclrs_example_msgs/lib/python3.12/site-packages/rclrs_example_msgs/rclrs_example_msgs_s__rosidl_typesupport_fastrtps_c.so
[58.854s] -- Set non-toolchain portion of runtime path of "/home/ohtoai/rust_ros_ws/install/rclrs_example_msgs/lib/python3.12/site-packages/rclrs_example_msgs/rclrs_example_msgs_s__rosidl_typesupport_fastrtps_c.so" to ""
[58.854s] -- Installing: /home/ohtoai/rust_ros_ws/install/rclrs_example_msgs/lib/python3.12/site-packages/rclrs_example_msgs/rclrs_example_msgs_s__rosidl_typesupport_introspection_c.so
[58.854s] -- Set non-toolchain portion of runtime path of "/home/ohtoai/rust_ros_ws/install/rclrs_example_msgs/lib/python3.12/site-packages/rclrs_example_msgs/rclrs_example_msgs_s__rosidl_typesupport_introspection_c.so" to ""
[58.855s] -- Installing: /home/ohtoai/rust_ros_ws/install/rclrs_example_msgs/lib/python3.12/site-packages/rclrs_example_msgs/rclrs_example_msgs_s__rosidl_typesupport_c.so
[58.855s] -- Set non-toolchain portion of runtime path of "/home/ohtoai/rust_ros_ws/install/rclrs_example_msgs/lib/python3.12/site-packages/rclrs_example_msgs/rclrs_example_msgs_s__rosidl_typesupport_c.so" to ""
[58.855s] -- Installing: /home/ohtoai/rust_ros_ws/install/rclrs_example_msgs/lib/librclrs_example_msgs__rosidl_generator_py.so
[58.857s] -- Set non-toolchain portion of runtime path of "/home/ohtoai/rust_ros_ws/install/rclrs_example_msgs/lib/librclrs_example_msgs__rosidl_generator_py.so" to ""
[58.859s] -- Installing: /home/ohtoai/rust_ros_ws/install/rclrs_example_msgs/share/rclrs_example_msgs/msg/MyMessage.idl
[58.859s] -- Installing: /home/ohtoai/rust_ros_ws/install/rclrs_example_msgs/share/rclrs_example_msgs/msg/NestedType.idl
[58.859s] -- Installing: /home/ohtoai/rust_ros_ws/install/rclrs_example_msgs/share/rclrs_example_msgs/msg/VariousTypes.idl
[58.859s] -- Installing: /home/ohtoai/rust_ros_ws/install/rclrs_example_msgs/share/rclrs_example_msgs/msg/NestedType.msg
[58.862s] -- Installing: /home/ohtoai/rust_ros_ws/install/rclrs_example_msgs/share/rclrs_example_msgs/msg/VariousTypes.msg
[58.862s] -- Installing: /home/ohtoai/rust_ros_ws/install/rclrs_example_msgs/share/ament_index/resource_index/package_run_dependencies/rclrs_example_msgs
[58.863s] -- Installing: /home/ohtoai/rust_ros_ws/install/rclrs_example_msgs/share/ament_index/resource_index/parent_prefix_path/rclrs_example_msgs
[58.863s] -- Installing: /home/ohtoai/rust_ros_ws/install/rclrs_example_msgs/share/rclrs_example_msgs/environment/ament_prefix_path.sh
[58.865s] -- Installing: /home/ohtoai/rust_ros_ws/install/rclrs_example_msgs/share/rclrs_example_msgs/environment/ament_prefix_path.dsv
[58.865s] -- Installing: /home/ohtoai/rust_ros_ws/install/rclrs_example_msgs/share/rclrs_example_msgs/environment/path.sh
[58.865s] -- Installing: /home/ohtoai/rust_ros_ws/install/rclrs_example_msgs/share/rclrs_example_msgs/environment/path.dsv
[58.865s] -- Installing: /home/ohtoai/rust_ros_ws/install/rclrs_example_msgs/share/rclrs_example_msgs/local_setup.bash
[58.865s] -- Installing: /home/ohtoai/rust_ros_ws/install/rclrs_example_msgs/share/rclrs_example_msgs/local_setup.sh
[58.866s] -- Installing: /home/ohtoai/rust_ros_ws/install/rclrs_example_msgs/share/rclrs_example_msgs/local_setup.zsh
[58.866s] -- Installing: /home/ohtoai/rust_ros_ws/install/rclrs_example_msgs/share/rclrs_example_msgs/local_setup.dsv
[58.866s] -- Installing: /home/ohtoai/rust_ros_ws/install/rclrs_example_msgs/share/rclrs_example_msgs/package.dsv
[58.869s] -- Installing: /home/ohtoai/rust_ros_ws/install/rclrs_example_msgs/share/ament_index/resource_index/packages/rclrs_example_msgs
[58.869s] -- Installing: /home/ohtoai/rust_ros_ws/install/rclrs_example_msgs/share/rclrs_example_msgs/cmake/export_rclrs_example_msgs__rosidl_generator_cExport.cmake
[58.870s] -- Installing: /home/ohtoai/rust_ros_ws/install/rclrs_example_msgs/share/rclrs_example_msgs/cmake/export_rclrs_example_msgs__rosidl_generator_cExport-noconfig.cmake
[58.871s] -- Installing: /home/ohtoai/rust_ros_ws/install/rclrs_example_msgs/share/rclrs_example_msgs/cmake/export_rclrs_example_msgs__rosidl_typesupport_fastrtps_cExport.cmake
[58.871s] -- Installing: /home/ohtoai/rust_ros_ws/install/rclrs_example_msgs/share/rclrs_example_msgs/cmake/export_rclrs_example_msgs__rosidl_typesupport_fastrtps_cExport-noconfig.cmake
[58.875s] -- Installing: /home/ohtoai/rust_ros_ws/install/rclrs_example_msgs/share/rclrs_example_msgs/cmake/rclrs_example_msgs__rosidl_typesupport_introspection_cExport.cmake
[58.875s] -- Installing: /home/ohtoai/rust_ros_ws/install/rclrs_example_msgs/share/rclrs_example_msgs/cmake/rclrs_example_msgs__rosidl_typesupport_introspection_cExport-noconfig.cmake
[58.876s] -- Installing: /home/ohtoai/rust_ros_ws/install/rclrs_example_msgs/share/rclrs_example_msgs/cmake/rclrs_example_msgs__rosidl_typesupport_cExport.cmake
[58.876s] -- Installing: /home/ohtoai/rust_ros_ws/install/rclrs_example_msgs/share/rclrs_example_msgs/cmake/rclrs_example_msgs__rosidl_typesupport_cExport-noconfig.cmake
[58.877s] -- Installing: /home/ohtoai/rust_ros_ws/install/rclrs_example_msgs/share/rclrs_example_msgs/cmake/export_rclrs_example_msgs__rosidl_generator_cppExport.cmake
[58.877s] -- Installing: /home/ohtoai/rust_ros_ws/install/rclrs_example_msgs/share/rclrs_example_msgs/cmake/export_rclrs_example_msgs__rosidl_typesupport_fastrtps_cppExport.cmake
[58.877s] -- Installing: /home/ohtoai/rust_ros_ws/install/rclrs_example_msgs/share/rclrs_example_msgs/cmake/export_rclrs_example_msgs__rosidl_typesupport_fastrtps_cppExport-noconfig.cmake
[58.877s] -- Installing: /home/ohtoai/rust_ros_ws/install/rclrs_example_msgs/share/rclrs_example_msgs/cmake/rclrs_example_msgs__rosidl_typesupport_introspection_cppExport.cmake
[58.882s] -- Installing: /home/ohtoai/rust_ros_ws/install/rclrs_example_msgs/share/rclrs_example_msgs/cmake/rclrs_example_msgs__rosidl_typesupport_introspection_cppExport-noconfig.cmake
[58.882s] -- Installing: /home/ohtoai/rust_ros_ws/install/rclrs_example_msgs/share/rclrs_example_msgs/cmake/rclrs_example_msgs__rosidl_typesupport_cppExport.cmake
[58.882s] -- Installing: /home/ohtoai/rust_ros_ws/install/rclrs_example_msgs/share/rclrs_example_msgs/cmake/rclrs_example_msgs__rosidl_typesupport_cppExport-noconfig.cmake
[58.882s] -- Installing: /home/ohtoai/rust_ros_ws/install/rclrs_example_msgs/share/rclrs_example_msgs/cmake/export_rclrs_example_msgs__rosidl_generator_pyExport.cmake
[58.886s] -- Installing: /home/ohtoai/rust_ros_ws/install/rclrs_example_msgs/share/rclrs_example_msgs/cmake/export_rclrs_example_msgs__rosidl_generator_pyExport-noconfig.cmake
[58.886s] -- Installing: /home/ohtoai/rust_ros_ws/install/rclrs_example_msgs/share/rclrs_example_msgs/cmake/rosidl_cmake-extras.cmake
[58.886s] -- Installing: /home/ohtoai/rust_ros_ws/install/rclrs_example_msgs/share/rclrs_example_msgs/cmake/ament_cmake_export_include_directories-extras.cmake
[58.886s] -- Installing: /home/ohtoai/rust_ros_ws/install/rclrs_example_msgs/share/rclrs_example_msgs/cmake/ament_cmake_export_libraries-extras.cmake
[58.886s] -- Installing: /home/ohtoai/rust_ros_ws/install/rclrs_example_msgs/share/rclrs_example_msgs/cmake/ament_cmake_export_targets-extras.cmake
[58.886s] -- Installing: /home/ohtoai/rust_ros_ws/install/rclrs_example_msgs/share/rclrs_example_msgs/cmake/rosidl_cmake_export_typesupport_targets-extras.cmake
[58.886s] -- Installing: /home/ohtoai/rust_ros_ws/install/rclrs_example_msgs/share/rclrs_example_msgs/cmake/ament_cmake_export_dependencies-extras.cmake
[58.886s] -- Installing: /home/ohtoai/rust_ros_ws/install/rclrs_example_msgs/share/rclrs_example_msgs/cmake/rosidl_cmake_export_typesupport_libraries-extras.cmake
[58.889s] -- Installing: /home/ohtoai/rust_ros_ws/install/rclrs_example_msgs/share/rclrs_example_msgs/cmake/rclrs_example_msgsConfig.cmake
[58.889s] -- Installing: /home/ohtoai/rust_ros_ws/install/rclrs_example_msgs/share/rclrs_example_msgs/cmake/rclrs_example_msgsConfig-version.cmake
[58.889s] -- Installing: /home/ohtoai/rust_ros_ws/install/rclrs_example_msgs/share/rclrs_example_msgs/package.xml
[58.898s] Invoked command in '/home/ohtoai/rust_ros_ws/build/rclrs_example_msgs' returned '0': AMENT_PREFIX_PATH=/home/ohtoai/rust_ros_ws/install/rosidl_default_runtime:/home/ohtoai/rust_ros_ws/install/rosidl_default_generators:/home/ohtoai/rust_ros_ws/install/action_msgs:/home/ohtoai/rust_ros_ws/install/service_msgs:/home/ohtoai/rust_ros_ws/install/unique_identifier_msgs:/home/ohtoai/rust_ros_ws/install/builtin_interfaces:/home/ohtoai/rust_ros_ws/install/rosidl_core_runtime:/home/ohtoai/rust_ros_ws/install/rosidl_core_generators:/home/ohtoai/rust_ros_ws/install/rosidl_generator_rs:/home/ohtoai/rust_ros_ws/install/rosidl_runtime_rs:${AMENT_PREFIX_PATH} CMAKE_PREFIX_PATH=/home/ohtoai/rust_ros_ws/install/rosidl_default_runtime:/home/ohtoai/rust_ros_ws/install/rosidl_default_generators:/home/ohtoai/rust_ros_ws/install/action_msgs:/home/ohtoai/rust_ros_ws/install/service_msgs:/home/ohtoai/rust_ros_ws/install/unique_identifier_msgs:/home/ohtoai/rust_ros_ws/install/builtin_interfaces:/home/ohtoai/rust_ros_ws/install/rosidl_core_runtime:/home/ohtoai/rust_ros_ws/install/rosidl_core_generators:/home/ohtoai/rust_ros_ws/install/rosidl_generator_rs:/opt/ros/jazzy/opt/gz_math_vendor:/opt/ros/jazzy/opt/gz_utils_vendor:/opt/ros/jazzy/opt/gz_cmake_vendor:/opt/ros/jazzy DEBUGINFOD_URLS=https://debuginfod.ubuntu.com LD_LIBRARY_PATH=/home/ohtoai/rust_ros_ws/install/action_msgs/lib:/home/ohtoai/rust_ros_ws/install/service_msgs/lib:/home/ohtoai/rust_ros_ws/install/unique_identifier_msgs/lib:/home/ohtoai/rust_ros_ws/install/builtin_interfaces/lib:${LD_LIBRARY_PATH} PYTHONPATH=/home/ohtoai/rust_ros_ws/install/action_msgs/lib/python3.12/site-packages:/home/ohtoai/rust_ros_ws/install/service_msgs/lib/python3.12/site-packages:/home/ohtoai/rust_ros_ws/install/unique_identifier_msgs/lib/python3.12/site-packages:/home/ohtoai/rust_ros_ws/install/builtin_interfaces/lib/python3.12/site-packages:/home/ohtoai/rust_ros_ws/install/rosidl_generator_rs/lib/python3.12/site-packages:${PYTHONPATH} /usr/bin/cmake --install /home/ohtoai/rust_ros_ws/build/rclrs_example_msgs
