[2.083s] Invoking command in '/home/ohtoai/rust_ros_ws/src/ros2/common_interfaces/sensor_msgs_py': AMENT_PREFIX_PATH=/home/ohtoai/rust_ros_ws/install/sensor_msgs:/home/ohtoai/rust_ros_ws/install/geometry_msgs:/home/ohtoai/rust_ros_ws/install/std_msgs:/home/ohtoai/rust_ros_ws/install/rosidl_default_runtime:/home/ohtoai/rust_ros_ws/install/rosidl_default_generators:/home/ohtoai/rust_ros_ws/install/action_msgs:/home/ohtoai/rust_ros_ws/install/service_msgs:/home/ohtoai/rust_ros_ws/install/unique_identifier_msgs:/home/ohtoai/rust_ros_ws/install/builtin_interfaces:/home/ohtoai/rust_ros_ws/install/rosidl_core_runtime:/home/ohtoai/rust_ros_ws/install/rosidl_core_generators:/home/ohtoai/rust_ros_ws/install/rosidl_generator_rs:/home/ohtoai/rust_ros_ws/install/rosidl_runtime_rs:${AMENT_PREFIX_PATH} CMAKE_PREFIX_PATH=/home/ohtoai/rust_ros_ws/install/sensor_msgs:/home/ohtoai/rust_ros_ws/install/geometry_msgs:/home/ohtoai/rust_ros_ws/install/std_msgs:/home/ohtoai/rust_ros_ws/install/rosidl_default_runtime:/home/ohtoai/rust_ros_ws/install/rosidl_default_generators:/home/ohtoai/rust_ros_ws/install/action_msgs:/home/ohtoai/rust_ros_ws/install/service_msgs:/home/ohtoai/rust_ros_ws/install/unique_identifier_msgs:/home/ohtoai/rust_ros_ws/install/builtin_interfaces:/home/ohtoai/rust_ros_ws/install/rosidl_core_runtime:/home/ohtoai/rust_ros_ws/install/rosidl_core_generators:/home/ohtoai/rust_ros_ws/install/rosidl_generator_rs:${CMAKE_PREFIX_PATH} DEBUGINFOD_URLS=https://debuginfod.ubuntu.com LD_LIBRARY_PATH=/home/ohtoai/rust_ros_ws/install/sensor_msgs/lib:/home/ohtoai/rust_ros_ws/install/geometry_msgs/lib:/home/ohtoai/rust_ros_ws/install/std_msgs/lib:/home/ohtoai/rust_ros_ws/install/action_msgs/lib:/home/ohtoai/rust_ros_ws/install/service_msgs/lib:/home/ohtoai/rust_ros_ws/install/unique_identifier_msgs/lib:/home/ohtoai/rust_ros_ws/install/builtin_interfaces/lib:${LD_LIBRARY_PATH} PYTHONPATH=/home/ohtoai/rust_ros_ws/build/sensor_msgs_py/prefix_override:/usr/lib/python3/dist-packages/colcon_core/task/python/colcon_distutils_commands:/home/ohtoai/rust_ros_ws/install/sensor_msgs_py/lib/python3.12/site-packages:/home/ohtoai/rust_ros_ws/install/sensor_msgs/lib/python3.12/site-packages:/home/ohtoai/rust_ros_ws/install/geometry_msgs/lib/python3.12/site-packages:/home/ohtoai/rust_ros_ws/install/std_msgs/lib/python3.12/site-packages:/home/ohtoai/rust_ros_ws/install/action_msgs/lib/python3.12/site-packages:/home/ohtoai/rust_ros_ws/install/service_msgs/lib/python3.12/site-packages:/home/ohtoai/rust_ros_ws/install/unique_identifier_msgs/lib/python3.12/site-packages:/home/ohtoai/rust_ros_ws/install/builtin_interfaces/lib/python3.12/site-packages:/home/ohtoai/rust_ros_ws/install/rosidl_generator_rs/lib/python3.12/site-packages:${PYTHONPATH} /usr/bin/python3 -W ignore:setup.py install is deprecated -W ignore:easy_install command is deprecated setup.py egg_info --egg-base ../../../../build/sensor_msgs_py build --build-base /home/ohtoai/rust_ros_ws/build/sensor_msgs_py/build install --record /home/ohtoai/rust_ros_ws/build/sensor_msgs_py/install.log --single-version-externally-managed install_data
[2.471s] running egg_info
[2.471s] creating ../../../../build/sensor_msgs_py/sensor_msgs_py.egg-info
[2.494s] writing ../../../../build/sensor_msgs_py/sensor_msgs_py.egg-info/PKG-INFO
[2.495s] writing dependency_links to ../../../../build/sensor_msgs_py/sensor_msgs_py.egg-info/dependency_links.txt
[2.495s] writing requirements to ../../../../build/sensor_msgs_py/sensor_msgs_py.egg-info/requires.txt
[2.495s] writing top-level names to ../../../../build/sensor_msgs_py/sensor_msgs_py.egg-info/top_level.txt
[2.495s] writing manifest file '../../../../build/sensor_msgs_py/sensor_msgs_py.egg-info/SOURCES.txt'
[2.563s] reading manifest file '../../../../build/sensor_msgs_py/sensor_msgs_py.egg-info/SOURCES.txt'
[2.565s] adding license file 'LICENSE'
[2.566s] writing manifest file '../../../../build/sensor_msgs_py/sensor_msgs_py.egg-info/SOURCES.txt'
[2.566s] running build
[2.567s] running build_py
[2.568s] creating /home/ohtoai/rust_ros_ws/build/sensor_msgs_py/build
[2.568s] creating /home/ohtoai/rust_ros_ws/build/sensor_msgs_py/build/lib
[2.568s] creating /home/ohtoai/rust_ros_ws/build/sensor_msgs_py/build/lib/sensor_msgs_py
[2.569s] copying sensor_msgs_py/point_cloud2.py -> /home/ohtoai/rust_ros_ws/build/sensor_msgs_py/build/lib/sensor_msgs_py
[2.569s] copying sensor_msgs_py/numpy_compat.py -> /home/ohtoai/rust_ros_ws/build/sensor_msgs_py/build/lib/sensor_msgs_py
[2.577s] copying sensor_msgs_py/__init__.py -> /home/ohtoai/rust_ros_ws/build/sensor_msgs_py/build/lib/sensor_msgs_py
[2.577s] running install
[2.585s] running install_lib
[2.602s] creating /home/ohtoai/rust_ros_ws/install/sensor_msgs_py/lib/python3.12/site-packages/sensor_msgs_py
[2.602s] copying /home/ohtoai/rust_ros_ws/build/sensor_msgs_py/build/lib/sensor_msgs_py/point_cloud2.py -> /home/ohtoai/rust_ros_ws/install/sensor_msgs_py/lib/python3.12/site-packages/sensor_msgs_py
[2.602s] copying /home/ohtoai/rust_ros_ws/build/sensor_msgs_py/build/lib/sensor_msgs_py/numpy_compat.py -> /home/ohtoai/rust_ros_ws/install/sensor_msgs_py/lib/python3.12/site-packages/sensor_msgs_py
[2.602s] copying /home/ohtoai/rust_ros_ws/build/sensor_msgs_py/build/lib/sensor_msgs_py/__init__.py -> /home/ohtoai/rust_ros_ws/install/sensor_msgs_py/lib/python3.12/site-packages/sensor_msgs_py
[2.603s] byte-compiling /home/ohtoai/rust_ros_ws/install/sensor_msgs_py/lib/python3.12/site-packages/sensor_msgs_py/point_cloud2.py to point_cloud2.cpython-312.pyc
[2.605s] byte-compiling /home/ohtoai/rust_ros_ws/install/sensor_msgs_py/lib/python3.12/site-packages/sensor_msgs_py/numpy_compat.py to numpy_compat.cpython-312.pyc
[2.606s] byte-compiling /home/ohtoai/rust_ros_ws/install/sensor_msgs_py/lib/python3.12/site-packages/sensor_msgs_py/__init__.py to __init__.cpython-312.pyc
[2.606s] running install_data
[2.607s] creating /home/ohtoai/rust_ros_ws/install/sensor_msgs_py/share/ament_index
[2.607s] creating /home/ohtoai/rust_ros_ws/install/sensor_msgs_py/share/ament_index/resource_index
[2.607s] creating /home/ohtoai/rust_ros_ws/install/sensor_msgs_py/share/ament_index/resource_index/packages
[2.607s] copying resource/sensor_msgs_py -> /home/ohtoai/rust_ros_ws/install/sensor_msgs_py/share/ament_index/resource_index/packages
[2.607s] copying package.xml -> /home/ohtoai/rust_ros_ws/install/sensor_msgs_py/share/sensor_msgs_py
[2.609s] running install_egg_info
[2.648s] Copying ../../../../build/sensor_msgs_py/sensor_msgs_py.egg-info to /home/ohtoai/rust_ros_ws/install/sensor_msgs_py/lib/python3.12/site-packages/sensor_msgs_py-5.3.5-py3.12.egg-info
[2.654s] running install_scripts
[2.876s] writing list of installed files to '/home/ohtoai/rust_ros_ws/build/sensor_msgs_py/install.log'
[2.915s] Invoked command in '/home/ohtoai/rust_ros_ws/src/ros2/common_interfaces/sensor_msgs_py' returned '0': AMENT_PREFIX_PATH=/home/ohtoai/rust_ros_ws/install/sensor_msgs:/home/ohtoai/rust_ros_ws/install/geometry_msgs:/home/ohtoai/rust_ros_ws/install/std_msgs:/home/ohtoai/rust_ros_ws/install/rosidl_default_runtime:/home/ohtoai/rust_ros_ws/install/rosidl_default_generators:/home/ohtoai/rust_ros_ws/install/action_msgs:/home/ohtoai/rust_ros_ws/install/service_msgs:/home/ohtoai/rust_ros_ws/install/unique_identifier_msgs:/home/ohtoai/rust_ros_ws/install/builtin_interfaces:/home/ohtoai/rust_ros_ws/install/rosidl_core_runtime:/home/ohtoai/rust_ros_ws/install/rosidl_core_generators:/home/ohtoai/rust_ros_ws/install/rosidl_generator_rs:/home/ohtoai/rust_ros_ws/install/rosidl_runtime_rs:${AMENT_PREFIX_PATH} CMAKE_PREFIX_PATH=/home/ohtoai/rust_ros_ws/install/sensor_msgs:/home/ohtoai/rust_ros_ws/install/geometry_msgs:/home/ohtoai/rust_ros_ws/install/std_msgs:/home/ohtoai/rust_ros_ws/install/rosidl_default_runtime:/home/ohtoai/rust_ros_ws/install/rosidl_default_generators:/home/ohtoai/rust_ros_ws/install/action_msgs:/home/ohtoai/rust_ros_ws/install/service_msgs:/home/ohtoai/rust_ros_ws/install/unique_identifier_msgs:/home/ohtoai/rust_ros_ws/install/builtin_interfaces:/home/ohtoai/rust_ros_ws/install/rosidl_core_runtime:/home/ohtoai/rust_ros_ws/install/rosidl_core_generators:/home/ohtoai/rust_ros_ws/install/rosidl_generator_rs:${CMAKE_PREFIX_PATH} DEBUGINFOD_URLS=https://debuginfod.ubuntu.com LD_LIBRARY_PATH=/home/ohtoai/rust_ros_ws/install/sensor_msgs/lib:/home/ohtoai/rust_ros_ws/install/geometry_msgs/lib:/home/ohtoai/rust_ros_ws/install/std_msgs/lib:/home/ohtoai/rust_ros_ws/install/action_msgs/lib:/home/ohtoai/rust_ros_ws/install/service_msgs/lib:/home/ohtoai/rust_ros_ws/install/unique_identifier_msgs/lib:/home/ohtoai/rust_ros_ws/install/builtin_interfaces/lib:${LD_LIBRARY_PATH} PYTHONPATH=/home/ohtoai/rust_ros_ws/build/sensor_msgs_py/prefix_override:/usr/lib/python3/dist-packages/colcon_core/task/python/colcon_distutils_commands:/home/ohtoai/rust_ros_ws/install/sensor_msgs_py/lib/python3.12/site-packages:/home/ohtoai/rust_ros_ws/install/sensor_msgs/lib/python3.12/site-packages:/home/ohtoai/rust_ros_ws/install/geometry_msgs/lib/python3.12/site-packages:/home/ohtoai/rust_ros_ws/install/std_msgs/lib/python3.12/site-packages:/home/ohtoai/rust_ros_ws/install/action_msgs/lib/python3.12/site-packages:/home/ohtoai/rust_ros_ws/install/service_msgs/lib/python3.12/site-packages:/home/ohtoai/rust_ros_ws/install/unique_identifier_msgs/lib/python3.12/site-packages:/home/ohtoai/rust_ros_ws/install/builtin_interfaces/lib/python3.12/site-packages:/home/ohtoai/rust_ros_ws/install/rosidl_generator_rs/lib/python3.12/site-packages:${PYTHONPATH} /usr/bin/python3 -W ignore:setup.py install is deprecated -W ignore:easy_install command is deprecated setup.py egg_info --egg-base ../../../../build/sensor_msgs_py build --build-base /home/ohtoai/rust_ros_ws/build/sensor_msgs_py/build install --record /home/ohtoai/rust_ros_ws/build/sensor_msgs_py/install.log --single-version-externally-managed install_data
