-- The C compiler identification is GNU 13.3.0
-- The CXX compiler identification is GNU 13.3.0
-- Detecting C compiler ABI info
-- Detecting C compiler ABI info - done
-- Check for working C compiler: /usr/bin/cc - skipped
-- Detecting C compile features
-- Detecting C compile features - done
-- Detecting CXX compiler ABI info
-- Detecting CXX compiler ABI info - done
-- Check for working CXX compiler: /usr/bin/c++ - skipped
-- Detecting CXX compile features
-- Detecting CXX compile features - done
-- Found ament_cmake: 2.5.3 (/opt/ros/jazzy/share/ament_cmake/cmake)
-- Found Python3: /usr/bin/python3 (found version "3.12.3") found components: Interpreter 
-- Found builtin_interfaces: 2.0.2 (/home/ohtoai/rust_ros_ws/install/builtin_interfaces/share/builtin_interfaces/cmake)
-- Found rosidl_generator_c: 4.6.5 (/opt/ros/jazzy/share/rosidl_generator_c/cmake)
-- Found rosidl_generator_cpp: 4.6.5 (/opt/ros/jazzy/share/rosidl_generator_cpp/cmake)
-- Using all available rosidl_typesupport_c: rosidl_typesupport_fastrtps_c;rosidl_typesupport_introspection_c
-- Using all available rosidl_typesupport_cpp: rosidl_typesupport_fastrtps_cpp;rosidl_typesupport_introspection_cpp
-- Found rosidl_default_generators: 1.6.0 (/home/ohtoai/rust_ros_ws/install/rosidl_default_generators/share/rosidl_default_generators/cmake)
-- Found rosidl_adapter: 4.6.5 (/opt/ros/jazzy/share/rosidl_adapter/cmake)
-- Found ament_cmake_cppcheck: 0.17.1 (/opt/ros/jazzy/share/ament_cmake_cppcheck/cmake)
-- Found ament_cmake_cpplint: 0.17.1 (/opt/ros/jazzy/share/ament_cmake_cpplint/cmake)
-- Found ament_cmake_uncrustify: 0.17.1 (/opt/ros/jazzy/share/ament_cmake_uncrustify/cmake)
-- Found ament_cmake_ros: 0.12.0 (/opt/ros/jazzy/share/ament_cmake_ros/cmake)
-- Using all available rosidl_typesupport_c: rosidl_typesupport_fastrtps_c;rosidl_typesupport_introspection_c
-- Using all available rosidl_typesupport_cpp: rosidl_typesupport_fastrtps_cpp;rosidl_typesupport_introspection_cpp
-- Found python_cmake_module: 0.11.1 (/opt/ros/jazzy/share/python_cmake_module/cmake)
-- Found PythonExtra: /usr/bin/python3  
-- Found Python3: /usr/bin/python3 (found version "3.12.3") found components: Interpreter Development NumPy Development.Module Development.Embed 
-- Found ament_cmake_flake8: 0.17.1 (/opt/ros/jazzy/share/ament_cmake_flake8/cmake)
-- Found ament_cmake_pep257: 0.17.1 (/opt/ros/jazzy/share/ament_cmake_pep257/cmake)
-- Configuring done (4.5s)
-- Generating done (0.1s)
-- Build files have been written to: /home/ohtoai/rust_ros_ws/build/rosgraph_msgs
[  2%] [34m[1mGenerating Rust code for ROS interfaces[0m
[  2%] Built target rosgraph_msgs__rs
[  5%] [34m[1mGenerating type hashes for ROS interfaces[0m
[  5%] Built target rosgraph_msgs__rosidl_generator_type_description
[  5%] Built target ament_cmake_python_copy_rosgraph_msgs
[  8%] [34m[1mGenerating C code for ROS interfaces[0m
[ 11%] [32mBuilding C object CMakeFiles/rosgraph_msgs__rosidl_generator_c.dir/rosidl_generator_c/rosgraph_msgs/msg/detail/clock__description.c.o[0m
[ 14%] [32mBuilding C object CMakeFiles/rosgraph_msgs__rosidl_generator_c.dir/rosidl_generator_c/rosgraph_msgs/msg/detail/clock__functions.c.o[0m
[ 17%] [32mBuilding C object CMakeFiles/rosgraph_msgs__rosidl_generator_c.dir/rosidl_generator_c/rosgraph_msgs/msg/detail/clock__type_support.c.o[0m
[ 20%] [32m[1mLinking C shared library librosgraph_msgs__rosidl_generator_c.so[0m
[ 20%] Built target rosgraph_msgs__rosidl_generator_c
[ 22%] [34m[1mGenerating C++ code for ROS interfaces[0m
[ 22%] Built target rosgraph_msgs__cpp
running egg_info
creating rosgraph_msgs.egg-info
writing rosgraph_msgs.egg-info/PKG-INFO
writing dependency_links to rosgraph_msgs.egg-info/dependency_links.txt
writing top-level names to rosgraph_msgs.egg-info/top_level.txt
writing manifest file 'rosgraph_msgs.egg-info/SOURCES.txt'
reading manifest file 'rosgraph_msgs.egg-info/SOURCES.txt'
writing manifest file 'rosgraph_msgs.egg-info/SOURCES.txt'
[ 22%] Built target ament_cmake_python_build_rosgraph_msgs_egg
[ 25%] [34m[1mGenerating C type support for eProsima Fast-RTPS[0m
[ 28%] [32mBuilding CXX object CMakeFiles/rosgraph_msgs__rosidl_typesupport_fastrtps_c.dir/rosidl_typesupport_fastrtps_c/rosgraph_msgs/msg/detail/clock__type_support_c.cpp.o[0m
[ 31%] [32m[1mLinking CXX shared library librosgraph_msgs__rosidl_typesupport_fastrtps_c.so[0m
[ 31%] Built target rosgraph_msgs__rosidl_typesupport_fastrtps_c
[ 34%] [34m[1mGenerating C++ type support for eProsima Fast-RTPS[0m
[ 37%] [32mBuilding CXX object CMakeFiles/rosgraph_msgs__rosidl_typesupport_fastrtps_cpp.dir/rosidl_typesupport_fastrtps_cpp/rosgraph_msgs/msg/detail/dds_fastrtps/clock__type_support.cpp.o[0m
[ 40%] [32m[1mLinking CXX shared library librosgraph_msgs__rosidl_typesupport_fastrtps_cpp.so[0m
[ 40%] Built target rosgraph_msgs__rosidl_typesupport_fastrtps_cpp
[ 42%] [34m[1mGenerating C introspection for ROS interfaces[0m
[ 45%] [32mBuilding C object CMakeFiles/rosgraph_msgs__rosidl_typesupport_introspection_c.dir/rosidl_typesupport_introspection_c/rosgraph_msgs/msg/detail/clock__type_support.c.o[0m
[ 48%] [32m[1mLinking C shared library librosgraph_msgs__rosidl_typesupport_introspection_c.so[0m
[ 48%] Built target rosgraph_msgs__rosidl_typesupport_introspection_c
[ 51%] [34m[1mGenerating C type support dispatch for ROS interfaces[0m
[ 54%] [32mBuilding CXX object CMakeFiles/rosgraph_msgs__rosidl_typesupport_c.dir/rosidl_typesupport_c/rosgraph_msgs/msg/clock__type_support.cpp.o[0m
[ 57%] [32m[1mLinking CXX shared library librosgraph_msgs__rosidl_typesupport_c.so[0m
[ 57%] Built target rosgraph_msgs__rosidl_typesupport_c
[ 60%] [34m[1mGenerating C++ introspection for ROS interfaces[0m
[ 62%] [32mBuilding CXX object CMakeFiles/rosgraph_msgs__rosidl_typesupport_introspection_cpp.dir/rosidl_typesupport_introspection_cpp/rosgraph_msgs/msg/detail/clock__type_support.cpp.o[0m
[ 65%] [32m[1mLinking CXX shared library librosgraph_msgs__rosidl_typesupport_introspection_cpp.so[0m
[ 65%] Built target rosgraph_msgs__rosidl_typesupport_introspection_cpp
[ 68%] [34m[1mGenerating C++ type support dispatch for ROS interfaces[0m
[ 71%] [32mBuilding CXX object CMakeFiles/rosgraph_msgs__rosidl_typesupport_cpp.dir/rosidl_typesupport_cpp/rosgraph_msgs/msg/clock__type_support.cpp.o[0m
[ 74%] [32m[1mLinking CXX shared library librosgraph_msgs__rosidl_typesupport_cpp.so[0m
[ 74%] Built target rosgraph_msgs__rosidl_typesupport_cpp
[ 74%] Built target rosgraph_msgs
[ 77%] [34m[1mGenerating Python code for ROS interfaces[0m
[ 77%] Built target rosgraph_msgs__py
[ 80%] [32mBuilding C object CMakeFiles/rosgraph_msgs__rosidl_generator_py.dir/rosidl_generator_py/rosgraph_msgs/msg/_clock_s.c.o[0m
[ 82%] [32m[1mLinking C shared library librosgraph_msgs__rosidl_generator_py.so[0m
[ 82%] Built target rosgraph_msgs__rosidl_generator_py
[ 85%] [32mBuilding C object CMakeFiles/rosgraph_msgs_s__rosidl_typesupport_fastrtps_c.dir/rosidl_generator_py/rosgraph_msgs/_rosgraph_msgs_s.ep.rosidl_typesupport_fastrtps_c.c.o[0m
[ 88%] [32m[1mLinking C shared module rosidl_generator_py/rosgraph_msgs/rosgraph_msgs_s__rosidl_typesupport_fastrtps_c.so[0m
[ 88%] Built target rosgraph_msgs_s__rosidl_typesupport_fastrtps_c
[ 91%] [32mBuilding C object CMakeFiles/rosgraph_msgs_s__rosidl_typesupport_introspection_c.dir/rosidl_generator_py/rosgraph_msgs/_rosgraph_msgs_s.ep.rosidl_typesupport_introspection_c.c.o[0m
[ 94%] [32m[1mLinking C shared module rosidl_generator_py/rosgraph_msgs/rosgraph_msgs_s__rosidl_typesupport_introspection_c.so[0m
[ 94%] Built target rosgraph_msgs_s__rosidl_typesupport_introspection_c
[ 97%] [32mBuilding C object CMakeFiles/rosgraph_msgs_s__rosidl_typesupport_c.dir/rosidl_generator_py/rosgraph_msgs/_rosgraph_msgs_s.ep.rosidl_typesupport_c.c.o[0m
[100%] [32m[1mLinking C shared module rosidl_generator_py/rosgraph_msgs/rosgraph_msgs_s__rosidl_typesupport_c.so[0m
[100%] Built target rosgraph_msgs_s__rosidl_typesupport_c
-- Install configuration: ""
-- Installing: /home/ohtoai/rust_ros_ws/install/rosgraph_msgs/share/ament_index/resource_index/rosidl_interfaces/rosgraph_msgs
-- Installing: /home/ohtoai/rust_ros_ws/install/rosgraph_msgs/share/rosgraph_msgs/msg/Clock.json
-- Installing: /home/ohtoai/rust_ros_ws/install/rosgraph_msgs/include/rosgraph_msgs/rosgraph_msgs
-- Installing: /home/ohtoai/rust_ros_ws/install/rosgraph_msgs/include/rosgraph_msgs/rosgraph_msgs/msg
-- Installing: /home/ohtoai/rust_ros_ws/install/rosgraph_msgs/include/rosgraph_msgs/rosgraph_msgs/msg/detail
-- Installing: /home/ohtoai/rust_ros_ws/install/rosgraph_msgs/include/rosgraph_msgs/rosgraph_msgs/msg/detail/clock__type_support.h
-- Installing: /home/ohtoai/rust_ros_ws/install/rosgraph_msgs/include/rosgraph_msgs/rosgraph_msgs/msg/detail/clock__functions.h
-- Installing: /home/ohtoai/rust_ros_ws/install/rosgraph_msgs/include/rosgraph_msgs/rosgraph_msgs/msg/detail/clock__type_support.c
-- Installing: /home/ohtoai/rust_ros_ws/install/rosgraph_msgs/include/rosgraph_msgs/rosgraph_msgs/msg/detail/clock__struct.h
-- Installing: /home/ohtoai/rust_ros_ws/install/rosgraph_msgs/include/rosgraph_msgs/rosgraph_msgs/msg/detail/clock__description.c
-- Installing: /home/ohtoai/rust_ros_ws/install/rosgraph_msgs/include/rosgraph_msgs/rosgraph_msgs/msg/detail/clock__functions.c
-- Installing: /home/ohtoai/rust_ros_ws/install/rosgraph_msgs/include/rosgraph_msgs/rosgraph_msgs/msg/rosidl_generator_c__visibility_control.h
-- Installing: /home/ohtoai/rust_ros_ws/install/rosgraph_msgs/include/rosgraph_msgs/rosgraph_msgs/msg/clock.h
-- Installing: /home/ohtoai/rust_ros_ws/install/rosgraph_msgs/share/rosgraph_msgs/environment/library_path.sh
-- Installing: /home/ohtoai/rust_ros_ws/install/rosgraph_msgs/share/rosgraph_msgs/environment/library_path.dsv
-- Installing: /home/ohtoai/rust_ros_ws/install/rosgraph_msgs/lib/librosgraph_msgs__rosidl_generator_c.so
-- Set non-toolchain portion of runtime path of "/home/ohtoai/rust_ros_ws/install/rosgraph_msgs/lib/librosgraph_msgs__rosidl_generator_c.so" to ""
-- Up-to-date: /home/ohtoai/rust_ros_ws/install/rosgraph_msgs/include/rosgraph_msgs/rosgraph_msgs
-- Up-to-date: /home/ohtoai/rust_ros_ws/install/rosgraph_msgs/include/rosgraph_msgs/rosgraph_msgs/msg
-- Up-to-date: /home/ohtoai/rust_ros_ws/install/rosgraph_msgs/include/rosgraph_msgs/rosgraph_msgs/msg/detail
-- Installing: /home/ohtoai/rust_ros_ws/install/rosgraph_msgs/include/rosgraph_msgs/rosgraph_msgs/msg/detail/clock__rosidl_typesupport_fastrtps_c.h
-- Installing: /home/ohtoai/rust_ros_ws/install/rosgraph_msgs/include/rosgraph_msgs/rosgraph_msgs/msg/rosidl_typesupport_fastrtps_c__visibility_control.h
-- Installing: /home/ohtoai/rust_ros_ws/install/rosgraph_msgs/lib/librosgraph_msgs__rosidl_typesupport_fastrtps_c.so
-- Set non-toolchain portion of runtime path of "/home/ohtoai/rust_ros_ws/install/rosgraph_msgs/lib/librosgraph_msgs__rosidl_typesupport_fastrtps_c.so" to ""
-- Up-to-date: /home/ohtoai/rust_ros_ws/install/rosgraph_msgs/include/rosgraph_msgs/rosgraph_msgs
-- Up-to-date: /home/ohtoai/rust_ros_ws/install/rosgraph_msgs/include/rosgraph_msgs/rosgraph_msgs/msg
-- Up-to-date: /home/ohtoai/rust_ros_ws/install/rosgraph_msgs/include/rosgraph_msgs/rosgraph_msgs/msg/detail
-- Installing: /home/ohtoai/rust_ros_ws/install/rosgraph_msgs/include/rosgraph_msgs/rosgraph_msgs/msg/detail/clock__struct.hpp
-- Installing: /home/ohtoai/rust_ros_ws/install/rosgraph_msgs/include/rosgraph_msgs/rosgraph_msgs/msg/detail/clock__type_support.hpp
-- Installing: /home/ohtoai/rust_ros_ws/install/rosgraph_msgs/include/rosgraph_msgs/rosgraph_msgs/msg/detail/clock__builder.hpp
-- Installing: /home/ohtoai/rust_ros_ws/install/rosgraph_msgs/include/rosgraph_msgs/rosgraph_msgs/msg/detail/clock__traits.hpp
-- Installing: /home/ohtoai/rust_ros_ws/install/rosgraph_msgs/include/rosgraph_msgs/rosgraph_msgs/msg/rosidl_generator_cpp__visibility_control.hpp
-- Installing: /home/ohtoai/rust_ros_ws/install/rosgraph_msgs/include/rosgraph_msgs/rosgraph_msgs/msg/clock.hpp
-- Up-to-date: /home/ohtoai/rust_ros_ws/install/rosgraph_msgs/include/rosgraph_msgs/rosgraph_msgs
-- Up-to-date: /home/ohtoai/rust_ros_ws/install/rosgraph_msgs/include/rosgraph_msgs/rosgraph_msgs/msg
-- Up-to-date: /home/ohtoai/rust_ros_ws/install/rosgraph_msgs/include/rosgraph_msgs/rosgraph_msgs/msg/detail
-- Installing: /home/ohtoai/rust_ros_ws/install/rosgraph_msgs/include/rosgraph_msgs/rosgraph_msgs/msg/detail/clock__rosidl_typesupport_fastrtps_cpp.hpp
-- Installing: /home/ohtoai/rust_ros_ws/install/rosgraph_msgs/include/rosgraph_msgs/rosgraph_msgs/msg/detail/dds_fastrtps
-- Installing: /home/ohtoai/rust_ros_ws/install/rosgraph_msgs/include/rosgraph_msgs/rosgraph_msgs/msg/rosidl_typesupport_fastrtps_cpp__visibility_control.h
-- Installing: /home/ohtoai/rust_ros_ws/install/rosgraph_msgs/lib/librosgraph_msgs__rosidl_typesupport_fastrtps_cpp.so
-- Set non-toolchain portion of runtime path of "/home/ohtoai/rust_ros_ws/install/rosgraph_msgs/lib/librosgraph_msgs__rosidl_typesupport_fastrtps_cpp.so" to ""
-- Up-to-date: /home/ohtoai/rust_ros_ws/install/rosgraph_msgs/include/rosgraph_msgs/rosgraph_msgs
-- Up-to-date: /home/ohtoai/rust_ros_ws/install/rosgraph_msgs/include/rosgraph_msgs/rosgraph_msgs/msg
-- Up-to-date: /home/ohtoai/rust_ros_ws/install/rosgraph_msgs/include/rosgraph_msgs/rosgraph_msgs/msg/detail
-- Installing: /home/ohtoai/rust_ros_ws/install/rosgraph_msgs/include/rosgraph_msgs/rosgraph_msgs/msg/detail/clock__rosidl_typesupport_introspection_c.h
-- Installing: /home/ohtoai/rust_ros_ws/install/rosgraph_msgs/include/rosgraph_msgs/rosgraph_msgs/msg/detail/clock__type_support.c
-- Installing: /home/ohtoai/rust_ros_ws/install/rosgraph_msgs/include/rosgraph_msgs/rosgraph_msgs/msg/rosidl_typesupport_introspection_c__visibility_control.h
-- Installing: /home/ohtoai/rust_ros_ws/install/rosgraph_msgs/lib/librosgraph_msgs__rosidl_typesupport_introspection_c.so
-- Set non-toolchain portion of runtime path of "/home/ohtoai/rust_ros_ws/install/rosgraph_msgs/lib/librosgraph_msgs__rosidl_typesupport_introspection_c.so" to ""
-- Installing: /home/ohtoai/rust_ros_ws/install/rosgraph_msgs/lib/librosgraph_msgs__rosidl_typesupport_c.so
-- Set non-toolchain portion of runtime path of "/home/ohtoai/rust_ros_ws/install/rosgraph_msgs/lib/librosgraph_msgs__rosidl_typesupport_c.so" to ""
-- Up-to-date: /home/ohtoai/rust_ros_ws/install/rosgraph_msgs/include/rosgraph_msgs/rosgraph_msgs
-- Up-to-date: /home/ohtoai/rust_ros_ws/install/rosgraph_msgs/include/rosgraph_msgs/rosgraph_msgs/msg
-- Up-to-date: /home/ohtoai/rust_ros_ws/install/rosgraph_msgs/include/rosgraph_msgs/rosgraph_msgs/msg/detail
-- Installing: /home/ohtoai/rust_ros_ws/install/rosgraph_msgs/include/rosgraph_msgs/rosgraph_msgs/msg/detail/clock__type_support.cpp
-- Installing: /home/ohtoai/rust_ros_ws/install/rosgraph_msgs/include/rosgraph_msgs/rosgraph_msgs/msg/detail/clock__rosidl_typesupport_introspection_cpp.hpp
-- Installing: /home/ohtoai/rust_ros_ws/install/rosgraph_msgs/lib/librosgraph_msgs__rosidl_typesupport_introspection_cpp.so
-- Set non-toolchain portion of runtime path of "/home/ohtoai/rust_ros_ws/install/rosgraph_msgs/lib/librosgraph_msgs__rosidl_typesupport_introspection_cpp.so" to ""
-- Installing: /home/ohtoai/rust_ros_ws/install/rosgraph_msgs/lib/librosgraph_msgs__rosidl_typesupport_cpp.so
-- Set non-toolchain portion of runtime path of "/home/ohtoai/rust_ros_ws/install/rosgraph_msgs/lib/librosgraph_msgs__rosidl_typesupport_cpp.so" to ""
-- Installing: /home/ohtoai/rust_ros_ws/install/rosgraph_msgs/share/ament_index/resource_index/rust_packages/rosgraph_msgs
-- Installing: /home/ohtoai/rust_ros_ws/install/rosgraph_msgs/share/rosgraph_msgs/rust
-- Installing: /home/ohtoai/rust_ros_ws/install/rosgraph_msgs/share/rosgraph_msgs/rust/build.rs
-- Installing: /home/ohtoai/rust_ros_ws/install/rosgraph_msgs/share/rosgraph_msgs/rust/Cargo.toml
-- Installing: /home/ohtoai/rust_ros_ws/install/rosgraph_msgs/share/rosgraph_msgs/rust/src
-- Installing: /home/ohtoai/rust_ros_ws/install/rosgraph_msgs/share/rosgraph_msgs/rust/src/msg.rs
-- Installing: /home/ohtoai/rust_ros_ws/install/rosgraph_msgs/share/rosgraph_msgs/rust/src/lib.rs
-- Installing: /home/ohtoai/rust_ros_ws/install/rosgraph_msgs/share/rosgraph_msgs/environment/pythonpath.sh
-- Installing: /home/ohtoai/rust_ros_ws/install/rosgraph_msgs/share/rosgraph_msgs/environment/pythonpath.dsv
-- Installing: /home/ohtoai/rust_ros_ws/install/rosgraph_msgs/lib/python3.12/site-packages/rosgraph_msgs-2.0.2-py3.12.egg-info
-- Installing: /home/ohtoai/rust_ros_ws/install/rosgraph_msgs/lib/python3.12/site-packages/rosgraph_msgs-2.0.2-py3.12.egg-info/PKG-INFO
-- Installing: /home/ohtoai/rust_ros_ws/install/rosgraph_msgs/lib/python3.12/site-packages/rosgraph_msgs-2.0.2-py3.12.egg-info/top_level.txt
-- Installing: /home/ohtoai/rust_ros_ws/install/rosgraph_msgs/lib/python3.12/site-packages/rosgraph_msgs-2.0.2-py3.12.egg-info/SOURCES.txt
-- Installing: /home/ohtoai/rust_ros_ws/install/rosgraph_msgs/lib/python3.12/site-packages/rosgraph_msgs-2.0.2-py3.12.egg-info/dependency_links.txt
-- Installing: /home/ohtoai/rust_ros_ws/install/rosgraph_msgs/lib/python3.12/site-packages/rosgraph_msgs
-- Installing: /home/ohtoai/rust_ros_ws/install/rosgraph_msgs/lib/python3.12/site-packages/rosgraph_msgs/rosgraph_msgs_s__rosidl_typesupport_introspection_c.so
-- Installing: /home/ohtoai/rust_ros_ws/install/rosgraph_msgs/lib/python3.12/site-packages/rosgraph_msgs/_rosgraph_msgs_s.ep.rosidl_typesupport_c.c
-- Installing: /home/ohtoai/rust_ros_ws/install/rosgraph_msgs/lib/python3.12/site-packages/rosgraph_msgs/_rosgraph_msgs_s.ep.rosidl_typesupport_fastrtps_c.c
-- Installing: /home/ohtoai/rust_ros_ws/install/rosgraph_msgs/lib/python3.12/site-packages/rosgraph_msgs/msg
-- Installing: /home/ohtoai/rust_ros_ws/install/rosgraph_msgs/lib/python3.12/site-packages/rosgraph_msgs/msg/_clock_s.c
-- Installing: /home/ohtoai/rust_ros_ws/install/rosgraph_msgs/lib/python3.12/site-packages/rosgraph_msgs/msg/_clock.py
-- Installing: /home/ohtoai/rust_ros_ws/install/rosgraph_msgs/lib/python3.12/site-packages/rosgraph_msgs/msg/__init__.py
-- Installing: /home/ohtoai/rust_ros_ws/install/rosgraph_msgs/lib/python3.12/site-packages/rosgraph_msgs/rosgraph_msgs_s__rosidl_typesupport_fastrtps_c.so
-- Installing: /home/ohtoai/rust_ros_ws/install/rosgraph_msgs/lib/python3.12/site-packages/rosgraph_msgs/_rosgraph_msgs_s.ep.rosidl_typesupport_introspection_c.c
-- Installing: /home/ohtoai/rust_ros_ws/install/rosgraph_msgs/lib/python3.12/site-packages/rosgraph_msgs/rosgraph_msgs_s__rosidl_typesupport_c.so
-- Installing: /home/ohtoai/rust_ros_ws/install/rosgraph_msgs/lib/python3.12/site-packages/rosgraph_msgs/__init__.py
Listing '/home/ohtoai/rust_ros_ws/install/rosgraph_msgs/lib/python3.12/site-packages/rosgraph_msgs'...
Compiling '/home/ohtoai/rust_ros_ws/install/rosgraph_msgs/lib/python3.12/site-packages/rosgraph_msgs/__init__.py'...
Listing '/home/ohtoai/rust_ros_ws/install/rosgraph_msgs/lib/python3.12/site-packages/rosgraph_msgs/msg'...
Compiling '/home/ohtoai/rust_ros_ws/install/rosgraph_msgs/lib/python3.12/site-packages/rosgraph_msgs/msg/__init__.py'...
Compiling '/home/ohtoai/rust_ros_ws/install/rosgraph_msgs/lib/python3.12/site-packages/rosgraph_msgs/msg/_clock.py'...
-- Installing: /home/ohtoai/rust_ros_ws/install/rosgraph_msgs/lib/python3.12/site-packages/rosgraph_msgs/rosgraph_msgs_s__rosidl_typesupport_fastrtps_c.so
-- Set non-toolchain portion of runtime path of "/home/ohtoai/rust_ros_ws/install/rosgraph_msgs/lib/python3.12/site-packages/rosgraph_msgs/rosgraph_msgs_s__rosidl_typesupport_fastrtps_c.so" to ""
-- Installing: /home/ohtoai/rust_ros_ws/install/rosgraph_msgs/lib/python3.12/site-packages/rosgraph_msgs/rosgraph_msgs_s__rosidl_typesupport_introspection_c.so
-- Set non-toolchain portion of runtime path of "/home/ohtoai/rust_ros_ws/install/rosgraph_msgs/lib/python3.12/site-packages/rosgraph_msgs/rosgraph_msgs_s__rosidl_typesupport_introspection_c.so" to ""
-- Installing: /home/ohtoai/rust_ros_ws/install/rosgraph_msgs/lib/python3.12/site-packages/rosgraph_msgs/rosgraph_msgs_s__rosidl_typesupport_c.so
-- Set non-toolchain portion of runtime path of "/home/ohtoai/rust_ros_ws/install/rosgraph_msgs/lib/python3.12/site-packages/rosgraph_msgs/rosgraph_msgs_s__rosidl_typesupport_c.so" to ""
-- Installing: /home/ohtoai/rust_ros_ws/install/rosgraph_msgs/lib/librosgraph_msgs__rosidl_generator_py.so
-- Set non-toolchain portion of runtime path of "/home/ohtoai/rust_ros_ws/install/rosgraph_msgs/lib/librosgraph_msgs__rosidl_generator_py.so" to ""
-- Installing: /home/ohtoai/rust_ros_ws/install/rosgraph_msgs/share/rosgraph_msgs/msg/Clock.idl
-- Installing: /home/ohtoai/rust_ros_ws/install/rosgraph_msgs/share/rosgraph_msgs/msg/Clock.msg
-- Installing: /home/ohtoai/rust_ros_ws/install/rosgraph_msgs/share/ament_index/resource_index/package_run_dependencies/rosgraph_msgs
-- Installing: /home/ohtoai/rust_ros_ws/install/rosgraph_msgs/share/ament_index/resource_index/parent_prefix_path/rosgraph_msgs
-- Installing: /home/ohtoai/rust_ros_ws/install/rosgraph_msgs/share/rosgraph_msgs/environment/ament_prefix_path.sh
-- Installing: /home/ohtoai/rust_ros_ws/install/rosgraph_msgs/share/rosgraph_msgs/environment/ament_prefix_path.dsv
-- Installing: /home/ohtoai/rust_ros_ws/install/rosgraph_msgs/share/rosgraph_msgs/environment/path.sh
-- Installing: /home/ohtoai/rust_ros_ws/install/rosgraph_msgs/share/rosgraph_msgs/environment/path.dsv
-- Installing: /home/ohtoai/rust_ros_ws/install/rosgraph_msgs/share/rosgraph_msgs/local_setup.bash
-- Installing: /home/ohtoai/rust_ros_ws/install/rosgraph_msgs/share/rosgraph_msgs/local_setup.sh
-- Installing: /home/ohtoai/rust_ros_ws/install/rosgraph_msgs/share/rosgraph_msgs/local_setup.zsh
-- Installing: /home/ohtoai/rust_ros_ws/install/rosgraph_msgs/share/rosgraph_msgs/local_setup.dsv
-- Installing: /home/ohtoai/rust_ros_ws/install/rosgraph_msgs/share/rosgraph_msgs/package.dsv
-- Installing: /home/ohtoai/rust_ros_ws/install/rosgraph_msgs/share/ament_index/resource_index/packages/rosgraph_msgs
-- Installing: /home/ohtoai/rust_ros_ws/install/rosgraph_msgs/share/rosgraph_msgs/cmake/export_rosgraph_msgs__rosidl_generator_cExport.cmake
-- Installing: /home/ohtoai/rust_ros_ws/install/rosgraph_msgs/share/rosgraph_msgs/cmake/export_rosgraph_msgs__rosidl_generator_cExport-noconfig.cmake
-- Installing: /home/ohtoai/rust_ros_ws/install/rosgraph_msgs/share/rosgraph_msgs/cmake/export_rosgraph_msgs__rosidl_typesupport_fastrtps_cExport.cmake
-- Installing: /home/ohtoai/rust_ros_ws/install/rosgraph_msgs/share/rosgraph_msgs/cmake/export_rosgraph_msgs__rosidl_typesupport_fastrtps_cExport-noconfig.cmake
-- Installing: /home/ohtoai/rust_ros_ws/install/rosgraph_msgs/share/rosgraph_msgs/cmake/export_rosgraph_msgs__rosidl_generator_cppExport.cmake
-- Installing: /home/ohtoai/rust_ros_ws/install/rosgraph_msgs/share/rosgraph_msgs/cmake/export_rosgraph_msgs__rosidl_typesupport_fastrtps_cppExport.cmake
-- Installing: /home/ohtoai/rust_ros_ws/install/rosgraph_msgs/share/rosgraph_msgs/cmake/export_rosgraph_msgs__rosidl_typesupport_fastrtps_cppExport-noconfig.cmake
-- Installing: /home/ohtoai/rust_ros_ws/install/rosgraph_msgs/share/rosgraph_msgs/cmake/rosgraph_msgs__rosidl_typesupport_introspection_cExport.cmake
-- Installing: /home/ohtoai/rust_ros_ws/install/rosgraph_msgs/share/rosgraph_msgs/cmake/rosgraph_msgs__rosidl_typesupport_introspection_cExport-noconfig.cmake
-- Installing: /home/ohtoai/rust_ros_ws/install/rosgraph_msgs/share/rosgraph_msgs/cmake/rosgraph_msgs__rosidl_typesupport_cExport.cmake
-- Installing: /home/ohtoai/rust_ros_ws/install/rosgraph_msgs/share/rosgraph_msgs/cmake/rosgraph_msgs__rosidl_typesupport_cExport-noconfig.cmake
-- Installing: /home/ohtoai/rust_ros_ws/install/rosgraph_msgs/share/rosgraph_msgs/cmake/rosgraph_msgs__rosidl_typesupport_introspection_cppExport.cmake
-- Installing: /home/ohtoai/rust_ros_ws/install/rosgraph_msgs/share/rosgraph_msgs/cmake/rosgraph_msgs__rosidl_typesupport_introspection_cppExport-noconfig.cmake
-- Installing: /home/ohtoai/rust_ros_ws/install/rosgraph_msgs/share/rosgraph_msgs/cmake/rosgraph_msgs__rosidl_typesupport_cppExport.cmake
-- Installing: /home/ohtoai/rust_ros_ws/install/rosgraph_msgs/share/rosgraph_msgs/cmake/rosgraph_msgs__rosidl_typesupport_cppExport-noconfig.cmake
-- Installing: /home/ohtoai/rust_ros_ws/install/rosgraph_msgs/share/rosgraph_msgs/cmake/export_rosgraph_msgs__rosidl_generator_pyExport.cmake
-- Installing: /home/ohtoai/rust_ros_ws/install/rosgraph_msgs/share/rosgraph_msgs/cmake/export_rosgraph_msgs__rosidl_generator_pyExport-noconfig.cmake
-- Installing: /home/ohtoai/rust_ros_ws/install/rosgraph_msgs/share/rosgraph_msgs/cmake/rosidl_cmake-extras.cmake
-- Installing: /home/ohtoai/rust_ros_ws/install/rosgraph_msgs/share/rosgraph_msgs/cmake/ament_cmake_export_dependencies-extras.cmake
-- Installing: /home/ohtoai/rust_ros_ws/install/rosgraph_msgs/share/rosgraph_msgs/cmake/ament_cmake_export_include_directories-extras.cmake
-- Installing: /home/ohtoai/rust_ros_ws/install/rosgraph_msgs/share/rosgraph_msgs/cmake/ament_cmake_export_libraries-extras.cmake
-- Installing: /home/ohtoai/rust_ros_ws/install/rosgraph_msgs/share/rosgraph_msgs/cmake/ament_cmake_export_targets-extras.cmake
-- Installing: /home/ohtoai/rust_ros_ws/install/rosgraph_msgs/share/rosgraph_msgs/cmake/rosidl_cmake_export_typesupport_targets-extras.cmake
-- Installing: /home/ohtoai/rust_ros_ws/install/rosgraph_msgs/share/rosgraph_msgs/cmake/rosidl_cmake_export_typesupport_libraries-extras.cmake
-- Installing: /home/ohtoai/rust_ros_ws/install/rosgraph_msgs/share/rosgraph_msgs/cmake/rosgraph_msgsConfig.cmake
-- Installing: /home/ohtoai/rust_ros_ws/install/rosgraph_msgs/share/rosgraph_msgs/cmake/rosgraph_msgsConfig-version.cmake
-- Installing: /home/ohtoai/rust_ros_ws/install/rosgraph_msgs/share/rosgraph_msgs/package.xml
