[0.040s] Invoking command in '/home/ohtoai/rust_ros_ws/build/rosgraph_msgs': AMENT_PREFIX_PATH=/home/ohtoai/rust_ros_ws/install/rosidl_default_runtime:/home/ohtoai/rust_ros_ws/install/rosidl_default_generators:/home/ohtoai/rust_ros_ws/install/action_msgs:/home/ohtoai/rust_ros_ws/install/service_msgs:/home/ohtoai/rust_ros_ws/install/unique_identifier_msgs:/home/ohtoai/rust_ros_ws/install/builtin_interfaces:/home/ohtoai/rust_ros_ws/install/rosidl_core_runtime:/home/ohtoai/rust_ros_ws/install/rosidl_core_generators:/home/ohtoai/rust_ros_ws/install/rosidl_generator_rs:/home/ohtoai/rust_ros_ws/install/rosidl_runtime_rs:${AMENT_PREFIX_PATH} CMAKE_PREFIX_PATH=/home/ohtoai/rust_ros_ws/install/rosidl_default_runtime:/home/ohtoai/rust_ros_ws/install/rosidl_default_generators:/home/ohtoai/rust_ros_ws/install/action_msgs:/home/ohtoai/rust_ros_ws/install/service_msgs:/home/ohtoai/rust_ros_ws/install/unique_identifier_msgs:/home/ohtoai/rust_ros_ws/install/builtin_interfaces:/home/ohtoai/rust_ros_ws/install/rosidl_core_runtime:/home/ohtoai/rust_ros_ws/install/rosidl_core_generators:/home/ohtoai/rust_ros_ws/install/rosidl_generator_rs:/opt/ros/jazzy/opt/gz_math_vendor:/opt/ros/jazzy/opt/gz_utils_vendor:/opt/ros/jazzy/opt/gz_cmake_vendor:/opt/ros/jazzy DEBUGINFOD_URLS=https://debuginfod.ubuntu.com LD_LIBRARY_PATH=/home/ohtoai/rust_ros_ws/install/action_msgs/lib:/home/ohtoai/rust_ros_ws/install/service_msgs/lib:/home/ohtoai/rust_ros_ws/install/unique_identifier_msgs/lib:/home/ohtoai/rust_ros_ws/install/builtin_interfaces/lib:${LD_LIBRARY_PATH} PYTHONPATH=/home/ohtoai/rust_ros_ws/install/action_msgs/lib/python3.12/site-packages:/home/ohtoai/rust_ros_ws/install/service_msgs/lib/python3.12/site-packages:/home/ohtoai/rust_ros_ws/install/unique_identifier_msgs/lib/python3.12/site-packages:/home/ohtoai/rust_ros_ws/install/builtin_interfaces/lib/python3.12/site-packages:/home/ohtoai/rust_ros_ws/install/rosidl_generator_rs/lib/python3.12/site-packages:${PYTHONPATH} /usr/bin/cmake /home/ohtoai/rust_ros_ws/src/ros2/rcl_interfaces/rosgraph_msgs -DCMAKE_INSTALL_PREFIX=/home/ohtoai/rust_ros_ws/install/rosgraph_msgs
[0.175s] -- The C compiler identification is GNU 13.3.0
[0.270s] -- The CXX compiler identification is GNU 13.3.0
[0.300s] -- Detecting C compiler ABI info
[0.419s] -- Detecting C compiler ABI info - done
[0.430s] -- Check for working C compiler: /usr/bin/cc - skipped
[0.431s] -- Detecting C compile features
[0.431s] -- Detecting C compile features - done
[0.444s] -- Detecting CXX compiler ABI info
[0.655s] -- Detecting CXX compiler ABI info - done
[0.677s] -- Check for working CXX compiler: /usr/bin/c++ - skipped
[0.678s] -- Detecting CXX compile features
[0.683s] -- Detecting CXX compile features - done
[0.690s] -- Found ament_cmake: 2.5.3 (/opt/ros/jazzy/share/ament_cmake/cmake)
[0.913s] -- Found Python3: /usr/bin/python3 (found version "3.12.3") found components: Interpreter 
[1.060s] -- Found builtin_interfaces: 2.0.2 (/home/ohtoai/rust_ros_ws/install/builtin_interfaces/share/builtin_interfaces/cmake)
[1.122s] -- Found rosidl_generator_c: 4.6.5 (/opt/ros/jazzy/share/rosidl_generator_c/cmake)
[1.133s] -- Found rosidl_generator_cpp: 4.6.5 (/opt/ros/jazzy/share/rosidl_generator_cpp/cmake)
[1.149s] -- Using all available rosidl_typesupport_c: rosidl_typesupport_fastrtps_c;rosidl_typesupport_introspection_c
[1.208s] -- Using all available rosidl_typesupport_cpp: rosidl_typesupport_fastrtps_cpp;rosidl_typesupport_introspection_cpp
[1.228s] -- Found rosidl_default_generators: 1.6.0 (/home/ohtoai/rust_ros_ws/install/rosidl_default_generators/share/rosidl_default_generators/cmake)
[1.242s] -- Found rosidl_adapter: 4.6.5 (/opt/ros/jazzy/share/rosidl_adapter/cmake)
[2.116s] -- Found ament_cmake_cppcheck: 0.17.1 (/opt/ros/jazzy/share/ament_cmake_cppcheck/cmake)
[2.119s] -- Found ament_cmake_cpplint: 0.17.1 (/opt/ros/jazzy/share/ament_cmake_cpplint/cmake)
[2.121s] -- Found ament_cmake_uncrustify: 0.17.1 (/opt/ros/jazzy/share/ament_cmake_uncrustify/cmake)
[2.124s] -- Found ament_cmake_ros: 0.12.0 (/opt/ros/jazzy/share/ament_cmake_ros/cmake)
[3.232s] -- Using all available rosidl_typesupport_c: rosidl_typesupport_fastrtps_c;rosidl_typesupport_introspection_c
[3.649s] -- Using all available rosidl_typesupport_cpp: rosidl_typesupport_fastrtps_cpp;rosidl_typesupport_introspection_cpp
[3.664s] -- Found python_cmake_module: 0.11.1 (/opt/ros/jazzy/share/python_cmake_module/cmake)
[3.888s] -- Found PythonExtra: /usr/bin/python3  
[4.494s] -- Found Python3: /usr/bin/python3 (found version "3.12.3") found components: Interpreter Development NumPy Development.Module Development.Embed 
[4.554s] -- Found ament_cmake_flake8: 0.17.1 (/opt/ros/jazzy/share/ament_cmake_flake8/cmake)
[4.555s] -- Found ament_cmake_pep257: 0.17.1 (/opt/ros/jazzy/share/ament_cmake_pep257/cmake)
[4.563s] -- Configuring done (4.5s)
[4.633s] -- Generating done (0.1s)
[4.648s] -- Build files have been written to: /home/ohtoai/rust_ros_ws/build/rosgraph_msgs
[4.659s] Invoked command in '/home/ohtoai/rust_ros_ws/build/rosgraph_msgs' returned '0': AMENT_PREFIX_PATH=/home/ohtoai/rust_ros_ws/install/rosidl_default_runtime:/home/ohtoai/rust_ros_ws/install/rosidl_default_generators:/home/ohtoai/rust_ros_ws/install/action_msgs:/home/ohtoai/rust_ros_ws/install/service_msgs:/home/ohtoai/rust_ros_ws/install/unique_identifier_msgs:/home/ohtoai/rust_ros_ws/install/builtin_interfaces:/home/ohtoai/rust_ros_ws/install/rosidl_core_runtime:/home/ohtoai/rust_ros_ws/install/rosidl_core_generators:/home/ohtoai/rust_ros_ws/install/rosidl_generator_rs:/home/ohtoai/rust_ros_ws/install/rosidl_runtime_rs:${AMENT_PREFIX_PATH} CMAKE_PREFIX_PATH=/home/ohtoai/rust_ros_ws/install/rosidl_default_runtime:/home/ohtoai/rust_ros_ws/install/rosidl_default_generators:/home/ohtoai/rust_ros_ws/install/action_msgs:/home/ohtoai/rust_ros_ws/install/service_msgs:/home/ohtoai/rust_ros_ws/install/unique_identifier_msgs:/home/ohtoai/rust_ros_ws/install/builtin_interfaces:/home/ohtoai/rust_ros_ws/install/rosidl_core_runtime:/home/ohtoai/rust_ros_ws/install/rosidl_core_generators:/home/ohtoai/rust_ros_ws/install/rosidl_generator_rs:/opt/ros/jazzy/opt/gz_math_vendor:/opt/ros/jazzy/opt/gz_utils_vendor:/opt/ros/jazzy/opt/gz_cmake_vendor:/opt/ros/jazzy DEBUGINFOD_URLS=https://debuginfod.ubuntu.com LD_LIBRARY_PATH=/home/ohtoai/rust_ros_ws/install/action_msgs/lib:/home/ohtoai/rust_ros_ws/install/service_msgs/lib:/home/ohtoai/rust_ros_ws/install/unique_identifier_msgs/lib:/home/ohtoai/rust_ros_ws/install/builtin_interfaces/lib:${LD_LIBRARY_PATH} PYTHONPATH=/home/ohtoai/rust_ros_ws/install/action_msgs/lib/python3.12/site-packages:/home/ohtoai/rust_ros_ws/install/service_msgs/lib/python3.12/site-packages:/home/ohtoai/rust_ros_ws/install/unique_identifier_msgs/lib/python3.12/site-packages:/home/ohtoai/rust_ros_ws/install/builtin_interfaces/lib/python3.12/site-packages:/home/ohtoai/rust_ros_ws/install/rosidl_generator_rs/lib/python3.12/site-packages:${PYTHONPATH} /usr/bin/cmake /home/ohtoai/rust_ros_ws/src/ros2/rcl_interfaces/rosgraph_msgs -DCMAKE_INSTALL_PREFIX=/home/ohtoai/rust_ros_ws/install/rosgraph_msgs
[4.661s] Invoking command in '/home/ohtoai/rust_ros_ws/build/rosgraph_msgs': AMENT_PREFIX_PATH=/home/ohtoai/rust_ros_ws/install/rosidl_default_runtime:/home/ohtoai/rust_ros_ws/install/rosidl_default_generators:/home/ohtoai/rust_ros_ws/install/action_msgs:/home/ohtoai/rust_ros_ws/install/service_msgs:/home/ohtoai/rust_ros_ws/install/unique_identifier_msgs:/home/ohtoai/rust_ros_ws/install/builtin_interfaces:/home/ohtoai/rust_ros_ws/install/rosidl_core_runtime:/home/ohtoai/rust_ros_ws/install/rosidl_core_generators:/home/ohtoai/rust_ros_ws/install/rosidl_generator_rs:/home/ohtoai/rust_ros_ws/install/rosidl_runtime_rs:${AMENT_PREFIX_PATH} CMAKE_PREFIX_PATH=/home/ohtoai/rust_ros_ws/install/rosidl_default_runtime:/home/ohtoai/rust_ros_ws/install/rosidl_default_generators:/home/ohtoai/rust_ros_ws/install/action_msgs:/home/ohtoai/rust_ros_ws/install/service_msgs:/home/ohtoai/rust_ros_ws/install/unique_identifier_msgs:/home/ohtoai/rust_ros_ws/install/builtin_interfaces:/home/ohtoai/rust_ros_ws/install/rosidl_core_runtime:/home/ohtoai/rust_ros_ws/install/rosidl_core_generators:/home/ohtoai/rust_ros_ws/install/rosidl_generator_rs:/opt/ros/jazzy/opt/gz_math_vendor:/opt/ros/jazzy/opt/gz_utils_vendor:/opt/ros/jazzy/opt/gz_cmake_vendor:/opt/ros/jazzy DEBUGINFOD_URLS=https://debuginfod.ubuntu.com LD_LIBRARY_PATH=/home/ohtoai/rust_ros_ws/install/action_msgs/lib:/home/ohtoai/rust_ros_ws/install/service_msgs/lib:/home/ohtoai/rust_ros_ws/install/unique_identifier_msgs/lib:/home/ohtoai/rust_ros_ws/install/builtin_interfaces/lib:${LD_LIBRARY_PATH} PYTHONPATH=/home/ohtoai/rust_ros_ws/install/action_msgs/lib/python3.12/site-packages:/home/ohtoai/rust_ros_ws/install/service_msgs/lib/python3.12/site-packages:/home/ohtoai/rust_ros_ws/install/unique_identifier_msgs/lib/python3.12/site-packages:/home/ohtoai/rust_ros_ws/install/builtin_interfaces/lib/python3.12/site-packages:/home/ohtoai/rust_ros_ws/install/rosidl_generator_rs/lib/python3.12/site-packages:${PYTHONPATH} /usr/bin/cmake --build /home/ohtoai/rust_ros_ws/build/rosgraph_msgs -- -j2 -l2
[4.754s] [  2%] [34m[1mGenerating Rust code for ROS interfaces[0m
[5.147s] [  2%] Built target rosgraph_msgs__rs
[5.177s] [  5%] [34m[1mGenerating type hashes for ROS interfaces[0m
[5.391s] [  5%] Built target rosgraph_msgs__rosidl_generator_type_description
[5.439s] [  5%] Built target ament_cmake_python_copy_rosgraph_msgs
[5.450s] [  8%] [34m[1mGenerating C code for ROS interfaces[0m
[5.844s] [ 11%] [32mBuilding C object CMakeFiles/rosgraph_msgs__rosidl_generator_c.dir/rosidl_generator_c/rosgraph_msgs/msg/detail/clock__description.c.o[0m
[5.891s] [ 14%] [32mBuilding C object CMakeFiles/rosgraph_msgs__rosidl_generator_c.dir/rosidl_generator_c/rosgraph_msgs/msg/detail/clock__functions.c.o[0m
[5.970s] [ 17%] [32mBuilding C object CMakeFiles/rosgraph_msgs__rosidl_generator_c.dir/rosidl_generator_c/rosgraph_msgs/msg/detail/clock__type_support.c.o[0m
[6.021s] [ 20%] [32m[1mLinking C shared library librosgraph_msgs__rosidl_generator_c.so[0m
[6.077s] [ 20%] Built target rosgraph_msgs__rosidl_generator_c
[6.110s] [ 22%] [34m[1mGenerating C++ code for ROS interfaces[0m
[6.411s] [ 22%] Built target rosgraph_msgs__cpp
[6.754s] running egg_info
[6.756s] creating rosgraph_msgs.egg-info
[6.775s] writing rosgraph_msgs.egg-info/PKG-INFO
[6.775s] writing dependency_links to rosgraph_msgs.egg-info/dependency_links.txt
[6.775s] writing top-level names to rosgraph_msgs.egg-info/top_level.txt
[6.775s] writing manifest file 'rosgraph_msgs.egg-info/SOURCES.txt'
[6.856s] reading manifest file 'rosgraph_msgs.egg-info/SOURCES.txt'
[6.857s] writing manifest file 'rosgraph_msgs.egg-info/SOURCES.txt'
[6.888s] [ 22%] Built target ament_cmake_python_build_rosgraph_msgs_egg
[6.910s] [ 25%] [34m[1mGenerating C type support for eProsima Fast-RTPS[0m
[7.249s] [ 28%] [32mBuilding CXX object CMakeFiles/rosgraph_msgs__rosidl_typesupport_fastrtps_c.dir/rosidl_typesupport_fastrtps_c/rosgraph_msgs/msg/detail/clock__type_support_c.cpp.o[0m
[7.874s] [ 31%] [32m[1mLinking CXX shared library librosgraph_msgs__rosidl_typesupport_fastrtps_c.so[0m
[7.944s] [ 31%] Built target rosgraph_msgs__rosidl_typesupport_fastrtps_c
[7.965s] [ 34%] [34m[1mGenerating C++ type support for eProsima Fast-RTPS[0m
[8.339s] [ 37%] [32mBuilding CXX object CMakeFiles/rosgraph_msgs__rosidl_typesupport_fastrtps_cpp.dir/rosidl_typesupport_fastrtps_cpp/rosgraph_msgs/msg/detail/dds_fastrtps/clock__type_support.cpp.o[0m
[8.997s] [ 40%] [32m[1mLinking CXX shared library librosgraph_msgs__rosidl_typesupport_fastrtps_cpp.so[0m
[9.070s] [ 40%] Built target rosgraph_msgs__rosidl_typesupport_fastrtps_cpp
[9.090s] [ 42%] [34m[1mGenerating C introspection for ROS interfaces[0m
[9.451s] [ 45%] [32mBuilding C object CMakeFiles/rosgraph_msgs__rosidl_typesupport_introspection_c.dir/rosidl_typesupport_introspection_c/rosgraph_msgs/msg/detail/clock__type_support.c.o[0m
[9.500s] [ 48%] [32m[1mLinking C shared library librosgraph_msgs__rosidl_typesupport_introspection_c.so[0m
[9.557s] [ 48%] Built target rosgraph_msgs__rosidl_typesupport_introspection_c
[9.581s] [ 51%] [34m[1mGenerating C type support dispatch for ROS interfaces[0m
[9.804s] [ 54%] [32mBuilding CXX object CMakeFiles/rosgraph_msgs__rosidl_typesupport_c.dir/rosidl_typesupport_c/rosgraph_msgs/msg/clock__type_support.cpp.o[0m
[9.865s] [ 57%] [32m[1mLinking CXX shared library librosgraph_msgs__rosidl_typesupport_c.so[0m
[9.918s] [ 57%] Built target rosgraph_msgs__rosidl_typesupport_c
[9.933s] [ 60%] [34m[1mGenerating C++ introspection for ROS interfaces[0m
[10.241s] [ 62%] [32mBuilding CXX object CMakeFiles/rosgraph_msgs__rosidl_typesupport_introspection_cpp.dir/rosidl_typesupport_introspection_cpp/rosgraph_msgs/msg/detail/clock__type_support.cpp.o[0m
[10.705s] [ 65%] [32m[1mLinking CXX shared library librosgraph_msgs__rosidl_typesupport_introspection_cpp.so[0m
[10.800s] [ 65%] Built target rosgraph_msgs__rosidl_typesupport_introspection_cpp
[10.811s] [ 68%] [34m[1mGenerating C++ type support dispatch for ROS interfaces[0m
[11.139s] [ 71%] [32mBuilding CXX object CMakeFiles/rosgraph_msgs__rosidl_typesupport_cpp.dir/rosidl_typesupport_cpp/rosgraph_msgs/msg/clock__type_support.cpp.o[0m
[11.490s] [ 74%] [32m[1mLinking CXX shared library librosgraph_msgs__rosidl_typesupport_cpp.so[0m
[11.540s] [ 74%] Built target rosgraph_msgs__rosidl_typesupport_cpp
[11.579s] [ 74%] Built target rosgraph_msgs
[11.621s] [ 77%] [34m[1mGenerating Python code for ROS interfaces[0m
[12.030s] [ 77%] Built target rosgraph_msgs__py
[12.084s] [ 80%] [32mBuilding C object CMakeFiles/rosgraph_msgs__rosidl_generator_py.dir/rosidl_generator_py/rosgraph_msgs/msg/_clock_s.c.o[0m
[12.244s] [ 82%] [32m[1mLinking C shared library librosgraph_msgs__rosidl_generator_py.so[0m
[12.321s] [ 82%] Built target rosgraph_msgs__rosidl_generator_py
[12.350s] [ 85%] [32mBuilding C object CMakeFiles/rosgraph_msgs_s__rosidl_typesupport_fastrtps_c.dir/rosidl_generator_py/rosgraph_msgs/_rosgraph_msgs_s.ep.rosidl_typesupport_fastrtps_c.c.o[0m
[12.485s] [ 88%] [32m[1mLinking C shared module rosidl_generator_py/rosgraph_msgs/rosgraph_msgs_s__rosidl_typesupport_fastrtps_c.so[0m
[12.530s] [ 88%] Built target rosgraph_msgs_s__rosidl_typesupport_fastrtps_c
[12.567s] [ 91%] [32mBuilding C object CMakeFiles/rosgraph_msgs_s__rosidl_typesupport_introspection_c.dir/rosidl_generator_py/rosgraph_msgs/_rosgraph_msgs_s.ep.rosidl_typesupport_introspection_c.c.o[0m
[12.709s] [ 94%] [32m[1mLinking C shared module rosidl_generator_py/rosgraph_msgs/rosgraph_msgs_s__rosidl_typesupport_introspection_c.so[0m
[12.767s] [ 94%] Built target rosgraph_msgs_s__rosidl_typesupport_introspection_c
[12.799s] [ 97%] [32mBuilding C object CMakeFiles/rosgraph_msgs_s__rosidl_typesupport_c.dir/rosidl_generator_py/rosgraph_msgs/_rosgraph_msgs_s.ep.rosidl_typesupport_c.c.o[0m
[12.917s] [100%] [32m[1mLinking C shared module rosidl_generator_py/rosgraph_msgs/rosgraph_msgs_s__rosidl_typesupport_c.so[0m
[12.954s] [100%] Built target rosgraph_msgs_s__rosidl_typesupport_c
[12.967s] Invoked command in '/home/ohtoai/rust_ros_ws/build/rosgraph_msgs' returned '0': AMENT_PREFIX_PATH=/home/ohtoai/rust_ros_ws/install/rosidl_default_runtime:/home/ohtoai/rust_ros_ws/install/rosidl_default_generators:/home/ohtoai/rust_ros_ws/install/action_msgs:/home/ohtoai/rust_ros_ws/install/service_msgs:/home/ohtoai/rust_ros_ws/install/unique_identifier_msgs:/home/ohtoai/rust_ros_ws/install/builtin_interfaces:/home/ohtoai/rust_ros_ws/install/rosidl_core_runtime:/home/ohtoai/rust_ros_ws/install/rosidl_core_generators:/home/ohtoai/rust_ros_ws/install/rosidl_generator_rs:/home/ohtoai/rust_ros_ws/install/rosidl_runtime_rs:${AMENT_PREFIX_PATH} CMAKE_PREFIX_PATH=/home/ohtoai/rust_ros_ws/install/rosidl_default_runtime:/home/ohtoai/rust_ros_ws/install/rosidl_default_generators:/home/ohtoai/rust_ros_ws/install/action_msgs:/home/ohtoai/rust_ros_ws/install/service_msgs:/home/ohtoai/rust_ros_ws/install/unique_identifier_msgs:/home/ohtoai/rust_ros_ws/install/builtin_interfaces:/home/ohtoai/rust_ros_ws/install/rosidl_core_runtime:/home/ohtoai/rust_ros_ws/install/rosidl_core_generators:/home/ohtoai/rust_ros_ws/install/rosidl_generator_rs:/opt/ros/jazzy/opt/gz_math_vendor:/opt/ros/jazzy/opt/gz_utils_vendor:/opt/ros/jazzy/opt/gz_cmake_vendor:/opt/ros/jazzy DEBUGINFOD_URLS=https://debuginfod.ubuntu.com LD_LIBRARY_PATH=/home/ohtoai/rust_ros_ws/install/action_msgs/lib:/home/ohtoai/rust_ros_ws/install/service_msgs/lib:/home/ohtoai/rust_ros_ws/install/unique_identifier_msgs/lib:/home/ohtoai/rust_ros_ws/install/builtin_interfaces/lib:${LD_LIBRARY_PATH} PYTHONPATH=/home/ohtoai/rust_ros_ws/install/action_msgs/lib/python3.12/site-packages:/home/ohtoai/rust_ros_ws/install/service_msgs/lib/python3.12/site-packages:/home/ohtoai/rust_ros_ws/install/unique_identifier_msgs/lib/python3.12/site-packages:/home/ohtoai/rust_ros_ws/install/builtin_interfaces/lib/python3.12/site-packages:/home/ohtoai/rust_ros_ws/install/rosidl_generator_rs/lib/python3.12/site-packages:${PYTHONPATH} /usr/bin/cmake --build /home/ohtoai/rust_ros_ws/build/rosgraph_msgs -- -j2 -l2
[12.970s] Invoking command in '/home/ohtoai/rust_ros_ws/build/rosgraph_msgs': AMENT_PREFIX_PATH=/home/ohtoai/rust_ros_ws/install/rosidl_default_runtime:/home/ohtoai/rust_ros_ws/install/rosidl_default_generators:/home/ohtoai/rust_ros_ws/install/action_msgs:/home/ohtoai/rust_ros_ws/install/service_msgs:/home/ohtoai/rust_ros_ws/install/unique_identifier_msgs:/home/ohtoai/rust_ros_ws/install/builtin_interfaces:/home/ohtoai/rust_ros_ws/install/rosidl_core_runtime:/home/ohtoai/rust_ros_ws/install/rosidl_core_generators:/home/ohtoai/rust_ros_ws/install/rosidl_generator_rs:/home/ohtoai/rust_ros_ws/install/rosidl_runtime_rs:${AMENT_PREFIX_PATH} CMAKE_PREFIX_PATH=/home/ohtoai/rust_ros_ws/install/rosidl_default_runtime:/home/ohtoai/rust_ros_ws/install/rosidl_default_generators:/home/ohtoai/rust_ros_ws/install/action_msgs:/home/ohtoai/rust_ros_ws/install/service_msgs:/home/ohtoai/rust_ros_ws/install/unique_identifier_msgs:/home/ohtoai/rust_ros_ws/install/builtin_interfaces:/home/ohtoai/rust_ros_ws/install/rosidl_core_runtime:/home/ohtoai/rust_ros_ws/install/rosidl_core_generators:/home/ohtoai/rust_ros_ws/install/rosidl_generator_rs:/opt/ros/jazzy/opt/gz_math_vendor:/opt/ros/jazzy/opt/gz_utils_vendor:/opt/ros/jazzy/opt/gz_cmake_vendor:/opt/ros/jazzy DEBUGINFOD_URLS=https://debuginfod.ubuntu.com LD_LIBRARY_PATH=/home/ohtoai/rust_ros_ws/install/action_msgs/lib:/home/ohtoai/rust_ros_ws/install/service_msgs/lib:/home/ohtoai/rust_ros_ws/install/unique_identifier_msgs/lib:/home/ohtoai/rust_ros_ws/install/builtin_interfaces/lib:${LD_LIBRARY_PATH} PYTHONPATH=/home/ohtoai/rust_ros_ws/install/action_msgs/lib/python3.12/site-packages:/home/ohtoai/rust_ros_ws/install/service_msgs/lib/python3.12/site-packages:/home/ohtoai/rust_ros_ws/install/unique_identifier_msgs/lib/python3.12/site-packages:/home/ohtoai/rust_ros_ws/install/builtin_interfaces/lib/python3.12/site-packages:/home/ohtoai/rust_ros_ws/install/rosidl_generator_rs/lib/python3.12/site-packages:${PYTHONPATH} /usr/bin/cmake --install /home/ohtoai/rust_ros_ws/build/rosgraph_msgs
[12.991s] -- Install configuration: ""
[12.991s] -- Installing: /home/ohtoai/rust_ros_ws/install/rosgraph_msgs/share/ament_index/resource_index/rosidl_interfaces/rosgraph_msgs
[12.991s] -- Installing: /home/ohtoai/rust_ros_ws/install/rosgraph_msgs/share/rosgraph_msgs/msg/Clock.json
[12.991s] -- Installing: /home/ohtoai/rust_ros_ws/install/rosgraph_msgs/include/rosgraph_msgs/rosgraph_msgs
[12.991s] -- Installing: /home/ohtoai/rust_ros_ws/install/rosgraph_msgs/include/rosgraph_msgs/rosgraph_msgs/msg
[12.991s] -- Installing: /home/ohtoai/rust_ros_ws/install/rosgraph_msgs/include/rosgraph_msgs/rosgraph_msgs/msg/detail
[12.991s] -- Installing: /home/ohtoai/rust_ros_ws/install/rosgraph_msgs/include/rosgraph_msgs/rosgraph_msgs/msg/detail/clock__type_support.h
[12.991s] -- Installing: /home/ohtoai/rust_ros_ws/install/rosgraph_msgs/include/rosgraph_msgs/rosgraph_msgs/msg/detail/clock__functions.h
[12.991s] -- Installing: /home/ohtoai/rust_ros_ws/install/rosgraph_msgs/include/rosgraph_msgs/rosgraph_msgs/msg/detail/clock__type_support.c
[12.991s] -- Installing: /home/ohtoai/rust_ros_ws/install/rosgraph_msgs/include/rosgraph_msgs/rosgraph_msgs/msg/detail/clock__struct.h
[12.991s] -- Installing: /home/ohtoai/rust_ros_ws/install/rosgraph_msgs/include/rosgraph_msgs/rosgraph_msgs/msg/detail/clock__description.c
[12.991s] -- Installing: /home/ohtoai/rust_ros_ws/install/rosgraph_msgs/include/rosgraph_msgs/rosgraph_msgs/msg/detail/clock__functions.c
[12.992s] -- Installing: /home/ohtoai/rust_ros_ws/install/rosgraph_msgs/include/rosgraph_msgs/rosgraph_msgs/msg/rosidl_generator_c__visibility_control.h
[12.995s] -- Installing: /home/ohtoai/rust_ros_ws/install/rosgraph_msgs/include/rosgraph_msgs/rosgraph_msgs/msg/clock.h
[12.995s] -- Installing: /home/ohtoai/rust_ros_ws/install/rosgraph_msgs/share/rosgraph_msgs/environment/library_path.sh
[12.995s] -- Installing: /home/ohtoai/rust_ros_ws/install/rosgraph_msgs/share/rosgraph_msgs/environment/library_path.dsv
[12.995s] -- Installing: /home/ohtoai/rust_ros_ws/install/rosgraph_msgs/lib/librosgraph_msgs__rosidl_generator_c.so
[12.995s] -- Set non-toolchain portion of runtime path of "/home/ohtoai/rust_ros_ws/install/rosgraph_msgs/lib/librosgraph_msgs__rosidl_generator_c.so" to ""
[12.995s] -- Up-to-date: /home/ohtoai/rust_ros_ws/install/rosgraph_msgs/include/rosgraph_msgs/rosgraph_msgs
[12.996s] -- Up-to-date: /home/ohtoai/rust_ros_ws/install/rosgraph_msgs/include/rosgraph_msgs/rosgraph_msgs/msg
[12.996s] -- Up-to-date: /home/ohtoai/rust_ros_ws/install/rosgraph_msgs/include/rosgraph_msgs/rosgraph_msgs/msg/detail
[12.996s] -- Installing: /home/ohtoai/rust_ros_ws/install/rosgraph_msgs/include/rosgraph_msgs/rosgraph_msgs/msg/detail/clock__rosidl_typesupport_fastrtps_c.h
[12.996s] -- Installing: /home/ohtoai/rust_ros_ws/install/rosgraph_msgs/include/rosgraph_msgs/rosgraph_msgs/msg/rosidl_typesupport_fastrtps_c__visibility_control.h
[12.996s] -- Installing: /home/ohtoai/rust_ros_ws/install/rosgraph_msgs/lib/librosgraph_msgs__rosidl_typesupport_fastrtps_c.so
[12.997s] -- Set non-toolchain portion of runtime path of "/home/ohtoai/rust_ros_ws/install/rosgraph_msgs/lib/librosgraph_msgs__rosidl_typesupport_fastrtps_c.so" to ""
[12.997s] -- Up-to-date: /home/ohtoai/rust_ros_ws/install/rosgraph_msgs/include/rosgraph_msgs/rosgraph_msgs
[12.997s] -- Up-to-date: /home/ohtoai/rust_ros_ws/install/rosgraph_msgs/include/rosgraph_msgs/rosgraph_msgs/msg
[12.997s] -- Up-to-date: /home/ohtoai/rust_ros_ws/install/rosgraph_msgs/include/rosgraph_msgs/rosgraph_msgs/msg/detail
[12.997s] -- Installing: /home/ohtoai/rust_ros_ws/install/rosgraph_msgs/include/rosgraph_msgs/rosgraph_msgs/msg/detail/clock__struct.hpp
[12.998s] -- Installing: /home/ohtoai/rust_ros_ws/install/rosgraph_msgs/include/rosgraph_msgs/rosgraph_msgs/msg/detail/clock__type_support.hpp
[12.998s] -- Installing: /home/ohtoai/rust_ros_ws/install/rosgraph_msgs/include/rosgraph_msgs/rosgraph_msgs/msg/detail/clock__builder.hpp
[12.998s] -- Installing: /home/ohtoai/rust_ros_ws/install/rosgraph_msgs/include/rosgraph_msgs/rosgraph_msgs/msg/detail/clock__traits.hpp
[12.998s] -- Installing: /home/ohtoai/rust_ros_ws/install/rosgraph_msgs/include/rosgraph_msgs/rosgraph_msgs/msg/rosidl_generator_cpp__visibility_control.hpp
[12.998s] -- Installing: /home/ohtoai/rust_ros_ws/install/rosgraph_msgs/include/rosgraph_msgs/rosgraph_msgs/msg/clock.hpp
[12.999s] -- Up-to-date: /home/ohtoai/rust_ros_ws/install/rosgraph_msgs/include/rosgraph_msgs/rosgraph_msgs
[12.999s] -- Up-to-date: /home/ohtoai/rust_ros_ws/install/rosgraph_msgs/include/rosgraph_msgs/rosgraph_msgs/msg
[12.999s] -- Up-to-date: /home/ohtoai/rust_ros_ws/install/rosgraph_msgs/include/rosgraph_msgs/rosgraph_msgs/msg/detail
[13.002s] -- Installing: /home/ohtoai/rust_ros_ws/install/rosgraph_msgs/include/rosgraph_msgs/rosgraph_msgs/msg/detail/clock__rosidl_typesupport_fastrtps_cpp.hpp
[13.002s] -- Installing: /home/ohtoai/rust_ros_ws/install/rosgraph_msgs/include/rosgraph_msgs/rosgraph_msgs/msg/detail/dds_fastrtps
[13.002s] -- Installing: /home/ohtoai/rust_ros_ws/install/rosgraph_msgs/include/rosgraph_msgs/rosgraph_msgs/msg/rosidl_typesupport_fastrtps_cpp__visibility_control.h
[13.002s] -- Installing: /home/ohtoai/rust_ros_ws/install/rosgraph_msgs/lib/librosgraph_msgs__rosidl_typesupport_fastrtps_cpp.so
[13.002s] -- Set non-toolchain portion of runtime path of "/home/ohtoai/rust_ros_ws/install/rosgraph_msgs/lib/librosgraph_msgs__rosidl_typesupport_fastrtps_cpp.so" to ""
[13.002s] -- Up-to-date: /home/ohtoai/rust_ros_ws/install/rosgraph_msgs/include/rosgraph_msgs/rosgraph_msgs
[13.002s] -- Up-to-date: /home/ohtoai/rust_ros_ws/install/rosgraph_msgs/include/rosgraph_msgs/rosgraph_msgs/msg
[13.002s] -- Up-to-date: /home/ohtoai/rust_ros_ws/install/rosgraph_msgs/include/rosgraph_msgs/rosgraph_msgs/msg/detail
[13.002s] -- Installing: /home/ohtoai/rust_ros_ws/install/rosgraph_msgs/include/rosgraph_msgs/rosgraph_msgs/msg/detail/clock__rosidl_typesupport_introspection_c.h
[13.002s] -- Installing: /home/ohtoai/rust_ros_ws/install/rosgraph_msgs/include/rosgraph_msgs/rosgraph_msgs/msg/detail/clock__type_support.c
[13.002s] -- Installing: /home/ohtoai/rust_ros_ws/install/rosgraph_msgs/include/rosgraph_msgs/rosgraph_msgs/msg/rosidl_typesupport_introspection_c__visibility_control.h
[13.002s] -- Installing: /home/ohtoai/rust_ros_ws/install/rosgraph_msgs/lib/librosgraph_msgs__rosidl_typesupport_introspection_c.so
[13.003s] -- Set non-toolchain portion of runtime path of "/home/ohtoai/rust_ros_ws/install/rosgraph_msgs/lib/librosgraph_msgs__rosidl_typesupport_introspection_c.so" to ""
[13.003s] -- Installing: /home/ohtoai/rust_ros_ws/install/rosgraph_msgs/lib/librosgraph_msgs__rosidl_typesupport_c.so
[13.003s] -- Set non-toolchain portion of runtime path of "/home/ohtoai/rust_ros_ws/install/rosgraph_msgs/lib/librosgraph_msgs__rosidl_typesupport_c.so" to ""
[13.007s] -- Up-to-date: /home/ohtoai/rust_ros_ws/install/rosgraph_msgs/include/rosgraph_msgs/rosgraph_msgs
[13.007s] -- Up-to-date: /home/ohtoai/rust_ros_ws/install/rosgraph_msgs/include/rosgraph_msgs/rosgraph_msgs/msg
[13.007s] -- Up-to-date: /home/ohtoai/rust_ros_ws/install/rosgraph_msgs/include/rosgraph_msgs/rosgraph_msgs/msg/detail
[13.007s] -- Installing: /home/ohtoai/rust_ros_ws/install/rosgraph_msgs/include/rosgraph_msgs/rosgraph_msgs/msg/detail/clock__type_support.cpp
[13.007s] -- Installing: /home/ohtoai/rust_ros_ws/install/rosgraph_msgs/include/rosgraph_msgs/rosgraph_msgs/msg/detail/clock__rosidl_typesupport_introspection_cpp.hpp
[13.007s] -- Installing: /home/ohtoai/rust_ros_ws/install/rosgraph_msgs/lib/librosgraph_msgs__rosidl_typesupport_introspection_cpp.so
[13.007s] -- Set non-toolchain portion of runtime path of "/home/ohtoai/rust_ros_ws/install/rosgraph_msgs/lib/librosgraph_msgs__rosidl_typesupport_introspection_cpp.so" to ""
[13.007s] -- Installing: /home/ohtoai/rust_ros_ws/install/rosgraph_msgs/lib/librosgraph_msgs__rosidl_typesupport_cpp.so
[13.007s] -- Set non-toolchain portion of runtime path of "/home/ohtoai/rust_ros_ws/install/rosgraph_msgs/lib/librosgraph_msgs__rosidl_typesupport_cpp.so" to ""
[13.007s] -- Installing: /home/ohtoai/rust_ros_ws/install/rosgraph_msgs/share/ament_index/resource_index/rust_packages/rosgraph_msgs
[13.008s] -- Installing: /home/ohtoai/rust_ros_ws/install/rosgraph_msgs/share/rosgraph_msgs/rust
[13.008s] -- Installing: /home/ohtoai/rust_ros_ws/install/rosgraph_msgs/share/rosgraph_msgs/rust/build.rs
[13.008s] -- Installing: /home/ohtoai/rust_ros_ws/install/rosgraph_msgs/share/rosgraph_msgs/rust/Cargo.toml
[13.008s] -- Installing: /home/ohtoai/rust_ros_ws/install/rosgraph_msgs/share/rosgraph_msgs/rust/src
[13.011s] -- Installing: /home/ohtoai/rust_ros_ws/install/rosgraph_msgs/share/rosgraph_msgs/rust/src/msg.rs
[13.011s] -- Installing: /home/ohtoai/rust_ros_ws/install/rosgraph_msgs/share/rosgraph_msgs/rust/src/lib.rs
[13.011s] -- Installing: /home/ohtoai/rust_ros_ws/install/rosgraph_msgs/share/rosgraph_msgs/environment/pythonpath.sh
[13.011s] -- Installing: /home/ohtoai/rust_ros_ws/install/rosgraph_msgs/share/rosgraph_msgs/environment/pythonpath.dsv
[13.011s] -- Installing: /home/ohtoai/rust_ros_ws/install/rosgraph_msgs/lib/python3.12/site-packages/rosgraph_msgs-2.0.2-py3.12.egg-info
[13.012s] -- Installing: /home/ohtoai/rust_ros_ws/install/rosgraph_msgs/lib/python3.12/site-packages/rosgraph_msgs-2.0.2-py3.12.egg-info/PKG-INFO
[13.012s] -- Installing: /home/ohtoai/rust_ros_ws/install/rosgraph_msgs/lib/python3.12/site-packages/rosgraph_msgs-2.0.2-py3.12.egg-info/top_level.txt
[13.013s] -- Installing: /home/ohtoai/rust_ros_ws/install/rosgraph_msgs/lib/python3.12/site-packages/rosgraph_msgs-2.0.2-py3.12.egg-info/SOURCES.txt
[13.013s] -- Installing: /home/ohtoai/rust_ros_ws/install/rosgraph_msgs/lib/python3.12/site-packages/rosgraph_msgs-2.0.2-py3.12.egg-info/dependency_links.txt
[13.013s] -- Installing: /home/ohtoai/rust_ros_ws/install/rosgraph_msgs/lib/python3.12/site-packages/rosgraph_msgs
[13.013s] -- Installing: /home/ohtoai/rust_ros_ws/install/rosgraph_msgs/lib/python3.12/site-packages/rosgraph_msgs/rosgraph_msgs_s__rosidl_typesupport_introspection_c.so
[13.013s] -- Installing: /home/ohtoai/rust_ros_ws/install/rosgraph_msgs/lib/python3.12/site-packages/rosgraph_msgs/_rosgraph_msgs_s.ep.rosidl_typesupport_c.c
[13.013s] -- Installing: /home/ohtoai/rust_ros_ws/install/rosgraph_msgs/lib/python3.12/site-packages/rosgraph_msgs/_rosgraph_msgs_s.ep.rosidl_typesupport_fastrtps_c.c
[13.014s] -- Installing: /home/ohtoai/rust_ros_ws/install/rosgraph_msgs/lib/python3.12/site-packages/rosgraph_msgs/msg
[13.014s] -- Installing: /home/ohtoai/rust_ros_ws/install/rosgraph_msgs/lib/python3.12/site-packages/rosgraph_msgs/msg/_clock_s.c
[13.014s] -- Installing: /home/ohtoai/rust_ros_ws/install/rosgraph_msgs/lib/python3.12/site-packages/rosgraph_msgs/msg/_clock.py
[13.014s] -- Installing: /home/ohtoai/rust_ros_ws/install/rosgraph_msgs/lib/python3.12/site-packages/rosgraph_msgs/msg/__init__.py
[13.015s] -- Installing: /home/ohtoai/rust_ros_ws/install/rosgraph_msgs/lib/python3.12/site-packages/rosgraph_msgs/rosgraph_msgs_s__rosidl_typesupport_fastrtps_c.so
[13.015s] -- Installing: /home/ohtoai/rust_ros_ws/install/rosgraph_msgs/lib/python3.12/site-packages/rosgraph_msgs/_rosgraph_msgs_s.ep.rosidl_typesupport_introspection_c.c
[13.015s] -- Installing: /home/ohtoai/rust_ros_ws/install/rosgraph_msgs/lib/python3.12/site-packages/rosgraph_msgs/rosgraph_msgs_s__rosidl_typesupport_c.so
[13.016s] -- Installing: /home/ohtoai/rust_ros_ws/install/rosgraph_msgs/lib/python3.12/site-packages/rosgraph_msgs/__init__.py
[13.060s] Listing '/home/ohtoai/rust_ros_ws/install/rosgraph_msgs/lib/python3.12/site-packages/rosgraph_msgs'...
[13.060s] Compiling '/home/ohtoai/rust_ros_ws/install/rosgraph_msgs/lib/python3.12/site-packages/rosgraph_msgs/__init__.py'...
[13.060s] Listing '/home/ohtoai/rust_ros_ws/install/rosgraph_msgs/lib/python3.12/site-packages/rosgraph_msgs/msg'...
[13.060s] Compiling '/home/ohtoai/rust_ros_ws/install/rosgraph_msgs/lib/python3.12/site-packages/rosgraph_msgs/msg/__init__.py'...
[13.060s] Compiling '/home/ohtoai/rust_ros_ws/install/rosgraph_msgs/lib/python3.12/site-packages/rosgraph_msgs/msg/_clock.py'...
[13.072s] -- Installing: /home/ohtoai/rust_ros_ws/install/rosgraph_msgs/lib/python3.12/site-packages/rosgraph_msgs/rosgraph_msgs_s__rosidl_typesupport_fastrtps_c.so
[13.073s] -- Set non-toolchain portion of runtime path of "/home/ohtoai/rust_ros_ws/install/rosgraph_msgs/lib/python3.12/site-packages/rosgraph_msgs/rosgraph_msgs_s__rosidl_typesupport_fastrtps_c.so" to ""
[13.073s] -- Installing: /home/ohtoai/rust_ros_ws/install/rosgraph_msgs/lib/python3.12/site-packages/rosgraph_msgs/rosgraph_msgs_s__rosidl_typesupport_introspection_c.so
[13.073s] -- Set non-toolchain portion of runtime path of "/home/ohtoai/rust_ros_ws/install/rosgraph_msgs/lib/python3.12/site-packages/rosgraph_msgs/rosgraph_msgs_s__rosidl_typesupport_introspection_c.so" to ""
[13.073s] -- Installing: /home/ohtoai/rust_ros_ws/install/rosgraph_msgs/lib/python3.12/site-packages/rosgraph_msgs/rosgraph_msgs_s__rosidl_typesupport_c.so
[13.073s] -- Set non-toolchain portion of runtime path of "/home/ohtoai/rust_ros_ws/install/rosgraph_msgs/lib/python3.12/site-packages/rosgraph_msgs/rosgraph_msgs_s__rosidl_typesupport_c.so" to ""
[13.073s] -- Installing: /home/ohtoai/rust_ros_ws/install/rosgraph_msgs/lib/librosgraph_msgs__rosidl_generator_py.so
[13.073s] -- Set non-toolchain portion of runtime path of "/home/ohtoai/rust_ros_ws/install/rosgraph_msgs/lib/librosgraph_msgs__rosidl_generator_py.so" to ""
[13.073s] -- Installing: /home/ohtoai/rust_ros_ws/install/rosgraph_msgs/share/rosgraph_msgs/msg/Clock.idl
[13.073s] -- Installing: /home/ohtoai/rust_ros_ws/install/rosgraph_msgs/share/rosgraph_msgs/msg/Clock.msg
[13.074s] -- Installing: /home/ohtoai/rust_ros_ws/install/rosgraph_msgs/share/ament_index/resource_index/package_run_dependencies/rosgraph_msgs
[13.074s] -- Installing: /home/ohtoai/rust_ros_ws/install/rosgraph_msgs/share/ament_index/resource_index/parent_prefix_path/rosgraph_msgs
[13.074s] -- Installing: /home/ohtoai/rust_ros_ws/install/rosgraph_msgs/share/rosgraph_msgs/environment/ament_prefix_path.sh
[13.078s] -- Installing: /home/ohtoai/rust_ros_ws/install/rosgraph_msgs/share/rosgraph_msgs/environment/ament_prefix_path.dsv
[13.078s] -- Installing: /home/ohtoai/rust_ros_ws/install/rosgraph_msgs/share/rosgraph_msgs/environment/path.sh
[13.078s] -- Installing: /home/ohtoai/rust_ros_ws/install/rosgraph_msgs/share/rosgraph_msgs/environment/path.dsv
[13.078s] -- Installing: /home/ohtoai/rust_ros_ws/install/rosgraph_msgs/share/rosgraph_msgs/local_setup.bash
[13.078s] -- Installing: /home/ohtoai/rust_ros_ws/install/rosgraph_msgs/share/rosgraph_msgs/local_setup.sh
[13.079s] -- Installing: /home/ohtoai/rust_ros_ws/install/rosgraph_msgs/share/rosgraph_msgs/local_setup.zsh
[13.079s] -- Installing: /home/ohtoai/rust_ros_ws/install/rosgraph_msgs/share/rosgraph_msgs/local_setup.dsv
[13.079s] -- Installing: /home/ohtoai/rust_ros_ws/install/rosgraph_msgs/share/rosgraph_msgs/package.dsv
[13.079s] -- Installing: /home/ohtoai/rust_ros_ws/install/rosgraph_msgs/share/ament_index/resource_index/packages/rosgraph_msgs
[13.079s] -- Installing: /home/ohtoai/rust_ros_ws/install/rosgraph_msgs/share/rosgraph_msgs/cmake/export_rosgraph_msgs__rosidl_generator_cExport.cmake
[13.080s] -- Installing: /home/ohtoai/rust_ros_ws/install/rosgraph_msgs/share/rosgraph_msgs/cmake/export_rosgraph_msgs__rosidl_generator_cExport-noconfig.cmake
[13.084s] -- Installing: /home/ohtoai/rust_ros_ws/install/rosgraph_msgs/share/rosgraph_msgs/cmake/export_rosgraph_msgs__rosidl_typesupport_fastrtps_cExport.cmake
[13.084s] -- Installing: /home/ohtoai/rust_ros_ws/install/rosgraph_msgs/share/rosgraph_msgs/cmake/export_rosgraph_msgs__rosidl_typesupport_fastrtps_cExport-noconfig.cmake
[13.084s] -- Installing: /home/ohtoai/rust_ros_ws/install/rosgraph_msgs/share/rosgraph_msgs/cmake/export_rosgraph_msgs__rosidl_generator_cppExport.cmake
[13.084s] -- Installing: /home/ohtoai/rust_ros_ws/install/rosgraph_msgs/share/rosgraph_msgs/cmake/export_rosgraph_msgs__rosidl_typesupport_fastrtps_cppExport.cmake
[13.085s] -- Installing: /home/ohtoai/rust_ros_ws/install/rosgraph_msgs/share/rosgraph_msgs/cmake/export_rosgraph_msgs__rosidl_typesupport_fastrtps_cppExport-noconfig.cmake
[13.085s] -- Installing: /home/ohtoai/rust_ros_ws/install/rosgraph_msgs/share/rosgraph_msgs/cmake/rosgraph_msgs__rosidl_typesupport_introspection_cExport.cmake
[13.085s] -- Installing: /home/ohtoai/rust_ros_ws/install/rosgraph_msgs/share/rosgraph_msgs/cmake/rosgraph_msgs__rosidl_typesupport_introspection_cExport-noconfig.cmake
[13.085s] -- Installing: /home/ohtoai/rust_ros_ws/install/rosgraph_msgs/share/rosgraph_msgs/cmake/rosgraph_msgs__rosidl_typesupport_cExport.cmake
[13.085s] -- Installing: /home/ohtoai/rust_ros_ws/install/rosgraph_msgs/share/rosgraph_msgs/cmake/rosgraph_msgs__rosidl_typesupport_cExport-noconfig.cmake
[13.085s] -- Installing: /home/ohtoai/rust_ros_ws/install/rosgraph_msgs/share/rosgraph_msgs/cmake/rosgraph_msgs__rosidl_typesupport_introspection_cppExport.cmake
[13.085s] -- Installing: /home/ohtoai/rust_ros_ws/install/rosgraph_msgs/share/rosgraph_msgs/cmake/rosgraph_msgs__rosidl_typesupport_introspection_cppExport-noconfig.cmake
[13.088s] -- Installing: /home/ohtoai/rust_ros_ws/install/rosgraph_msgs/share/rosgraph_msgs/cmake/rosgraph_msgs__rosidl_typesupport_cppExport.cmake
[13.088s] -- Installing: /home/ohtoai/rust_ros_ws/install/rosgraph_msgs/share/rosgraph_msgs/cmake/rosgraph_msgs__rosidl_typesupport_cppExport-noconfig.cmake
[13.088s] -- Installing: /home/ohtoai/rust_ros_ws/install/rosgraph_msgs/share/rosgraph_msgs/cmake/export_rosgraph_msgs__rosidl_generator_pyExport.cmake
[13.088s] -- Installing: /home/ohtoai/rust_ros_ws/install/rosgraph_msgs/share/rosgraph_msgs/cmake/export_rosgraph_msgs__rosidl_generator_pyExport-noconfig.cmake
[13.089s] -- Installing: /home/ohtoai/rust_ros_ws/install/rosgraph_msgs/share/rosgraph_msgs/cmake/rosidl_cmake-extras.cmake
[13.090s] -- Installing: /home/ohtoai/rust_ros_ws/install/rosgraph_msgs/share/rosgraph_msgs/cmake/ament_cmake_export_dependencies-extras.cmake
[13.090s] -- Installing: /home/ohtoai/rust_ros_ws/install/rosgraph_msgs/share/rosgraph_msgs/cmake/ament_cmake_export_include_directories-extras.cmake
[13.090s] -- Installing: /home/ohtoai/rust_ros_ws/install/rosgraph_msgs/share/rosgraph_msgs/cmake/ament_cmake_export_libraries-extras.cmake
[13.091s] -- Installing: /home/ohtoai/rust_ros_ws/install/rosgraph_msgs/share/rosgraph_msgs/cmake/ament_cmake_export_targets-extras.cmake
[13.091s] -- Installing: /home/ohtoai/rust_ros_ws/install/rosgraph_msgs/share/rosgraph_msgs/cmake/rosidl_cmake_export_typesupport_targets-extras.cmake
[13.091s] -- Installing: /home/ohtoai/rust_ros_ws/install/rosgraph_msgs/share/rosgraph_msgs/cmake/rosidl_cmake_export_typesupport_libraries-extras.cmake
[13.097s] -- Installing: /home/ohtoai/rust_ros_ws/install/rosgraph_msgs/share/rosgraph_msgs/cmake/rosgraph_msgsConfig.cmake
[13.097s] -- Installing: /home/ohtoai/rust_ros_ws/install/rosgraph_msgs/share/rosgraph_msgs/cmake/rosgraph_msgsConfig-version.cmake
[13.097s] -- Installing: /home/ohtoai/rust_ros_ws/install/rosgraph_msgs/share/rosgraph_msgs/package.xml
[13.100s] Invoked command in '/home/ohtoai/rust_ros_ws/build/rosgraph_msgs' returned '0': AMENT_PREFIX_PATH=/home/ohtoai/rust_ros_ws/install/rosidl_default_runtime:/home/ohtoai/rust_ros_ws/install/rosidl_default_generators:/home/ohtoai/rust_ros_ws/install/action_msgs:/home/ohtoai/rust_ros_ws/install/service_msgs:/home/ohtoai/rust_ros_ws/install/unique_identifier_msgs:/home/ohtoai/rust_ros_ws/install/builtin_interfaces:/home/ohtoai/rust_ros_ws/install/rosidl_core_runtime:/home/ohtoai/rust_ros_ws/install/rosidl_core_generators:/home/ohtoai/rust_ros_ws/install/rosidl_generator_rs:/home/ohtoai/rust_ros_ws/install/rosidl_runtime_rs:${AMENT_PREFIX_PATH} CMAKE_PREFIX_PATH=/home/ohtoai/rust_ros_ws/install/rosidl_default_runtime:/home/ohtoai/rust_ros_ws/install/rosidl_default_generators:/home/ohtoai/rust_ros_ws/install/action_msgs:/home/ohtoai/rust_ros_ws/install/service_msgs:/home/ohtoai/rust_ros_ws/install/unique_identifier_msgs:/home/ohtoai/rust_ros_ws/install/builtin_interfaces:/home/ohtoai/rust_ros_ws/install/rosidl_core_runtime:/home/ohtoai/rust_ros_ws/install/rosidl_core_generators:/home/ohtoai/rust_ros_ws/install/rosidl_generator_rs:/opt/ros/jazzy/opt/gz_math_vendor:/opt/ros/jazzy/opt/gz_utils_vendor:/opt/ros/jazzy/opt/gz_cmake_vendor:/opt/ros/jazzy DEBUGINFOD_URLS=https://debuginfod.ubuntu.com LD_LIBRARY_PATH=/home/ohtoai/rust_ros_ws/install/action_msgs/lib:/home/ohtoai/rust_ros_ws/install/service_msgs/lib:/home/ohtoai/rust_ros_ws/install/unique_identifier_msgs/lib:/home/ohtoai/rust_ros_ws/install/builtin_interfaces/lib:${LD_LIBRARY_PATH} PYTHONPATH=/home/ohtoai/rust_ros_ws/install/action_msgs/lib/python3.12/site-packages:/home/ohtoai/rust_ros_ws/install/service_msgs/lib/python3.12/site-packages:/home/ohtoai/rust_ros_ws/install/unique_identifier_msgs/lib/python3.12/site-packages:/home/ohtoai/rust_ros_ws/install/builtin_interfaces/lib/python3.12/site-packages:/home/ohtoai/rust_ros_ws/install/rosidl_generator_rs/lib/python3.12/site-packages:${PYTHONPATH} /usr/bin/cmake --install /home/ohtoai/rust_ros_ws/build/rosgraph_msgs
