[0.032s] Invoking command in '/home/ohtoai/rust_ros_ws/build/type_description_interfaces': AMENT_PREFIX_PATH=/home/ohtoai/rust_ros_ws/install/service_msgs:/home/ohtoai/rust_ros_ws/install/builtin_interfaces:/home/ohtoai/rust_ros_ws/install/rosidl_core_runtime:/home/ohtoai/rust_ros_ws/install/rosidl_core_generators:/home/ohtoai/rust_ros_ws/install/rosidl_generator_rs:/home/ohtoai/rust_ros_ws/install/rosidl_runtime_rs:${AMENT_PREFIX_PATH} CMAKE_PREFIX_PATH=/home/ohtoai/rust_ros_ws/install/service_msgs:/home/ohtoai/rust_ros_ws/install/builtin_interfaces:/home/ohtoai/rust_ros_ws/install/rosidl_core_runtime:/home/ohtoai/rust_ros_ws/install/rosidl_core_generators:/home/ohtoai/rust_ros_ws/install/rosidl_generator_rs:/opt/ros/jazzy/opt/gz_math_vendor:/opt/ros/jazzy/opt/gz_utils_vendor:/opt/ros/jazzy/opt/gz_cmake_vendor:/opt/ros/jazzy DEBUGINFOD_URLS=https://debuginfod.ubuntu.com LD_LIBRARY_PATH=/home/ohtoai/rust_ros_ws/install/service_msgs/lib:/home/ohtoai/rust_ros_ws/install/builtin_interfaces/lib:${LD_LIBRARY_PATH} PYTHONPATH=/home/ohtoai/rust_ros_ws/install/service_msgs/lib/python3.12/site-packages:/home/ohtoai/rust_ros_ws/install/builtin_interfaces/lib/python3.12/site-packages:/home/ohtoai/rust_ros_ws/install/rosidl_generator_rs/lib/python3.12/site-packages:${PYTHONPATH} /usr/bin/cmake /home/ohtoai/rust_ros_ws/src/ros2/rcl_interfaces/type_description_interfaces -DCMAKE_INSTALL_PREFIX=/home/ohtoai/rust_ros_ws/install/type_description_interfaces
[0.210s] -- The C compiler identification is GNU 13.3.0
[0.347s] -- The CXX compiler identification is GNU 13.3.0
[0.390s] -- Detecting C compiler ABI info
[0.538s] -- Detecting C compiler ABI info - done
[0.569s] -- Check for working C compiler: /usr/bin/cc - skipped
[0.571s] -- Detecting C compile features
[0.572s] -- Detecting C compile features - done
[0.604s] -- Detecting CXX compiler ABI info
[0.860s] -- Detecting CXX compiler ABI info - done
[0.884s] -- Check for working CXX compiler: /usr/bin/c++ - skipped
[0.884s] -- Detecting CXX compile features
[0.884s] -- Detecting CXX compile features - done
[0.888s] -- Found ament_cmake: 2.5.3 (/opt/ros/jazzy/share/ament_cmake/cmake)
[1.232s] -- Found Python3: /usr/bin/python3 (found version "3.12.3") found components: Interpreter 
[1.443s] -- Found rosidl_core_generators: 0.2.0 (/home/ohtoai/rust_ros_ws/install/rosidl_core_generators/share/rosidl_core_generators/cmake)
[1.451s] -- Using all available rosidl_typesupport_c: rosidl_typesupport_fastrtps_c;rosidl_typesupport_introspection_c
[1.563s] -- Using all available rosidl_typesupport_cpp: rosidl_typesupport_fastrtps_cpp;rosidl_typesupport_introspection_cpp
[1.654s] -- Found rosidl_adapter: 4.6.5 (/opt/ros/jazzy/share/rosidl_adapter/cmake)
[2.927s] -- Found ament_cmake_cppcheck: 0.17.1 (/opt/ros/jazzy/share/ament_cmake_cppcheck/cmake)
[2.935s] -- Found ament_cmake_cpplint: 0.17.1 (/opt/ros/jazzy/share/ament_cmake_cpplint/cmake)
[2.940s] -- Found ament_cmake_uncrustify: 0.17.1 (/opt/ros/jazzy/share/ament_cmake_uncrustify/cmake)
[2.943s] -- Found ament_cmake_ros: 0.12.0 (/opt/ros/jazzy/share/ament_cmake_ros/cmake)
[3.719s] -- Using all available rosidl_typesupport_c: rosidl_typesupport_fastrtps_c;rosidl_typesupport_introspection_c
[4.662s] -- Using all available rosidl_typesupport_cpp: rosidl_typesupport_fastrtps_cpp;rosidl_typesupport_introspection_cpp
[4.672s] -- Found python_cmake_module: 0.11.1 (/opt/ros/jazzy/share/python_cmake_module/cmake)
[4.838s] -- Found PythonExtra: /usr/bin/python3  
[5.515s] -- Found Python3: /usr/bin/python3 (found version "3.12.3") found components: Interpreter Development NumPy Development.Module Development.Embed 
[5.565s] -- Found ament_cmake_flake8: 0.17.1 (/opt/ros/jazzy/share/ament_cmake_flake8/cmake)
[5.567s] -- Found ament_cmake_pep257: 0.17.1 (/opt/ros/jazzy/share/ament_cmake_pep257/cmake)
[5.570s] -- Found ament_lint_auto: 0.17.1 (/opt/ros/jazzy/share/ament_lint_auto/cmake)
[5.599s] -- Added test 'copyright' to check source files copyright and LICENSE
[5.603s] -- Added test 'lint_cmake' to check CMake code style
[5.604s] -- Added test 'xmllint' to check XML markup files
[5.613s] -- Configuring done (5.6s)
[5.672s] -- Generating done (0.0s)
[5.689s] -- Build files have been written to: /home/ohtoai/rust_ros_ws/build/type_description_interfaces
[5.709s] Invoked command in '/home/ohtoai/rust_ros_ws/build/type_description_interfaces' returned '0': AMENT_PREFIX_PATH=/home/ohtoai/rust_ros_ws/install/service_msgs:/home/ohtoai/rust_ros_ws/install/builtin_interfaces:/home/ohtoai/rust_ros_ws/install/rosidl_core_runtime:/home/ohtoai/rust_ros_ws/install/rosidl_core_generators:/home/ohtoai/rust_ros_ws/install/rosidl_generator_rs:/home/ohtoai/rust_ros_ws/install/rosidl_runtime_rs:${AMENT_PREFIX_PATH} CMAKE_PREFIX_PATH=/home/ohtoai/rust_ros_ws/install/service_msgs:/home/ohtoai/rust_ros_ws/install/builtin_interfaces:/home/ohtoai/rust_ros_ws/install/rosidl_core_runtime:/home/ohtoai/rust_ros_ws/install/rosidl_core_generators:/home/ohtoai/rust_ros_ws/install/rosidl_generator_rs:/opt/ros/jazzy/opt/gz_math_vendor:/opt/ros/jazzy/opt/gz_utils_vendor:/opt/ros/jazzy/opt/gz_cmake_vendor:/opt/ros/jazzy DEBUGINFOD_URLS=https://debuginfod.ubuntu.com LD_LIBRARY_PATH=/home/ohtoai/rust_ros_ws/install/service_msgs/lib:/home/ohtoai/rust_ros_ws/install/builtin_interfaces/lib:${LD_LIBRARY_PATH} PYTHONPATH=/home/ohtoai/rust_ros_ws/install/service_msgs/lib/python3.12/site-packages:/home/ohtoai/rust_ros_ws/install/builtin_interfaces/lib/python3.12/site-packages:/home/ohtoai/rust_ros_ws/install/rosidl_generator_rs/lib/python3.12/site-packages:${PYTHONPATH} /usr/bin/cmake /home/ohtoai/rust_ros_ws/src/ros2/rcl_interfaces/type_description_interfaces -DCMAKE_INSTALL_PREFIX=/home/ohtoai/rust_ros_ws/install/type_description_interfaces
[5.714s] Invoking command in '/home/ohtoai/rust_ros_ws/build/type_description_interfaces': AMENT_PREFIX_PATH=/home/ohtoai/rust_ros_ws/install/service_msgs:/home/ohtoai/rust_ros_ws/install/builtin_interfaces:/home/ohtoai/rust_ros_ws/install/rosidl_core_runtime:/home/ohtoai/rust_ros_ws/install/rosidl_core_generators:/home/ohtoai/rust_ros_ws/install/rosidl_generator_rs:/home/ohtoai/rust_ros_ws/install/rosidl_runtime_rs:${AMENT_PREFIX_PATH} CMAKE_PREFIX_PATH=/home/ohtoai/rust_ros_ws/install/service_msgs:/home/ohtoai/rust_ros_ws/install/builtin_interfaces:/home/ohtoai/rust_ros_ws/install/rosidl_core_runtime:/home/ohtoai/rust_ros_ws/install/rosidl_core_generators:/home/ohtoai/rust_ros_ws/install/rosidl_generator_rs:/opt/ros/jazzy/opt/gz_math_vendor:/opt/ros/jazzy/opt/gz_utils_vendor:/opt/ros/jazzy/opt/gz_cmake_vendor:/opt/ros/jazzy DEBUGINFOD_URLS=https://debuginfod.ubuntu.com LD_LIBRARY_PATH=/home/ohtoai/rust_ros_ws/install/service_msgs/lib:/home/ohtoai/rust_ros_ws/install/builtin_interfaces/lib:${LD_LIBRARY_PATH} PYTHONPATH=/home/ohtoai/rust_ros_ws/install/service_msgs/lib/python3.12/site-packages:/home/ohtoai/rust_ros_ws/install/builtin_interfaces/lib/python3.12/site-packages:/home/ohtoai/rust_ros_ws/install/rosidl_generator_rs/lib/python3.12/site-packages:${PYTHONPATH} /usr/bin/cmake --build /home/ohtoai/rust_ros_ws/build/type_description_interfaces -- -j2 -l2
[5.787s] [  1%] [34m[1mGenerating Rust code for ROS interfaces[0m
[6.983s] [  1%] Built target type_description_interfaces__rs
[7.036s] [  2%] [34m[1mGenerating type hashes for ROS interfaces[0m
[8.189s] [  2%] Built target type_description_interfaces__rosidl_generator_type_description
[8.253s] [  2%] Built target ament_cmake_python_copy_type_description_interfaces
[8.268s] [  3%] [34m[1mGenerating C code for ROS interfaces[0m
[10.980s] [  4%] [32mBuilding C object CMakeFiles/type_description_interfaces__rosidl_generator_c.dir/rosidl_generator_c/type_description_interfaces/msg/detail/field__description.c.o[0m
[11.024s] [  5%] [32mBuilding C object CMakeFiles/type_description_interfaces__rosidl_generator_c.dir/rosidl_generator_c/type_description_interfaces/msg/detail/field__functions.c.o[0m
[11.112s] [  6%] [32mBuilding C object CMakeFiles/type_description_interfaces__rosidl_generator_c.dir/rosidl_generator_c/type_description_interfaces/msg/detail/field__type_support.c.o[0m
[11.158s] [  7%] [32mBuilding C object CMakeFiles/type_description_interfaces__rosidl_generator_c.dir/rosidl_generator_c/type_description_interfaces/msg/detail/field_type__description.c.o[0m
[11.242s] [  8%] [32mBuilding C object CMakeFiles/type_description_interfaces__rosidl_generator_c.dir/rosidl_generator_c/type_description_interfaces/msg/detail/field_type__functions.c.o[0m
[11.323s] [  9%] [32mBuilding C object CMakeFiles/type_description_interfaces__rosidl_generator_c.dir/rosidl_generator_c/type_description_interfaces/msg/detail/field_type__type_support.c.o[0m
[11.376s] [ 10%] [32mBuilding C object CMakeFiles/type_description_interfaces__rosidl_generator_c.dir/rosidl_generator_c/type_description_interfaces/msg/detail/individual_type_description__description.c.o[0m
[11.462s] [ 11%] [32mBuilding C object CMakeFiles/type_description_interfaces__rosidl_generator_c.dir/rosidl_generator_c/type_description_interfaces/msg/detail/individual_type_description__functions.c.o[0m
[11.566s] [ 12%] [32mBuilding C object CMakeFiles/type_description_interfaces__rosidl_generator_c.dir/rosidl_generator_c/type_description_interfaces/msg/detail/individual_type_description__type_support.c.o[0m
[11.620s] [ 13%] [32mBuilding C object CMakeFiles/type_description_interfaces__rosidl_generator_c.dir/rosidl_generator_c/type_description_interfaces/msg/detail/key_value__description.c.o[0m
[11.702s] [ 14%] [32mBuilding C object CMakeFiles/type_description_interfaces__rosidl_generator_c.dir/rosidl_generator_c/type_description_interfaces/msg/detail/key_value__functions.c.o[0m
[11.804s] [ 15%] [32mBuilding C object CMakeFiles/type_description_interfaces__rosidl_generator_c.dir/rosidl_generator_c/type_description_interfaces/msg/detail/key_value__type_support.c.o[0m
[11.868s] [ 16%] [32mBuilding C object CMakeFiles/type_description_interfaces__rosidl_generator_c.dir/rosidl_generator_c/type_description_interfaces/msg/detail/type_description__description.c.o[0m
[11.939s] [ 17%] [32mBuilding C object CMakeFiles/type_description_interfaces__rosidl_generator_c.dir/rosidl_generator_c/type_description_interfaces/msg/detail/type_description__functions.c.o[0m
[12.013s] [ 18%] [32mBuilding C object CMakeFiles/type_description_interfaces__rosidl_generator_c.dir/rosidl_generator_c/type_description_interfaces/msg/detail/type_description__type_support.c.o[0m
[12.060s] [ 20%] [32mBuilding C object CMakeFiles/type_description_interfaces__rosidl_generator_c.dir/rosidl_generator_c/type_description_interfaces/msg/detail/type_source__description.c.o[0m
[12.138s] [ 21%] [32mBuilding C object CMakeFiles/type_description_interfaces__rosidl_generator_c.dir/rosidl_generator_c/type_description_interfaces/msg/detail/type_source__functions.c.o[0m
[12.214s] [ 22%] [32mBuilding C object CMakeFiles/type_description_interfaces__rosidl_generator_c.dir/rosidl_generator_c/type_description_interfaces/msg/detail/type_source__type_support.c.o[0m
[12.251s] [ 23%] [32mBuilding C object CMakeFiles/type_description_interfaces__rosidl_generator_c.dir/rosidl_generator_c/type_description_interfaces/srv/detail/get_type_description__description.c.o[0m
[12.340s] [ 24%] [32mBuilding C object CMakeFiles/type_description_interfaces__rosidl_generator_c.dir/rosidl_generator_c/type_description_interfaces/srv/detail/get_type_description__functions.c.o[0m
[12.459s] [ 25%] [32mBuilding C object CMakeFiles/type_description_interfaces__rosidl_generator_c.dir/rosidl_generator_c/type_description_interfaces/srv/detail/get_type_description__type_support.c.o[0m
[12.520s] [ 26%] [32m[1mLinking C shared library libtype_description_interfaces__rosidl_generator_c.so[0m
[12.580s] [ 26%] Built target type_description_interfaces__rosidl_generator_c
[12.629s] [ 27%] [34m[1mGenerating C++ code for ROS interfaces[0m
[15.772s] [ 27%] Built target type_description_interfaces__cpp
[16.261s] running egg_info
[16.264s] creating type_description_interfaces.egg-info
[16.319s] writing type_description_interfaces.egg-info/PKG-INFO
[16.319s] writing dependency_links to type_description_interfaces.egg-info/dependency_links.txt
[16.319s] writing top-level names to type_description_interfaces.egg-info/top_level.txt
[16.319s] writing manifest file 'type_description_interfaces.egg-info/SOURCES.txt'
[16.397s] reading manifest file 'type_description_interfaces.egg-info/SOURCES.txt'
[16.399s] writing manifest file 'type_description_interfaces.egg-info/SOURCES.txt'
[16.457s] [ 27%] Built target ament_cmake_python_build_type_description_interfaces_egg
[16.467s] [ 28%] [34m[1mGenerating C type support for eProsima Fast-RTPS[0m
[19.165s] [ 29%] [32mBuilding CXX object CMakeFiles/type_description_interfaces__rosidl_typesupport_fastrtps_c.dir/rosidl_typesupport_fastrtps_c/type_description_interfaces/msg/detail/field__type_support_c.cpp.o[0m
[20.890s] [ 30%] [32mBuilding CXX object CMakeFiles/type_description_interfaces__rosidl_typesupport_fastrtps_c.dir/rosidl_typesupport_fastrtps_c/type_description_interfaces/msg/detail/field_type__type_support_c.cpp.o[0m
[21.864s] [ 31%] [32mBuilding CXX object CMakeFiles/type_description_interfaces__rosidl_typesupport_fastrtps_c.dir/rosidl_typesupport_fastrtps_c/type_description_interfaces/msg/detail/individual_type_description__type_support_c.cpp.o[0m
[22.495s] [ 32%] [32mBuilding CXX object CMakeFiles/type_description_interfaces__rosidl_typesupport_fastrtps_c.dir/rosidl_typesupport_fastrtps_c/type_description_interfaces/msg/detail/key_value__type_support_c.cpp.o[0m
[23.104s] [ 33%] [32mBuilding CXX object CMakeFiles/type_description_interfaces__rosidl_typesupport_fastrtps_c.dir/rosidl_typesupport_fastrtps_c/type_description_interfaces/msg/detail/type_description__type_support_c.cpp.o[0m
[23.781s] [ 34%] [32mBuilding CXX object CMakeFiles/type_description_interfaces__rosidl_typesupport_fastrtps_c.dir/rosidl_typesupport_fastrtps_c/type_description_interfaces/msg/detail/type_source__type_support_c.cpp.o[0m
[24.833s] [ 35%] [32mBuilding CXX object CMakeFiles/type_description_interfaces__rosidl_typesupport_fastrtps_c.dir/rosidl_typesupport_fastrtps_c/type_description_interfaces/srv/detail/get_type_description__type_support_c.cpp.o[0m
[25.938s] [ 36%] [32m[1mLinking CXX shared library libtype_description_interfaces__rosidl_typesupport_fastrtps_c.so[0m
[26.104s] [ 36%] Built target type_description_interfaces__rosidl_typesupport_fastrtps_c
[26.131s] [ 37%] [34m[1mGenerating C introspection for ROS interfaces[0m
[28.444s] [ 38%] [32mBuilding C object CMakeFiles/type_description_interfaces__rosidl_typesupport_introspection_c.dir/rosidl_typesupport_introspection_c/type_description_interfaces/msg/detail/field__type_support.c.o[0m
[28.529s] [ 40%] [32mBuilding C object CMakeFiles/type_description_interfaces__rosidl_typesupport_introspection_c.dir/rosidl_typesupport_introspection_c/type_description_interfaces/msg/detail/field_type__type_support.c.o[0m
[28.581s] [ 41%] [32mBuilding C object CMakeFiles/type_description_interfaces__rosidl_typesupport_introspection_c.dir/rosidl_typesupport_introspection_c/type_description_interfaces/msg/detail/individual_type_description__type_support.c.o[0m
[28.657s] [ 42%] [32mBuilding C object CMakeFiles/type_description_interfaces__rosidl_typesupport_introspection_c.dir/rosidl_typesupport_introspection_c/type_description_interfaces/msg/detail/key_value__type_support.c.o[0m
[28.707s] [ 43%] [32mBuilding C object CMakeFiles/type_description_interfaces__rosidl_typesupport_introspection_c.dir/rosidl_typesupport_introspection_c/type_description_interfaces/msg/detail/type_description__type_support.c.o[0m
[28.771s] [ 44%] [32mBuilding C object CMakeFiles/type_description_interfaces__rosidl_typesupport_introspection_c.dir/rosidl_typesupport_introspection_c/type_description_interfaces/msg/detail/type_source__type_support.c.o[0m
[28.833s] [ 45%] [32mBuilding C object CMakeFiles/type_description_interfaces__rosidl_typesupport_introspection_c.dir/rosidl_typesupport_introspection_c/type_description_interfaces/srv/detail/get_type_description__type_support.c.o[0m
[28.908s] [ 46%] [32m[1mLinking C shared library libtype_description_interfaces__rosidl_typesupport_introspection_c.so[0m
[28.968s] [ 46%] Built target type_description_interfaces__rosidl_typesupport_introspection_c
[29.008s] [ 47%] [34m[1mGenerating C type support dispatch for ROS interfaces[0m
[31.009s] [ 48%] [32mBuilding CXX object CMakeFiles/type_description_interfaces__rosidl_typesupport_c.dir/rosidl_typesupport_c/type_description_interfaces/msg/field__type_support.cpp.o[0m
[31.096s] [ 49%] [32mBuilding CXX object CMakeFiles/type_description_interfaces__rosidl_typesupport_c.dir/rosidl_typesupport_c/type_description_interfaces/msg/field_type__type_support.cpp.o[0m
[31.160s] [ 50%] [32mBuilding CXX object CMakeFiles/type_description_interfaces__rosidl_typesupport_c.dir/rosidl_typesupport_c/type_description_interfaces/msg/individual_type_description__type_support.cpp.o[0m
[31.242s] [ 51%] [32mBuilding CXX object CMakeFiles/type_description_interfaces__rosidl_typesupport_c.dir/rosidl_typesupport_c/type_description_interfaces/msg/key_value__type_support.cpp.o[0m
[31.325s] [ 52%] [32mBuilding CXX object CMakeFiles/type_description_interfaces__rosidl_typesupport_c.dir/rosidl_typesupport_c/type_description_interfaces/msg/type_description__type_support.cpp.o[0m
[31.405s] [ 53%] [32mBuilding CXX object CMakeFiles/type_description_interfaces__rosidl_typesupport_c.dir/rosidl_typesupport_c/type_description_interfaces/msg/type_source__type_support.cpp.o[0m
[31.519s] [ 54%] [32mBuilding CXX object CMakeFiles/type_description_interfaces__rosidl_typesupport_c.dir/rosidl_typesupport_c/type_description_interfaces/srv/get_type_description__type_support.cpp.o[0m
[31.626s] [ 55%] [32m[1mLinking CXX shared library libtype_description_interfaces__rosidl_typesupport_c.so[0m
[31.716s] [ 55%] Built target type_description_interfaces__rosidl_typesupport_c
[31.736s] [ 56%] [34m[1mGenerating C++ type support for eProsima Fast-RTPS[0m
[33.818s] [ 57%] [32mBuilding CXX object CMakeFiles/type_description_interfaces__rosidl_typesupport_fastrtps_cpp.dir/rosidl_typesupport_fastrtps_cpp/type_description_interfaces/msg/detail/dds_fastrtps/field__type_support.cpp.o[0m
[34.785s] [ 58%] [32mBuilding CXX object CMakeFiles/type_description_interfaces__rosidl_typesupport_fastrtps_cpp.dir/rosidl_typesupport_fastrtps_cpp/type_description_interfaces/msg/detail/dds_fastrtps/field_type__type_support.cpp.o[0m
[35.744s] [ 60%] [32mBuilding CXX object CMakeFiles/type_description_interfaces__rosidl_typesupport_fastrtps_cpp.dir/rosidl_typesupport_fastrtps_cpp/type_description_interfaces/msg/detail/dds_fastrtps/individual_type_description__type_support.cpp.o[0m
[36.683s] [ 61%] [32mBuilding CXX object CMakeFiles/type_description_interfaces__rosidl_typesupport_fastrtps_cpp.dir/rosidl_typesupport_fastrtps_cpp/type_description_interfaces/msg/detail/dds_fastrtps/key_value__type_support.cpp.o[0m
[37.484s] [ 62%] [32mBuilding CXX object CMakeFiles/type_description_interfaces__rosidl_typesupport_fastrtps_cpp.dir/rosidl_typesupport_fastrtps_cpp/type_description_interfaces/msg/detail/dds_fastrtps/type_description__type_support.cpp.o[0m
[38.403s] [ 63%] [32mBuilding CXX object CMakeFiles/type_description_interfaces__rosidl_typesupport_fastrtps_cpp.dir/rosidl_typesupport_fastrtps_cpp/type_description_interfaces/msg/detail/dds_fastrtps/type_source__type_support.cpp.o[0m
[39.160s] [ 64%] [32mBuilding CXX object CMakeFiles/type_description_interfaces__rosidl_typesupport_fastrtps_cpp.dir/rosidl_typesupport_fastrtps_cpp/type_description_interfaces/srv/detail/dds_fastrtps/get_type_description__type_support.cpp.o[0m
[40.545s] [ 65%] [32m[1mLinking CXX shared library libtype_description_interfaces__rosidl_typesupport_fastrtps_cpp.so[0m
[40.773s] [ 65%] Built target type_description_interfaces__rosidl_typesupport_fastrtps_cpp
[40.809s] [ 66%] [34m[1mGenerating C++ introspection for ROS interfaces[0m
[42.825s] [ 67%] [32mBuilding CXX object CMakeFiles/type_description_interfaces__rosidl_typesupport_introspection_cpp.dir/rosidl_typesupport_introspection_cpp/type_description_interfaces/msg/detail/field__type_support.cpp.o[0m
[43.405s] [ 68%] [32mBuilding CXX object CMakeFiles/type_description_interfaces__rosidl_typesupport_introspection_cpp.dir/rosidl_typesupport_introspection_cpp/type_description_interfaces/msg/detail/field_type__type_support.cpp.o[0m
[43.916s] [ 69%] [32mBuilding CXX object CMakeFiles/type_description_interfaces__rosidl_typesupport_introspection_cpp.dir/rosidl_typesupport_introspection_cpp/type_description_interfaces/msg/detail/individual_type_description__type_support.cpp.o[0m
[44.863s] [ 70%] [32mBuilding CXX object CMakeFiles/type_description_interfaces__rosidl_typesupport_introspection_cpp.dir/rosidl_typesupport_introspection_cpp/type_description_interfaces/msg/detail/key_value__type_support.cpp.o[0m
[45.410s] [ 71%] [32mBuilding CXX object CMakeFiles/type_description_interfaces__rosidl_typesupport_introspection_cpp.dir/rosidl_typesupport_introspection_cpp/type_description_interfaces/msg/detail/type_description__type_support.cpp.o[0m
[46.356s] [ 72%] [32mBuilding CXX object CMakeFiles/type_description_interfaces__rosidl_typesupport_introspection_cpp.dir/rosidl_typesupport_introspection_cpp/type_description_interfaces/msg/detail/type_source__type_support.cpp.o[0m
[46.930s] [ 73%] [32mBuilding CXX object CMakeFiles/type_description_interfaces__rosidl_typesupport_introspection_cpp.dir/rosidl_typesupport_introspection_cpp/type_description_interfaces/srv/detail/get_type_description__type_support.cpp.o[0m
[48.178s] [ 74%] [32m[1mLinking CXX shared library libtype_description_interfaces__rosidl_typesupport_introspection_cpp.so[0m
[48.322s] [ 74%] Built target type_description_interfaces__rosidl_typesupport_introspection_cpp
[48.340s] [ 75%] [34m[1mGenerating C++ type support dispatch for ROS interfaces[0m
[50.584s] [ 76%] [32mBuilding CXX object CMakeFiles/type_description_interfaces__rosidl_typesupport_cpp.dir/rosidl_typesupport_cpp/type_description_interfaces/msg/field__type_support.cpp.o[0m
[51.298s] [ 77%] [32mBuilding CXX object CMakeFiles/type_description_interfaces__rosidl_typesupport_cpp.dir/rosidl_typesupport_cpp/type_description_interfaces/msg/field_type__type_support.cpp.o[0m
[51.840s] [ 78%] [32mBuilding CXX object CMakeFiles/type_description_interfaces__rosidl_typesupport_cpp.dir/rosidl_typesupport_cpp/type_description_interfaces/msg/individual_type_description__type_support.cpp.o[0m
[52.313s] [ 80%] [32mBuilding CXX object CMakeFiles/type_description_interfaces__rosidl_typesupport_cpp.dir/rosidl_typesupport_cpp/type_description_interfaces/msg/key_value__type_support.cpp.o[0m
[52.766s] [ 81%] [32mBuilding CXX object CMakeFiles/type_description_interfaces__rosidl_typesupport_cpp.dir/rosidl_typesupport_cpp/type_description_interfaces/msg/type_description__type_support.cpp.o[0m
[53.246s] [ 82%] [32mBuilding CXX object CMakeFiles/type_description_interfaces__rosidl_typesupport_cpp.dir/rosidl_typesupport_cpp/type_description_interfaces/msg/type_source__type_support.cpp.o[0m
[53.705s] [ 83%] [32mBuilding CXX object CMakeFiles/type_description_interfaces__rosidl_typesupport_cpp.dir/rosidl_typesupport_cpp/type_description_interfaces/srv/get_type_description__type_support.cpp.o[0m
[54.568s] [ 84%] [32m[1mLinking CXX shared library libtype_description_interfaces__rosidl_typesupport_cpp.so[0m
[54.689s] [ 84%] Built target type_description_interfaces__rosidl_typesupport_cpp
[54.728s] [ 84%] Built target type_description_interfaces
[54.771s] [ 85%] [34m[1mGenerating Python code for ROS interfaces[0m
[58.057s] [ 85%] Built target type_description_interfaces__py
[58.109s] [ 86%] [32mBuilding C object CMakeFiles/type_description_interfaces__rosidl_generator_py.dir/rosidl_generator_py/type_description_interfaces/msg/_field_s.c.o[0m
[58.324s] [ 87%] [32mBuilding C object CMakeFiles/type_description_interfaces__rosidl_generator_py.dir/rosidl_generator_py/type_description_interfaces/msg/_field_type_s.c.o[0m
[58.535s] [ 88%] [32mBuilding C object CMakeFiles/type_description_interfaces__rosidl_generator_py.dir/rosidl_generator_py/type_description_interfaces/msg/_individual_type_description_s.c.o[0m
[58.774s] [ 89%] [32mBuilding C object CMakeFiles/type_description_interfaces__rosidl_generator_py.dir/rosidl_generator_py/type_description_interfaces/msg/_key_value_s.c.o[0m
[58.954s] [ 90%] [32mBuilding C object CMakeFiles/type_description_interfaces__rosidl_generator_py.dir/rosidl_generator_py/type_description_interfaces/msg/_type_description_s.c.o[0m
[59.230s] [ 91%] [32mBuilding C object CMakeFiles/type_description_interfaces__rosidl_generator_py.dir/rosidl_generator_py/type_description_interfaces/msg/_type_source_s.c.o[0m
[59.417s] [ 92%] [32mBuilding C object CMakeFiles/type_description_interfaces__rosidl_generator_py.dir/rosidl_generator_py/type_description_interfaces/srv/_get_type_description_s.c.o[0m
[59.709s] [ 93%] [32m[1mLinking C shared library libtype_description_interfaces__rosidl_generator_py.so[0m
[59.786s] [ 93%] Built target type_description_interfaces__rosidl_generator_py
[59.828s] [ 94%] [32mBuilding C object CMakeFiles/type_description_interfaces_s__rosidl_typesupport_fastrtps_c.dir/rosidl_generator_py/type_description_interfaces/_type_description_interfaces_s.ep.rosidl_typesupport_fastrtps_c.c.o[0m
[60.039s] [ 95%] [32m[1mLinking C shared module rosidl_generator_py/type_description_interfaces/type_description_interfaces_s__rosidl_typesupport_fastrtps_c.so[0m
[60.081s] [ 95%] Built target type_description_interfaces_s__rosidl_typesupport_fastrtps_c
[60.134s] [ 96%] [32mBuilding C object CMakeFiles/type_description_interfaces_s__rosidl_typesupport_introspection_c.dir/rosidl_generator_py/type_description_interfaces/_type_description_interfaces_s.ep.rosidl_typesupport_introspection_c.c.o[0m
[60.347s] [ 97%] [32m[1mLinking C shared module rosidl_generator_py/type_description_interfaces/type_description_interfaces_s__rosidl_typesupport_introspection_c.so[0m
[60.430s] [ 97%] Built target type_description_interfaces_s__rosidl_typesupport_introspection_c
[60.462s] [ 98%] [32mBuilding C object CMakeFiles/type_description_interfaces_s__rosidl_typesupport_c.dir/rosidl_generator_py/type_description_interfaces/_type_description_interfaces_s.ep.rosidl_typesupport_c.c.o[0m
[60.678s] [100%] [32m[1mLinking C shared module rosidl_generator_py/type_description_interfaces/type_description_interfaces_s__rosidl_typesupport_c.so[0m
[60.755s] [100%] Built target type_description_interfaces_s__rosidl_typesupport_c
[60.771s] Invoked command in '/home/ohtoai/rust_ros_ws/build/type_description_interfaces' returned '0': AMENT_PREFIX_PATH=/home/ohtoai/rust_ros_ws/install/service_msgs:/home/ohtoai/rust_ros_ws/install/builtin_interfaces:/home/ohtoai/rust_ros_ws/install/rosidl_core_runtime:/home/ohtoai/rust_ros_ws/install/rosidl_core_generators:/home/ohtoai/rust_ros_ws/install/rosidl_generator_rs:/home/ohtoai/rust_ros_ws/install/rosidl_runtime_rs:${AMENT_PREFIX_PATH} CMAKE_PREFIX_PATH=/home/ohtoai/rust_ros_ws/install/service_msgs:/home/ohtoai/rust_ros_ws/install/builtin_interfaces:/home/ohtoai/rust_ros_ws/install/rosidl_core_runtime:/home/ohtoai/rust_ros_ws/install/rosidl_core_generators:/home/ohtoai/rust_ros_ws/install/rosidl_generator_rs:/opt/ros/jazzy/opt/gz_math_vendor:/opt/ros/jazzy/opt/gz_utils_vendor:/opt/ros/jazzy/opt/gz_cmake_vendor:/opt/ros/jazzy DEBUGINFOD_URLS=https://debuginfod.ubuntu.com LD_LIBRARY_PATH=/home/ohtoai/rust_ros_ws/install/service_msgs/lib:/home/ohtoai/rust_ros_ws/install/builtin_interfaces/lib:${LD_LIBRARY_PATH} PYTHONPATH=/home/ohtoai/rust_ros_ws/install/service_msgs/lib/python3.12/site-packages:/home/ohtoai/rust_ros_ws/install/builtin_interfaces/lib/python3.12/site-packages:/home/ohtoai/rust_ros_ws/install/rosidl_generator_rs/lib/python3.12/site-packages:${PYTHONPATH} /usr/bin/cmake --build /home/ohtoai/rust_ros_ws/build/type_description_interfaces -- -j2 -l2
[60.772s] Invoking command in '/home/ohtoai/rust_ros_ws/build/type_description_interfaces': AMENT_PREFIX_PATH=/home/ohtoai/rust_ros_ws/install/service_msgs:/home/ohtoai/rust_ros_ws/install/builtin_interfaces:/home/ohtoai/rust_ros_ws/install/rosidl_core_runtime:/home/ohtoai/rust_ros_ws/install/rosidl_core_generators:/home/ohtoai/rust_ros_ws/install/rosidl_generator_rs:/home/ohtoai/rust_ros_ws/install/rosidl_runtime_rs:${AMENT_PREFIX_PATH} CMAKE_PREFIX_PATH=/home/ohtoai/rust_ros_ws/install/service_msgs:/home/ohtoai/rust_ros_ws/install/builtin_interfaces:/home/ohtoai/rust_ros_ws/install/rosidl_core_runtime:/home/ohtoai/rust_ros_ws/install/rosidl_core_generators:/home/ohtoai/rust_ros_ws/install/rosidl_generator_rs:/opt/ros/jazzy/opt/gz_math_vendor:/opt/ros/jazzy/opt/gz_utils_vendor:/opt/ros/jazzy/opt/gz_cmake_vendor:/opt/ros/jazzy DEBUGINFOD_URLS=https://debuginfod.ubuntu.com LD_LIBRARY_PATH=/home/ohtoai/rust_ros_ws/install/service_msgs/lib:/home/ohtoai/rust_ros_ws/install/builtin_interfaces/lib:${LD_LIBRARY_PATH} PYTHONPATH=/home/ohtoai/rust_ros_ws/install/service_msgs/lib/python3.12/site-packages:/home/ohtoai/rust_ros_ws/install/builtin_interfaces/lib/python3.12/site-packages:/home/ohtoai/rust_ros_ws/install/rosidl_generator_rs/lib/python3.12/site-packages:${PYTHONPATH} /usr/bin/cmake --install /home/ohtoai/rust_ros_ws/build/type_description_interfaces
[60.796s] -- Install configuration: ""
[60.800s] -- Installing: /home/ohtoai/rust_ros_ws/install/type_description_interfaces/share/ament_index/resource_index/rosidl_interfaces/type_description_interfaces
[60.800s] -- Installing: /home/ohtoai/rust_ros_ws/install/type_description_interfaces/share/type_description_interfaces/msg/Field.json
[60.800s] -- Installing: /home/ohtoai/rust_ros_ws/install/type_description_interfaces/share/type_description_interfaces/msg/FieldType.json
[60.801s] -- Installing: /home/ohtoai/rust_ros_ws/install/type_description_interfaces/share/type_description_interfaces/msg/IndividualTypeDescription.json
[60.801s] -- Installing: /home/ohtoai/rust_ros_ws/install/type_description_interfaces/share/type_description_interfaces/msg/KeyValue.json
[60.801s] -- Installing: /home/ohtoai/rust_ros_ws/install/type_description_interfaces/share/type_description_interfaces/msg/TypeDescription.json
[60.801s] -- Installing: /home/ohtoai/rust_ros_ws/install/type_description_interfaces/share/type_description_interfaces/msg/TypeSource.json
[60.802s] -- Installing: /home/ohtoai/rust_ros_ws/install/type_description_interfaces/share/type_description_interfaces/srv/GetTypeDescription.json
[60.802s] -- Installing: /home/ohtoai/rust_ros_ws/install/type_description_interfaces/include/type_description_interfaces/type_description_interfaces
[60.802s] -- Installing: /home/ohtoai/rust_ros_ws/install/type_description_interfaces/include/type_description_interfaces/type_description_interfaces/msg
[60.802s] -- Installing: /home/ohtoai/rust_ros_ws/install/type_description_interfaces/include/type_description_interfaces/type_description_interfaces/msg/field.h
[60.802s] -- Installing: /home/ohtoai/rust_ros_ws/install/type_description_interfaces/include/type_description_interfaces/type_description_interfaces/msg/detail
[60.803s] -- Installing: /home/ohtoai/rust_ros_ws/install/type_description_interfaces/include/type_description_interfaces/type_description_interfaces/msg/detail/type_description__type_support.c
[60.803s] -- Installing: /home/ohtoai/rust_ros_ws/install/type_description_interfaces/include/type_description_interfaces/type_description_interfaces/msg/detail/type_description__type_support.h
[60.803s] -- Installing: /home/ohtoai/rust_ros_ws/install/type_description_interfaces/include/type_description_interfaces/type_description_interfaces/msg/detail/field_type__struct.h
[60.803s] -- Installing: /home/ohtoai/rust_ros_ws/install/type_description_interfaces/include/type_description_interfaces/type_description_interfaces/msg/detail/key_value__type_support.h
[60.803s] -- Installing: /home/ohtoai/rust_ros_ws/install/type_description_interfaces/include/type_description_interfaces/type_description_interfaces/msg/detail/field_type__functions.c
[60.803s] -- Installing: /home/ohtoai/rust_ros_ws/install/type_description_interfaces/include/type_description_interfaces/type_description_interfaces/msg/detail/field__type_support.c
[60.803s] -- Installing: /home/ohtoai/rust_ros_ws/install/type_description_interfaces/include/type_description_interfaces/type_description_interfaces/msg/detail/field_type__type_support.c
[60.805s] -- Installing: /home/ohtoai/rust_ros_ws/install/type_description_interfaces/include/type_description_interfaces/type_description_interfaces/msg/detail/key_value__description.c
[60.805s] -- Installing: /home/ohtoai/rust_ros_ws/install/type_description_interfaces/include/type_description_interfaces/type_description_interfaces/msg/detail/key_value__type_support.c
[60.805s] -- Installing: /home/ohtoai/rust_ros_ws/install/type_description_interfaces/include/type_description_interfaces/type_description_interfaces/msg/detail/key_value__functions.c
[60.805s] -- Installing: /home/ohtoai/rust_ros_ws/install/type_description_interfaces/include/type_description_interfaces/type_description_interfaces/msg/detail/type_source__type_support.h
[60.805s] -- Installing: /home/ohtoai/rust_ros_ws/install/type_description_interfaces/include/type_description_interfaces/type_description_interfaces/msg/detail/field_type__type_support.h
[60.805s] -- Installing: /home/ohtoai/rust_ros_ws/install/type_description_interfaces/include/type_description_interfaces/type_description_interfaces/msg/detail/type_source__description.c
[60.805s] -- Installing: /home/ohtoai/rust_ros_ws/install/type_description_interfaces/include/type_description_interfaces/type_description_interfaces/msg/detail/individual_type_description__type_support.c
[60.805s] -- Installing: /home/ohtoai/rust_ros_ws/install/type_description_interfaces/include/type_description_interfaces/type_description_interfaces/msg/detail/individual_type_description__functions.c
[60.805s] -- Installing: /home/ohtoai/rust_ros_ws/install/type_description_interfaces/include/type_description_interfaces/type_description_interfaces/msg/detail/type_description__description.c
[60.805s] -- Installing: /home/ohtoai/rust_ros_ws/install/type_description_interfaces/include/type_description_interfaces/type_description_interfaces/msg/detail/type_source__struct.h
[60.806s] -- Installing: /home/ohtoai/rust_ros_ws/install/type_description_interfaces/include/type_description_interfaces/type_description_interfaces/msg/detail/key_value__functions.h
[60.808s] -- Installing: /home/ohtoai/rust_ros_ws/install/type_description_interfaces/include/type_description_interfaces/type_description_interfaces/msg/detail/field__functions.h
[60.808s] -- Installing: /home/ohtoai/rust_ros_ws/install/type_description_interfaces/include/type_description_interfaces/type_description_interfaces/msg/detail/key_value__struct.h
[60.808s] -- Installing: /home/ohtoai/rust_ros_ws/install/type_description_interfaces/include/type_description_interfaces/type_description_interfaces/msg/detail/field__functions.c
[60.809s] -- Installing: /home/ohtoai/rust_ros_ws/install/type_description_interfaces/include/type_description_interfaces/type_description_interfaces/msg/detail/type_source__type_support.c
[60.809s] -- Installing: /home/ohtoai/rust_ros_ws/install/type_description_interfaces/include/type_description_interfaces/type_description_interfaces/msg/detail/type_source__functions.c
[60.809s] -- Installing: /home/ohtoai/rust_ros_ws/install/type_description_interfaces/include/type_description_interfaces/type_description_interfaces/msg/detail/field__type_support.h
[60.810s] -- Installing: /home/ohtoai/rust_ros_ws/install/type_description_interfaces/include/type_description_interfaces/type_description_interfaces/msg/detail/individual_type_description__type_support.h
[60.810s] -- Installing: /home/ohtoai/rust_ros_ws/install/type_description_interfaces/include/type_description_interfaces/type_description_interfaces/msg/detail/field_type__functions.h
[60.810s] -- Installing: /home/ohtoai/rust_ros_ws/install/type_description_interfaces/include/type_description_interfaces/type_description_interfaces/msg/detail/individual_type_description__description.c
[60.810s] -- Installing: /home/ohtoai/rust_ros_ws/install/type_description_interfaces/include/type_description_interfaces/type_description_interfaces/msg/detail/type_description__struct.h
[60.810s] -- Installing: /home/ohtoai/rust_ros_ws/install/type_description_interfaces/include/type_description_interfaces/type_description_interfaces/msg/detail/field__description.c
[60.810s] -- Installing: /home/ohtoai/rust_ros_ws/install/type_description_interfaces/include/type_description_interfaces/type_description_interfaces/msg/detail/field__struct.h
[60.815s] -- Installing: /home/ohtoai/rust_ros_ws/install/type_description_interfaces/include/type_description_interfaces/type_description_interfaces/msg/detail/individual_type_description__struct.h
[60.815s] -- Installing: /home/ohtoai/rust_ros_ws/install/type_description_interfaces/include/type_description_interfaces/type_description_interfaces/msg/detail/type_description__functions.h
[60.815s] -- Installing: /home/ohtoai/rust_ros_ws/install/type_description_interfaces/include/type_description_interfaces/type_description_interfaces/msg/detail/type_description__functions.c
[60.815s] -- Installing: /home/ohtoai/rust_ros_ws/install/type_description_interfaces/include/type_description_interfaces/type_description_interfaces/msg/detail/field_type__description.c
[60.815s] -- Installing: /home/ohtoai/rust_ros_ws/install/type_description_interfaces/include/type_description_interfaces/type_description_interfaces/msg/detail/type_source__functions.h
[60.815s] -- Installing: /home/ohtoai/rust_ros_ws/install/type_description_interfaces/include/type_description_interfaces/type_description_interfaces/msg/detail/individual_type_description__functions.h
[60.815s] -- Installing: /home/ohtoai/rust_ros_ws/install/type_description_interfaces/include/type_description_interfaces/type_description_interfaces/msg/individual_type_description.h
[60.815s] -- Installing: /home/ohtoai/rust_ros_ws/install/type_description_interfaces/include/type_description_interfaces/type_description_interfaces/msg/type_source.h
[60.815s] -- Installing: /home/ohtoai/rust_ros_ws/install/type_description_interfaces/include/type_description_interfaces/type_description_interfaces/msg/rosidl_generator_c__visibility_control.h
[60.815s] -- Installing: /home/ohtoai/rust_ros_ws/install/type_description_interfaces/include/type_description_interfaces/type_description_interfaces/msg/key_value.h
[60.815s] -- Installing: /home/ohtoai/rust_ros_ws/install/type_description_interfaces/include/type_description_interfaces/type_description_interfaces/msg/field_type.h
[60.815s] -- Installing: /home/ohtoai/rust_ros_ws/install/type_description_interfaces/include/type_description_interfaces/type_description_interfaces/msg/type_description.h
[60.816s] -- Installing: /home/ohtoai/rust_ros_ws/install/type_description_interfaces/include/type_description_interfaces/type_description_interfaces/srv
[60.816s] -- Installing: /home/ohtoai/rust_ros_ws/install/type_description_interfaces/include/type_description_interfaces/type_description_interfaces/srv/detail
[60.816s] -- Installing: /home/ohtoai/rust_ros_ws/install/type_description_interfaces/include/type_description_interfaces/type_description_interfaces/srv/detail/get_type_description__description.c
[60.816s] -- Installing: /home/ohtoai/rust_ros_ws/install/type_description_interfaces/include/type_description_interfaces/type_description_interfaces/srv/detail/get_type_description__functions.h
[60.816s] -- Installing: /home/ohtoai/rust_ros_ws/install/type_description_interfaces/include/type_description_interfaces/type_description_interfaces/srv/detail/get_type_description__type_support.c
[60.816s] -- Installing: /home/ohtoai/rust_ros_ws/install/type_description_interfaces/include/type_description_interfaces/type_description_interfaces/srv/detail/get_type_description__struct.h
[60.816s] -- Installing: /home/ohtoai/rust_ros_ws/install/type_description_interfaces/include/type_description_interfaces/type_description_interfaces/srv/detail/get_type_description__type_support.h
[60.816s] -- Installing: /home/ohtoai/rust_ros_ws/install/type_description_interfaces/include/type_description_interfaces/type_description_interfaces/srv/detail/get_type_description__functions.c
[60.816s] -- Installing: /home/ohtoai/rust_ros_ws/install/type_description_interfaces/include/type_description_interfaces/type_description_interfaces/srv/get_type_description.h
[60.816s] -- Installing: /home/ohtoai/rust_ros_ws/install/type_description_interfaces/share/type_description_interfaces/environment/library_path.sh
[60.816s] -- Installing: /home/ohtoai/rust_ros_ws/install/type_description_interfaces/share/type_description_interfaces/environment/library_path.dsv
[60.820s] -- Installing: /home/ohtoai/rust_ros_ws/install/type_description_interfaces/lib/libtype_description_interfaces__rosidl_generator_c.so
[60.820s] -- Set non-toolchain portion of runtime path of "/home/ohtoai/rust_ros_ws/install/type_description_interfaces/lib/libtype_description_interfaces__rosidl_generator_c.so" to ""
[60.820s] -- Up-to-date: /home/ohtoai/rust_ros_ws/install/type_description_interfaces/include/type_description_interfaces/type_description_interfaces
[60.820s] -- Up-to-date: /home/ohtoai/rust_ros_ws/install/type_description_interfaces/include/type_description_interfaces/type_description_interfaces/msg
[60.820s] -- Up-to-date: /home/ohtoai/rust_ros_ws/install/type_description_interfaces/include/type_description_interfaces/type_description_interfaces/msg/detail
[60.820s] -- Installing: /home/ohtoai/rust_ros_ws/install/type_description_interfaces/include/type_description_interfaces/type_description_interfaces/msg/detail/field_type__rosidl_typesupport_fastrtps_c.h
[60.820s] -- Installing: /home/ohtoai/rust_ros_ws/install/type_description_interfaces/include/type_description_interfaces/type_description_interfaces/msg/detail/field__rosidl_typesupport_fastrtps_c.h
[60.820s] -- Installing: /home/ohtoai/rust_ros_ws/install/type_description_interfaces/include/type_description_interfaces/type_description_interfaces/msg/detail/individual_type_description__rosidl_typesupport_fastrtps_c.h
[60.823s] -- Installing: /home/ohtoai/rust_ros_ws/install/type_description_interfaces/include/type_description_interfaces/type_description_interfaces/msg/detail/key_value__rosidl_typesupport_fastrtps_c.h
[60.823s] -- Installing: /home/ohtoai/rust_ros_ws/install/type_description_interfaces/include/type_description_interfaces/type_description_interfaces/msg/detail/type_description__rosidl_typesupport_fastrtps_c.h
[60.823s] -- Installing: /home/ohtoai/rust_ros_ws/install/type_description_interfaces/include/type_description_interfaces/type_description_interfaces/msg/detail/type_source__rosidl_typesupport_fastrtps_c.h
[60.823s] -- Installing: /home/ohtoai/rust_ros_ws/install/type_description_interfaces/include/type_description_interfaces/type_description_interfaces/msg/rosidl_typesupport_fastrtps_c__visibility_control.h
[60.823s] -- Up-to-date: /home/ohtoai/rust_ros_ws/install/type_description_interfaces/include/type_description_interfaces/type_description_interfaces/srv
[60.824s] -- Up-to-date: /home/ohtoai/rust_ros_ws/install/type_description_interfaces/include/type_description_interfaces/type_description_interfaces/srv/detail
[60.824s] -- Installing: /home/ohtoai/rust_ros_ws/install/type_description_interfaces/include/type_description_interfaces/type_description_interfaces/srv/detail/get_type_description__rosidl_typesupport_fastrtps_c.h
[60.824s] -- Installing: /home/ohtoai/rust_ros_ws/install/type_description_interfaces/lib/libtype_description_interfaces__rosidl_typesupport_fastrtps_c.so
[60.824s] -- Set non-toolchain portion of runtime path of "/home/ohtoai/rust_ros_ws/install/type_description_interfaces/lib/libtype_description_interfaces__rosidl_typesupport_fastrtps_c.so" to ""
[60.824s] -- Up-to-date: /home/ohtoai/rust_ros_ws/install/type_description_interfaces/include/type_description_interfaces/type_description_interfaces
[60.824s] -- Up-to-date: /home/ohtoai/rust_ros_ws/install/type_description_interfaces/include/type_description_interfaces/type_description_interfaces/msg
[60.824s] -- Up-to-date: /home/ohtoai/rust_ros_ws/install/type_description_interfaces/include/type_description_interfaces/type_description_interfaces/msg/detail
[60.824s] -- Installing: /home/ohtoai/rust_ros_ws/install/type_description_interfaces/include/type_description_interfaces/type_description_interfaces/msg/detail/type_description__type_support.c
[60.824s] -- Installing: /home/ohtoai/rust_ros_ws/install/type_description_interfaces/include/type_description_interfaces/type_description_interfaces/msg/detail/field__type_support.c
[60.825s] -- Installing: /home/ohtoai/rust_ros_ws/install/type_description_interfaces/include/type_description_interfaces/type_description_interfaces/msg/detail/field_type__type_support.c
[60.826s] -- Installing: /home/ohtoai/rust_ros_ws/install/type_description_interfaces/include/type_description_interfaces/type_description_interfaces/msg/detail/type_description__rosidl_typesupport_introspection_c.h
[60.827s] -- Installing: /home/ohtoai/rust_ros_ws/install/type_description_interfaces/include/type_description_interfaces/type_description_interfaces/msg/detail/key_value__type_support.c
[60.827s] -- Installing: /home/ohtoai/rust_ros_ws/install/type_description_interfaces/include/type_description_interfaces/type_description_interfaces/msg/detail/field_type__rosidl_typesupport_introspection_c.h
[60.828s] -- Installing: /home/ohtoai/rust_ros_ws/install/type_description_interfaces/include/type_description_interfaces/type_description_interfaces/msg/detail/key_value__rosidl_typesupport_introspection_c.h
[60.829s] -- Installing: /home/ohtoai/rust_ros_ws/install/type_description_interfaces/include/type_description_interfaces/type_description_interfaces/msg/detail/individual_type_description__type_support.c
[60.830s] -- Installing: /home/ohtoai/rust_ros_ws/install/type_description_interfaces/include/type_description_interfaces/type_description_interfaces/msg/detail/individual_type_description__rosidl_typesupport_introspection_c.h
[60.830s] -- Installing: /home/ohtoai/rust_ros_ws/install/type_description_interfaces/include/type_description_interfaces/type_description_interfaces/msg/detail/type_source__type_support.c
[60.830s] -- Installing: /home/ohtoai/rust_ros_ws/install/type_description_interfaces/include/type_description_interfaces/type_description_interfaces/msg/detail/field__rosidl_typesupport_introspection_c.h
[60.830s] -- Installing: /home/ohtoai/rust_ros_ws/install/type_description_interfaces/include/type_description_interfaces/type_description_interfaces/msg/detail/type_source__rosidl_typesupport_introspection_c.h
[60.830s] -- Installing: /home/ohtoai/rust_ros_ws/install/type_description_interfaces/include/type_description_interfaces/type_description_interfaces/msg/rosidl_typesupport_introspection_c__visibility_control.h
[60.830s] -- Up-to-date: /home/ohtoai/rust_ros_ws/install/type_description_interfaces/include/type_description_interfaces/type_description_interfaces/srv
[60.833s] -- Up-to-date: /home/ohtoai/rust_ros_ws/install/type_description_interfaces/include/type_description_interfaces/type_description_interfaces/srv/detail
[60.834s] -- Installing: /home/ohtoai/rust_ros_ws/install/type_description_interfaces/include/type_description_interfaces/type_description_interfaces/srv/detail/get_type_description__rosidl_typesupport_introspection_c.h
[60.834s] -- Installing: /home/ohtoai/rust_ros_ws/install/type_description_interfaces/include/type_description_interfaces/type_description_interfaces/srv/detail/get_type_description__type_support.c
[60.834s] -- Installing: /home/ohtoai/rust_ros_ws/install/type_description_interfaces/lib/libtype_description_interfaces__rosidl_typesupport_introspection_c.so
[60.835s] -- Set non-toolchain portion of runtime path of "/home/ohtoai/rust_ros_ws/install/type_description_interfaces/lib/libtype_description_interfaces__rosidl_typesupport_introspection_c.so" to ""
[60.835s] -- Installing: /home/ohtoai/rust_ros_ws/install/type_description_interfaces/lib/libtype_description_interfaces__rosidl_typesupport_c.so
[60.835s] -- Set non-toolchain portion of runtime path of "/home/ohtoai/rust_ros_ws/install/type_description_interfaces/lib/libtype_description_interfaces__rosidl_typesupport_c.so" to ""
[60.835s] -- Up-to-date: /home/ohtoai/rust_ros_ws/install/type_description_interfaces/include/type_description_interfaces/type_description_interfaces
[60.835s] -- Up-to-date: /home/ohtoai/rust_ros_ws/install/type_description_interfaces/include/type_description_interfaces/type_description_interfaces/msg
[60.835s] -- Installing: /home/ohtoai/rust_ros_ws/install/type_description_interfaces/include/type_description_interfaces/type_description_interfaces/msg/type_source.hpp
[60.835s] -- Up-to-date: /home/ohtoai/rust_ros_ws/install/type_description_interfaces/include/type_description_interfaces/type_description_interfaces/msg/detail
[60.835s] -- Installing: /home/ohtoai/rust_ros_ws/install/type_description_interfaces/include/type_description_interfaces/type_description_interfaces/msg/detail/type_source__builder.hpp
[60.835s] -- Installing: /home/ohtoai/rust_ros_ws/install/type_description_interfaces/include/type_description_interfaces/type_description_interfaces/msg/detail/type_description__builder.hpp
[60.835s] -- Installing: /home/ohtoai/rust_ros_ws/install/type_description_interfaces/include/type_description_interfaces/type_description_interfaces/msg/detail/field__struct.hpp
[60.835s] -- Installing: /home/ohtoai/rust_ros_ws/install/type_description_interfaces/include/type_description_interfaces/type_description_interfaces/msg/detail/key_value__builder.hpp
[60.835s] -- Installing: /home/ohtoai/rust_ros_ws/install/type_description_interfaces/include/type_description_interfaces/type_description_interfaces/msg/detail/type_description__traits.hpp
[60.835s] -- Installing: /home/ohtoai/rust_ros_ws/install/type_description_interfaces/include/type_description_interfaces/type_description_interfaces/msg/detail/individual_type_description__traits.hpp
[60.835s] -- Installing: /home/ohtoai/rust_ros_ws/install/type_description_interfaces/include/type_description_interfaces/type_description_interfaces/msg/detail/field_type__builder.hpp
[60.835s] -- Installing: /home/ohtoai/rust_ros_ws/install/type_description_interfaces/include/type_description_interfaces/type_description_interfaces/msg/detail/key_value__struct.hpp
[60.835s] -- Installing: /home/ohtoai/rust_ros_ws/install/type_description_interfaces/include/type_description_interfaces/type_description_interfaces/msg/detail/type_source__traits.hpp
[60.836s] -- Installing: /home/ohtoai/rust_ros_ws/install/type_description_interfaces/include/type_description_interfaces/type_description_interfaces/msg/detail/field__type_support.hpp
[60.836s] -- Installing: /home/ohtoai/rust_ros_ws/install/type_description_interfaces/include/type_description_interfaces/type_description_interfaces/msg/detail/field_type__traits.hpp
[60.838s] -- Installing: /home/ohtoai/rust_ros_ws/install/type_description_interfaces/include/type_description_interfaces/type_description_interfaces/msg/detail/individual_type_description__type_support.hpp
[60.838s] -- Installing: /home/ohtoai/rust_ros_ws/install/type_description_interfaces/include/type_description_interfaces/type_description_interfaces/msg/detail/type_description__struct.hpp
[60.838s] -- Installing: /home/ohtoai/rust_ros_ws/install/type_description_interfaces/include/type_description_interfaces/type_description_interfaces/msg/detail/type_description__type_support.hpp
[60.838s] -- Installing: /home/ohtoai/rust_ros_ws/install/type_description_interfaces/include/type_description_interfaces/type_description_interfaces/msg/detail/individual_type_description__builder.hpp
[60.838s] -- Installing: /home/ohtoai/rust_ros_ws/install/type_description_interfaces/include/type_description_interfaces/type_description_interfaces/msg/detail/field__traits.hpp
[60.838s] -- Installing: /home/ohtoai/rust_ros_ws/install/type_description_interfaces/include/type_description_interfaces/type_description_interfaces/msg/detail/field_type__struct.hpp
[60.839s] -- Installing: /home/ohtoai/rust_ros_ws/install/type_description_interfaces/include/type_description_interfaces/type_description_interfaces/msg/detail/type_source__type_support.hpp
[60.839s] -- Installing: /home/ohtoai/rust_ros_ws/install/type_description_interfaces/include/type_description_interfaces/type_description_interfaces/msg/detail/type_source__struct.hpp
[60.839s] -- Installing: /home/ohtoai/rust_ros_ws/install/type_description_interfaces/include/type_description_interfaces/type_description_interfaces/msg/detail/field__builder.hpp
[60.839s] -- Installing: /home/ohtoai/rust_ros_ws/install/type_description_interfaces/include/type_description_interfaces/type_description_interfaces/msg/detail/key_value__traits.hpp
[60.839s] -- Installing: /home/ohtoai/rust_ros_ws/install/type_description_interfaces/include/type_description_interfaces/type_description_interfaces/msg/detail/field_type__type_support.hpp
[60.839s] -- Installing: /home/ohtoai/rust_ros_ws/install/type_description_interfaces/include/type_description_interfaces/type_description_interfaces/msg/detail/key_value__type_support.hpp
[60.839s] -- Installing: /home/ohtoai/rust_ros_ws/install/type_description_interfaces/include/type_description_interfaces/type_description_interfaces/msg/detail/individual_type_description__struct.hpp
[60.839s] -- Installing: /home/ohtoai/rust_ros_ws/install/type_description_interfaces/include/type_description_interfaces/type_description_interfaces/msg/rosidl_generator_cpp__visibility_control.hpp
[60.839s] -- Installing: /home/ohtoai/rust_ros_ws/install/type_description_interfaces/include/type_description_interfaces/type_description_interfaces/msg/individual_type_description.hpp
[60.839s] -- Installing: /home/ohtoai/rust_ros_ws/install/type_description_interfaces/include/type_description_interfaces/type_description_interfaces/msg/field_type.hpp
[60.839s] -- Installing: /home/ohtoai/rust_ros_ws/install/type_description_interfaces/include/type_description_interfaces/type_description_interfaces/msg/field.hpp
[60.839s] -- Installing: /home/ohtoai/rust_ros_ws/install/type_description_interfaces/include/type_description_interfaces/type_description_interfaces/msg/key_value.hpp
[60.839s] -- Installing: /home/ohtoai/rust_ros_ws/install/type_description_interfaces/include/type_description_interfaces/type_description_interfaces/msg/type_description.hpp
[60.839s] -- Up-to-date: /home/ohtoai/rust_ros_ws/install/type_description_interfaces/include/type_description_interfaces/type_description_interfaces/srv
[60.839s] -- Up-to-date: /home/ohtoai/rust_ros_ws/install/type_description_interfaces/include/type_description_interfaces/type_description_interfaces/srv/detail
[60.839s] -- Installing: /home/ohtoai/rust_ros_ws/install/type_description_interfaces/include/type_description_interfaces/type_description_interfaces/srv/detail/get_type_description__struct.hpp
[60.840s] -- Installing: /home/ohtoai/rust_ros_ws/install/type_description_interfaces/include/type_description_interfaces/type_description_interfaces/srv/detail/get_type_description__traits.hpp
[60.840s] -- Installing: /home/ohtoai/rust_ros_ws/install/type_description_interfaces/include/type_description_interfaces/type_description_interfaces/srv/detail/get_type_description__builder.hpp
[60.840s] -- Installing: /home/ohtoai/rust_ros_ws/install/type_description_interfaces/include/type_description_interfaces/type_description_interfaces/srv/detail/get_type_description__type_support.hpp
[60.840s] -- Installing: /home/ohtoai/rust_ros_ws/install/type_description_interfaces/include/type_description_interfaces/type_description_interfaces/srv/get_type_description.hpp
[60.842s] -- Up-to-date: /home/ohtoai/rust_ros_ws/install/type_description_interfaces/include/type_description_interfaces/type_description_interfaces
[60.842s] -- Up-to-date: /home/ohtoai/rust_ros_ws/install/type_description_interfaces/include/type_description_interfaces/type_description_interfaces/msg
[60.842s] -- Up-to-date: /home/ohtoai/rust_ros_ws/install/type_description_interfaces/include/type_description_interfaces/type_description_interfaces/msg/detail
[60.842s] -- Installing: /home/ohtoai/rust_ros_ws/install/type_description_interfaces/include/type_description_interfaces/type_description_interfaces/msg/detail/individual_type_description__rosidl_typesupport_fastrtps_cpp.hpp
[60.843s] -- Installing: /home/ohtoai/rust_ros_ws/install/type_description_interfaces/include/type_description_interfaces/type_description_interfaces/msg/detail/dds_fastrtps
[60.843s] -- Installing: /home/ohtoai/rust_ros_ws/install/type_description_interfaces/include/type_description_interfaces/type_description_interfaces/msg/detail/field_type__rosidl_typesupport_fastrtps_cpp.hpp
[60.843s] -- Installing: /home/ohtoai/rust_ros_ws/install/type_description_interfaces/include/type_description_interfaces/type_description_interfaces/msg/detail/field__rosidl_typesupport_fastrtps_cpp.hpp
[60.843s] -- Installing: /home/ohtoai/rust_ros_ws/install/type_description_interfaces/include/type_description_interfaces/type_description_interfaces/msg/detail/type_description__rosidl_typesupport_fastrtps_cpp.hpp
[60.843s] -- Installing: /home/ohtoai/rust_ros_ws/install/type_description_interfaces/include/type_description_interfaces/type_description_interfaces/msg/detail/type_source__rosidl_typesupport_fastrtps_cpp.hpp
[60.843s] -- Installing: /home/ohtoai/rust_ros_ws/install/type_description_interfaces/include/type_description_interfaces/type_description_interfaces/msg/detail/key_value__rosidl_typesupport_fastrtps_cpp.hpp
[60.843s] -- Installing: /home/ohtoai/rust_ros_ws/install/type_description_interfaces/include/type_description_interfaces/type_description_interfaces/msg/rosidl_typesupport_fastrtps_cpp__visibility_control.h
[60.843s] -- Up-to-date: /home/ohtoai/rust_ros_ws/install/type_description_interfaces/include/type_description_interfaces/type_description_interfaces/srv
[60.843s] -- Up-to-date: /home/ohtoai/rust_ros_ws/install/type_description_interfaces/include/type_description_interfaces/type_description_interfaces/srv/detail
[60.843s] -- Installing: /home/ohtoai/rust_ros_ws/install/type_description_interfaces/include/type_description_interfaces/type_description_interfaces/srv/detail/dds_fastrtps
[60.843s] -- Installing: /home/ohtoai/rust_ros_ws/install/type_description_interfaces/include/type_description_interfaces/type_description_interfaces/srv/detail/get_type_description__rosidl_typesupport_fastrtps_cpp.hpp
[60.843s] -- Installing: /home/ohtoai/rust_ros_ws/install/type_description_interfaces/lib/libtype_description_interfaces__rosidl_typesupport_fastrtps_cpp.so
[60.843s] -- Set non-toolchain portion of runtime path of "/home/ohtoai/rust_ros_ws/install/type_description_interfaces/lib/libtype_description_interfaces__rosidl_typesupport_fastrtps_cpp.so" to ""
[60.843s] -- Up-to-date: /home/ohtoai/rust_ros_ws/install/type_description_interfaces/include/type_description_interfaces/type_description_interfaces
[60.843s] -- Up-to-date: /home/ohtoai/rust_ros_ws/install/type_description_interfaces/include/type_description_interfaces/type_description_interfaces/msg
[60.843s] -- Up-to-date: /home/ohtoai/rust_ros_ws/install/type_description_interfaces/include/type_description_interfaces/type_description_interfaces/msg/detail
[60.843s] -- Installing: /home/ohtoai/rust_ros_ws/install/type_description_interfaces/include/type_description_interfaces/type_description_interfaces/msg/detail/field_type__type_support.cpp
[60.843s] -- Installing: /home/ohtoai/rust_ros_ws/install/type_description_interfaces/include/type_description_interfaces/type_description_interfaces/msg/detail/field__rosidl_typesupport_introspection_cpp.hpp
[60.843s] -- Installing: /home/ohtoai/rust_ros_ws/install/type_description_interfaces/include/type_description_interfaces/type_description_interfaces/msg/detail/individual_type_description__type_support.cpp
[60.843s] -- Installing: /home/ohtoai/rust_ros_ws/install/type_description_interfaces/include/type_description_interfaces/type_description_interfaces/msg/detail/key_value__type_support.cpp
[60.843s] -- Installing: /home/ohtoai/rust_ros_ws/install/type_description_interfaces/include/type_description_interfaces/type_description_interfaces/msg/detail/field_type__rosidl_typesupport_introspection_cpp.hpp
[60.843s] -- Installing: /home/ohtoai/rust_ros_ws/install/type_description_interfaces/include/type_description_interfaces/type_description_interfaces/msg/detail/type_source__rosidl_typesupport_introspection_cpp.hpp
[60.843s] -- Installing: /home/ohtoai/rust_ros_ws/install/type_description_interfaces/include/type_description_interfaces/type_description_interfaces/msg/detail/type_description__type_support.cpp
[60.843s] -- Installing: /home/ohtoai/rust_ros_ws/install/type_description_interfaces/include/type_description_interfaces/type_description_interfaces/msg/detail/individual_type_description__rosidl_typesupport_introspection_cpp.hpp
[60.844s] -- Installing: /home/ohtoai/rust_ros_ws/install/type_description_interfaces/include/type_description_interfaces/type_description_interfaces/msg/detail/type_description__rosidl_typesupport_introspection_cpp.hpp
[60.844s] -- Installing: /home/ohtoai/rust_ros_ws/install/type_description_interfaces/include/type_description_interfaces/type_description_interfaces/msg/detail/key_value__rosidl_typesupport_introspection_cpp.hpp
[60.844s] -- Installing: /home/ohtoai/rust_ros_ws/install/type_description_interfaces/include/type_description_interfaces/type_description_interfaces/msg/detail/field__type_support.cpp
[60.844s] -- Installing: /home/ohtoai/rust_ros_ws/install/type_description_interfaces/include/type_description_interfaces/type_description_interfaces/msg/detail/type_source__type_support.cpp
[60.844s] -- Up-to-date: /home/ohtoai/rust_ros_ws/install/type_description_interfaces/include/type_description_interfaces/type_description_interfaces/srv
[60.844s] -- Up-to-date: /home/ohtoai/rust_ros_ws/install/type_description_interfaces/include/type_description_interfaces/type_description_interfaces/srv/detail
[60.844s] -- Installing: /home/ohtoai/rust_ros_ws/install/type_description_interfaces/include/type_description_interfaces/type_description_interfaces/srv/detail/get_type_description__rosidl_typesupport_introspection_cpp.hpp
[60.844s] -- Installing: /home/ohtoai/rust_ros_ws/install/type_description_interfaces/include/type_description_interfaces/type_description_interfaces/srv/detail/get_type_description__type_support.cpp
[60.844s] -- Installing: /home/ohtoai/rust_ros_ws/install/type_description_interfaces/lib/libtype_description_interfaces__rosidl_typesupport_introspection_cpp.so
[60.844s] -- Set non-toolchain portion of runtime path of "/home/ohtoai/rust_ros_ws/install/type_description_interfaces/lib/libtype_description_interfaces__rosidl_typesupport_introspection_cpp.so" to ""
[60.844s] -- Installing: /home/ohtoai/rust_ros_ws/install/type_description_interfaces/lib/libtype_description_interfaces__rosidl_typesupport_cpp.so
[60.844s] -- Set non-toolchain portion of runtime path of "/home/ohtoai/rust_ros_ws/install/type_description_interfaces/lib/libtype_description_interfaces__rosidl_typesupport_cpp.so" to ""
[60.844s] -- Installing: /home/ohtoai/rust_ros_ws/install/type_description_interfaces/share/ament_index/resource_index/rust_packages/type_description_interfaces
[60.844s] -- Installing: /home/ohtoai/rust_ros_ws/install/type_description_interfaces/share/type_description_interfaces/rust
[60.844s] -- Installing: /home/ohtoai/rust_ros_ws/install/type_description_interfaces/share/type_description_interfaces/rust/build.rs
[60.845s] -- Installing: /home/ohtoai/rust_ros_ws/install/type_description_interfaces/share/type_description_interfaces/rust/Cargo.toml
[60.845s] -- Installing: /home/ohtoai/rust_ros_ws/install/type_description_interfaces/share/type_description_interfaces/rust/src
[60.845s] -- Installing: /home/ohtoai/rust_ros_ws/install/type_description_interfaces/share/type_description_interfaces/rust/src/msg.rs
[60.845s] -- Installing: /home/ohtoai/rust_ros_ws/install/type_description_interfaces/share/type_description_interfaces/rust/src/srv.rs
[60.845s] -- Installing: /home/ohtoai/rust_ros_ws/install/type_description_interfaces/share/type_description_interfaces/rust/src/lib.rs
[60.845s] -- Installing: /home/ohtoai/rust_ros_ws/install/type_description_interfaces/share/type_description_interfaces/environment/pythonpath.sh
[60.845s] -- Installing: /home/ohtoai/rust_ros_ws/install/type_description_interfaces/share/type_description_interfaces/environment/pythonpath.dsv
[60.845s] -- Installing: /home/ohtoai/rust_ros_ws/install/type_description_interfaces/lib/python3.12/site-packages/type_description_interfaces-2.0.2-py3.12.egg-info
[60.846s] -- Installing: /home/ohtoai/rust_ros_ws/install/type_description_interfaces/lib/python3.12/site-packages/type_description_interfaces-2.0.2-py3.12.egg-info/PKG-INFO
[60.846s] -- Installing: /home/ohtoai/rust_ros_ws/install/type_description_interfaces/lib/python3.12/site-packages/type_description_interfaces-2.0.2-py3.12.egg-info/top_level.txt
[60.846s] -- Installing: /home/ohtoai/rust_ros_ws/install/type_description_interfaces/lib/python3.12/site-packages/type_description_interfaces-2.0.2-py3.12.egg-info/SOURCES.txt
[60.846s] -- Installing: /home/ohtoai/rust_ros_ws/install/type_description_interfaces/lib/python3.12/site-packages/type_description_interfaces-2.0.2-py3.12.egg-info/dependency_links.txt
[60.846s] -- Installing: /home/ohtoai/rust_ros_ws/install/type_description_interfaces/lib/python3.12/site-packages/type_description_interfaces
[60.846s] -- Installing: /home/ohtoai/rust_ros_ws/install/type_description_interfaces/lib/python3.12/site-packages/type_description_interfaces/_type_description_interfaces_s.ep.rosidl_typesupport_introspection_c.c
[60.846s] -- Installing: /home/ohtoai/rust_ros_ws/install/type_description_interfaces/lib/python3.12/site-packages/type_description_interfaces/type_description_interfaces_s__rosidl_typesupport_fastrtps_c.so
[60.846s] -- Installing: /home/ohtoai/rust_ros_ws/install/type_description_interfaces/lib/python3.12/site-packages/type_description_interfaces/type_description_interfaces_s__rosidl_typesupport_introspection_c.so
[60.846s] -- Installing: /home/ohtoai/rust_ros_ws/install/type_description_interfaces/lib/python3.12/site-packages/type_description_interfaces/_type_description_interfaces_s.ep.rosidl_typesupport_c.c
[60.846s] -- Installing: /home/ohtoai/rust_ros_ws/install/type_description_interfaces/lib/python3.12/site-packages/type_description_interfaces/msg
[60.846s] -- Installing: /home/ohtoai/rust_ros_ws/install/type_description_interfaces/lib/python3.12/site-packages/type_description_interfaces/msg/_key_value_s.c
[60.848s] -- Installing: /home/ohtoai/rust_ros_ws/install/type_description_interfaces/lib/python3.12/site-packages/type_description_interfaces/msg/_type_source.py
[60.848s] -- Installing: /home/ohtoai/rust_ros_ws/install/type_description_interfaces/lib/python3.12/site-packages/type_description_interfaces/msg/_field.py
[60.848s] -- Installing: /home/ohtoai/rust_ros_ws/install/type_description_interfaces/lib/python3.12/site-packages/type_description_interfaces/msg/_individual_type_description.py
[60.848s] -- Installing: /home/ohtoai/rust_ros_ws/install/type_description_interfaces/lib/python3.12/site-packages/type_description_interfaces/msg/_key_value.py
[60.848s] -- Installing: /home/ohtoai/rust_ros_ws/install/type_description_interfaces/lib/python3.12/site-packages/type_description_interfaces/msg/_type_description_s.c
[60.849s] -- Installing: /home/ohtoai/rust_ros_ws/install/type_description_interfaces/lib/python3.12/site-packages/type_description_interfaces/msg/_field_s.c
[60.849s] -- Installing: /home/ohtoai/rust_ros_ws/install/type_description_interfaces/lib/python3.12/site-packages/type_description_interfaces/msg/_field_type.py
[60.849s] -- Installing: /home/ohtoai/rust_ros_ws/install/type_description_interfaces/lib/python3.12/site-packages/type_description_interfaces/msg/_individual_type_description_s.c
[60.849s] -- Installing: /home/ohtoai/rust_ros_ws/install/type_description_interfaces/lib/python3.12/site-packages/type_description_interfaces/msg/_field_type_s.c
[60.850s] -- Installing: /home/ohtoai/rust_ros_ws/install/type_description_interfaces/lib/python3.12/site-packages/type_description_interfaces/msg/_type_description.py
[60.851s] -- Installing: /home/ohtoai/rust_ros_ws/install/type_description_interfaces/lib/python3.12/site-packages/type_description_interfaces/msg/_type_source_s.c
[60.851s] -- Installing: /home/ohtoai/rust_ros_ws/install/type_description_interfaces/lib/python3.12/site-packages/type_description_interfaces/msg/__init__.py
[60.852s] -- Installing: /home/ohtoai/rust_ros_ws/install/type_description_interfaces/lib/python3.12/site-packages/type_description_interfaces/srv
[60.852s] -- Installing: /home/ohtoai/rust_ros_ws/install/type_description_interfaces/lib/python3.12/site-packages/type_description_interfaces/srv/_get_type_description_s.c
[60.853s] -- Installing: /home/ohtoai/rust_ros_ws/install/type_description_interfaces/lib/python3.12/site-packages/type_description_interfaces/srv/_get_type_description.py
[60.854s] -- Installing: /home/ohtoai/rust_ros_ws/install/type_description_interfaces/lib/python3.12/site-packages/type_description_interfaces/srv/__init__.py
[60.856s] -- Installing: /home/ohtoai/rust_ros_ws/install/type_description_interfaces/lib/python3.12/site-packages/type_description_interfaces/_type_description_interfaces_s.ep.rosidl_typesupport_fastrtps_c.c
[60.856s] -- Installing: /home/ohtoai/rust_ros_ws/install/type_description_interfaces/lib/python3.12/site-packages/type_description_interfaces/type_description_interfaces_s__rosidl_typesupport_c.so
[60.856s] -- Installing: /home/ohtoai/rust_ros_ws/install/type_description_interfaces/lib/python3.12/site-packages/type_description_interfaces/__init__.py
[60.947s] Listing '/home/ohtoai/rust_ros_ws/install/type_description_interfaces/lib/python3.12/site-packages/type_description_interfaces'...
[60.947s] Compiling '/home/ohtoai/rust_ros_ws/install/type_description_interfaces/lib/python3.12/site-packages/type_description_interfaces/__init__.py'...
[60.947s] Listing '/home/ohtoai/rust_ros_ws/install/type_description_interfaces/lib/python3.12/site-packages/type_description_interfaces/msg'...
[60.948s] Compiling '/home/ohtoai/rust_ros_ws/install/type_description_interfaces/lib/python3.12/site-packages/type_description_interfaces/msg/__init__.py'...
[60.948s] Compiling '/home/ohtoai/rust_ros_ws/install/type_description_interfaces/lib/python3.12/site-packages/type_description_interfaces/msg/_field.py'...
[60.948s] Compiling '/home/ohtoai/rust_ros_ws/install/type_description_interfaces/lib/python3.12/site-packages/type_description_interfaces/msg/_field_type.py'...
[60.948s] Compiling '/home/ohtoai/rust_ros_ws/install/type_description_interfaces/lib/python3.12/site-packages/type_description_interfaces/msg/_individual_type_description.py'...
[60.948s] Compiling '/home/ohtoai/rust_ros_ws/install/type_description_interfaces/lib/python3.12/site-packages/type_description_interfaces/msg/_key_value.py'...
[60.948s] Compiling '/home/ohtoai/rust_ros_ws/install/type_description_interfaces/lib/python3.12/site-packages/type_description_interfaces/msg/_type_description.py'...
[60.948s] Compiling '/home/ohtoai/rust_ros_ws/install/type_description_interfaces/lib/python3.12/site-packages/type_description_interfaces/msg/_type_source.py'...
[60.948s] Listing '/home/ohtoai/rust_ros_ws/install/type_description_interfaces/lib/python3.12/site-packages/type_description_interfaces/srv'...
[60.948s] Compiling '/home/ohtoai/rust_ros_ws/install/type_description_interfaces/lib/python3.12/site-packages/type_description_interfaces/srv/__init__.py'...
[60.948s] Compiling '/home/ohtoai/rust_ros_ws/install/type_description_interfaces/lib/python3.12/site-packages/type_description_interfaces/srv/_get_type_description.py'...
[60.956s] -- Installing: /home/ohtoai/rust_ros_ws/install/type_description_interfaces/lib/python3.12/site-packages/type_description_interfaces/type_description_interfaces_s__rosidl_typesupport_fastrtps_c.so
[60.958s] -- Set non-toolchain portion of runtime path of "/home/ohtoai/rust_ros_ws/install/type_description_interfaces/lib/python3.12/site-packages/type_description_interfaces/type_description_interfaces_s__rosidl_typesupport_fastrtps_c.so" to ""
[60.958s] -- Installing: /home/ohtoai/rust_ros_ws/install/type_description_interfaces/lib/python3.12/site-packages/type_description_interfaces/type_description_interfaces_s__rosidl_typesupport_introspection_c.so
[60.958s] -- Set non-toolchain portion of runtime path of "/home/ohtoai/rust_ros_ws/install/type_description_interfaces/lib/python3.12/site-packages/type_description_interfaces/type_description_interfaces_s__rosidl_typesupport_introspection_c.so" to ""
[60.958s] -- Installing: /home/ohtoai/rust_ros_ws/install/type_description_interfaces/lib/python3.12/site-packages/type_description_interfaces/type_description_interfaces_s__rosidl_typesupport_c.so
[60.958s] -- Set non-toolchain portion of runtime path of "/home/ohtoai/rust_ros_ws/install/type_description_interfaces/lib/python3.12/site-packages/type_description_interfaces/type_description_interfaces_s__rosidl_typesupport_c.so" to ""
[60.958s] -- Installing: /home/ohtoai/rust_ros_ws/install/type_description_interfaces/lib/libtype_description_interfaces__rosidl_generator_py.so
[60.959s] -- Set non-toolchain portion of runtime path of "/home/ohtoai/rust_ros_ws/install/type_description_interfaces/lib/libtype_description_interfaces__rosidl_generator_py.so" to ""
[60.959s] -- Installing: /home/ohtoai/rust_ros_ws/install/type_description_interfaces/share/type_description_interfaces/msg/Field.idl
[60.959s] -- Installing: /home/ohtoai/rust_ros_ws/install/type_description_interfaces/share/type_description_interfaces/msg/FieldType.idl
[60.959s] -- Installing: /home/ohtoai/rust_ros_ws/install/type_description_interfaces/share/type_description_interfaces/msg/IndividualTypeDescription.idl
[60.960s] -- Installing: /home/ohtoai/rust_ros_ws/install/type_description_interfaces/share/type_description_interfaces/msg/KeyValue.idl
[60.962s] -- Installing: /home/ohtoai/rust_ros_ws/install/type_description_interfaces/share/type_description_interfaces/msg/TypeDescription.idl
[60.962s] -- Installing: /home/ohtoai/rust_ros_ws/install/type_description_interfaces/share/type_description_interfaces/msg/TypeSource.idl
[60.963s] -- Installing: /home/ohtoai/rust_ros_ws/install/type_description_interfaces/share/type_description_interfaces/srv/GetTypeDescription.idl
[60.967s] -- Installing: /home/ohtoai/rust_ros_ws/install/type_description_interfaces/share/type_description_interfaces/msg/Field.msg
[60.967s] -- Installing: /home/ohtoai/rust_ros_ws/install/type_description_interfaces/share/type_description_interfaces/msg/FieldType.msg
[60.967s] -- Installing: /home/ohtoai/rust_ros_ws/install/type_description_interfaces/share/type_description_interfaces/msg/IndividualTypeDescription.msg
[60.967s] -- Installing: /home/ohtoai/rust_ros_ws/install/type_description_interfaces/share/type_description_interfaces/msg/KeyValue.msg
[60.967s] -- Installing: /home/ohtoai/rust_ros_ws/install/type_description_interfaces/share/type_description_interfaces/msg/TypeDescription.msg
[60.967s] -- Installing: /home/ohtoai/rust_ros_ws/install/type_description_interfaces/share/type_description_interfaces/msg/TypeSource.msg
[60.967s] -- Installing: /home/ohtoai/rust_ros_ws/install/type_description_interfaces/share/type_description_interfaces/srv/GetTypeDescription.srv
[60.967s] -- Installing: /home/ohtoai/rust_ros_ws/install/type_description_interfaces/share/ament_index/resource_index/package_run_dependencies/type_description_interfaces
[60.968s] -- Installing: /home/ohtoai/rust_ros_ws/install/type_description_interfaces/share/ament_index/resource_index/parent_prefix_path/type_description_interfaces
[60.968s] -- Installing: /home/ohtoai/rust_ros_ws/install/type_description_interfaces/share/type_description_interfaces/environment/ament_prefix_path.sh
[60.968s] -- Installing: /home/ohtoai/rust_ros_ws/install/type_description_interfaces/share/type_description_interfaces/environment/ament_prefix_path.dsv
[60.969s] -- Installing: /home/ohtoai/rust_ros_ws/install/type_description_interfaces/share/type_description_interfaces/environment/path.sh
[60.970s] -- Installing: /home/ohtoai/rust_ros_ws/install/type_description_interfaces/share/type_description_interfaces/environment/path.dsv
[60.970s] -- Installing: /home/ohtoai/rust_ros_ws/install/type_description_interfaces/share/type_description_interfaces/local_setup.bash
[60.971s] -- Installing: /home/ohtoai/rust_ros_ws/install/type_description_interfaces/share/type_description_interfaces/local_setup.sh
[60.972s] -- Installing: /home/ohtoai/rust_ros_ws/install/type_description_interfaces/share/type_description_interfaces/local_setup.zsh
[60.974s] -- Installing: /home/ohtoai/rust_ros_ws/install/type_description_interfaces/share/type_description_interfaces/local_setup.dsv
[60.975s] -- Installing: /home/ohtoai/rust_ros_ws/install/type_description_interfaces/share/type_description_interfaces/package.dsv
[60.975s] -- Installing: /home/ohtoai/rust_ros_ws/install/type_description_interfaces/share/ament_index/resource_index/packages/type_description_interfaces
[60.975s] -- Installing: /home/ohtoai/rust_ros_ws/install/type_description_interfaces/share/type_description_interfaces/cmake/export_type_description_interfaces__rosidl_generator_cExport.cmake
[60.976s] -- Installing: /home/ohtoai/rust_ros_ws/install/type_description_interfaces/share/type_description_interfaces/cmake/export_type_description_interfaces__rosidl_generator_cExport-noconfig.cmake
[60.977s] -- Installing: /home/ohtoai/rust_ros_ws/install/type_description_interfaces/share/type_description_interfaces/cmake/export_type_description_interfaces__rosidl_typesupport_fastrtps_cExport.cmake
[60.979s] -- Installing: /home/ohtoai/rust_ros_ws/install/type_description_interfaces/share/type_description_interfaces/cmake/export_type_description_interfaces__rosidl_typesupport_fastrtps_cExport-noconfig.cmake
[60.979s] -- Installing: /home/ohtoai/rust_ros_ws/install/type_description_interfaces/share/type_description_interfaces/cmake/type_description_interfaces__rosidl_typesupport_introspection_cExport.cmake
[60.979s] -- Installing: /home/ohtoai/rust_ros_ws/install/type_description_interfaces/share/type_description_interfaces/cmake/type_description_interfaces__rosidl_typesupport_introspection_cExport-noconfig.cmake
[60.980s] -- Installing: /home/ohtoai/rust_ros_ws/install/type_description_interfaces/share/type_description_interfaces/cmake/type_description_interfaces__rosidl_typesupport_cExport.cmake
[60.980s] -- Installing: /home/ohtoai/rust_ros_ws/install/type_description_interfaces/share/type_description_interfaces/cmake/type_description_interfaces__rosidl_typesupport_cExport-noconfig.cmake
[60.980s] -- Installing: /home/ohtoai/rust_ros_ws/install/type_description_interfaces/share/type_description_interfaces/cmake/export_type_description_interfaces__rosidl_generator_cppExport.cmake
[60.981s] -- Installing: /home/ohtoai/rust_ros_ws/install/type_description_interfaces/share/type_description_interfaces/cmake/export_type_description_interfaces__rosidl_typesupport_fastrtps_cppExport.cmake
[60.981s] -- Installing: /home/ohtoai/rust_ros_ws/install/type_description_interfaces/share/type_description_interfaces/cmake/export_type_description_interfaces__rosidl_typesupport_fastrtps_cppExport-noconfig.cmake
[60.982s] -- Installing: /home/ohtoai/rust_ros_ws/install/type_description_interfaces/share/type_description_interfaces/cmake/type_description_interfaces__rosidl_typesupport_introspection_cppExport.cmake
[60.983s] -- Installing: /home/ohtoai/rust_ros_ws/install/type_description_interfaces/share/type_description_interfaces/cmake/type_description_interfaces__rosidl_typesupport_introspection_cppExport-noconfig.cmake
[60.983s] -- Installing: /home/ohtoai/rust_ros_ws/install/type_description_interfaces/share/type_description_interfaces/cmake/type_description_interfaces__rosidl_typesupport_cppExport.cmake
[60.984s] -- Installing: /home/ohtoai/rust_ros_ws/install/type_description_interfaces/share/type_description_interfaces/cmake/type_description_interfaces__rosidl_typesupport_cppExport-noconfig.cmake
[60.984s] -- Installing: /home/ohtoai/rust_ros_ws/install/type_description_interfaces/share/type_description_interfaces/cmake/export_type_description_interfaces__rosidl_generator_pyExport.cmake
[60.985s] -- Installing: /home/ohtoai/rust_ros_ws/install/type_description_interfaces/share/type_description_interfaces/cmake/export_type_description_interfaces__rosidl_generator_pyExport-noconfig.cmake
[60.985s] -- Installing: /home/ohtoai/rust_ros_ws/install/type_description_interfaces/share/type_description_interfaces/cmake/rosidl_cmake-extras.cmake
[60.985s] -- Installing: /home/ohtoai/rust_ros_ws/install/type_description_interfaces/share/type_description_interfaces/cmake/ament_cmake_export_dependencies-extras.cmake
[60.986s] -- Installing: /home/ohtoai/rust_ros_ws/install/type_description_interfaces/share/type_description_interfaces/cmake/ament_cmake_export_include_directories-extras.cmake
[60.987s] -- Installing: /home/ohtoai/rust_ros_ws/install/type_description_interfaces/share/type_description_interfaces/cmake/ament_cmake_export_libraries-extras.cmake
[60.987s] -- Installing: /home/ohtoai/rust_ros_ws/install/type_description_interfaces/share/type_description_interfaces/cmake/ament_cmake_export_targets-extras.cmake
[60.987s] -- Installing: /home/ohtoai/rust_ros_ws/install/type_description_interfaces/share/type_description_interfaces/cmake/rosidl_cmake_export_typesupport_targets-extras.cmake
[60.987s] -- Installing: /home/ohtoai/rust_ros_ws/install/type_description_interfaces/share/type_description_interfaces/cmake/rosidl_cmake_export_typesupport_libraries-extras.cmake
[60.988s] -- Installing: /home/ohtoai/rust_ros_ws/install/type_description_interfaces/share/type_description_interfaces/cmake/type_description_interfacesConfig.cmake
[60.988s] -- Installing: /home/ohtoai/rust_ros_ws/install/type_description_interfaces/share/type_description_interfaces/cmake/type_description_interfacesConfig-version.cmake
[60.988s] -- Installing: /home/ohtoai/rust_ros_ws/install/type_description_interfaces/share/type_description_interfaces/package.xml
[60.994s] Invoked command in '/home/ohtoai/rust_ros_ws/build/type_description_interfaces' returned '0': AMENT_PREFIX_PATH=/home/ohtoai/rust_ros_ws/install/service_msgs:/home/ohtoai/rust_ros_ws/install/builtin_interfaces:/home/ohtoai/rust_ros_ws/install/rosidl_core_runtime:/home/ohtoai/rust_ros_ws/install/rosidl_core_generators:/home/ohtoai/rust_ros_ws/install/rosidl_generator_rs:/home/ohtoai/rust_ros_ws/install/rosidl_runtime_rs:${AMENT_PREFIX_PATH} CMAKE_PREFIX_PATH=/home/ohtoai/rust_ros_ws/install/service_msgs:/home/ohtoai/rust_ros_ws/install/builtin_interfaces:/home/ohtoai/rust_ros_ws/install/rosidl_core_runtime:/home/ohtoai/rust_ros_ws/install/rosidl_core_generators:/home/ohtoai/rust_ros_ws/install/rosidl_generator_rs:/opt/ros/jazzy/opt/gz_math_vendor:/opt/ros/jazzy/opt/gz_utils_vendor:/opt/ros/jazzy/opt/gz_cmake_vendor:/opt/ros/jazzy DEBUGINFOD_URLS=https://debuginfod.ubuntu.com LD_LIBRARY_PATH=/home/ohtoai/rust_ros_ws/install/service_msgs/lib:/home/ohtoai/rust_ros_ws/install/builtin_interfaces/lib:${LD_LIBRARY_PATH} PYTHONPATH=/home/ohtoai/rust_ros_ws/install/service_msgs/lib/python3.12/site-packages:/home/ohtoai/rust_ros_ws/install/builtin_interfaces/lib/python3.12/site-packages:/home/ohtoai/rust_ros_ws/install/rosidl_generator_rs/lib/python3.12/site-packages:${PYTHONPATH} /usr/bin/cmake --install /home/ohtoai/rust_ros_ws/build/type_description_interfaces
