-- The C compiler identification is GNU 13.3.0
-- The CXX compiler identification is GNU 13.3.0
-- Detecting C compiler ABI info
-- Detecting C compiler ABI info - done
-- Check for working C compiler: /usr/bin/cc - skipped
-- Detecting C compile features
-- Detecting C compile features - done
-- Detecting CXX compiler ABI info
-- Detecting CXX compiler ABI info - done
-- Check for working CXX compiler: /usr/bin/c++ - skipped
-- Detecting CXX compile features
-- Detecting CXX compile features - done
-- Found ament_cmake: 2.5.3 (/opt/ros/jazzy/share/ament_cmake/cmake)
-- Found Python3: /usr/bin/python3 (found version "3.12.3") found components: Interpreter 
-- Found builtin_interfaces: 2.0.2 (/home/ohtoai/rust_ros_ws/install/builtin_interfaces/share/builtin_interfaces/cmake)
-- Found rosidl_generator_c: 4.6.5 (/opt/ros/jazzy/share/rosidl_generator_c/cmake)
-- Found rosidl_generator_cpp: 4.6.5 (/opt/ros/jazzy/share/rosidl_generator_cpp/cmake)
-- Using all available rosidl_typesupport_c: rosidl_typesupport_fastrtps_c;rosidl_typesupport_introspection_c
-- Using all available rosidl_typesupport_cpp: rosidl_typesupport_fastrtps_cpp;rosidl_typesupport_introspection_cpp
-- Found geometry_msgs: 5.3.5 (/home/ohtoai/rust_ros_ws/install/geometry_msgs/share/geometry_msgs/cmake)
-- Found rosidl_default_generators: 1.6.0 (/home/ohtoai/rust_ros_ws/install/rosidl_default_generators/share/rosidl_default_generators/cmake)
-- Found rosidl_adapter: 4.6.5 (/opt/ros/jazzy/share/rosidl_adapter/cmake)
-- Found ament_cmake_cppcheck: 0.17.1 (/opt/ros/jazzy/share/ament_cmake_cppcheck/cmake)
-- Found ament_cmake_cpplint: 0.17.1 (/opt/ros/jazzy/share/ament_cmake_cpplint/cmake)
-- Found ament_cmake_uncrustify: 0.17.1 (/opt/ros/jazzy/share/ament_cmake_uncrustify/cmake)
-- Found ament_cmake_ros: 0.12.0 (/opt/ros/jazzy/share/ament_cmake_ros/cmake)
-- Using all available rosidl_typesupport_c: rosidl_typesupport_fastrtps_c;rosidl_typesupport_introspection_c
-- Using all available rosidl_typesupport_cpp: rosidl_typesupport_fastrtps_cpp;rosidl_typesupport_introspection_cpp
-- Found python_cmake_module: 0.11.1 (/opt/ros/jazzy/share/python_cmake_module/cmake)
-- Found PythonExtra: /usr/bin/python3  
-- Found Python3: /usr/bin/python3 (found version "3.12.3") found components: Interpreter Development NumPy Development.Module Development.Embed 
-- Found ament_cmake_flake8: 0.17.1 (/opt/ros/jazzy/share/ament_cmake_flake8/cmake)
-- Found ament_cmake_pep257: 0.17.1 (/opt/ros/jazzy/share/ament_cmake_pep257/cmake)
-- Configuring done (5.3s)
-- Generating done (0.1s)
-- Build files have been written to: /home/ohtoai/rust_ros_ws/build/nav_msgs
[  1%] [34m[1mGenerating Rust code for ROS interfaces[0m
[  1%] Built target nav_msgs__rs
[  2%] [34m[1mGenerating type hashes for ROS interfaces[0m
[  2%] Built target nav_msgs__rosidl_generator_type_description
[  2%] Built target ament_cmake_python_copy_nav_msgs
[  3%] [34m[1mGenerating C code for ROS interfaces[0m
[  4%] [32mBuilding C object CMakeFiles/nav_msgs__rosidl_generator_c.dir/rosidl_generator_c/nav_msgs/msg/detail/grid_cells__description.c.o[0m
[  5%] [32mBuilding C object CMakeFiles/nav_msgs__rosidl_generator_c.dir/rosidl_generator_c/nav_msgs/msg/detail/grid_cells__functions.c.o[0m
[  6%] [32mBuilding C object CMakeFiles/nav_msgs__rosidl_generator_c.dir/rosidl_generator_c/nav_msgs/msg/detail/grid_cells__type_support.c.o[0m
[  7%] [32mBuilding C object CMakeFiles/nav_msgs__rosidl_generator_c.dir/rosidl_generator_c/nav_msgs/msg/detail/map_meta_data__description.c.o[0m
[  7%] [32mBuilding C object CMakeFiles/nav_msgs__rosidl_generator_c.dir/rosidl_generator_c/nav_msgs/msg/detail/map_meta_data__functions.c.o[0m
[  8%] [32mBuilding C object CMakeFiles/nav_msgs__rosidl_generator_c.dir/rosidl_generator_c/nav_msgs/msg/detail/map_meta_data__type_support.c.o[0m
[  9%] [32mBuilding C object CMakeFiles/nav_msgs__rosidl_generator_c.dir/rosidl_generator_c/nav_msgs/msg/detail/occupancy_grid__description.c.o[0m
[ 10%] [32mBuilding C object CMakeFiles/nav_msgs__rosidl_generator_c.dir/rosidl_generator_c/nav_msgs/msg/detail/occupancy_grid__functions.c.o[0m
[ 11%] [32mBuilding C object CMakeFiles/nav_msgs__rosidl_generator_c.dir/rosidl_generator_c/nav_msgs/msg/detail/occupancy_grid__type_support.c.o[0m
[ 12%] [32mBuilding C object CMakeFiles/nav_msgs__rosidl_generator_c.dir/rosidl_generator_c/nav_msgs/msg/detail/odometry__description.c.o[0m
[ 13%] [32mBuilding C object CMakeFiles/nav_msgs__rosidl_generator_c.dir/rosidl_generator_c/nav_msgs/msg/detail/odometry__functions.c.o[0m
[ 14%] [32mBuilding C object CMakeFiles/nav_msgs__rosidl_generator_c.dir/rosidl_generator_c/nav_msgs/msg/detail/odometry__type_support.c.o[0m
[ 14%] [32mBuilding C object CMakeFiles/nav_msgs__rosidl_generator_c.dir/rosidl_generator_c/nav_msgs/msg/detail/path__description.c.o[0m
[ 15%] [32mBuilding C object CMakeFiles/nav_msgs__rosidl_generator_c.dir/rosidl_generator_c/nav_msgs/msg/detail/path__functions.c.o[0m
[ 16%] [32mBuilding C object CMakeFiles/nav_msgs__rosidl_generator_c.dir/rosidl_generator_c/nav_msgs/msg/detail/path__type_support.c.o[0m
[ 17%] [32mBuilding C object CMakeFiles/nav_msgs__rosidl_generator_c.dir/rosidl_generator_c/nav_msgs/srv/detail/get_map__description.c.o[0m
[ 18%] [32mBuilding C object CMakeFiles/nav_msgs__rosidl_generator_c.dir/rosidl_generator_c/nav_msgs/srv/detail/get_map__functions.c.o[0m
[ 19%] [32mBuilding C object CMakeFiles/nav_msgs__rosidl_generator_c.dir/rosidl_generator_c/nav_msgs/srv/detail/get_map__type_support.c.o[0m
[ 20%] [32mBuilding C object CMakeFiles/nav_msgs__rosidl_generator_c.dir/rosidl_generator_c/nav_msgs/srv/detail/get_plan__description.c.o[0m
[ 21%] [32mBuilding C object CMakeFiles/nav_msgs__rosidl_generator_c.dir/rosidl_generator_c/nav_msgs/srv/detail/get_plan__functions.c.o[0m
[ 21%] [32mBuilding C object CMakeFiles/nav_msgs__rosidl_generator_c.dir/rosidl_generator_c/nav_msgs/srv/detail/get_plan__type_support.c.o[0m
[ 22%] [32mBuilding C object CMakeFiles/nav_msgs__rosidl_generator_c.dir/rosidl_generator_c/nav_msgs/srv/detail/load_map__description.c.o[0m
[ 23%] [32mBuilding C object CMakeFiles/nav_msgs__rosidl_generator_c.dir/rosidl_generator_c/nav_msgs/srv/detail/load_map__functions.c.o[0m
[ 24%] [32mBuilding C object CMakeFiles/nav_msgs__rosidl_generator_c.dir/rosidl_generator_c/nav_msgs/srv/detail/load_map__type_support.c.o[0m
[ 25%] [32mBuilding C object CMakeFiles/nav_msgs__rosidl_generator_c.dir/rosidl_generator_c/nav_msgs/srv/detail/set_map__description.c.o[0m
[ 26%] [32mBuilding C object CMakeFiles/nav_msgs__rosidl_generator_c.dir/rosidl_generator_c/nav_msgs/srv/detail/set_map__functions.c.o[0m
[ 27%] [32mBuilding C object CMakeFiles/nav_msgs__rosidl_generator_c.dir/rosidl_generator_c/nav_msgs/srv/detail/set_map__type_support.c.o[0m
[ 27%] [32m[1mLinking C shared library libnav_msgs__rosidl_generator_c.so[0m
[ 27%] Built target nav_msgs__rosidl_generator_c
[ 27%] [34m[1mGenerating C++ code for ROS interfaces[0m
[ 27%] Built target nav_msgs__cpp
running egg_info
creating nav_msgs.egg-info
writing nav_msgs.egg-info/PKG-INFO
writing dependency_links to nav_msgs.egg-info/dependency_links.txt
writing top-level names to nav_msgs.egg-info/top_level.txt
writing manifest file 'nav_msgs.egg-info/SOURCES.txt'
reading manifest file 'nav_msgs.egg-info/SOURCES.txt'
writing manifest file 'nav_msgs.egg-info/SOURCES.txt'
[ 27%] Built target ament_cmake_python_build_nav_msgs_egg
[ 28%] [34m[1mGenerating C type support for eProsima Fast-RTPS[0m
[ 29%] [32mBuilding CXX object CMakeFiles/nav_msgs__rosidl_typesupport_fastrtps_c.dir/rosidl_typesupport_fastrtps_c/nav_msgs/msg/detail/grid_cells__type_support_c.cpp.o[0m
[ 30%] [32mBuilding CXX object CMakeFiles/nav_msgs__rosidl_typesupport_fastrtps_c.dir/rosidl_typesupport_fastrtps_c/nav_msgs/msg/detail/map_meta_data__type_support_c.cpp.o[0m
[ 31%] [32mBuilding CXX object CMakeFiles/nav_msgs__rosidl_typesupport_fastrtps_c.dir/rosidl_typesupport_fastrtps_c/nav_msgs/msg/detail/occupancy_grid__type_support_c.cpp.o[0m
[ 32%] [32mBuilding CXX object CMakeFiles/nav_msgs__rosidl_typesupport_fastrtps_c.dir/rosidl_typesupport_fastrtps_c/nav_msgs/msg/detail/odometry__type_support_c.cpp.o[0m
[ 32%] [32mBuilding CXX object CMakeFiles/nav_msgs__rosidl_typesupport_fastrtps_c.dir/rosidl_typesupport_fastrtps_c/nav_msgs/msg/detail/path__type_support_c.cpp.o[0m
[ 33%] [32mBuilding CXX object CMakeFiles/nav_msgs__rosidl_typesupport_fastrtps_c.dir/rosidl_typesupport_fastrtps_c/nav_msgs/srv/detail/get_map__type_support_c.cpp.o[0m
[ 34%] [32mBuilding CXX object CMakeFiles/nav_msgs__rosidl_typesupport_fastrtps_c.dir/rosidl_typesupport_fastrtps_c/nav_msgs/srv/detail/get_plan__type_support_c.cpp.o[0m
[ 35%] [32mBuilding CXX object CMakeFiles/nav_msgs__rosidl_typesupport_fastrtps_c.dir/rosidl_typesupport_fastrtps_c/nav_msgs/srv/detail/load_map__type_support_c.cpp.o[0m
[ 36%] [32mBuilding CXX object CMakeFiles/nav_msgs__rosidl_typesupport_fastrtps_c.dir/rosidl_typesupport_fastrtps_c/nav_msgs/srv/detail/set_map__type_support_c.cpp.o[0m
[ 37%] [32m[1mLinking CXX shared library libnav_msgs__rosidl_typesupport_fastrtps_c.so[0m
[ 37%] Built target nav_msgs__rosidl_typesupport_fastrtps_c
[ 38%] [34m[1mGenerating C++ type support for eProsima Fast-RTPS[0m
[ 38%] [32mBuilding CXX object CMakeFiles/nav_msgs__rosidl_typesupport_fastrtps_cpp.dir/rosidl_typesupport_fastrtps_cpp/nav_msgs/msg/detail/dds_fastrtps/grid_cells__type_support.cpp.o[0m
[ 39%] [32mBuilding CXX object CMakeFiles/nav_msgs__rosidl_typesupport_fastrtps_cpp.dir/rosidl_typesupport_fastrtps_cpp/nav_msgs/msg/detail/dds_fastrtps/map_meta_data__type_support.cpp.o[0m
[ 40%] [32mBuilding CXX object CMakeFiles/nav_msgs__rosidl_typesupport_fastrtps_cpp.dir/rosidl_typesupport_fastrtps_cpp/nav_msgs/msg/detail/dds_fastrtps/occupancy_grid__type_support.cpp.o[0m
[ 41%] [32mBuilding CXX object CMakeFiles/nav_msgs__rosidl_typesupport_fastrtps_cpp.dir/rosidl_typesupport_fastrtps_cpp/nav_msgs/msg/detail/dds_fastrtps/odometry__type_support.cpp.o[0m
[ 42%] [32mBuilding CXX object CMakeFiles/nav_msgs__rosidl_typesupport_fastrtps_cpp.dir/rosidl_typesupport_fastrtps_cpp/nav_msgs/msg/detail/dds_fastrtps/path__type_support.cpp.o[0m
[ 43%] [32mBuilding CXX object CMakeFiles/nav_msgs__rosidl_typesupport_fastrtps_cpp.dir/rosidl_typesupport_fastrtps_cpp/nav_msgs/srv/detail/dds_fastrtps/get_map__type_support.cpp.o[0m
[ 44%] [32mBuilding CXX object CMakeFiles/nav_msgs__rosidl_typesupport_fastrtps_cpp.dir/rosidl_typesupport_fastrtps_cpp/nav_msgs/srv/detail/dds_fastrtps/get_plan__type_support.cpp.o[0m
[ 45%] [32mBuilding CXX object CMakeFiles/nav_msgs__rosidl_typesupport_fastrtps_cpp.dir/rosidl_typesupport_fastrtps_cpp/nav_msgs/srv/detail/dds_fastrtps/load_map__type_support.cpp.o[0m
[ 45%] [32mBuilding CXX object CMakeFiles/nav_msgs__rosidl_typesupport_fastrtps_cpp.dir/rosidl_typesupport_fastrtps_cpp/nav_msgs/srv/detail/dds_fastrtps/set_map__type_support.cpp.o[0m
[ 46%] [32m[1mLinking CXX shared library libnav_msgs__rosidl_typesupport_fastrtps_cpp.so[0m
[ 46%] Built target nav_msgs__rosidl_typesupport_fastrtps_cpp
[ 47%] [34m[1mGenerating C introspection for ROS interfaces[0m
[ 48%] [32mBuilding C object CMakeFiles/nav_msgs__rosidl_typesupport_introspection_c.dir/rosidl_typesupport_introspection_c/nav_msgs/msg/detail/grid_cells__type_support.c.o[0m
[ 49%] [32mBuilding C object CMakeFiles/nav_msgs__rosidl_typesupport_introspection_c.dir/rosidl_typesupport_introspection_c/nav_msgs/msg/detail/map_meta_data__type_support.c.o[0m
[ 50%] [32mBuilding C object CMakeFiles/nav_msgs__rosidl_typesupport_introspection_c.dir/rosidl_typesupport_introspection_c/nav_msgs/msg/detail/occupancy_grid__type_support.c.o[0m
[ 51%] [32mBuilding C object CMakeFiles/nav_msgs__rosidl_typesupport_introspection_c.dir/rosidl_typesupport_introspection_c/nav_msgs/msg/detail/odometry__type_support.c.o[0m
[ 52%] [32mBuilding C object CMakeFiles/nav_msgs__rosidl_typesupport_introspection_c.dir/rosidl_typesupport_introspection_c/nav_msgs/msg/detail/path__type_support.c.o[0m
[ 52%] [32mBuilding C object CMakeFiles/nav_msgs__rosidl_typesupport_introspection_c.dir/rosidl_typesupport_introspection_c/nav_msgs/srv/detail/get_map__type_support.c.o[0m
[ 53%] [32mBuilding C object CMakeFiles/nav_msgs__rosidl_typesupport_introspection_c.dir/rosidl_typesupport_introspection_c/nav_msgs/srv/detail/get_plan__type_support.c.o[0m
[ 54%] [32mBuilding C object CMakeFiles/nav_msgs__rosidl_typesupport_introspection_c.dir/rosidl_typesupport_introspection_c/nav_msgs/srv/detail/load_map__type_support.c.o[0m
[ 55%] [32mBuilding C object CMakeFiles/nav_msgs__rosidl_typesupport_introspection_c.dir/rosidl_typesupport_introspection_c/nav_msgs/srv/detail/set_map__type_support.c.o[0m
[ 56%] [32m[1mLinking C shared library libnav_msgs__rosidl_typesupport_introspection_c.so[0m
[ 56%] Built target nav_msgs__rosidl_typesupport_introspection_c
[ 57%] [34m[1mGenerating C type support dispatch for ROS interfaces[0m
[ 58%] [32mBuilding CXX object CMakeFiles/nav_msgs__rosidl_typesupport_c.dir/rosidl_typesupport_c/nav_msgs/msg/grid_cells__type_support.cpp.o[0m
[ 59%] [32mBuilding CXX object CMakeFiles/nav_msgs__rosidl_typesupport_c.dir/rosidl_typesupport_c/nav_msgs/msg/map_meta_data__type_support.cpp.o[0m
[ 60%] [32mBuilding CXX object CMakeFiles/nav_msgs__rosidl_typesupport_c.dir/rosidl_typesupport_c/nav_msgs/msg/occupancy_grid__type_support.cpp.o[0m
[ 60%] [32mBuilding CXX object CMakeFiles/nav_msgs__rosidl_typesupport_c.dir/rosidl_typesupport_c/nav_msgs/msg/odometry__type_support.cpp.o[0m
[ 61%] [32mBuilding CXX object CMakeFiles/nav_msgs__rosidl_typesupport_c.dir/rosidl_typesupport_c/nav_msgs/msg/path__type_support.cpp.o[0m
[ 62%] [32mBuilding CXX object CMakeFiles/nav_msgs__rosidl_typesupport_c.dir/rosidl_typesupport_c/nav_msgs/srv/get_map__type_support.cpp.o[0m
[ 63%] [32mBuilding CXX object CMakeFiles/nav_msgs__rosidl_typesupport_c.dir/rosidl_typesupport_c/nav_msgs/srv/get_plan__type_support.cpp.o[0m
[ 64%] [32mBuilding CXX object CMakeFiles/nav_msgs__rosidl_typesupport_c.dir/rosidl_typesupport_c/nav_msgs/srv/load_map__type_support.cpp.o[0m
[ 65%] [32mBuilding CXX object CMakeFiles/nav_msgs__rosidl_typesupport_c.dir/rosidl_typesupport_c/nav_msgs/srv/set_map__type_support.cpp.o[0m
[ 66%] [32m[1mLinking CXX shared library libnav_msgs__rosidl_typesupport_c.so[0m
[ 66%] Built target nav_msgs__rosidl_typesupport_c
[ 67%] [34m[1mGenerating C++ introspection for ROS interfaces[0m
[ 68%] [32mBuilding CXX object CMakeFiles/nav_msgs__rosidl_typesupport_introspection_cpp.dir/rosidl_typesupport_introspection_cpp/nav_msgs/msg/detail/grid_cells__type_support.cpp.o[0m
[ 68%] [32mBuilding CXX object CMakeFiles/nav_msgs__rosidl_typesupport_introspection_cpp.dir/rosidl_typesupport_introspection_cpp/nav_msgs/msg/detail/map_meta_data__type_support.cpp.o[0m
[ 69%] [32mBuilding CXX object CMakeFiles/nav_msgs__rosidl_typesupport_introspection_cpp.dir/rosidl_typesupport_introspection_cpp/nav_msgs/msg/detail/occupancy_grid__type_support.cpp.o[0m
[ 70%] [32mBuilding CXX object CMakeFiles/nav_msgs__rosidl_typesupport_introspection_cpp.dir/rosidl_typesupport_introspection_cpp/nav_msgs/msg/detail/odometry__type_support.cpp.o[0m
[ 71%] [32mBuilding CXX object CMakeFiles/nav_msgs__rosidl_typesupport_introspection_cpp.dir/rosidl_typesupport_introspection_cpp/nav_msgs/msg/detail/path__type_support.cpp.o[0m
[ 72%] [32mBuilding CXX object CMakeFiles/nav_msgs__rosidl_typesupport_introspection_cpp.dir/rosidl_typesupport_introspection_cpp/nav_msgs/srv/detail/get_map__type_support.cpp.o[0m
[ 73%] [32mBuilding CXX object CMakeFiles/nav_msgs__rosidl_typesupport_introspection_cpp.dir/rosidl_typesupport_introspection_cpp/nav_msgs/srv/detail/get_plan__type_support.cpp.o[0m
[ 74%] [32mBuilding CXX object CMakeFiles/nav_msgs__rosidl_typesupport_introspection_cpp.dir/rosidl_typesupport_introspection_cpp/nav_msgs/srv/detail/load_map__type_support.cpp.o[0m
[ 75%] [32mBuilding CXX object CMakeFiles/nav_msgs__rosidl_typesupport_introspection_cpp.dir/rosidl_typesupport_introspection_cpp/nav_msgs/srv/detail/set_map__type_support.cpp.o[0m
[ 75%] [32m[1mLinking CXX shared library libnav_msgs__rosidl_typesupport_introspection_cpp.so[0m
[ 75%] Built target nav_msgs__rosidl_typesupport_introspection_cpp
[ 75%] [34m[1mGenerating C++ type support dispatch for ROS interfaces[0m
[ 76%] [32mBuilding CXX object CMakeFiles/nav_msgs__rosidl_typesupport_cpp.dir/rosidl_typesupport_cpp/nav_msgs/msg/grid_cells__type_support.cpp.o[0m
[ 77%] [32mBuilding CXX object CMakeFiles/nav_msgs__rosidl_typesupport_cpp.dir/rosidl_typesupport_cpp/nav_msgs/msg/map_meta_data__type_support.cpp.o[0m
[ 78%] [32mBuilding CXX object CMakeFiles/nav_msgs__rosidl_typesupport_cpp.dir/rosidl_typesupport_cpp/nav_msgs/msg/occupancy_grid__type_support.cpp.o[0m
[ 79%] [32mBuilding CXX object CMakeFiles/nav_msgs__rosidl_typesupport_cpp.dir/rosidl_typesupport_cpp/nav_msgs/msg/odometry__type_support.cpp.o[0m
[ 80%] [32mBuilding CXX object CMakeFiles/nav_msgs__rosidl_typesupport_cpp.dir/rosidl_typesupport_cpp/nav_msgs/msg/path__type_support.cpp.o[0m
[ 81%] [32mBuilding CXX object CMakeFiles/nav_msgs__rosidl_typesupport_cpp.dir/rosidl_typesupport_cpp/nav_msgs/srv/get_map__type_support.cpp.o[0m
[ 82%] [32mBuilding CXX object CMakeFiles/nav_msgs__rosidl_typesupport_cpp.dir/rosidl_typesupport_cpp/nav_msgs/srv/get_plan__type_support.cpp.o[0m
[ 82%] [32mBuilding CXX object CMakeFiles/nav_msgs__rosidl_typesupport_cpp.dir/rosidl_typesupport_cpp/nav_msgs/srv/load_map__type_support.cpp.o[0m
[ 83%] [32mBuilding CXX object CMakeFiles/nav_msgs__rosidl_typesupport_cpp.dir/rosidl_typesupport_cpp/nav_msgs/srv/set_map__type_support.cpp.o[0m
[ 84%] [32m[1mLinking CXX shared library libnav_msgs__rosidl_typesupport_cpp.so[0m
[ 84%] Built target nav_msgs__rosidl_typesupport_cpp
[ 84%] Built target nav_msgs
[ 85%] [34m[1mGenerating Python code for ROS interfaces[0m
[ 85%] Built target nav_msgs__py
[ 86%] [32mBuilding C object CMakeFiles/nav_msgs__rosidl_generator_py.dir/rosidl_generator_py/nav_msgs/msg/_grid_cells_s.c.o[0m
[ 87%] [32mBuilding C object CMakeFiles/nav_msgs__rosidl_generator_py.dir/rosidl_generator_py/nav_msgs/msg/_map_meta_data_s.c.o[0m
[ 88%] [32mBuilding C object CMakeFiles/nav_msgs__rosidl_generator_py.dir/rosidl_generator_py/nav_msgs/msg/_occupancy_grid_s.c.o[0m
[ 89%] [32mBuilding C object CMakeFiles/nav_msgs__rosidl_generator_py.dir/rosidl_generator_py/nav_msgs/msg/_odometry_s.c.o[0m
[ 90%] [32mBuilding C object CMakeFiles/nav_msgs__rosidl_generator_py.dir/rosidl_generator_py/nav_msgs/msg/_path_s.c.o[0m
[ 91%] [32mBuilding C object CMakeFiles/nav_msgs__rosidl_generator_py.dir/rosidl_generator_py/nav_msgs/srv/_get_map_s.c.o[0m
[ 92%] [32mBuilding C object CMakeFiles/nav_msgs__rosidl_generator_py.dir/rosidl_generator_py/nav_msgs/srv/_get_plan_s.c.o[0m
[ 92%] [32mBuilding C object CMakeFiles/nav_msgs__rosidl_generator_py.dir/rosidl_generator_py/nav_msgs/srv/_load_map_s.c.o[0m
[ 93%] [32mBuilding C object CMakeFiles/nav_msgs__rosidl_generator_py.dir/rosidl_generator_py/nav_msgs/srv/_set_map_s.c.o[0m
[ 94%] [32m[1mLinking C shared library libnav_msgs__rosidl_generator_py.so[0m
[ 94%] Built target nav_msgs__rosidl_generator_py
[ 95%] [32mBuilding C object CMakeFiles/nav_msgs_s__rosidl_typesupport_fastrtps_c.dir/rosidl_generator_py/nav_msgs/_nav_msgs_s.ep.rosidl_typesupport_fastrtps_c.c.o[0m
[ 96%] [32m[1mLinking C shared module rosidl_generator_py/nav_msgs/nav_msgs_s__rosidl_typesupport_fastrtps_c.so[0m
[ 96%] Built target nav_msgs_s__rosidl_typesupport_fastrtps_c
[ 97%] [32mBuilding C object CMakeFiles/nav_msgs_s__rosidl_typesupport_introspection_c.dir/rosidl_generator_py/nav_msgs/_nav_msgs_s.ep.rosidl_typesupport_introspection_c.c.o[0m
[ 98%] [32m[1mLinking C shared module rosidl_generator_py/nav_msgs/nav_msgs_s__rosidl_typesupport_introspection_c.so[0m
[ 98%] Built target nav_msgs_s__rosidl_typesupport_introspection_c
[ 99%] [32mBuilding C object CMakeFiles/nav_msgs_s__rosidl_typesupport_c.dir/rosidl_generator_py/nav_msgs/_nav_msgs_s.ep.rosidl_typesupport_c.c.o[0m
[100%] [32m[1mLinking C shared module rosidl_generator_py/nav_msgs/nav_msgs_s__rosidl_typesupport_c.so[0m
[100%] Built target nav_msgs_s__rosidl_typesupport_c
-- Install configuration: ""
-- Installing: /home/ohtoai/rust_ros_ws/install/nav_msgs/share/ament_index/resource_index/rosidl_interfaces/nav_msgs
-- Installing: /home/ohtoai/rust_ros_ws/install/nav_msgs/share/nav_msgs/msg/GridCells.json
-- Installing: /home/ohtoai/rust_ros_ws/install/nav_msgs/share/nav_msgs/msg/MapMetaData.json
-- Installing: /home/ohtoai/rust_ros_ws/install/nav_msgs/share/nav_msgs/msg/OccupancyGrid.json
-- Installing: /home/ohtoai/rust_ros_ws/install/nav_msgs/share/nav_msgs/msg/Odometry.json
-- Installing: /home/ohtoai/rust_ros_ws/install/nav_msgs/share/nav_msgs/msg/Path.json
-- Installing: /home/ohtoai/rust_ros_ws/install/nav_msgs/share/nav_msgs/srv/GetMap.json
-- Installing: /home/ohtoai/rust_ros_ws/install/nav_msgs/share/nav_msgs/srv/GetPlan.json
-- Installing: /home/ohtoai/rust_ros_ws/install/nav_msgs/share/nav_msgs/srv/LoadMap.json
-- Installing: /home/ohtoai/rust_ros_ws/install/nav_msgs/share/nav_msgs/srv/SetMap.json
-- Installing: /home/ohtoai/rust_ros_ws/install/nav_msgs/include/nav_msgs/nav_msgs
-- Installing: /home/ohtoai/rust_ros_ws/install/nav_msgs/include/nav_msgs/nav_msgs/msg
-- Installing: /home/ohtoai/rust_ros_ws/install/nav_msgs/include/nav_msgs/nav_msgs/msg/detail
-- Installing: /home/ohtoai/rust_ros_ws/install/nav_msgs/include/nav_msgs/nav_msgs/msg/detail/grid_cells__struct.h
-- Installing: /home/ohtoai/rust_ros_ws/install/nav_msgs/include/nav_msgs/nav_msgs/msg/detail/occupancy_grid__type_support.h
-- Installing: /home/ohtoai/rust_ros_ws/install/nav_msgs/include/nav_msgs/nav_msgs/msg/detail/occupancy_grid__struct.h
-- Installing: /home/ohtoai/rust_ros_ws/install/nav_msgs/include/nav_msgs/nav_msgs/msg/detail/map_meta_data__type_support.h
-- Installing: /home/ohtoai/rust_ros_ws/install/nav_msgs/include/nav_msgs/nav_msgs/msg/detail/path__struct.h
-- Installing: /home/ohtoai/rust_ros_ws/install/nav_msgs/include/nav_msgs/nav_msgs/msg/detail/occupancy_grid__functions.h
-- Installing: /home/ohtoai/rust_ros_ws/install/nav_msgs/include/nav_msgs/nav_msgs/msg/detail/odometry__struct.h
-- Installing: /home/ohtoai/rust_ros_ws/install/nav_msgs/include/nav_msgs/nav_msgs/msg/detail/path__type_support.h
-- Installing: /home/ohtoai/rust_ros_ws/install/nav_msgs/include/nav_msgs/nav_msgs/msg/detail/map_meta_data__type_support.c
-- Installing: /home/ohtoai/rust_ros_ws/install/nav_msgs/include/nav_msgs/nav_msgs/msg/detail/odometry__functions.c
-- Installing: /home/ohtoai/rust_ros_ws/install/nav_msgs/include/nav_msgs/nav_msgs/msg/detail/path__functions.h
-- Installing: /home/ohtoai/rust_ros_ws/install/nav_msgs/include/nav_msgs/nav_msgs/msg/detail/path__functions.c
-- Installing: /home/ohtoai/rust_ros_ws/install/nav_msgs/include/nav_msgs/nav_msgs/msg/detail/odometry__functions.h
-- Installing: /home/ohtoai/rust_ros_ws/install/nav_msgs/include/nav_msgs/nav_msgs/msg/detail/occupancy_grid__type_support.c
-- Installing: /home/ohtoai/rust_ros_ws/install/nav_msgs/include/nav_msgs/nav_msgs/msg/detail/grid_cells__functions.c
-- Installing: /home/ohtoai/rust_ros_ws/install/nav_msgs/include/nav_msgs/nav_msgs/msg/detail/map_meta_data__functions.h
-- Installing: /home/ohtoai/rust_ros_ws/install/nav_msgs/include/nav_msgs/nav_msgs/msg/detail/map_meta_data__description.c
-- Installing: /home/ohtoai/rust_ros_ws/install/nav_msgs/include/nav_msgs/nav_msgs/msg/detail/map_meta_data__functions.c
-- Installing: /home/ohtoai/rust_ros_ws/install/nav_msgs/include/nav_msgs/nav_msgs/msg/detail/odometry__type_support.c
-- Installing: /home/ohtoai/rust_ros_ws/install/nav_msgs/include/nav_msgs/nav_msgs/msg/detail/odometry__type_support.h
-- Installing: /home/ohtoai/rust_ros_ws/install/nav_msgs/include/nav_msgs/nav_msgs/msg/detail/path__type_support.c
-- Installing: /home/ohtoai/rust_ros_ws/install/nav_msgs/include/nav_msgs/nav_msgs/msg/detail/map_meta_data__struct.h
-- Installing: /home/ohtoai/rust_ros_ws/install/nav_msgs/include/nav_msgs/nav_msgs/msg/detail/path__description.c
-- Installing: /home/ohtoai/rust_ros_ws/install/nav_msgs/include/nav_msgs/nav_msgs/msg/detail/odometry__description.c
-- Installing: /home/ohtoai/rust_ros_ws/install/nav_msgs/include/nav_msgs/nav_msgs/msg/detail/grid_cells__type_support.h
-- Installing: /home/ohtoai/rust_ros_ws/install/nav_msgs/include/nav_msgs/nav_msgs/msg/detail/grid_cells__functions.h
-- Installing: /home/ohtoai/rust_ros_ws/install/nav_msgs/include/nav_msgs/nav_msgs/msg/detail/occupancy_grid__description.c
-- Installing: /home/ohtoai/rust_ros_ws/install/nav_msgs/include/nav_msgs/nav_msgs/msg/detail/grid_cells__type_support.c
-- Installing: /home/ohtoai/rust_ros_ws/install/nav_msgs/include/nav_msgs/nav_msgs/msg/detail/occupancy_grid__functions.c
-- Installing: /home/ohtoai/rust_ros_ws/install/nav_msgs/include/nav_msgs/nav_msgs/msg/detail/grid_cells__description.c
-- Installing: /home/ohtoai/rust_ros_ws/install/nav_msgs/include/nav_msgs/nav_msgs/msg/grid_cells.h
-- Installing: /home/ohtoai/rust_ros_ws/install/nav_msgs/include/nav_msgs/nav_msgs/msg/rosidl_generator_c__visibility_control.h
-- Installing: /home/ohtoai/rust_ros_ws/install/nav_msgs/include/nav_msgs/nav_msgs/msg/map_meta_data.h
-- Installing: /home/ohtoai/rust_ros_ws/install/nav_msgs/include/nav_msgs/nav_msgs/msg/path.h
-- Installing: /home/ohtoai/rust_ros_ws/install/nav_msgs/include/nav_msgs/nav_msgs/msg/odometry.h
-- Installing: /home/ohtoai/rust_ros_ws/install/nav_msgs/include/nav_msgs/nav_msgs/msg/occupancy_grid.h
-- Installing: /home/ohtoai/rust_ros_ws/install/nav_msgs/include/nav_msgs/nav_msgs/srv
-- Installing: /home/ohtoai/rust_ros_ws/install/nav_msgs/include/nav_msgs/nav_msgs/srv/detail
-- Installing: /home/ohtoai/rust_ros_ws/install/nav_msgs/include/nav_msgs/nav_msgs/srv/detail/get_plan__functions.h
-- Installing: /home/ohtoai/rust_ros_ws/install/nav_msgs/include/nav_msgs/nav_msgs/srv/detail/get_plan__description.c
-- Installing: /home/ohtoai/rust_ros_ws/install/nav_msgs/include/nav_msgs/nav_msgs/srv/detail/set_map__type_support.h
-- Installing: /home/ohtoai/rust_ros_ws/install/nav_msgs/include/nav_msgs/nav_msgs/srv/detail/load_map__type_support.c
-- Installing: /home/ohtoai/rust_ros_ws/install/nav_msgs/include/nav_msgs/nav_msgs/srv/detail/set_map__type_support.c
-- Installing: /home/ohtoai/rust_ros_ws/install/nav_msgs/include/nav_msgs/nav_msgs/srv/detail/get_plan__type_support.h
-- Installing: /home/ohtoai/rust_ros_ws/install/nav_msgs/include/nav_msgs/nav_msgs/srv/detail/get_map__struct.h
-- Installing: /home/ohtoai/rust_ros_ws/install/nav_msgs/include/nav_msgs/nav_msgs/srv/detail/load_map__description.c
-- Installing: /home/ohtoai/rust_ros_ws/install/nav_msgs/include/nav_msgs/nav_msgs/srv/detail/load_map__functions.c
-- Installing: /home/ohtoai/rust_ros_ws/install/nav_msgs/include/nav_msgs/nav_msgs/srv/detail/get_map__type_support.c
-- Installing: /home/ohtoai/rust_ros_ws/install/nav_msgs/include/nav_msgs/nav_msgs/srv/detail/set_map__functions.c
-- Installing: /home/ohtoai/rust_ros_ws/install/nav_msgs/include/nav_msgs/nav_msgs/srv/detail/get_map__type_support.h
-- Installing: /home/ohtoai/rust_ros_ws/install/nav_msgs/include/nav_msgs/nav_msgs/srv/detail/load_map__type_support.h
-- Installing: /home/ohtoai/rust_ros_ws/install/nav_msgs/include/nav_msgs/nav_msgs/srv/detail/get_map__description.c
-- Installing: /home/ohtoai/rust_ros_ws/install/nav_msgs/include/nav_msgs/nav_msgs/srv/detail/set_map__functions.h
-- Installing: /home/ohtoai/rust_ros_ws/install/nav_msgs/include/nav_msgs/nav_msgs/srv/detail/get_map__functions.h
-- Installing: /home/ohtoai/rust_ros_ws/install/nav_msgs/include/nav_msgs/nav_msgs/srv/detail/set_map__struct.h
-- Installing: /home/ohtoai/rust_ros_ws/install/nav_msgs/include/nav_msgs/nav_msgs/srv/detail/set_map__description.c
-- Installing: /home/ohtoai/rust_ros_ws/install/nav_msgs/include/nav_msgs/nav_msgs/srv/detail/get_plan__type_support.c
-- Installing: /home/ohtoai/rust_ros_ws/install/nav_msgs/include/nav_msgs/nav_msgs/srv/detail/get_plan__functions.c
-- Installing: /home/ohtoai/rust_ros_ws/install/nav_msgs/include/nav_msgs/nav_msgs/srv/detail/load_map__functions.h
-- Installing: /home/ohtoai/rust_ros_ws/install/nav_msgs/include/nav_msgs/nav_msgs/srv/detail/load_map__struct.h
-- Installing: /home/ohtoai/rust_ros_ws/install/nav_msgs/include/nav_msgs/nav_msgs/srv/detail/get_map__functions.c
-- Installing: /home/ohtoai/rust_ros_ws/install/nav_msgs/include/nav_msgs/nav_msgs/srv/detail/get_plan__struct.h
-- Installing: /home/ohtoai/rust_ros_ws/install/nav_msgs/include/nav_msgs/nav_msgs/srv/get_map.h
-- Installing: /home/ohtoai/rust_ros_ws/install/nav_msgs/include/nav_msgs/nav_msgs/srv/set_map.h
-- Installing: /home/ohtoai/rust_ros_ws/install/nav_msgs/include/nav_msgs/nav_msgs/srv/load_map.h
-- Installing: /home/ohtoai/rust_ros_ws/install/nav_msgs/include/nav_msgs/nav_msgs/srv/get_plan.h
-- Installing: /home/ohtoai/rust_ros_ws/install/nav_msgs/share/nav_msgs/environment/library_path.sh
-- Installing: /home/ohtoai/rust_ros_ws/install/nav_msgs/share/nav_msgs/environment/library_path.dsv
-- Installing: /home/ohtoai/rust_ros_ws/install/nav_msgs/lib/libnav_msgs__rosidl_generator_c.so
-- Set non-toolchain portion of runtime path of "/home/ohtoai/rust_ros_ws/install/nav_msgs/lib/libnav_msgs__rosidl_generator_c.so" to ""
-- Up-to-date: /home/ohtoai/rust_ros_ws/install/nav_msgs/include/nav_msgs/nav_msgs
-- Up-to-date: /home/ohtoai/rust_ros_ws/install/nav_msgs/include/nav_msgs/nav_msgs/msg
-- Up-to-date: /home/ohtoai/rust_ros_ws/install/nav_msgs/include/nav_msgs/nav_msgs/msg/detail
-- Installing: /home/ohtoai/rust_ros_ws/install/nav_msgs/include/nav_msgs/nav_msgs/msg/detail/occupancy_grid__rosidl_typesupport_fastrtps_c.h
-- Installing: /home/ohtoai/rust_ros_ws/install/nav_msgs/include/nav_msgs/nav_msgs/msg/detail/odometry__rosidl_typesupport_fastrtps_c.h
-- Installing: /home/ohtoai/rust_ros_ws/install/nav_msgs/include/nav_msgs/nav_msgs/msg/detail/path__rosidl_typesupport_fastrtps_c.h
-- Installing: /home/ohtoai/rust_ros_ws/install/nav_msgs/include/nav_msgs/nav_msgs/msg/detail/map_meta_data__rosidl_typesupport_fastrtps_c.h
-- Installing: /home/ohtoai/rust_ros_ws/install/nav_msgs/include/nav_msgs/nav_msgs/msg/detail/grid_cells__rosidl_typesupport_fastrtps_c.h
-- Installing: /home/ohtoai/rust_ros_ws/install/nav_msgs/include/nav_msgs/nav_msgs/msg/rosidl_typesupport_fastrtps_c__visibility_control.h
-- Up-to-date: /home/ohtoai/rust_ros_ws/install/nav_msgs/include/nav_msgs/nav_msgs/srv
-- Up-to-date: /home/ohtoai/rust_ros_ws/install/nav_msgs/include/nav_msgs/nav_msgs/srv/detail
-- Installing: /home/ohtoai/rust_ros_ws/install/nav_msgs/include/nav_msgs/nav_msgs/srv/detail/set_map__rosidl_typesupport_fastrtps_c.h
-- Installing: /home/ohtoai/rust_ros_ws/install/nav_msgs/include/nav_msgs/nav_msgs/srv/detail/get_map__rosidl_typesupport_fastrtps_c.h
-- Installing: /home/ohtoai/rust_ros_ws/install/nav_msgs/include/nav_msgs/nav_msgs/srv/detail/get_plan__rosidl_typesupport_fastrtps_c.h
-- Installing: /home/ohtoai/rust_ros_ws/install/nav_msgs/include/nav_msgs/nav_msgs/srv/detail/load_map__rosidl_typesupport_fastrtps_c.h
-- Installing: /home/ohtoai/rust_ros_ws/install/nav_msgs/lib/libnav_msgs__rosidl_typesupport_fastrtps_c.so
-- Set non-toolchain portion of runtime path of "/home/ohtoai/rust_ros_ws/install/nav_msgs/lib/libnav_msgs__rosidl_typesupport_fastrtps_c.so" to ""
-- Up-to-date: /home/ohtoai/rust_ros_ws/install/nav_msgs/include/nav_msgs/nav_msgs
-- Up-to-date: /home/ohtoai/rust_ros_ws/install/nav_msgs/include/nav_msgs/nav_msgs/msg
-- Up-to-date: /home/ohtoai/rust_ros_ws/install/nav_msgs/include/nav_msgs/nav_msgs/msg/detail
-- Installing: /home/ohtoai/rust_ros_ws/install/nav_msgs/include/nav_msgs/nav_msgs/msg/detail/map_meta_data__traits.hpp
-- Installing: /home/ohtoai/rust_ros_ws/install/nav_msgs/include/nav_msgs/nav_msgs/msg/detail/map_meta_data__struct.hpp
-- Installing: /home/ohtoai/rust_ros_ws/install/nav_msgs/include/nav_msgs/nav_msgs/msg/detail/path__type_support.hpp
-- Installing: /home/ohtoai/rust_ros_ws/install/nav_msgs/include/nav_msgs/nav_msgs/msg/detail/map_meta_data__builder.hpp
-- Installing: /home/ohtoai/rust_ros_ws/install/nav_msgs/include/nav_msgs/nav_msgs/msg/detail/odometry__builder.hpp
-- Installing: /home/ohtoai/rust_ros_ws/install/nav_msgs/include/nav_msgs/nav_msgs/msg/detail/occupancy_grid__traits.hpp
-- Installing: /home/ohtoai/rust_ros_ws/install/nav_msgs/include/nav_msgs/nav_msgs/msg/detail/path__struct.hpp
-- Installing: /home/ohtoai/rust_ros_ws/install/nav_msgs/include/nav_msgs/nav_msgs/msg/detail/grid_cells__struct.hpp
-- Installing: /home/ohtoai/rust_ros_ws/install/nav_msgs/include/nav_msgs/nav_msgs/msg/detail/occupancy_grid__struct.hpp
-- Installing: /home/ohtoai/rust_ros_ws/install/nav_msgs/include/nav_msgs/nav_msgs/msg/detail/path__builder.hpp
-- Installing: /home/ohtoai/rust_ros_ws/install/nav_msgs/include/nav_msgs/nav_msgs/msg/detail/odometry__type_support.hpp
-- Installing: /home/ohtoai/rust_ros_ws/install/nav_msgs/include/nav_msgs/nav_msgs/msg/detail/odometry__struct.hpp
-- Installing: /home/ohtoai/rust_ros_ws/install/nav_msgs/include/nav_msgs/nav_msgs/msg/detail/grid_cells__traits.hpp
-- Installing: /home/ohtoai/rust_ros_ws/install/nav_msgs/include/nav_msgs/nav_msgs/msg/detail/odometry__traits.hpp
-- Installing: /home/ohtoai/rust_ros_ws/install/nav_msgs/include/nav_msgs/nav_msgs/msg/detail/occupancy_grid__type_support.hpp
-- Installing: /home/ohtoai/rust_ros_ws/install/nav_msgs/include/nav_msgs/nav_msgs/msg/detail/grid_cells__type_support.hpp
-- Installing: /home/ohtoai/rust_ros_ws/install/nav_msgs/include/nav_msgs/nav_msgs/msg/detail/grid_cells__builder.hpp
-- Installing: /home/ohtoai/rust_ros_ws/install/nav_msgs/include/nav_msgs/nav_msgs/msg/detail/occupancy_grid__builder.hpp
-- Installing: /home/ohtoai/rust_ros_ws/install/nav_msgs/include/nav_msgs/nav_msgs/msg/detail/path__traits.hpp
-- Installing: /home/ohtoai/rust_ros_ws/install/nav_msgs/include/nav_msgs/nav_msgs/msg/detail/map_meta_data__type_support.hpp
-- Installing: /home/ohtoai/rust_ros_ws/install/nav_msgs/include/nav_msgs/nav_msgs/msg/rosidl_generator_cpp__visibility_control.hpp
-- Installing: /home/ohtoai/rust_ros_ws/install/nav_msgs/include/nav_msgs/nav_msgs/msg/grid_cells.hpp
-- Installing: /home/ohtoai/rust_ros_ws/install/nav_msgs/include/nav_msgs/nav_msgs/msg/path.hpp
-- Installing: /home/ohtoai/rust_ros_ws/install/nav_msgs/include/nav_msgs/nav_msgs/msg/odometry.hpp
-- Installing: /home/ohtoai/rust_ros_ws/install/nav_msgs/include/nav_msgs/nav_msgs/msg/map_meta_data.hpp
-- Installing: /home/ohtoai/rust_ros_ws/install/nav_msgs/include/nav_msgs/nav_msgs/msg/occupancy_grid.hpp
-- Up-to-date: /home/ohtoai/rust_ros_ws/install/nav_msgs/include/nav_msgs/nav_msgs/srv
-- Up-to-date: /home/ohtoai/rust_ros_ws/install/nav_msgs/include/nav_msgs/nav_msgs/srv/detail
-- Installing: /home/ohtoai/rust_ros_ws/install/nav_msgs/include/nav_msgs/nav_msgs/srv/detail/load_map__struct.hpp
-- Installing: /home/ohtoai/rust_ros_ws/install/nav_msgs/include/nav_msgs/nav_msgs/srv/detail/set_map__traits.hpp
-- Installing: /home/ohtoai/rust_ros_ws/install/nav_msgs/include/nav_msgs/nav_msgs/srv/detail/get_plan__traits.hpp
-- Installing: /home/ohtoai/rust_ros_ws/install/nav_msgs/include/nav_msgs/nav_msgs/srv/detail/get_plan__builder.hpp
-- Installing: /home/ohtoai/rust_ros_ws/install/nav_msgs/include/nav_msgs/nav_msgs/srv/detail/get_plan__struct.hpp
-- Installing: /home/ohtoai/rust_ros_ws/install/nav_msgs/include/nav_msgs/nav_msgs/srv/detail/set_map__type_support.hpp
-- Installing: /home/ohtoai/rust_ros_ws/install/nav_msgs/include/nav_msgs/nav_msgs/srv/detail/get_map__type_support.hpp
-- Installing: /home/ohtoai/rust_ros_ws/install/nav_msgs/include/nav_msgs/nav_msgs/srv/detail/set_map__struct.hpp
-- Installing: /home/ohtoai/rust_ros_ws/install/nav_msgs/include/nav_msgs/nav_msgs/srv/detail/set_map__builder.hpp
-- Installing: /home/ohtoai/rust_ros_ws/install/nav_msgs/include/nav_msgs/nav_msgs/srv/detail/get_map__builder.hpp
-- Installing: /home/ohtoai/rust_ros_ws/install/nav_msgs/include/nav_msgs/nav_msgs/srv/detail/get_map__struct.hpp
-- Installing: /home/ohtoai/rust_ros_ws/install/nav_msgs/include/nav_msgs/nav_msgs/srv/detail/load_map__builder.hpp
-- Installing: /home/ohtoai/rust_ros_ws/install/nav_msgs/include/nav_msgs/nav_msgs/srv/detail/get_map__traits.hpp
-- Installing: /home/ohtoai/rust_ros_ws/install/nav_msgs/include/nav_msgs/nav_msgs/srv/detail/load_map__traits.hpp
-- Installing: /home/ohtoai/rust_ros_ws/install/nav_msgs/include/nav_msgs/nav_msgs/srv/detail/get_plan__type_support.hpp
-- Installing: /home/ohtoai/rust_ros_ws/install/nav_msgs/include/nav_msgs/nav_msgs/srv/detail/load_map__type_support.hpp
-- Installing: /home/ohtoai/rust_ros_ws/install/nav_msgs/include/nav_msgs/nav_msgs/srv/get_plan.hpp
-- Installing: /home/ohtoai/rust_ros_ws/install/nav_msgs/include/nav_msgs/nav_msgs/srv/load_map.hpp
-- Installing: /home/ohtoai/rust_ros_ws/install/nav_msgs/include/nav_msgs/nav_msgs/srv/set_map.hpp
-- Installing: /home/ohtoai/rust_ros_ws/install/nav_msgs/include/nav_msgs/nav_msgs/srv/get_map.hpp
-- Up-to-date: /home/ohtoai/rust_ros_ws/install/nav_msgs/include/nav_msgs/nav_msgs
-- Up-to-date: /home/ohtoai/rust_ros_ws/install/nav_msgs/include/nav_msgs/nav_msgs/msg
-- Up-to-date: /home/ohtoai/rust_ros_ws/install/nav_msgs/include/nav_msgs/nav_msgs/msg/detail
-- Installing: /home/ohtoai/rust_ros_ws/install/nav_msgs/include/nav_msgs/nav_msgs/msg/detail/path__rosidl_typesupport_fastrtps_cpp.hpp
-- Installing: /home/ohtoai/rust_ros_ws/install/nav_msgs/include/nav_msgs/nav_msgs/msg/detail/odometry__rosidl_typesupport_fastrtps_cpp.hpp
-- Installing: /home/ohtoai/rust_ros_ws/install/nav_msgs/include/nav_msgs/nav_msgs/msg/detail/dds_fastrtps
-- Installing: /home/ohtoai/rust_ros_ws/install/nav_msgs/include/nav_msgs/nav_msgs/msg/detail/occupancy_grid__rosidl_typesupport_fastrtps_cpp.hpp
-- Installing: /home/ohtoai/rust_ros_ws/install/nav_msgs/include/nav_msgs/nav_msgs/msg/detail/map_meta_data__rosidl_typesupport_fastrtps_cpp.hpp
-- Installing: /home/ohtoai/rust_ros_ws/install/nav_msgs/include/nav_msgs/nav_msgs/msg/detail/grid_cells__rosidl_typesupport_fastrtps_cpp.hpp
-- Installing: /home/ohtoai/rust_ros_ws/install/nav_msgs/include/nav_msgs/nav_msgs/msg/rosidl_typesupport_fastrtps_cpp__visibility_control.h
-- Up-to-date: /home/ohtoai/rust_ros_ws/install/nav_msgs/include/nav_msgs/nav_msgs/srv
-- Up-to-date: /home/ohtoai/rust_ros_ws/install/nav_msgs/include/nav_msgs/nav_msgs/srv/detail
-- Installing: /home/ohtoai/rust_ros_ws/install/nav_msgs/include/nav_msgs/nav_msgs/srv/detail/set_map__rosidl_typesupport_fastrtps_cpp.hpp
-- Installing: /home/ohtoai/rust_ros_ws/install/nav_msgs/include/nav_msgs/nav_msgs/srv/detail/dds_fastrtps
-- Installing: /home/ohtoai/rust_ros_ws/install/nav_msgs/include/nav_msgs/nav_msgs/srv/detail/load_map__rosidl_typesupport_fastrtps_cpp.hpp
-- Installing: /home/ohtoai/rust_ros_ws/install/nav_msgs/include/nav_msgs/nav_msgs/srv/detail/get_map__rosidl_typesupport_fastrtps_cpp.hpp
-- Installing: /home/ohtoai/rust_ros_ws/install/nav_msgs/include/nav_msgs/nav_msgs/srv/detail/get_plan__rosidl_typesupport_fastrtps_cpp.hpp
-- Installing: /home/ohtoai/rust_ros_ws/install/nav_msgs/lib/libnav_msgs__rosidl_typesupport_fastrtps_cpp.so
-- Set non-toolchain portion of runtime path of "/home/ohtoai/rust_ros_ws/install/nav_msgs/lib/libnav_msgs__rosidl_typesupport_fastrtps_cpp.so" to ""
-- Up-to-date: /home/ohtoai/rust_ros_ws/install/nav_msgs/include/nav_msgs/nav_msgs
-- Up-to-date: /home/ohtoai/rust_ros_ws/install/nav_msgs/include/nav_msgs/nav_msgs/msg
-- Up-to-date: /home/ohtoai/rust_ros_ws/install/nav_msgs/include/nav_msgs/nav_msgs/msg/detail
-- Installing: /home/ohtoai/rust_ros_ws/install/nav_msgs/include/nav_msgs/nav_msgs/msg/detail/map_meta_data__rosidl_typesupport_introspection_c.h
-- Installing: /home/ohtoai/rust_ros_ws/install/nav_msgs/include/nav_msgs/nav_msgs/msg/detail/map_meta_data__type_support.c
-- Installing: /home/ohtoai/rust_ros_ws/install/nav_msgs/include/nav_msgs/nav_msgs/msg/detail/occupancy_grid__rosidl_typesupport_introspection_c.h
-- Installing: /home/ohtoai/rust_ros_ws/install/nav_msgs/include/nav_msgs/nav_msgs/msg/detail/occupancy_grid__type_support.c
-- Installing: /home/ohtoai/rust_ros_ws/install/nav_msgs/include/nav_msgs/nav_msgs/msg/detail/odometry__type_support.c
-- Installing: /home/ohtoai/rust_ros_ws/install/nav_msgs/include/nav_msgs/nav_msgs/msg/detail/path__type_support.c
-- Installing: /home/ohtoai/rust_ros_ws/install/nav_msgs/include/nav_msgs/nav_msgs/msg/detail/path__rosidl_typesupport_introspection_c.h
-- Installing: /home/ohtoai/rust_ros_ws/install/nav_msgs/include/nav_msgs/nav_msgs/msg/detail/odometry__rosidl_typesupport_introspection_c.h
-- Installing: /home/ohtoai/rust_ros_ws/install/nav_msgs/include/nav_msgs/nav_msgs/msg/detail/grid_cells__rosidl_typesupport_introspection_c.h
-- Installing: /home/ohtoai/rust_ros_ws/install/nav_msgs/include/nav_msgs/nav_msgs/msg/detail/grid_cells__type_support.c
-- Installing: /home/ohtoai/rust_ros_ws/install/nav_msgs/include/nav_msgs/nav_msgs/msg/rosidl_typesupport_introspection_c__visibility_control.h
-- Up-to-date: /home/ohtoai/rust_ros_ws/install/nav_msgs/include/nav_msgs/nav_msgs/srv
-- Up-to-date: /home/ohtoai/rust_ros_ws/install/nav_msgs/include/nav_msgs/nav_msgs/srv/detail
-- Installing: /home/ohtoai/rust_ros_ws/install/nav_msgs/include/nav_msgs/nav_msgs/srv/detail/get_plan__rosidl_typesupport_introspection_c.h
-- Installing: /home/ohtoai/rust_ros_ws/install/nav_msgs/include/nav_msgs/nav_msgs/srv/detail/load_map__rosidl_typesupport_introspection_c.h
-- Installing: /home/ohtoai/rust_ros_ws/install/nav_msgs/include/nav_msgs/nav_msgs/srv/detail/load_map__type_support.c
-- Installing: /home/ohtoai/rust_ros_ws/install/nav_msgs/include/nav_msgs/nav_msgs/srv/detail/set_map__type_support.c
-- Installing: /home/ohtoai/rust_ros_ws/install/nav_msgs/include/nav_msgs/nav_msgs/srv/detail/get_map__type_support.c
-- Installing: /home/ohtoai/rust_ros_ws/install/nav_msgs/include/nav_msgs/nav_msgs/srv/detail/get_map__rosidl_typesupport_introspection_c.h
-- Installing: /home/ohtoai/rust_ros_ws/install/nav_msgs/include/nav_msgs/nav_msgs/srv/detail/set_map__rosidl_typesupport_introspection_c.h
-- Installing: /home/ohtoai/rust_ros_ws/install/nav_msgs/include/nav_msgs/nav_msgs/srv/detail/get_plan__type_support.c
-- Installing: /home/ohtoai/rust_ros_ws/install/nav_msgs/lib/libnav_msgs__rosidl_typesupport_introspection_c.so
-- Set non-toolchain portion of runtime path of "/home/ohtoai/rust_ros_ws/install/nav_msgs/lib/libnav_msgs__rosidl_typesupport_introspection_c.so" to ""
-- Installing: /home/ohtoai/rust_ros_ws/install/nav_msgs/lib/libnav_msgs__rosidl_typesupport_c.so
-- Set non-toolchain portion of runtime path of "/home/ohtoai/rust_ros_ws/install/nav_msgs/lib/libnav_msgs__rosidl_typesupport_c.so" to ""
-- Up-to-date: /home/ohtoai/rust_ros_ws/install/nav_msgs/include/nav_msgs/nav_msgs
-- Up-to-date: /home/ohtoai/rust_ros_ws/install/nav_msgs/include/nav_msgs/nav_msgs/msg
-- Up-to-date: /home/ohtoai/rust_ros_ws/install/nav_msgs/include/nav_msgs/nav_msgs/msg/detail
-- Installing: /home/ohtoai/rust_ros_ws/install/nav_msgs/include/nav_msgs/nav_msgs/msg/detail/odometry__type_support.cpp
-- Installing: /home/ohtoai/rust_ros_ws/install/nav_msgs/include/nav_msgs/nav_msgs/msg/detail/path__type_support.cpp
-- Installing: /home/ohtoai/rust_ros_ws/install/nav_msgs/include/nav_msgs/nav_msgs/msg/detail/path__rosidl_typesupport_introspection_cpp.hpp
-- Installing: /home/ohtoai/rust_ros_ws/install/nav_msgs/include/nav_msgs/nav_msgs/msg/detail/grid_cells__type_support.cpp
-- Installing: /home/ohtoai/rust_ros_ws/install/nav_msgs/include/nav_msgs/nav_msgs/msg/detail/map_meta_data__type_support.cpp
-- Installing: /home/ohtoai/rust_ros_ws/install/nav_msgs/include/nav_msgs/nav_msgs/msg/detail/grid_cells__rosidl_typesupport_introspection_cpp.hpp
-- Installing: /home/ohtoai/rust_ros_ws/install/nav_msgs/include/nav_msgs/nav_msgs/msg/detail/occupancy_grid__type_support.cpp
-- Installing: /home/ohtoai/rust_ros_ws/install/nav_msgs/include/nav_msgs/nav_msgs/msg/detail/map_meta_data__rosidl_typesupport_introspection_cpp.hpp
-- Installing: /home/ohtoai/rust_ros_ws/install/nav_msgs/include/nav_msgs/nav_msgs/msg/detail/occupancy_grid__rosidl_typesupport_introspection_cpp.hpp
-- Installing: /home/ohtoai/rust_ros_ws/install/nav_msgs/include/nav_msgs/nav_msgs/msg/detail/odometry__rosidl_typesupport_introspection_cpp.hpp
-- Up-to-date: /home/ohtoai/rust_ros_ws/install/nav_msgs/include/nav_msgs/nav_msgs/srv
-- Up-to-date: /home/ohtoai/rust_ros_ws/install/nav_msgs/include/nav_msgs/nav_msgs/srv/detail
-- Installing: /home/ohtoai/rust_ros_ws/install/nav_msgs/include/nav_msgs/nav_msgs/srv/detail/load_map__type_support.cpp
-- Installing: /home/ohtoai/rust_ros_ws/install/nav_msgs/include/nav_msgs/nav_msgs/srv/detail/load_map__rosidl_typesupport_introspection_cpp.hpp
-- Installing: /home/ohtoai/rust_ros_ws/install/nav_msgs/include/nav_msgs/nav_msgs/srv/detail/set_map__type_support.cpp
-- Installing: /home/ohtoai/rust_ros_ws/install/nav_msgs/include/nav_msgs/nav_msgs/srv/detail/get_map__type_support.cpp
-- Installing: /home/ohtoai/rust_ros_ws/install/nav_msgs/include/nav_msgs/nav_msgs/srv/detail/set_map__rosidl_typesupport_introspection_cpp.hpp
-- Installing: /home/ohtoai/rust_ros_ws/install/nav_msgs/include/nav_msgs/nav_msgs/srv/detail/get_plan__rosidl_typesupport_introspection_cpp.hpp
-- Installing: /home/ohtoai/rust_ros_ws/install/nav_msgs/include/nav_msgs/nav_msgs/srv/detail/get_plan__type_support.cpp
-- Installing: /home/ohtoai/rust_ros_ws/install/nav_msgs/include/nav_msgs/nav_msgs/srv/detail/get_map__rosidl_typesupport_introspection_cpp.hpp
-- Installing: /home/ohtoai/rust_ros_ws/install/nav_msgs/lib/libnav_msgs__rosidl_typesupport_introspection_cpp.so
-- Set non-toolchain portion of runtime path of "/home/ohtoai/rust_ros_ws/install/nav_msgs/lib/libnav_msgs__rosidl_typesupport_introspection_cpp.so" to ""
-- Installing: /home/ohtoai/rust_ros_ws/install/nav_msgs/lib/libnav_msgs__rosidl_typesupport_cpp.so
-- Set non-toolchain portion of runtime path of "/home/ohtoai/rust_ros_ws/install/nav_msgs/lib/libnav_msgs__rosidl_typesupport_cpp.so" to ""
-- Installing: /home/ohtoai/rust_ros_ws/install/nav_msgs/share/ament_index/resource_index/rust_packages/nav_msgs
-- Installing: /home/ohtoai/rust_ros_ws/install/nav_msgs/share/nav_msgs/rust
-- Installing: /home/ohtoai/rust_ros_ws/install/nav_msgs/share/nav_msgs/rust/build.rs
-- Installing: /home/ohtoai/rust_ros_ws/install/nav_msgs/share/nav_msgs/rust/Cargo.toml
-- Installing: /home/ohtoai/rust_ros_ws/install/nav_msgs/share/nav_msgs/rust/src
-- Installing: /home/ohtoai/rust_ros_ws/install/nav_msgs/share/nav_msgs/rust/src/msg.rs
-- Installing: /home/ohtoai/rust_ros_ws/install/nav_msgs/share/nav_msgs/rust/src/srv.rs
-- Installing: /home/ohtoai/rust_ros_ws/install/nav_msgs/share/nav_msgs/rust/src/lib.rs
-- Installing: /home/ohtoai/rust_ros_ws/install/nav_msgs/share/nav_msgs/environment/pythonpath.sh
-- Installing: /home/ohtoai/rust_ros_ws/install/nav_msgs/share/nav_msgs/environment/pythonpath.dsv
-- Installing: /home/ohtoai/rust_ros_ws/install/nav_msgs/lib/python3.12/site-packages/nav_msgs-5.3.5-py3.12.egg-info
-- Installing: /home/ohtoai/rust_ros_ws/install/nav_msgs/lib/python3.12/site-packages/nav_msgs-5.3.5-py3.12.egg-info/PKG-INFO
-- Installing: /home/ohtoai/rust_ros_ws/install/nav_msgs/lib/python3.12/site-packages/nav_msgs-5.3.5-py3.12.egg-info/top_level.txt
-- Installing: /home/ohtoai/rust_ros_ws/install/nav_msgs/lib/python3.12/site-packages/nav_msgs-5.3.5-py3.12.egg-info/SOURCES.txt
-- Installing: /home/ohtoai/rust_ros_ws/install/nav_msgs/lib/python3.12/site-packages/nav_msgs-5.3.5-py3.12.egg-info/dependency_links.txt
-- Installing: /home/ohtoai/rust_ros_ws/install/nav_msgs/lib/python3.12/site-packages/nav_msgs
-- Installing: /home/ohtoai/rust_ros_ws/install/nav_msgs/lib/python3.12/site-packages/nav_msgs/nav_msgs_s__rosidl_typesupport_introspection_c.so
-- Installing: /home/ohtoai/rust_ros_ws/install/nav_msgs/lib/python3.12/site-packages/nav_msgs/_nav_msgs_s.ep.rosidl_typesupport_c.c
-- Installing: /home/ohtoai/rust_ros_ws/install/nav_msgs/lib/python3.12/site-packages/nav_msgs/_nav_msgs_s.ep.rosidl_typesupport_fastrtps_c.c
-- Installing: /home/ohtoai/rust_ros_ws/install/nav_msgs/lib/python3.12/site-packages/nav_msgs/msg
-- Installing: /home/ohtoai/rust_ros_ws/install/nav_msgs/lib/python3.12/site-packages/nav_msgs/msg/_occupancy_grid.py
-- Installing: /home/ohtoai/rust_ros_ws/install/nav_msgs/lib/python3.12/site-packages/nav_msgs/msg/_occupancy_grid_s.c
-- Installing: /home/ohtoai/rust_ros_ws/install/nav_msgs/lib/python3.12/site-packages/nav_msgs/msg/_odometry.py
-- Installing: /home/ohtoai/rust_ros_ws/install/nav_msgs/lib/python3.12/site-packages/nav_msgs/msg/_path_s.c
-- Installing: /home/ohtoai/rust_ros_ws/install/nav_msgs/lib/python3.12/site-packages/nav_msgs/msg/_odometry_s.c
-- Installing: /home/ohtoai/rust_ros_ws/install/nav_msgs/lib/python3.12/site-packages/nav_msgs/msg/_path.py
-- Installing: /home/ohtoai/rust_ros_ws/install/nav_msgs/lib/python3.12/site-packages/nav_msgs/msg/_grid_cells_s.c
-- Installing: /home/ohtoai/rust_ros_ws/install/nav_msgs/lib/python3.12/site-packages/nav_msgs/msg/_map_meta_data.py
-- Installing: /home/ohtoai/rust_ros_ws/install/nav_msgs/lib/python3.12/site-packages/nav_msgs/msg/_map_meta_data_s.c
-- Installing: /home/ohtoai/rust_ros_ws/install/nav_msgs/lib/python3.12/site-packages/nav_msgs/msg/_grid_cells.py
-- Installing: /home/ohtoai/rust_ros_ws/install/nav_msgs/lib/python3.12/site-packages/nav_msgs/msg/__init__.py
-- Installing: /home/ohtoai/rust_ros_ws/install/nav_msgs/lib/python3.12/site-packages/nav_msgs/srv
-- Installing: /home/ohtoai/rust_ros_ws/install/nav_msgs/lib/python3.12/site-packages/nav_msgs/srv/_set_map.py
-- Installing: /home/ohtoai/rust_ros_ws/install/nav_msgs/lib/python3.12/site-packages/nav_msgs/srv/_load_map_s.c
-- Installing: /home/ohtoai/rust_ros_ws/install/nav_msgs/lib/python3.12/site-packages/nav_msgs/srv/_get_plan_s.c
-- Installing: /home/ohtoai/rust_ros_ws/install/nav_msgs/lib/python3.12/site-packages/nav_msgs/srv/_load_map.py
-- Installing: /home/ohtoai/rust_ros_ws/install/nav_msgs/lib/python3.12/site-packages/nav_msgs/srv/_get_plan.py
-- Installing: /home/ohtoai/rust_ros_ws/install/nav_msgs/lib/python3.12/site-packages/nav_msgs/srv/_get_map.py
-- Installing: /home/ohtoai/rust_ros_ws/install/nav_msgs/lib/python3.12/site-packages/nav_msgs/srv/_get_map_s.c
-- Installing: /home/ohtoai/rust_ros_ws/install/nav_msgs/lib/python3.12/site-packages/nav_msgs/srv/_set_map_s.c
-- Installing: /home/ohtoai/rust_ros_ws/install/nav_msgs/lib/python3.12/site-packages/nav_msgs/srv/__init__.py
-- Installing: /home/ohtoai/rust_ros_ws/install/nav_msgs/lib/python3.12/site-packages/nav_msgs/nav_msgs_s__rosidl_typesupport_c.so
-- Installing: /home/ohtoai/rust_ros_ws/install/nav_msgs/lib/python3.12/site-packages/nav_msgs/_nav_msgs_s.ep.rosidl_typesupport_introspection_c.c
-- Installing: /home/ohtoai/rust_ros_ws/install/nav_msgs/lib/python3.12/site-packages/nav_msgs/nav_msgs_s__rosidl_typesupport_fastrtps_c.so
-- Installing: /home/ohtoai/rust_ros_ws/install/nav_msgs/lib/python3.12/site-packages/nav_msgs/__init__.py
Listing '/home/ohtoai/rust_ros_ws/install/nav_msgs/lib/python3.12/site-packages/nav_msgs'...
Compiling '/home/ohtoai/rust_ros_ws/install/nav_msgs/lib/python3.12/site-packages/nav_msgs/__init__.py'...
Listing '/home/ohtoai/rust_ros_ws/install/nav_msgs/lib/python3.12/site-packages/nav_msgs/msg'...
Compiling '/home/ohtoai/rust_ros_ws/install/nav_msgs/lib/python3.12/site-packages/nav_msgs/msg/__init__.py'...
Compiling '/home/ohtoai/rust_ros_ws/install/nav_msgs/lib/python3.12/site-packages/nav_msgs/msg/_grid_cells.py'...
Compiling '/home/ohtoai/rust_ros_ws/install/nav_msgs/lib/python3.12/site-packages/nav_msgs/msg/_map_meta_data.py'...
Compiling '/home/ohtoai/rust_ros_ws/install/nav_msgs/lib/python3.12/site-packages/nav_msgs/msg/_occupancy_grid.py'...
Compiling '/home/ohtoai/rust_ros_ws/install/nav_msgs/lib/python3.12/site-packages/nav_msgs/msg/_odometry.py'...
Compiling '/home/ohtoai/rust_ros_ws/install/nav_msgs/lib/python3.12/site-packages/nav_msgs/msg/_path.py'...
Listing '/home/ohtoai/rust_ros_ws/install/nav_msgs/lib/python3.12/site-packages/nav_msgs/srv'...
Compiling '/home/ohtoai/rust_ros_ws/install/nav_msgs/lib/python3.12/site-packages/nav_msgs/srv/__init__.py'...
Compiling '/home/ohtoai/rust_ros_ws/install/nav_msgs/lib/python3.12/site-packages/nav_msgs/srv/_get_map.py'...
Compiling '/home/ohtoai/rust_ros_ws/install/nav_msgs/lib/python3.12/site-packages/nav_msgs/srv/_get_plan.py'...
Compiling '/home/ohtoai/rust_ros_ws/install/nav_msgs/lib/python3.12/site-packages/nav_msgs/srv/_load_map.py'...
Compiling '/home/ohtoai/rust_ros_ws/install/nav_msgs/lib/python3.12/site-packages/nav_msgs/srv/_set_map.py'...
-- Installing: /home/ohtoai/rust_ros_ws/install/nav_msgs/lib/python3.12/site-packages/nav_msgs/nav_msgs_s__rosidl_typesupport_fastrtps_c.so
-- Set non-toolchain portion of runtime path of "/home/ohtoai/rust_ros_ws/install/nav_msgs/lib/python3.12/site-packages/nav_msgs/nav_msgs_s__rosidl_typesupport_fastrtps_c.so" to ""
-- Installing: /home/ohtoai/rust_ros_ws/install/nav_msgs/lib/python3.12/site-packages/nav_msgs/nav_msgs_s__rosidl_typesupport_introspection_c.so
-- Set non-toolchain portion of runtime path of "/home/ohtoai/rust_ros_ws/install/nav_msgs/lib/python3.12/site-packages/nav_msgs/nav_msgs_s__rosidl_typesupport_introspection_c.so" to ""
-- Installing: /home/ohtoai/rust_ros_ws/install/nav_msgs/lib/python3.12/site-packages/nav_msgs/nav_msgs_s__rosidl_typesupport_c.so
-- Set non-toolchain portion of runtime path of "/home/ohtoai/rust_ros_ws/install/nav_msgs/lib/python3.12/site-packages/nav_msgs/nav_msgs_s__rosidl_typesupport_c.so" to ""
-- Installing: /home/ohtoai/rust_ros_ws/install/nav_msgs/lib/libnav_msgs__rosidl_generator_py.so
-- Set non-toolchain portion of runtime path of "/home/ohtoai/rust_ros_ws/install/nav_msgs/lib/libnav_msgs__rosidl_generator_py.so" to ""
-- Installing: /home/ohtoai/rust_ros_ws/install/nav_msgs/share/nav_msgs/msg/GridCells.idl
-- Installing: /home/ohtoai/rust_ros_ws/install/nav_msgs/share/nav_msgs/msg/MapMetaData.idl
-- Installing: /home/ohtoai/rust_ros_ws/install/nav_msgs/share/nav_msgs/msg/OccupancyGrid.idl
-- Installing: /home/ohtoai/rust_ros_ws/install/nav_msgs/share/nav_msgs/msg/Odometry.idl
-- Installing: /home/ohtoai/rust_ros_ws/install/nav_msgs/share/nav_msgs/msg/Path.idl
-- Installing: /home/ohtoai/rust_ros_ws/install/nav_msgs/share/nav_msgs/srv/GetMap.idl
-- Installing: /home/ohtoai/rust_ros_ws/install/nav_msgs/share/nav_msgs/srv/GetPlan.idl
-- Installing: /home/ohtoai/rust_ros_ws/install/nav_msgs/share/nav_msgs/srv/LoadMap.idl
-- Installing: /home/ohtoai/rust_ros_ws/install/nav_msgs/share/nav_msgs/srv/SetMap.idl
-- Installing: /home/ohtoai/rust_ros_ws/install/nav_msgs/share/nav_msgs/msg/GridCells.msg
-- Installing: /home/ohtoai/rust_ros_ws/install/nav_msgs/share/nav_msgs/msg/MapMetaData.msg
-- Installing: /home/ohtoai/rust_ros_ws/install/nav_msgs/share/nav_msgs/msg/OccupancyGrid.msg
-- Installing: /home/ohtoai/rust_ros_ws/install/nav_msgs/share/nav_msgs/msg/Odometry.msg
-- Installing: /home/ohtoai/rust_ros_ws/install/nav_msgs/share/nav_msgs/msg/Path.msg
-- Installing: /home/ohtoai/rust_ros_ws/install/nav_msgs/share/nav_msgs/srv/GetMap.srv
-- Installing: /home/ohtoai/rust_ros_ws/install/nav_msgs/share/nav_msgs/srv/GetPlan.srv
-- Installing: /home/ohtoai/rust_ros_ws/install/nav_msgs/share/nav_msgs/srv/LoadMap.srv
-- Installing: /home/ohtoai/rust_ros_ws/install/nav_msgs/share/nav_msgs/srv/SetMap.srv
-- Installing: /home/ohtoai/rust_ros_ws/install/nav_msgs/share/ament_index/resource_index/package_run_dependencies/nav_msgs
-- Installing: /home/ohtoai/rust_ros_ws/install/nav_msgs/share/ament_index/resource_index/parent_prefix_path/nav_msgs
-- Installing: /home/ohtoai/rust_ros_ws/install/nav_msgs/share/nav_msgs/environment/ament_prefix_path.sh
-- Installing: /home/ohtoai/rust_ros_ws/install/nav_msgs/share/nav_msgs/environment/ament_prefix_path.dsv
-- Installing: /home/ohtoai/rust_ros_ws/install/nav_msgs/share/nav_msgs/environment/path.sh
-- Installing: /home/ohtoai/rust_ros_ws/install/nav_msgs/share/nav_msgs/environment/path.dsv
-- Installing: /home/ohtoai/rust_ros_ws/install/nav_msgs/share/nav_msgs/local_setup.bash
-- Installing: /home/ohtoai/rust_ros_ws/install/nav_msgs/share/nav_msgs/local_setup.sh
-- Installing: /home/ohtoai/rust_ros_ws/install/nav_msgs/share/nav_msgs/local_setup.zsh
-- Installing: /home/ohtoai/rust_ros_ws/install/nav_msgs/share/nav_msgs/local_setup.dsv
-- Installing: /home/ohtoai/rust_ros_ws/install/nav_msgs/share/nav_msgs/package.dsv
-- Installing: /home/ohtoai/rust_ros_ws/install/nav_msgs/share/ament_index/resource_index/packages/nav_msgs
-- Installing: /home/ohtoai/rust_ros_ws/install/nav_msgs/share/nav_msgs/cmake/export_nav_msgs__rosidl_generator_cExport.cmake
-- Installing: /home/ohtoai/rust_ros_ws/install/nav_msgs/share/nav_msgs/cmake/export_nav_msgs__rosidl_generator_cExport-noconfig.cmake
-- Installing: /home/ohtoai/rust_ros_ws/install/nav_msgs/share/nav_msgs/cmake/export_nav_msgs__rosidl_typesupport_fastrtps_cExport.cmake
-- Installing: /home/ohtoai/rust_ros_ws/install/nav_msgs/share/nav_msgs/cmake/export_nav_msgs__rosidl_typesupport_fastrtps_cExport-noconfig.cmake
-- Installing: /home/ohtoai/rust_ros_ws/install/nav_msgs/share/nav_msgs/cmake/export_nav_msgs__rosidl_generator_cppExport.cmake
-- Installing: /home/ohtoai/rust_ros_ws/install/nav_msgs/share/nav_msgs/cmake/export_nav_msgs__rosidl_typesupport_fastrtps_cppExport.cmake
-- Installing: /home/ohtoai/rust_ros_ws/install/nav_msgs/share/nav_msgs/cmake/export_nav_msgs__rosidl_typesupport_fastrtps_cppExport-noconfig.cmake
-- Installing: /home/ohtoai/rust_ros_ws/install/nav_msgs/share/nav_msgs/cmake/nav_msgs__rosidl_typesupport_introspection_cExport.cmake
-- Installing: /home/ohtoai/rust_ros_ws/install/nav_msgs/share/nav_msgs/cmake/nav_msgs__rosidl_typesupport_introspection_cExport-noconfig.cmake
-- Installing: /home/ohtoai/rust_ros_ws/install/nav_msgs/share/nav_msgs/cmake/nav_msgs__rosidl_typesupport_cExport.cmake
-- Installing: /home/ohtoai/rust_ros_ws/install/nav_msgs/share/nav_msgs/cmake/nav_msgs__rosidl_typesupport_cExport-noconfig.cmake
-- Installing: /home/ohtoai/rust_ros_ws/install/nav_msgs/share/nav_msgs/cmake/nav_msgs__rosidl_typesupport_introspection_cppExport.cmake
-- Installing: /home/ohtoai/rust_ros_ws/install/nav_msgs/share/nav_msgs/cmake/nav_msgs__rosidl_typesupport_introspection_cppExport-noconfig.cmake
-- Installing: /home/ohtoai/rust_ros_ws/install/nav_msgs/share/nav_msgs/cmake/nav_msgs__rosidl_typesupport_cppExport.cmake
-- Installing: /home/ohtoai/rust_ros_ws/install/nav_msgs/share/nav_msgs/cmake/nav_msgs__rosidl_typesupport_cppExport-noconfig.cmake
-- Installing: /home/ohtoai/rust_ros_ws/install/nav_msgs/share/nav_msgs/cmake/export_nav_msgs__rosidl_generator_pyExport.cmake
-- Installing: /home/ohtoai/rust_ros_ws/install/nav_msgs/share/nav_msgs/cmake/export_nav_msgs__rosidl_generator_pyExport-noconfig.cmake
-- Installing: /home/ohtoai/rust_ros_ws/install/nav_msgs/share/nav_msgs/cmake/rosidl_cmake-extras.cmake
-- Installing: /home/ohtoai/rust_ros_ws/install/nav_msgs/share/nav_msgs/cmake/ament_cmake_export_dependencies-extras.cmake
-- Installing: /home/ohtoai/rust_ros_ws/install/nav_msgs/share/nav_msgs/cmake/ament_cmake_export_include_directories-extras.cmake
-- Installing: /home/ohtoai/rust_ros_ws/install/nav_msgs/share/nav_msgs/cmake/ament_cmake_export_libraries-extras.cmake
-- Installing: /home/ohtoai/rust_ros_ws/install/nav_msgs/share/nav_msgs/cmake/ament_cmake_export_targets-extras.cmake
-- Installing: /home/ohtoai/rust_ros_ws/install/nav_msgs/share/nav_msgs/cmake/rosidl_cmake_export_typesupport_targets-extras.cmake
-- Installing: /home/ohtoai/rust_ros_ws/install/nav_msgs/share/nav_msgs/cmake/rosidl_cmake_export_typesupport_libraries-extras.cmake
-- Installing: /home/ohtoai/rust_ros_ws/install/nav_msgs/share/nav_msgs/cmake/nav_msgsConfig.cmake
-- Installing: /home/ohtoai/rust_ros_ws/install/nav_msgs/share/nav_msgs/cmake/nav_msgsConfig-version.cmake
-- Installing: /home/ohtoai/rust_ros_ws/install/nav_msgs/share/nav_msgs/package.xml
