[0.022s] Invoking command in '/home/ohtoai/rust_ros_ws/build/rosidl_core_runtime': AMENT_PREFIX_PATH=/home/ohtoai/rust_ros_ws/install/rosidl_generator_rs:/home/ohtoai/rust_ros_ws/install/rosidl_runtime_rs:${AMENT_PREFIX_PATH} CMAKE_PREFIX_PATH=/home/ohtoai/rust_ros_ws/install/rosidl_generator_rs:/opt/ros/jazzy/opt/gz_math_vendor:/opt/ros/jazzy/opt/gz_utils_vendor:/opt/ros/jazzy/opt/gz_cmake_vendor:/opt/ros/jazzy DEBUGINFOD_URLS=https://debuginfod.ubuntu.com PYTHONPATH=/home/ohtoai/rust_ros_ws/install/rosidl_generator_rs/lib/python3.12/site-packages:${PYTHONPATH} /usr/bin/cmake /home/ohtoai/rust_ros_ws/src/ros2/rosidl_core/rosidl_core_runtime -DCMAKE_INSTALL_PREFIX=/home/ohtoai/rust_ros_ws/install/rosidl_core_runtime
[0.069s] -- Found ament_cmake: 2.5.3 (/opt/ros/jazzy/share/ament_cmake/cmake)
[0.232s] -- Found Python3: /usr/bin/python3 (found version "3.12.3") found components: Interpreter 
[0.331s] -- Found ament_lint_auto: 0.17.1 (/opt/ros/jazzy/share/ament_lint_auto/cmake)
[0.435s] -- Added test 'copyright' to check source files copyright and LICENSE
[0.436s] -- Added test 'lint_cmake' to check CMake code style
[0.437s] -- Added test 'xmllint' to check XML markup files
[0.440s] -- Configuring done (0.4s)
[0.443s] -- Generating done (0.0s)
[0.445s] -- Build files have been written to: /home/ohtoai/rust_ros_ws/build/rosidl_core_runtime
[0.449s] Invoked command in '/home/ohtoai/rust_ros_ws/build/rosidl_core_runtime' returned '0': AMENT_PREFIX_PATH=/home/ohtoai/rust_ros_ws/install/rosidl_generator_rs:/home/ohtoai/rust_ros_ws/install/rosidl_runtime_rs:${AMENT_PREFIX_PATH} CMAKE_PREFIX_PATH=/home/ohtoai/rust_ros_ws/install/rosidl_generator_rs:/opt/ros/jazzy/opt/gz_math_vendor:/opt/ros/jazzy/opt/gz_utils_vendor:/opt/ros/jazzy/opt/gz_cmake_vendor:/opt/ros/jazzy DEBUGINFOD_URLS=https://debuginfod.ubuntu.com PYTHONPATH=/home/ohtoai/rust_ros_ws/install/rosidl_generator_rs/lib/python3.12/site-packages:${PYTHONPATH} /usr/bin/cmake /home/ohtoai/rust_ros_ws/src/ros2/rosidl_core/rosidl_core_runtime -DCMAKE_INSTALL_PREFIX=/home/ohtoai/rust_ros_ws/install/rosidl_core_runtime
[0.450s] Invoking command in '/home/ohtoai/rust_ros_ws/build/rosidl_core_runtime': AMENT_PREFIX_PATH=/home/ohtoai/rust_ros_ws/install/rosidl_generator_rs:/home/ohtoai/rust_ros_ws/install/rosidl_runtime_rs:${AMENT_PREFIX_PATH} CMAKE_PREFIX_PATH=/home/ohtoai/rust_ros_ws/install/rosidl_generator_rs:/opt/ros/jazzy/opt/gz_math_vendor:/opt/ros/jazzy/opt/gz_utils_vendor:/opt/ros/jazzy/opt/gz_cmake_vendor:/opt/ros/jazzy DEBUGINFOD_URLS=https://debuginfod.ubuntu.com PYTHONPATH=/home/ohtoai/rust_ros_ws/install/rosidl_generator_rs/lib/python3.12/site-packages:${PYTHONPATH} /usr/bin/cmake --build /home/ohtoai/rust_ros_ws/build/rosidl_core_runtime -- -j2 -l2
[0.488s] Invoked command in '/home/ohtoai/rust_ros_ws/build/rosidl_core_runtime' returned '0': AMENT_PREFIX_PATH=/home/ohtoai/rust_ros_ws/install/rosidl_generator_rs:/home/ohtoai/rust_ros_ws/install/rosidl_runtime_rs:${AMENT_PREFIX_PATH} CMAKE_PREFIX_PATH=/home/ohtoai/rust_ros_ws/install/rosidl_generator_rs:/opt/ros/jazzy/opt/gz_math_vendor:/opt/ros/jazzy/opt/gz_utils_vendor:/opt/ros/jazzy/opt/gz_cmake_vendor:/opt/ros/jazzy DEBUGINFOD_URLS=https://debuginfod.ubuntu.com PYTHONPATH=/home/ohtoai/rust_ros_ws/install/rosidl_generator_rs/lib/python3.12/site-packages:${PYTHONPATH} /usr/bin/cmake --build /home/ohtoai/rust_ros_ws/build/rosidl_core_runtime -- -j2 -l2
[0.488s] Invoking command in '/home/ohtoai/rust_ros_ws/build/rosidl_core_runtime': AMENT_PREFIX_PATH=/home/ohtoai/rust_ros_ws/install/rosidl_generator_rs:/home/ohtoai/rust_ros_ws/install/rosidl_runtime_rs:${AMENT_PREFIX_PATH} CMAKE_PREFIX_PATH=/home/ohtoai/rust_ros_ws/install/rosidl_generator_rs:/opt/ros/jazzy/opt/gz_math_vendor:/opt/ros/jazzy/opt/gz_utils_vendor:/opt/ros/jazzy/opt/gz_cmake_vendor:/opt/ros/jazzy DEBUGINFOD_URLS=https://debuginfod.ubuntu.com PYTHONPATH=/home/ohtoai/rust_ros_ws/install/rosidl_generator_rs/lib/python3.12/site-packages:${PYTHONPATH} /usr/bin/cmake --install /home/ohtoai/rust_ros_ws/build/rosidl_core_runtime
[0.496s] -- Install configuration: ""
[0.496s] -- Installing: /home/ohtoai/rust_ros_ws/install/rosidl_core_runtime/share/ament_index/resource_index/package_run_dependencies/rosidl_core_runtime
[0.497s] -- Installing: /home/ohtoai/rust_ros_ws/install/rosidl_core_runtime/share/ament_index/resource_index/parent_prefix_path/rosidl_core_runtime
[0.497s] -- Installing: /home/ohtoai/rust_ros_ws/install/rosidl_core_runtime/share/rosidl_core_runtime/environment/ament_prefix_path.sh
[0.497s] -- Installing: /home/ohtoai/rust_ros_ws/install/rosidl_core_runtime/share/rosidl_core_runtime/environment/ament_prefix_path.dsv
[0.497s] -- Installing: /home/ohtoai/rust_ros_ws/install/rosidl_core_runtime/share/rosidl_core_runtime/environment/path.sh
[0.498s] -- Installing: /home/ohtoai/rust_ros_ws/install/rosidl_core_runtime/share/rosidl_core_runtime/environment/path.dsv
[0.498s] -- Installing: /home/ohtoai/rust_ros_ws/install/rosidl_core_runtime/share/rosidl_core_runtime/local_setup.bash
[0.499s] -- Installing: /home/ohtoai/rust_ros_ws/install/rosidl_core_runtime/share/rosidl_core_runtime/local_setup.sh
[0.499s] -- Installing: /home/ohtoai/rust_ros_ws/install/rosidl_core_runtime/share/rosidl_core_runtime/local_setup.zsh
[0.499s] -- Installing: /home/ohtoai/rust_ros_ws/install/rosidl_core_runtime/share/rosidl_core_runtime/local_setup.dsv
[0.500s] -- Installing: /home/ohtoai/rust_ros_ws/install/rosidl_core_runtime/share/rosidl_core_runtime/package.dsv
[0.501s] -- Installing: /home/ohtoai/rust_ros_ws/install/rosidl_core_runtime/share/ament_index/resource_index/packages/rosidl_core_runtime
[0.501s] -- Installing: /home/ohtoai/rust_ros_ws/install/rosidl_core_runtime/share/rosidl_core_runtime/cmake/rosidl_core_runtime-extras.cmake
[0.501s] -- Installing: /home/ohtoai/rust_ros_ws/install/rosidl_core_runtime/share/rosidl_core_runtime/cmake/rosidl_core_runtimeConfig.cmake
[0.502s] -- Installing: /home/ohtoai/rust_ros_ws/install/rosidl_core_runtime/share/rosidl_core_runtime/cmake/rosidl_core_runtimeConfig-version.cmake
[0.502s] -- Installing: /home/ohtoai/rust_ros_ws/install/rosidl_core_runtime/share/rosidl_core_runtime/package.xml
[0.504s] Invoked command in '/home/ohtoai/rust_ros_ws/build/rosidl_core_runtime' returned '0': AMENT_PREFIX_PATH=/home/ohtoai/rust_ros_ws/install/rosidl_generator_rs:/home/ohtoai/rust_ros_ws/install/rosidl_runtime_rs:${AMENT_PREFIX_PATH} CMAKE_PREFIX_PATH=/home/ohtoai/rust_ros_ws/install/rosidl_generator_rs:/opt/ros/jazzy/opt/gz_math_vendor:/opt/ros/jazzy/opt/gz_utils_vendor:/opt/ros/jazzy/opt/gz_cmake_vendor:/opt/ros/jazzy DEBUGINFOD_URLS=https://debuginfod.ubuntu.com PYTHONPATH=/home/ohtoai/rust_ros_ws/install/rosidl_generator_rs/lib/python3.12/site-packages:${PYTHONPATH} /usr/bin/cmake --install /home/ohtoai/rust_ros_ws/build/rosidl_core_runtime
