-- The C compiler identification is GNU 13.3.0
-- The CXX compiler identification is GNU 13.3.0
-- Detecting C compiler ABI info
-- Detecting C compiler ABI info - done
-- Check for working C compiler: /usr/bin/cc - skipped
-- Detecting C compile features
-- Detecting C compile features - done
-- Detecting CXX compiler ABI info
-- Detecting CXX compiler ABI info - done
-- Check for working CXX compiler: /usr/bin/c++ - skipped
-- Detecting CXX compile features
-- Detecting CXX compile features - done
-- Found ament_cmake: 2.5.3 (/opt/ros/jazzy/share/ament_cmake/cmake)
-- Found Python3: /usr/bin/python3 (found version "3.12.3") found components: Interpreter 
-- Found rosidl_core_generators: 0.2.0 (/home/ohtoai/rust_ros_ws/install/rosidl_core_generators/share/rosidl_core_generators/cmake)
-- Using all available rosidl_typesupport_c: rosidl_typesupport_fastrtps_c;rosidl_typesupport_introspection_c
-- Using all available rosidl_typesupport_cpp: rosidl_typesupport_fastrtps_cpp;rosidl_typesupport_introspection_cpp
-- Found rosidl_adapter: 4.6.5 (/opt/ros/jazzy/share/rosidl_adapter/cmake)
-- Found ament_cmake_cppcheck: 0.17.1 (/opt/ros/jazzy/share/ament_cmake_cppcheck/cmake)
-- Found ament_cmake_cpplint: 0.17.1 (/opt/ros/jazzy/share/ament_cmake_cpplint/cmake)
-- Found ament_cmake_uncrustify: 0.17.1 (/opt/ros/jazzy/share/ament_cmake_uncrustify/cmake)
-- Found ament_cmake_ros: 0.12.0 (/opt/ros/jazzy/share/ament_cmake_ros/cmake)
-- Using all available rosidl_typesupport_c: rosidl_typesupport_fastrtps_c;rosidl_typesupport_introspection_c
-- Using all available rosidl_typesupport_cpp: rosidl_typesupport_fastrtps_cpp;rosidl_typesupport_introspection_cpp
-- Found python_cmake_module: 0.11.1 (/opt/ros/jazzy/share/python_cmake_module/cmake)
-- Found PythonExtra: /usr/bin/python3  
-- Found Python3: /usr/bin/python3 (found version "3.12.3") found components: Interpreter Development NumPy Development.Module Development.Embed 
-- Found ament_cmake_flake8: 0.17.1 (/opt/ros/jazzy/share/ament_cmake_flake8/cmake)
-- Found ament_cmake_pep257: 0.17.1 (/opt/ros/jazzy/share/ament_cmake_pep257/cmake)
-- Configuring done (4.8s)
-- Generating done (0.0s)
-- Build files have been written to: /home/ohtoai/rust_ros_ws/build/builtin_interfaces
[  2%] [34m[1mGenerating Rust code for ROS interfaces[0m
[  2%] Built target builtin_interfaces__rs
[  4%] [34m[1mGenerating type hashes for ROS interfaces[0m
[  4%] Built target builtin_interfaces__rosidl_generator_type_description
[  4%] Built target ament_cmake_python_copy_builtin_interfaces
[  6%] [34m[1mGenerating C code for ROS interfaces[0m
[  8%] [32mBuilding C object CMakeFiles/builtin_interfaces__rosidl_generator_c.dir/rosidl_generator_c/builtin_interfaces/msg/detail/duration__description.c.o[0m
[ 11%] [32mBuilding C object CMakeFiles/builtin_interfaces__rosidl_generator_c.dir/rosidl_generator_c/builtin_interfaces/msg/detail/duration__functions.c.o[0m
[ 13%] [32mBuilding C object CMakeFiles/builtin_interfaces__rosidl_generator_c.dir/rosidl_generator_c/builtin_interfaces/msg/detail/duration__type_support.c.o[0m
[ 15%] [32mBuilding C object CMakeFiles/builtin_interfaces__rosidl_generator_c.dir/rosidl_generator_c/builtin_interfaces/msg/detail/time__description.c.o[0m
[ 17%] [32mBuilding C object CMakeFiles/builtin_interfaces__rosidl_generator_c.dir/rosidl_generator_c/builtin_interfaces/msg/detail/time__functions.c.o[0m
[ 20%] [32mBuilding C object CMakeFiles/builtin_interfaces__rosidl_generator_c.dir/rosidl_generator_c/builtin_interfaces/msg/detail/time__type_support.c.o[0m
[ 22%] [32m[1mLinking C shared library libbuiltin_interfaces__rosidl_generator_c.so[0m
[ 22%] Built target builtin_interfaces__rosidl_generator_c
[ 24%] [34m[1mGenerating C++ code for ROS interfaces[0m
[ 24%] Built target builtin_interfaces__cpp
running egg_info
creating builtin_interfaces.egg-info
writing builtin_interfaces.egg-info/PKG-INFO
writing dependency_links to builtin_interfaces.egg-info/dependency_links.txt
writing top-level names to builtin_interfaces.egg-info/top_level.txt
writing manifest file 'builtin_interfaces.egg-info/SOURCES.txt'
reading manifest file 'builtin_interfaces.egg-info/SOURCES.txt'
writing manifest file 'builtin_interfaces.egg-info/SOURCES.txt'
[ 24%] Built target ament_cmake_python_build_builtin_interfaces_egg
[ 26%] [34m[1mGenerating C type support for eProsima Fast-RTPS[0m
[ 28%] [32mBuilding CXX object CMakeFiles/builtin_interfaces__rosidl_typesupport_fastrtps_c.dir/rosidl_typesupport_fastrtps_c/builtin_interfaces/msg/detail/duration__type_support_c.cpp.o[0m
[ 31%] [32mBuilding CXX object CMakeFiles/builtin_interfaces__rosidl_typesupport_fastrtps_c.dir/rosidl_typesupport_fastrtps_c/builtin_interfaces/msg/detail/time__type_support_c.cpp.o[0m
[ 33%] [32m[1mLinking CXX shared library libbuiltin_interfaces__rosidl_typesupport_fastrtps_c.so[0m
[ 33%] Built target builtin_interfaces__rosidl_typesupport_fastrtps_c
[ 35%] [34m[1mGenerating C introspection for ROS interfaces[0m
[ 37%] [32mBuilding C object CMakeFiles/builtin_interfaces__rosidl_typesupport_introspection_c.dir/rosidl_typesupport_introspection_c/builtin_interfaces/msg/detail/duration__type_support.c.o[0m
[ 40%] [32mBuilding C object CMakeFiles/builtin_interfaces__rosidl_typesupport_introspection_c.dir/rosidl_typesupport_introspection_c/builtin_interfaces/msg/detail/time__type_support.c.o[0m
[ 42%] [32m[1mLinking C shared library libbuiltin_interfaces__rosidl_typesupport_introspection_c.so[0m
[ 42%] Built target builtin_interfaces__rosidl_typesupport_introspection_c
[ 44%] [34m[1mGenerating C type support dispatch for ROS interfaces[0m
[ 46%] [32mBuilding CXX object CMakeFiles/builtin_interfaces__rosidl_typesupport_c.dir/rosidl_typesupport_c/builtin_interfaces/msg/duration__type_support.cpp.o[0m
[ 48%] [32mBuilding CXX object CMakeFiles/builtin_interfaces__rosidl_typesupport_c.dir/rosidl_typesupport_c/builtin_interfaces/msg/time__type_support.cpp.o[0m
[ 51%] [32m[1mLinking CXX shared library libbuiltin_interfaces__rosidl_typesupport_c.so[0m
[ 51%] Built target builtin_interfaces__rosidl_typesupport_c
[ 53%] [34m[1mGenerating C++ type support for eProsima Fast-RTPS[0m
[ 55%] [32mBuilding CXX object CMakeFiles/builtin_interfaces__rosidl_typesupport_fastrtps_cpp.dir/rosidl_typesupport_fastrtps_cpp/builtin_interfaces/msg/detail/dds_fastrtps/duration__type_support.cpp.o[0m
[ 57%] [32mBuilding CXX object CMakeFiles/builtin_interfaces__rosidl_typesupport_fastrtps_cpp.dir/rosidl_typesupport_fastrtps_cpp/builtin_interfaces/msg/detail/dds_fastrtps/time__type_support.cpp.o[0m
[ 60%] [32m[1mLinking CXX shared library libbuiltin_interfaces__rosidl_typesupport_fastrtps_cpp.so[0m
[ 60%] Built target builtin_interfaces__rosidl_typesupport_fastrtps_cpp
[ 62%] [34m[1mGenerating C++ introspection for ROS interfaces[0m
[ 64%] [32mBuilding CXX object CMakeFiles/builtin_interfaces__rosidl_typesupport_introspection_cpp.dir/rosidl_typesupport_introspection_cpp/builtin_interfaces/msg/detail/duration__type_support.cpp.o[0m
[ 66%] [32mBuilding CXX object CMakeFiles/builtin_interfaces__rosidl_typesupport_introspection_cpp.dir/rosidl_typesupport_introspection_cpp/builtin_interfaces/msg/detail/time__type_support.cpp.o[0m
[ 68%] [32m[1mLinking CXX shared library libbuiltin_interfaces__rosidl_typesupport_introspection_cpp.so[0m
[ 68%] Built target builtin_interfaces__rosidl_typesupport_introspection_cpp
[ 71%] [34m[1mGenerating C++ type support dispatch for ROS interfaces[0m
[ 73%] [32mBuilding CXX object CMakeFiles/builtin_interfaces__rosidl_typesupport_cpp.dir/rosidl_typesupport_cpp/builtin_interfaces/msg/duration__type_support.cpp.o[0m
[ 75%] [32mBuilding CXX object CMakeFiles/builtin_interfaces__rosidl_typesupport_cpp.dir/rosidl_typesupport_cpp/builtin_interfaces/msg/time__type_support.cpp.o[0m
[ 77%] [32m[1mLinking CXX shared library libbuiltin_interfaces__rosidl_typesupport_cpp.so[0m
[ 77%] Built target builtin_interfaces__rosidl_typesupport_cpp
[ 77%] Built target builtin_interfaces
[ 80%] [34m[1mGenerating Python code for ROS interfaces[0m
[ 80%] Built target builtin_interfaces__py
[ 82%] [32mBuilding C object CMakeFiles/builtin_interfaces__rosidl_generator_py.dir/rosidl_generator_py/builtin_interfaces/msg/_duration_s.c.o[0m
[ 84%] [32mBuilding C object CMakeFiles/builtin_interfaces__rosidl_generator_py.dir/rosidl_generator_py/builtin_interfaces/msg/_time_s.c.o[0m
[ 86%] [32m[1mLinking C shared library libbuiltin_interfaces__rosidl_generator_py.so[0m
[ 86%] Built target builtin_interfaces__rosidl_generator_py
[ 88%] [32mBuilding C object CMakeFiles/builtin_interfaces_s__rosidl_typesupport_fastrtps_c.dir/rosidl_generator_py/builtin_interfaces/_builtin_interfaces_s.ep.rosidl_typesupport_fastrtps_c.c.o[0m
[ 91%] [32m[1mLinking C shared module rosidl_generator_py/builtin_interfaces/builtin_interfaces_s__rosidl_typesupport_fastrtps_c.so[0m
[ 91%] Built target builtin_interfaces_s__rosidl_typesupport_fastrtps_c
[ 93%] [32mBuilding C object CMakeFiles/builtin_interfaces_s__rosidl_typesupport_introspection_c.dir/rosidl_generator_py/builtin_interfaces/_builtin_interfaces_s.ep.rosidl_typesupport_introspection_c.c.o[0m
[ 95%] [32m[1mLinking C shared module rosidl_generator_py/builtin_interfaces/builtin_interfaces_s__rosidl_typesupport_introspection_c.so[0m
[ 95%] Built target builtin_interfaces_s__rosidl_typesupport_introspection_c
[ 97%] [32mBuilding C object CMakeFiles/builtin_interfaces_s__rosidl_typesupport_c.dir/rosidl_generator_py/builtin_interfaces/_builtin_interfaces_s.ep.rosidl_typesupport_c.c.o[0m
[100%] [32m[1mLinking C shared module rosidl_generator_py/builtin_interfaces/builtin_interfaces_s__rosidl_typesupport_c.so[0m
[100%] Built target builtin_interfaces_s__rosidl_typesupport_c
-- Install configuration: ""
-- Installing: /home/ohtoai/rust_ros_ws/install/builtin_interfaces/share/ament_index/resource_index/rosidl_interfaces/builtin_interfaces
-- Installing: /home/ohtoai/rust_ros_ws/install/builtin_interfaces/share/builtin_interfaces/msg/Duration.json
-- Installing: /home/ohtoai/rust_ros_ws/install/builtin_interfaces/share/builtin_interfaces/msg/Time.json
-- Installing: /home/ohtoai/rust_ros_ws/install/builtin_interfaces/include/builtin_interfaces/builtin_interfaces
-- Installing: /home/ohtoai/rust_ros_ws/install/builtin_interfaces/include/builtin_interfaces/builtin_interfaces/msg
-- Installing: /home/ohtoai/rust_ros_ws/install/builtin_interfaces/include/builtin_interfaces/builtin_interfaces/msg/duration.h
-- Installing: /home/ohtoai/rust_ros_ws/install/builtin_interfaces/include/builtin_interfaces/builtin_interfaces/msg/detail
-- Installing: /home/ohtoai/rust_ros_ws/install/builtin_interfaces/include/builtin_interfaces/builtin_interfaces/msg/detail/time__description.c
-- Installing: /home/ohtoai/rust_ros_ws/install/builtin_interfaces/include/builtin_interfaces/builtin_interfaces/msg/detail/duration__description.c
-- Installing: /home/ohtoai/rust_ros_ws/install/builtin_interfaces/include/builtin_interfaces/builtin_interfaces/msg/detail/time__struct.h
-- Installing: /home/ohtoai/rust_ros_ws/install/builtin_interfaces/include/builtin_interfaces/builtin_interfaces/msg/detail/duration__type_support.h
-- Installing: /home/ohtoai/rust_ros_ws/install/builtin_interfaces/include/builtin_interfaces/builtin_interfaces/msg/detail/duration__struct.h
-- Installing: /home/ohtoai/rust_ros_ws/install/builtin_interfaces/include/builtin_interfaces/builtin_interfaces/msg/detail/time__type_support.h
-- Installing: /home/ohtoai/rust_ros_ws/install/builtin_interfaces/include/builtin_interfaces/builtin_interfaces/msg/detail/time__type_support.c
-- Installing: /home/ohtoai/rust_ros_ws/install/builtin_interfaces/include/builtin_interfaces/builtin_interfaces/msg/detail/duration__functions.c
-- Installing: /home/ohtoai/rust_ros_ws/install/builtin_interfaces/include/builtin_interfaces/builtin_interfaces/msg/detail/time__functions.c
-- Installing: /home/ohtoai/rust_ros_ws/install/builtin_interfaces/include/builtin_interfaces/builtin_interfaces/msg/detail/duration__functions.h
-- Installing: /home/ohtoai/rust_ros_ws/install/builtin_interfaces/include/builtin_interfaces/builtin_interfaces/msg/detail/time__functions.h
-- Installing: /home/ohtoai/rust_ros_ws/install/builtin_interfaces/include/builtin_interfaces/builtin_interfaces/msg/detail/duration__type_support.c
-- Installing: /home/ohtoai/rust_ros_ws/install/builtin_interfaces/include/builtin_interfaces/builtin_interfaces/msg/rosidl_generator_c__visibility_control.h
-- Installing: /home/ohtoai/rust_ros_ws/install/builtin_interfaces/include/builtin_interfaces/builtin_interfaces/msg/time.h
-- Installing: /home/ohtoai/rust_ros_ws/install/builtin_interfaces/share/builtin_interfaces/environment/library_path.sh
-- Installing: /home/ohtoai/rust_ros_ws/install/builtin_interfaces/share/builtin_interfaces/environment/library_path.dsv
-- Installing: /home/ohtoai/rust_ros_ws/install/builtin_interfaces/lib/libbuiltin_interfaces__rosidl_generator_c.so
-- Set non-toolchain portion of runtime path of "/home/ohtoai/rust_ros_ws/install/builtin_interfaces/lib/libbuiltin_interfaces__rosidl_generator_c.so" to ""
-- Up-to-date: /home/ohtoai/rust_ros_ws/install/builtin_interfaces/include/builtin_interfaces/builtin_interfaces
-- Up-to-date: /home/ohtoai/rust_ros_ws/install/builtin_interfaces/include/builtin_interfaces/builtin_interfaces/msg
-- Up-to-date: /home/ohtoai/rust_ros_ws/install/builtin_interfaces/include/builtin_interfaces/builtin_interfaces/msg/detail
-- Installing: /home/ohtoai/rust_ros_ws/install/builtin_interfaces/include/builtin_interfaces/builtin_interfaces/msg/detail/duration__rosidl_typesupport_fastrtps_c.h
-- Installing: /home/ohtoai/rust_ros_ws/install/builtin_interfaces/include/builtin_interfaces/builtin_interfaces/msg/detail/time__rosidl_typesupport_fastrtps_c.h
-- Installing: /home/ohtoai/rust_ros_ws/install/builtin_interfaces/include/builtin_interfaces/builtin_interfaces/msg/rosidl_typesupport_fastrtps_c__visibility_control.h
-- Installing: /home/ohtoai/rust_ros_ws/install/builtin_interfaces/lib/libbuiltin_interfaces__rosidl_typesupport_fastrtps_c.so
-- Set non-toolchain portion of runtime path of "/home/ohtoai/rust_ros_ws/install/builtin_interfaces/lib/libbuiltin_interfaces__rosidl_typesupport_fastrtps_c.so" to ""
-- Up-to-date: /home/ohtoai/rust_ros_ws/install/builtin_interfaces/include/builtin_interfaces/builtin_interfaces
-- Up-to-date: /home/ohtoai/rust_ros_ws/install/builtin_interfaces/include/builtin_interfaces/builtin_interfaces/msg
-- Up-to-date: /home/ohtoai/rust_ros_ws/install/builtin_interfaces/include/builtin_interfaces/builtin_interfaces/msg/detail
-- Installing: /home/ohtoai/rust_ros_ws/install/builtin_interfaces/include/builtin_interfaces/builtin_interfaces/msg/detail/time__rosidl_typesupport_introspection_c.h
-- Installing: /home/ohtoai/rust_ros_ws/install/builtin_interfaces/include/builtin_interfaces/builtin_interfaces/msg/detail/time__type_support.c
-- Installing: /home/ohtoai/rust_ros_ws/install/builtin_interfaces/include/builtin_interfaces/builtin_interfaces/msg/detail/duration__rosidl_typesupport_introspection_c.h
-- Installing: /home/ohtoai/rust_ros_ws/install/builtin_interfaces/include/builtin_interfaces/builtin_interfaces/msg/detail/duration__type_support.c
-- Installing: /home/ohtoai/rust_ros_ws/install/builtin_interfaces/include/builtin_interfaces/builtin_interfaces/msg/rosidl_typesupport_introspection_c__visibility_control.h
-- Installing: /home/ohtoai/rust_ros_ws/install/builtin_interfaces/lib/libbuiltin_interfaces__rosidl_typesupport_introspection_c.so
-- Set non-toolchain portion of runtime path of "/home/ohtoai/rust_ros_ws/install/builtin_interfaces/lib/libbuiltin_interfaces__rosidl_typesupport_introspection_c.so" to ""
-- Installing: /home/ohtoai/rust_ros_ws/install/builtin_interfaces/lib/libbuiltin_interfaces__rosidl_typesupport_c.so
-- Set non-toolchain portion of runtime path of "/home/ohtoai/rust_ros_ws/install/builtin_interfaces/lib/libbuiltin_interfaces__rosidl_typesupport_c.so" to ""
-- Up-to-date: /home/ohtoai/rust_ros_ws/install/builtin_interfaces/include/builtin_interfaces/builtin_interfaces
-- Up-to-date: /home/ohtoai/rust_ros_ws/install/builtin_interfaces/include/builtin_interfaces/builtin_interfaces/msg
-- Up-to-date: /home/ohtoai/rust_ros_ws/install/builtin_interfaces/include/builtin_interfaces/builtin_interfaces/msg/detail
-- Installing: /home/ohtoai/rust_ros_ws/install/builtin_interfaces/include/builtin_interfaces/builtin_interfaces/msg/detail/time__traits.hpp
-- Installing: /home/ohtoai/rust_ros_ws/install/builtin_interfaces/include/builtin_interfaces/builtin_interfaces/msg/detail/duration__traits.hpp
-- Installing: /home/ohtoai/rust_ros_ws/install/builtin_interfaces/include/builtin_interfaces/builtin_interfaces/msg/detail/duration__type_support.hpp
-- Installing: /home/ohtoai/rust_ros_ws/install/builtin_interfaces/include/builtin_interfaces/builtin_interfaces/msg/detail/duration__builder.hpp
-- Installing: /home/ohtoai/rust_ros_ws/install/builtin_interfaces/include/builtin_interfaces/builtin_interfaces/msg/detail/time__type_support.hpp
-- Installing: /home/ohtoai/rust_ros_ws/install/builtin_interfaces/include/builtin_interfaces/builtin_interfaces/msg/detail/duration__struct.hpp
-- Installing: /home/ohtoai/rust_ros_ws/install/builtin_interfaces/include/builtin_interfaces/builtin_interfaces/msg/detail/time__builder.hpp
-- Installing: /home/ohtoai/rust_ros_ws/install/builtin_interfaces/include/builtin_interfaces/builtin_interfaces/msg/detail/time__struct.hpp
-- Installing: /home/ohtoai/rust_ros_ws/install/builtin_interfaces/include/builtin_interfaces/builtin_interfaces/msg/rosidl_generator_cpp__visibility_control.hpp
-- Installing: /home/ohtoai/rust_ros_ws/install/builtin_interfaces/include/builtin_interfaces/builtin_interfaces/msg/time.hpp
-- Installing: /home/ohtoai/rust_ros_ws/install/builtin_interfaces/include/builtin_interfaces/builtin_interfaces/msg/duration.hpp
-- Up-to-date: /home/ohtoai/rust_ros_ws/install/builtin_interfaces/include/builtin_interfaces/builtin_interfaces
-- Up-to-date: /home/ohtoai/rust_ros_ws/install/builtin_interfaces/include/builtin_interfaces/builtin_interfaces/msg
-- Up-to-date: /home/ohtoai/rust_ros_ws/install/builtin_interfaces/include/builtin_interfaces/builtin_interfaces/msg/detail
-- Installing: /home/ohtoai/rust_ros_ws/install/builtin_interfaces/include/builtin_interfaces/builtin_interfaces/msg/detail/duration__rosidl_typesupport_fastrtps_cpp.hpp
-- Installing: /home/ohtoai/rust_ros_ws/install/builtin_interfaces/include/builtin_interfaces/builtin_interfaces/msg/detail/dds_fastrtps
-- Installing: /home/ohtoai/rust_ros_ws/install/builtin_interfaces/include/builtin_interfaces/builtin_interfaces/msg/detail/time__rosidl_typesupport_fastrtps_cpp.hpp
-- Installing: /home/ohtoai/rust_ros_ws/install/builtin_interfaces/include/builtin_interfaces/builtin_interfaces/msg/rosidl_typesupport_fastrtps_cpp__visibility_control.h
-- Installing: /home/ohtoai/rust_ros_ws/install/builtin_interfaces/lib/libbuiltin_interfaces__rosidl_typesupport_fastrtps_cpp.so
-- Set non-toolchain portion of runtime path of "/home/ohtoai/rust_ros_ws/install/builtin_interfaces/lib/libbuiltin_interfaces__rosidl_typesupport_fastrtps_cpp.so" to ""
-- Up-to-date: /home/ohtoai/rust_ros_ws/install/builtin_interfaces/include/builtin_interfaces/builtin_interfaces
-- Up-to-date: /home/ohtoai/rust_ros_ws/install/builtin_interfaces/include/builtin_interfaces/builtin_interfaces/msg
-- Up-to-date: /home/ohtoai/rust_ros_ws/install/builtin_interfaces/include/builtin_interfaces/builtin_interfaces/msg/detail
-- Installing: /home/ohtoai/rust_ros_ws/install/builtin_interfaces/include/builtin_interfaces/builtin_interfaces/msg/detail/time__type_support.cpp
-- Installing: /home/ohtoai/rust_ros_ws/install/builtin_interfaces/include/builtin_interfaces/builtin_interfaces/msg/detail/duration__type_support.cpp
-- Installing: /home/ohtoai/rust_ros_ws/install/builtin_interfaces/include/builtin_interfaces/builtin_interfaces/msg/detail/duration__rosidl_typesupport_introspection_cpp.hpp
-- Installing: /home/ohtoai/rust_ros_ws/install/builtin_interfaces/include/builtin_interfaces/builtin_interfaces/msg/detail/time__rosidl_typesupport_introspection_cpp.hpp
-- Installing: /home/ohtoai/rust_ros_ws/install/builtin_interfaces/lib/libbuiltin_interfaces__rosidl_typesupport_introspection_cpp.so
-- Set non-toolchain portion of runtime path of "/home/ohtoai/rust_ros_ws/install/builtin_interfaces/lib/libbuiltin_interfaces__rosidl_typesupport_introspection_cpp.so" to ""
-- Installing: /home/ohtoai/rust_ros_ws/install/builtin_interfaces/lib/libbuiltin_interfaces__rosidl_typesupport_cpp.so
-- Set non-toolchain portion of runtime path of "/home/ohtoai/rust_ros_ws/install/builtin_interfaces/lib/libbuiltin_interfaces__rosidl_typesupport_cpp.so" to ""
-- Installing: /home/ohtoai/rust_ros_ws/install/builtin_interfaces/share/ament_index/resource_index/rust_packages/builtin_interfaces
-- Installing: /home/ohtoai/rust_ros_ws/install/builtin_interfaces/share/builtin_interfaces/rust
-- Installing: /home/ohtoai/rust_ros_ws/install/builtin_interfaces/share/builtin_interfaces/rust/build.rs
-- Installing: /home/ohtoai/rust_ros_ws/install/builtin_interfaces/share/builtin_interfaces/rust/Cargo.toml
-- Installing: /home/ohtoai/rust_ros_ws/install/builtin_interfaces/share/builtin_interfaces/rust/src
-- Installing: /home/ohtoai/rust_ros_ws/install/builtin_interfaces/share/builtin_interfaces/rust/src/msg.rs
-- Installing: /home/ohtoai/rust_ros_ws/install/builtin_interfaces/share/builtin_interfaces/rust/src/lib.rs
-- Installing: /home/ohtoai/rust_ros_ws/install/builtin_interfaces/share/builtin_interfaces/environment/pythonpath.sh
-- Installing: /home/ohtoai/rust_ros_ws/install/builtin_interfaces/share/builtin_interfaces/environment/pythonpath.dsv
-- Installing: /home/ohtoai/rust_ros_ws/install/builtin_interfaces/lib/python3.12/site-packages/builtin_interfaces-2.0.2-py3.12.egg-info
-- Installing: /home/ohtoai/rust_ros_ws/install/builtin_interfaces/lib/python3.12/site-packages/builtin_interfaces-2.0.2-py3.12.egg-info/PKG-INFO
-- Installing: /home/ohtoai/rust_ros_ws/install/builtin_interfaces/lib/python3.12/site-packages/builtin_interfaces-2.0.2-py3.12.egg-info/top_level.txt
-- Installing: /home/ohtoai/rust_ros_ws/install/builtin_interfaces/lib/python3.12/site-packages/builtin_interfaces-2.0.2-py3.12.egg-info/SOURCES.txt
-- Installing: /home/ohtoai/rust_ros_ws/install/builtin_interfaces/lib/python3.12/site-packages/builtin_interfaces-2.0.2-py3.12.egg-info/dependency_links.txt
-- Installing: /home/ohtoai/rust_ros_ws/install/builtin_interfaces/lib/python3.12/site-packages/builtin_interfaces
-- Installing: /home/ohtoai/rust_ros_ws/install/builtin_interfaces/lib/python3.12/site-packages/builtin_interfaces/builtin_interfaces_s__rosidl_typesupport_c.so
-- Installing: /home/ohtoai/rust_ros_ws/install/builtin_interfaces/lib/python3.12/site-packages/builtin_interfaces/msg
-- Installing: /home/ohtoai/rust_ros_ws/install/builtin_interfaces/lib/python3.12/site-packages/builtin_interfaces/msg/_time.py
-- Installing: /home/ohtoai/rust_ros_ws/install/builtin_interfaces/lib/python3.12/site-packages/builtin_interfaces/msg/_duration.py
-- Installing: /home/ohtoai/rust_ros_ws/install/builtin_interfaces/lib/python3.12/site-packages/builtin_interfaces/msg/_duration_s.c
-- Installing: /home/ohtoai/rust_ros_ws/install/builtin_interfaces/lib/python3.12/site-packages/builtin_interfaces/msg/_time_s.c
-- Installing: /home/ohtoai/rust_ros_ws/install/builtin_interfaces/lib/python3.12/site-packages/builtin_interfaces/msg/__init__.py
-- Installing: /home/ohtoai/rust_ros_ws/install/builtin_interfaces/lib/python3.12/site-packages/builtin_interfaces/builtin_interfaces_s__rosidl_typesupport_introspection_c.so
-- Installing: /home/ohtoai/rust_ros_ws/install/builtin_interfaces/lib/python3.12/site-packages/builtin_interfaces/_builtin_interfaces_s.ep.rosidl_typesupport_fastrtps_c.c
-- Installing: /home/ohtoai/rust_ros_ws/install/builtin_interfaces/lib/python3.12/site-packages/builtin_interfaces/builtin_interfaces_s__rosidl_typesupport_fastrtps_c.so
-- Installing: /home/ohtoai/rust_ros_ws/install/builtin_interfaces/lib/python3.12/site-packages/builtin_interfaces/_builtin_interfaces_s.ep.rosidl_typesupport_introspection_c.c
-- Installing: /home/ohtoai/rust_ros_ws/install/builtin_interfaces/lib/python3.12/site-packages/builtin_interfaces/_builtin_interfaces_s.ep.rosidl_typesupport_c.c
-- Installing: /home/ohtoai/rust_ros_ws/install/builtin_interfaces/lib/python3.12/site-packages/builtin_interfaces/__init__.py
Listing '/home/ohtoai/rust_ros_ws/install/builtin_interfaces/lib/python3.12/site-packages/builtin_interfaces'...
Compiling '/home/ohtoai/rust_ros_ws/install/builtin_interfaces/lib/python3.12/site-packages/builtin_interfaces/__init__.py'...
Listing '/home/ohtoai/rust_ros_ws/install/builtin_interfaces/lib/python3.12/site-packages/builtin_interfaces/msg'...
Compiling '/home/ohtoai/rust_ros_ws/install/builtin_interfaces/lib/python3.12/site-packages/builtin_interfaces/msg/__init__.py'...
Compiling '/home/ohtoai/rust_ros_ws/install/builtin_interfaces/lib/python3.12/site-packages/builtin_interfaces/msg/_duration.py'...
Compiling '/home/ohtoai/rust_ros_ws/install/builtin_interfaces/lib/python3.12/site-packages/builtin_interfaces/msg/_time.py'...
-- Installing: /home/ohtoai/rust_ros_ws/install/builtin_interfaces/lib/python3.12/site-packages/builtin_interfaces/builtin_interfaces_s__rosidl_typesupport_fastrtps_c.so
-- Set non-toolchain portion of runtime path of "/home/ohtoai/rust_ros_ws/install/builtin_interfaces/lib/python3.12/site-packages/builtin_interfaces/builtin_interfaces_s__rosidl_typesupport_fastrtps_c.so" to ""
-- Installing: /home/ohtoai/rust_ros_ws/install/builtin_interfaces/lib/python3.12/site-packages/builtin_interfaces/builtin_interfaces_s__rosidl_typesupport_introspection_c.so
-- Set non-toolchain portion of runtime path of "/home/ohtoai/rust_ros_ws/install/builtin_interfaces/lib/python3.12/site-packages/builtin_interfaces/builtin_interfaces_s__rosidl_typesupport_introspection_c.so" to ""
-- Installing: /home/ohtoai/rust_ros_ws/install/builtin_interfaces/lib/python3.12/site-packages/builtin_interfaces/builtin_interfaces_s__rosidl_typesupport_c.so
-- Set non-toolchain portion of runtime path of "/home/ohtoai/rust_ros_ws/install/builtin_interfaces/lib/python3.12/site-packages/builtin_interfaces/builtin_interfaces_s__rosidl_typesupport_c.so" to ""
-- Installing: /home/ohtoai/rust_ros_ws/install/builtin_interfaces/lib/libbuiltin_interfaces__rosidl_generator_py.so
-- Set non-toolchain portion of runtime path of "/home/ohtoai/rust_ros_ws/install/builtin_interfaces/lib/libbuiltin_interfaces__rosidl_generator_py.so" to ""
-- Installing: /home/ohtoai/rust_ros_ws/install/builtin_interfaces/share/builtin_interfaces/msg/Duration.idl
-- Installing: /home/ohtoai/rust_ros_ws/install/builtin_interfaces/share/builtin_interfaces/msg/Time.idl
-- Installing: /home/ohtoai/rust_ros_ws/install/builtin_interfaces/share/builtin_interfaces/msg/Duration.msg
-- Installing: /home/ohtoai/rust_ros_ws/install/builtin_interfaces/share/builtin_interfaces/msg/Time.msg
-- Installing: /home/ohtoai/rust_ros_ws/install/builtin_interfaces/share/ament_index/resource_index/package_run_dependencies/builtin_interfaces
-- Installing: /home/ohtoai/rust_ros_ws/install/builtin_interfaces/share/ament_index/resource_index/parent_prefix_path/builtin_interfaces
-- Installing: /home/ohtoai/rust_ros_ws/install/builtin_interfaces/share/builtin_interfaces/environment/ament_prefix_path.sh
-- Installing: /home/ohtoai/rust_ros_ws/install/builtin_interfaces/share/builtin_interfaces/environment/ament_prefix_path.dsv
-- Installing: /home/ohtoai/rust_ros_ws/install/builtin_interfaces/share/builtin_interfaces/environment/path.sh
-- Installing: /home/ohtoai/rust_ros_ws/install/builtin_interfaces/share/builtin_interfaces/environment/path.dsv
-- Installing: /home/ohtoai/rust_ros_ws/install/builtin_interfaces/share/builtin_interfaces/local_setup.bash
-- Installing: /home/ohtoai/rust_ros_ws/install/builtin_interfaces/share/builtin_interfaces/local_setup.sh
-- Installing: /home/ohtoai/rust_ros_ws/install/builtin_interfaces/share/builtin_interfaces/local_setup.zsh
-- Installing: /home/ohtoai/rust_ros_ws/install/builtin_interfaces/share/builtin_interfaces/local_setup.dsv
-- Installing: /home/ohtoai/rust_ros_ws/install/builtin_interfaces/share/builtin_interfaces/package.dsv
-- Installing: /home/ohtoai/rust_ros_ws/install/builtin_interfaces/share/ament_index/resource_index/packages/builtin_interfaces
-- Installing: /home/ohtoai/rust_ros_ws/install/builtin_interfaces/share/builtin_interfaces/cmake/export_builtin_interfaces__rosidl_generator_cExport.cmake
-- Installing: /home/ohtoai/rust_ros_ws/install/builtin_interfaces/share/builtin_interfaces/cmake/export_builtin_interfaces__rosidl_generator_cExport-noconfig.cmake
-- Installing: /home/ohtoai/rust_ros_ws/install/builtin_interfaces/share/builtin_interfaces/cmake/export_builtin_interfaces__rosidl_typesupport_fastrtps_cExport.cmake
-- Installing: /home/ohtoai/rust_ros_ws/install/builtin_interfaces/share/builtin_interfaces/cmake/export_builtin_interfaces__rosidl_typesupport_fastrtps_cExport-noconfig.cmake
-- Installing: /home/ohtoai/rust_ros_ws/install/builtin_interfaces/share/builtin_interfaces/cmake/builtin_interfaces__rosidl_typesupport_introspection_cExport.cmake
-- Installing: /home/ohtoai/rust_ros_ws/install/builtin_interfaces/share/builtin_interfaces/cmake/builtin_interfaces__rosidl_typesupport_introspection_cExport-noconfig.cmake
-- Installing: /home/ohtoai/rust_ros_ws/install/builtin_interfaces/share/builtin_interfaces/cmake/builtin_interfaces__rosidl_typesupport_cExport.cmake
-- Installing: /home/ohtoai/rust_ros_ws/install/builtin_interfaces/share/builtin_interfaces/cmake/builtin_interfaces__rosidl_typesupport_cExport-noconfig.cmake
-- Installing: /home/ohtoai/rust_ros_ws/install/builtin_interfaces/share/builtin_interfaces/cmake/export_builtin_interfaces__rosidl_generator_cppExport.cmake
-- Installing: /home/ohtoai/rust_ros_ws/install/builtin_interfaces/share/builtin_interfaces/cmake/export_builtin_interfaces__rosidl_typesupport_fastrtps_cppExport.cmake
-- Installing: /home/ohtoai/rust_ros_ws/install/builtin_interfaces/share/builtin_interfaces/cmake/export_builtin_interfaces__rosidl_typesupport_fastrtps_cppExport-noconfig.cmake
-- Installing: /home/ohtoai/rust_ros_ws/install/builtin_interfaces/share/builtin_interfaces/cmake/builtin_interfaces__rosidl_typesupport_introspection_cppExport.cmake
-- Installing: /home/ohtoai/rust_ros_ws/install/builtin_interfaces/share/builtin_interfaces/cmake/builtin_interfaces__rosidl_typesupport_introspection_cppExport-noconfig.cmake
-- Installing: /home/ohtoai/rust_ros_ws/install/builtin_interfaces/share/builtin_interfaces/cmake/builtin_interfaces__rosidl_typesupport_cppExport.cmake
-- Installing: /home/ohtoai/rust_ros_ws/install/builtin_interfaces/share/builtin_interfaces/cmake/builtin_interfaces__rosidl_typesupport_cppExport-noconfig.cmake
-- Installing: /home/ohtoai/rust_ros_ws/install/builtin_interfaces/share/builtin_interfaces/cmake/export_builtin_interfaces__rosidl_generator_pyExport.cmake
-- Installing: /home/ohtoai/rust_ros_ws/install/builtin_interfaces/share/builtin_interfaces/cmake/export_builtin_interfaces__rosidl_generator_pyExport-noconfig.cmake
-- Installing: /home/ohtoai/rust_ros_ws/install/builtin_interfaces/share/builtin_interfaces/cmake/rosidl_cmake-extras.cmake
-- Installing: /home/ohtoai/rust_ros_ws/install/builtin_interfaces/share/builtin_interfaces/cmake/ament_cmake_export_include_directories-extras.cmake
-- Installing: /home/ohtoai/rust_ros_ws/install/builtin_interfaces/share/builtin_interfaces/cmake/ament_cmake_export_libraries-extras.cmake
-- Installing: /home/ohtoai/rust_ros_ws/install/builtin_interfaces/share/builtin_interfaces/cmake/ament_cmake_export_targets-extras.cmake
-- Installing: /home/ohtoai/rust_ros_ws/install/builtin_interfaces/share/builtin_interfaces/cmake/rosidl_cmake_export_typesupport_targets-extras.cmake
-- Installing: /home/ohtoai/rust_ros_ws/install/builtin_interfaces/share/builtin_interfaces/cmake/ament_cmake_export_dependencies-extras.cmake
-- Installing: /home/ohtoai/rust_ros_ws/install/builtin_interfaces/share/builtin_interfaces/cmake/rosidl_cmake_export_typesupport_libraries-extras.cmake
-- Installing: /home/ohtoai/rust_ros_ws/install/builtin_interfaces/share/builtin_interfaces/cmake/builtin_interfacesConfig.cmake
-- Installing: /home/ohtoai/rust_ros_ws/install/builtin_interfaces/share/builtin_interfaces/cmake/builtin_interfacesConfig-version.cmake
-- Installing: /home/ohtoai/rust_ros_ws/install/builtin_interfaces/share/builtin_interfaces/package.xml
