[0.012s] Invoking command in '/home/ohtoai/rust_ros_ws/build/builtin_interfaces': AMENT_PREFIX_PATH=/home/ohtoai/rust_ros_ws/install/rosidl_core_runtime:/home/ohtoai/rust_ros_ws/install/rosidl_core_generators:/home/ohtoai/rust_ros_ws/install/rosidl_generator_rs:/home/ohtoai/rust_ros_ws/install/rosidl_runtime_rs:${AMENT_PREFIX_PATH} CMAKE_PREFIX_PATH=/home/ohtoai/rust_ros_ws/install/rosidl_core_runtime:/home/ohtoai/rust_ros_ws/install/rosidl_core_generators:/home/ohtoai/rust_ros_ws/install/rosidl_generator_rs:/opt/ros/jazzy/opt/gz_math_vendor:/opt/ros/jazzy/opt/gz_utils_vendor:/opt/ros/jazzy/opt/gz_cmake_vendor:/opt/ros/jazzy DEBUGINFOD_URLS=https://debuginfod.ubuntu.com PYTHONPATH=/home/ohtoai/rust_ros_ws/install/rosidl_generator_rs/lib/python3.12/site-packages:${PYTHONPATH} /usr/bin/cmake /home/ohtoai/rust_ros_ws/src/ros2/rcl_interfaces/builtin_interfaces -DCMAKE_INSTALL_PREFIX=/home/ohtoai/rust_ros_ws/install/builtin_interfaces
[0.119s] -- The C compiler identification is GNU 13.3.0
[0.239s] -- The CXX compiler identification is GNU 13.3.0
[0.266s] -- Detecting C compiler ABI info
[0.372s] -- Detecting C compiler ABI info - done
[0.381s] -- Check for working C compiler: /usr/bin/cc - skipped
[0.381s] -- Detecting C compile features
[0.382s] -- Detecting C compile features - done
[0.392s] -- Detecting CXX compiler ABI info
[0.548s] -- Detecting CXX compiler ABI info - done
[0.554s] -- Check for working CXX compiler: /usr/bin/c++ - skipped
[0.554s] -- Detecting CXX compile features
[0.554s] -- Detecting CXX compile features - done
[0.557s] -- Found ament_cmake: 2.5.3 (/opt/ros/jazzy/share/ament_cmake/cmake)
[0.682s] -- Found Python3: /usr/bin/python3 (found version "3.12.3") found components: Interpreter 
[0.772s] -- Found rosidl_core_generators: 0.2.0 (/home/ohtoai/rust_ros_ws/install/rosidl_core_generators/share/rosidl_core_generators/cmake)
[0.775s] -- Using all available rosidl_typesupport_c: rosidl_typesupport_fastrtps_c;rosidl_typesupport_introspection_c
[0.820s] -- Using all available rosidl_typesupport_cpp: rosidl_typesupport_fastrtps_cpp;rosidl_typesupport_introspection_cpp
[0.861s] -- Found rosidl_adapter: 4.6.5 (/opt/ros/jazzy/share/rosidl_adapter/cmake)
[1.829s] -- Found ament_cmake_cppcheck: 0.17.1 (/opt/ros/jazzy/share/ament_cmake_cppcheck/cmake)
[1.833s] -- Found ament_cmake_cpplint: 0.17.1 (/opt/ros/jazzy/share/ament_cmake_cpplint/cmake)
[1.834s] -- Found ament_cmake_uncrustify: 0.17.1 (/opt/ros/jazzy/share/ament_cmake_uncrustify/cmake)
[1.837s] -- Found ament_cmake_ros: 0.12.0 (/opt/ros/jazzy/share/ament_cmake_ros/cmake)
[2.650s] -- Using all available rosidl_typesupport_c: rosidl_typesupport_fastrtps_c;rosidl_typesupport_introspection_c
[3.784s] -- Using all available rosidl_typesupport_cpp: rosidl_typesupport_fastrtps_cpp;rosidl_typesupport_introspection_cpp
[3.797s] -- Found python_cmake_module: 0.11.1 (/opt/ros/jazzy/share/python_cmake_module/cmake)
[4.032s] -- Found PythonExtra: /usr/bin/python3  
[4.744s] -- Found Python3: /usr/bin/python3 (found version "3.12.3") found components: Interpreter Development NumPy Development.Module Development.Embed 
[4.778s] -- Found ament_cmake_flake8: 0.17.1 (/opt/ros/jazzy/share/ament_cmake_flake8/cmake)
[4.784s] -- Found ament_cmake_pep257: 0.17.1 (/opt/ros/jazzy/share/ament_cmake_pep257/cmake)
[4.792s] -- Configuring done (4.8s)
[4.830s] -- Generating done (0.0s)
[4.843s] -- Build files have been written to: /home/ohtoai/rust_ros_ws/build/builtin_interfaces
[4.854s] Invoked command in '/home/ohtoai/rust_ros_ws/build/builtin_interfaces' returned '0': AMENT_PREFIX_PATH=/home/ohtoai/rust_ros_ws/install/rosidl_core_runtime:/home/ohtoai/rust_ros_ws/install/rosidl_core_generators:/home/ohtoai/rust_ros_ws/install/rosidl_generator_rs:/home/ohtoai/rust_ros_ws/install/rosidl_runtime_rs:${AMENT_PREFIX_PATH} CMAKE_PREFIX_PATH=/home/ohtoai/rust_ros_ws/install/rosidl_core_runtime:/home/ohtoai/rust_ros_ws/install/rosidl_core_generators:/home/ohtoai/rust_ros_ws/install/rosidl_generator_rs:/opt/ros/jazzy/opt/gz_math_vendor:/opt/ros/jazzy/opt/gz_utils_vendor:/opt/ros/jazzy/opt/gz_cmake_vendor:/opt/ros/jazzy DEBUGINFOD_URLS=https://debuginfod.ubuntu.com PYTHONPATH=/home/ohtoai/rust_ros_ws/install/rosidl_generator_rs/lib/python3.12/site-packages:${PYTHONPATH} /usr/bin/cmake /home/ohtoai/rust_ros_ws/src/ros2/rcl_interfaces/builtin_interfaces -DCMAKE_INSTALL_PREFIX=/home/ohtoai/rust_ros_ws/install/builtin_interfaces
[4.854s] Invoking command in '/home/ohtoai/rust_ros_ws/build/builtin_interfaces': AMENT_PREFIX_PATH=/home/ohtoai/rust_ros_ws/install/rosidl_core_runtime:/home/ohtoai/rust_ros_ws/install/rosidl_core_generators:/home/ohtoai/rust_ros_ws/install/rosidl_generator_rs:/home/ohtoai/rust_ros_ws/install/rosidl_runtime_rs:${AMENT_PREFIX_PATH} CMAKE_PREFIX_PATH=/home/ohtoai/rust_ros_ws/install/rosidl_core_runtime:/home/ohtoai/rust_ros_ws/install/rosidl_core_generators:/home/ohtoai/rust_ros_ws/install/rosidl_generator_rs:/opt/ros/jazzy/opt/gz_math_vendor:/opt/ros/jazzy/opt/gz_utils_vendor:/opt/ros/jazzy/opt/gz_cmake_vendor:/opt/ros/jazzy DEBUGINFOD_URLS=https://debuginfod.ubuntu.com PYTHONPATH=/home/ohtoai/rust_ros_ws/install/rosidl_generator_rs/lib/python3.12/site-packages:${PYTHONPATH} /usr/bin/cmake --build /home/ohtoai/rust_ros_ws/build/builtin_interfaces -- -j2 -l2
[4.946s] [  2%] [34m[1mGenerating Rust code for ROS interfaces[0m
[5.335s] [  2%] Built target builtin_interfaces__rs
[5.374s] [  4%] [34m[1mGenerating type hashes for ROS interfaces[0m
[5.772s] [  4%] Built target builtin_interfaces__rosidl_generator_type_description
[5.822s] [  4%] Built target ament_cmake_python_copy_builtin_interfaces
[5.842s] [  6%] [34m[1mGenerating C code for ROS interfaces[0m
[6.438s] [  8%] [32mBuilding C object CMakeFiles/builtin_interfaces__rosidl_generator_c.dir/rosidl_generator_c/builtin_interfaces/msg/detail/duration__description.c.o[0m
[6.495s] [ 11%] [32mBuilding C object CMakeFiles/builtin_interfaces__rosidl_generator_c.dir/rosidl_generator_c/builtin_interfaces/msg/detail/duration__functions.c.o[0m
[6.562s] [ 13%] [32mBuilding C object CMakeFiles/builtin_interfaces__rosidl_generator_c.dir/rosidl_generator_c/builtin_interfaces/msg/detail/duration__type_support.c.o[0m
[6.606s] [ 15%] [32mBuilding C object CMakeFiles/builtin_interfaces__rosidl_generator_c.dir/rosidl_generator_c/builtin_interfaces/msg/detail/time__description.c.o[0m
[6.669s] [ 17%] [32mBuilding C object CMakeFiles/builtin_interfaces__rosidl_generator_c.dir/rosidl_generator_c/builtin_interfaces/msg/detail/time__functions.c.o[0m
[6.740s] [ 20%] [32mBuilding C object CMakeFiles/builtin_interfaces__rosidl_generator_c.dir/rosidl_generator_c/builtin_interfaces/msg/detail/time__type_support.c.o[0m
[6.790s] [ 22%] [32m[1mLinking C shared library libbuiltin_interfaces__rosidl_generator_c.so[0m
[6.830s] [ 22%] Built target builtin_interfaces__rosidl_generator_c
[6.907s] [ 24%] [34m[1mGenerating C++ code for ROS interfaces[0m
[7.626s] [ 24%] Built target builtin_interfaces__cpp
[7.942s] running egg_info
[7.944s] creating builtin_interfaces.egg-info
[7.989s] writing builtin_interfaces.egg-info/PKG-INFO
[7.989s] writing dependency_links to builtin_interfaces.egg-info/dependency_links.txt
[7.989s] writing top-level names to builtin_interfaces.egg-info/top_level.txt
[7.991s] writing manifest file 'builtin_interfaces.egg-info/SOURCES.txt'
[8.052s] reading manifest file 'builtin_interfaces.egg-info/SOURCES.txt'
[8.053s] writing manifest file 'builtin_interfaces.egg-info/SOURCES.txt'
[8.096s] [ 24%] Built target ament_cmake_python_build_builtin_interfaces_egg
[8.111s] [ 26%] [34m[1mGenerating C type support for eProsima Fast-RTPS[0m
[8.482s] [ 28%] [32mBuilding CXX object CMakeFiles/builtin_interfaces__rosidl_typesupport_fastrtps_c.dir/rosidl_typesupport_fastrtps_c/builtin_interfaces/msg/detail/duration__type_support_c.cpp.o[0m
[8.997s] [ 31%] [32mBuilding CXX object CMakeFiles/builtin_interfaces__rosidl_typesupport_fastrtps_c.dir/rosidl_typesupport_fastrtps_c/builtin_interfaces/msg/detail/time__type_support_c.cpp.o[0m
[9.516s] [ 33%] [32m[1mLinking CXX shared library libbuiltin_interfaces__rosidl_typesupport_fastrtps_c.so[0m
[9.581s] [ 33%] Built target builtin_interfaces__rosidl_typesupport_fastrtps_c
[9.605s] [ 35%] [34m[1mGenerating C introspection for ROS interfaces[0m
[10.027s] [ 37%] [32mBuilding C object CMakeFiles/builtin_interfaces__rosidl_typesupport_introspection_c.dir/rosidl_typesupport_introspection_c/builtin_interfaces/msg/detail/duration__type_support.c.o[0m
[10.086s] [ 40%] [32mBuilding C object CMakeFiles/builtin_interfaces__rosidl_typesupport_introspection_c.dir/rosidl_typesupport_introspection_c/builtin_interfaces/msg/detail/time__type_support.c.o[0m
[10.130s] [ 42%] [32m[1mLinking C shared library libbuiltin_interfaces__rosidl_typesupport_introspection_c.so[0m
[10.173s] [ 42%] Built target builtin_interfaces__rosidl_typesupport_introspection_c
[10.201s] [ 44%] [34m[1mGenerating C type support dispatch for ROS interfaces[0m
[10.538s] [ 46%] [32mBuilding CXX object CMakeFiles/builtin_interfaces__rosidl_typesupport_c.dir/rosidl_typesupport_c/builtin_interfaces/msg/duration__type_support.cpp.o[0m
[10.607s] [ 48%] [32mBuilding CXX object CMakeFiles/builtin_interfaces__rosidl_typesupport_c.dir/rosidl_typesupport_c/builtin_interfaces/msg/time__type_support.cpp.o[0m
[10.663s] [ 51%] [32m[1mLinking CXX shared library libbuiltin_interfaces__rosidl_typesupport_c.so[0m
[10.729s] [ 51%] Built target builtin_interfaces__rosidl_typesupport_c
[10.742s] [ 53%] [34m[1mGenerating C++ type support for eProsima Fast-RTPS[0m
[11.253s] [ 55%] [32mBuilding CXX object CMakeFiles/builtin_interfaces__rosidl_typesupport_fastrtps_cpp.dir/rosidl_typesupport_fastrtps_cpp/builtin_interfaces/msg/detail/dds_fastrtps/duration__type_support.cpp.o[0m
[12.019s] [ 57%] [32mBuilding CXX object CMakeFiles/builtin_interfaces__rosidl_typesupport_fastrtps_cpp.dir/rosidl_typesupport_fastrtps_cpp/builtin_interfaces/msg/detail/dds_fastrtps/time__type_support.cpp.o[0m
[12.999s] [ 60%] [32m[1mLinking CXX shared library libbuiltin_interfaces__rosidl_typesupport_fastrtps_cpp.so[0m
[13.077s] [ 60%] Built target builtin_interfaces__rosidl_typesupport_fastrtps_cpp
[13.091s] [ 62%] [34m[1mGenerating C++ introspection for ROS interfaces[0m
[13.863s] [ 64%] [32mBuilding CXX object CMakeFiles/builtin_interfaces__rosidl_typesupport_introspection_cpp.dir/rosidl_typesupport_introspection_cpp/builtin_interfaces/msg/detail/duration__type_support.cpp.o[0m
[14.270s] [ 66%] [32mBuilding CXX object CMakeFiles/builtin_interfaces__rosidl_typesupport_introspection_cpp.dir/rosidl_typesupport_introspection_cpp/builtin_interfaces/msg/detail/time__type_support.cpp.o[0m
[14.570s] [ 68%] [32m[1mLinking CXX shared library libbuiltin_interfaces__rosidl_typesupport_introspection_cpp.so[0m
[14.620s] [ 68%] Built target builtin_interfaces__rosidl_typesupport_introspection_cpp
[14.641s] [ 71%] [34m[1mGenerating C++ type support dispatch for ROS interfaces[0m
[14.888s] [ 73%] [32mBuilding CXX object CMakeFiles/builtin_interfaces__rosidl_typesupport_cpp.dir/rosidl_typesupport_cpp/builtin_interfaces/msg/duration__type_support.cpp.o[0m
[15.135s] [ 75%] [32mBuilding CXX object CMakeFiles/builtin_interfaces__rosidl_typesupport_cpp.dir/rosidl_typesupport_cpp/builtin_interfaces/msg/time__type_support.cpp.o[0m
[15.359s] [ 77%] [32m[1mLinking CXX shared library libbuiltin_interfaces__rosidl_typesupport_cpp.so[0m
[15.399s] [ 77%] Built target builtin_interfaces__rosidl_typesupport_cpp
[15.430s] [ 77%] Built target builtin_interfaces
[15.453s] [ 80%] [34m[1mGenerating Python code for ROS interfaces[0m
[15.882s] [ 80%] Built target builtin_interfaces__py
[15.903s] [ 82%] [32mBuilding C object CMakeFiles/builtin_interfaces__rosidl_generator_py.dir/rosidl_generator_py/builtin_interfaces/msg/_duration_s.c.o[0m
[16.101s] [ 84%] [32mBuilding C object CMakeFiles/builtin_interfaces__rosidl_generator_py.dir/rosidl_generator_py/builtin_interfaces/msg/_time_s.c.o[0m
[16.280s] [ 86%] [32m[1mLinking C shared library libbuiltin_interfaces__rosidl_generator_py.so[0m
[16.324s] [ 86%] Built target builtin_interfaces__rosidl_generator_py
[16.368s] [ 88%] [32mBuilding C object CMakeFiles/builtin_interfaces_s__rosidl_typesupport_fastrtps_c.dir/rosidl_generator_py/builtin_interfaces/_builtin_interfaces_s.ep.rosidl_typesupport_fastrtps_c.c.o[0m
[16.467s] [ 91%] [32m[1mLinking C shared module rosidl_generator_py/builtin_interfaces/builtin_interfaces_s__rosidl_typesupport_fastrtps_c.so[0m
[16.497s] [ 91%] Built target builtin_interfaces_s__rosidl_typesupport_fastrtps_c
[16.531s] [ 93%] [32mBuilding C object CMakeFiles/builtin_interfaces_s__rosidl_typesupport_introspection_c.dir/rosidl_generator_py/builtin_interfaces/_builtin_interfaces_s.ep.rosidl_typesupport_introspection_c.c.o[0m
[16.628s] [ 95%] [32m[1mLinking C shared module rosidl_generator_py/builtin_interfaces/builtin_interfaces_s__rosidl_typesupport_introspection_c.so[0m
[16.661s] [ 95%] Built target builtin_interfaces_s__rosidl_typesupport_introspection_c
[16.683s] [ 97%] [32mBuilding C object CMakeFiles/builtin_interfaces_s__rosidl_typesupport_c.dir/rosidl_generator_py/builtin_interfaces/_builtin_interfaces_s.ep.rosidl_typesupport_c.c.o[0m
[16.781s] [100%] [32m[1mLinking C shared module rosidl_generator_py/builtin_interfaces/builtin_interfaces_s__rosidl_typesupport_c.so[0m
[16.810s] [100%] Built target builtin_interfaces_s__rosidl_typesupport_c
[16.826s] Invoked command in '/home/ohtoai/rust_ros_ws/build/builtin_interfaces' returned '0': AMENT_PREFIX_PATH=/home/ohtoai/rust_ros_ws/install/rosidl_core_runtime:/home/ohtoai/rust_ros_ws/install/rosidl_core_generators:/home/ohtoai/rust_ros_ws/install/rosidl_generator_rs:/home/ohtoai/rust_ros_ws/install/rosidl_runtime_rs:${AMENT_PREFIX_PATH} CMAKE_PREFIX_PATH=/home/ohtoai/rust_ros_ws/install/rosidl_core_runtime:/home/ohtoai/rust_ros_ws/install/rosidl_core_generators:/home/ohtoai/rust_ros_ws/install/rosidl_generator_rs:/opt/ros/jazzy/opt/gz_math_vendor:/opt/ros/jazzy/opt/gz_utils_vendor:/opt/ros/jazzy/opt/gz_cmake_vendor:/opt/ros/jazzy DEBUGINFOD_URLS=https://debuginfod.ubuntu.com PYTHONPATH=/home/ohtoai/rust_ros_ws/install/rosidl_generator_rs/lib/python3.12/site-packages:${PYTHONPATH} /usr/bin/cmake --build /home/ohtoai/rust_ros_ws/build/builtin_interfaces -- -j2 -l2
[16.829s] Invoking command in '/home/ohtoai/rust_ros_ws/build/builtin_interfaces': AMENT_PREFIX_PATH=/home/ohtoai/rust_ros_ws/install/rosidl_core_runtime:/home/ohtoai/rust_ros_ws/install/rosidl_core_generators:/home/ohtoai/rust_ros_ws/install/rosidl_generator_rs:/home/ohtoai/rust_ros_ws/install/rosidl_runtime_rs:${AMENT_PREFIX_PATH} CMAKE_PREFIX_PATH=/home/ohtoai/rust_ros_ws/install/rosidl_core_runtime:/home/ohtoai/rust_ros_ws/install/rosidl_core_generators:/home/ohtoai/rust_ros_ws/install/rosidl_generator_rs:/opt/ros/jazzy/opt/gz_math_vendor:/opt/ros/jazzy/opt/gz_utils_vendor:/opt/ros/jazzy/opt/gz_cmake_vendor:/opt/ros/jazzy DEBUGINFOD_URLS=https://debuginfod.ubuntu.com PYTHONPATH=/home/ohtoai/rust_ros_ws/install/rosidl_generator_rs/lib/python3.12/site-packages:${PYTHONPATH} /usr/bin/cmake --install /home/ohtoai/rust_ros_ws/build/builtin_interfaces
[16.839s] -- Install configuration: ""
[16.839s] -- Installing: /home/ohtoai/rust_ros_ws/install/builtin_interfaces/share/ament_index/resource_index/rosidl_interfaces/builtin_interfaces
[16.840s] -- Installing: /home/ohtoai/rust_ros_ws/install/builtin_interfaces/share/builtin_interfaces/msg/Duration.json
[16.840s] -- Installing: /home/ohtoai/rust_ros_ws/install/builtin_interfaces/share/builtin_interfaces/msg/Time.json
[16.841s] -- Installing: /home/ohtoai/rust_ros_ws/install/builtin_interfaces/include/builtin_interfaces/builtin_interfaces
[16.841s] -- Installing: /home/ohtoai/rust_ros_ws/install/builtin_interfaces/include/builtin_interfaces/builtin_interfaces/msg
[16.841s] -- Installing: /home/ohtoai/rust_ros_ws/install/builtin_interfaces/include/builtin_interfaces/builtin_interfaces/msg/duration.h
[16.841s] -- Installing: /home/ohtoai/rust_ros_ws/install/builtin_interfaces/include/builtin_interfaces/builtin_interfaces/msg/detail
[16.841s] -- Installing: /home/ohtoai/rust_ros_ws/install/builtin_interfaces/include/builtin_interfaces/builtin_interfaces/msg/detail/time__description.c
[16.841s] -- Installing: /home/ohtoai/rust_ros_ws/install/builtin_interfaces/include/builtin_interfaces/builtin_interfaces/msg/detail/duration__description.c
[16.841s] -- Installing: /home/ohtoai/rust_ros_ws/install/builtin_interfaces/include/builtin_interfaces/builtin_interfaces/msg/detail/time__struct.h
[16.841s] -- Installing: /home/ohtoai/rust_ros_ws/install/builtin_interfaces/include/builtin_interfaces/builtin_interfaces/msg/detail/duration__type_support.h
[16.842s] -- Installing: /home/ohtoai/rust_ros_ws/install/builtin_interfaces/include/builtin_interfaces/builtin_interfaces/msg/detail/duration__struct.h
[16.842s] -- Installing: /home/ohtoai/rust_ros_ws/install/builtin_interfaces/include/builtin_interfaces/builtin_interfaces/msg/detail/time__type_support.h
[16.842s] -- Installing: /home/ohtoai/rust_ros_ws/install/builtin_interfaces/include/builtin_interfaces/builtin_interfaces/msg/detail/time__type_support.c
[16.843s] -- Installing: /home/ohtoai/rust_ros_ws/install/builtin_interfaces/include/builtin_interfaces/builtin_interfaces/msg/detail/duration__functions.c
[16.843s] -- Installing: /home/ohtoai/rust_ros_ws/install/builtin_interfaces/include/builtin_interfaces/builtin_interfaces/msg/detail/time__functions.c
[16.844s] -- Installing: /home/ohtoai/rust_ros_ws/install/builtin_interfaces/include/builtin_interfaces/builtin_interfaces/msg/detail/duration__functions.h
[16.844s] -- Installing: /home/ohtoai/rust_ros_ws/install/builtin_interfaces/include/builtin_interfaces/builtin_interfaces/msg/detail/time__functions.h
[16.844s] -- Installing: /home/ohtoai/rust_ros_ws/install/builtin_interfaces/include/builtin_interfaces/builtin_interfaces/msg/detail/duration__type_support.c
[16.844s] -- Installing: /home/ohtoai/rust_ros_ws/install/builtin_interfaces/include/builtin_interfaces/builtin_interfaces/msg/rosidl_generator_c__visibility_control.h
[16.844s] -- Installing: /home/ohtoai/rust_ros_ws/install/builtin_interfaces/include/builtin_interfaces/builtin_interfaces/msg/time.h
[16.844s] -- Installing: /home/ohtoai/rust_ros_ws/install/builtin_interfaces/share/builtin_interfaces/environment/library_path.sh
[16.844s] -- Installing: /home/ohtoai/rust_ros_ws/install/builtin_interfaces/share/builtin_interfaces/environment/library_path.dsv
[16.845s] -- Installing: /home/ohtoai/rust_ros_ws/install/builtin_interfaces/lib/libbuiltin_interfaces__rosidl_generator_c.so
[16.845s] -- Set non-toolchain portion of runtime path of "/home/ohtoai/rust_ros_ws/install/builtin_interfaces/lib/libbuiltin_interfaces__rosidl_generator_c.so" to ""
[16.845s] -- Up-to-date: /home/ohtoai/rust_ros_ws/install/builtin_interfaces/include/builtin_interfaces/builtin_interfaces
[16.845s] -- Up-to-date: /home/ohtoai/rust_ros_ws/install/builtin_interfaces/include/builtin_interfaces/builtin_interfaces/msg
[16.845s] -- Up-to-date: /home/ohtoai/rust_ros_ws/install/builtin_interfaces/include/builtin_interfaces/builtin_interfaces/msg/detail
[16.845s] -- Installing: /home/ohtoai/rust_ros_ws/install/builtin_interfaces/include/builtin_interfaces/builtin_interfaces/msg/detail/duration__rosidl_typesupport_fastrtps_c.h
[16.846s] -- Installing: /home/ohtoai/rust_ros_ws/install/builtin_interfaces/include/builtin_interfaces/builtin_interfaces/msg/detail/time__rosidl_typesupport_fastrtps_c.h
[16.846s] -- Installing: /home/ohtoai/rust_ros_ws/install/builtin_interfaces/include/builtin_interfaces/builtin_interfaces/msg/rosidl_typesupport_fastrtps_c__visibility_control.h
[16.846s] -- Installing: /home/ohtoai/rust_ros_ws/install/builtin_interfaces/lib/libbuiltin_interfaces__rosidl_typesupport_fastrtps_c.so
[16.846s] -- Set non-toolchain portion of runtime path of "/home/ohtoai/rust_ros_ws/install/builtin_interfaces/lib/libbuiltin_interfaces__rosidl_typesupport_fastrtps_c.so" to ""
[16.846s] -- Up-to-date: /home/ohtoai/rust_ros_ws/install/builtin_interfaces/include/builtin_interfaces/builtin_interfaces
[16.846s] -- Up-to-date: /home/ohtoai/rust_ros_ws/install/builtin_interfaces/include/builtin_interfaces/builtin_interfaces/msg
[16.847s] -- Up-to-date: /home/ohtoai/rust_ros_ws/install/builtin_interfaces/include/builtin_interfaces/builtin_interfaces/msg/detail
[16.847s] -- Installing: /home/ohtoai/rust_ros_ws/install/builtin_interfaces/include/builtin_interfaces/builtin_interfaces/msg/detail/time__rosidl_typesupport_introspection_c.h
[16.847s] -- Installing: /home/ohtoai/rust_ros_ws/install/builtin_interfaces/include/builtin_interfaces/builtin_interfaces/msg/detail/time__type_support.c
[16.847s] -- Installing: /home/ohtoai/rust_ros_ws/install/builtin_interfaces/include/builtin_interfaces/builtin_interfaces/msg/detail/duration__rosidl_typesupport_introspection_c.h
[16.847s] -- Installing: /home/ohtoai/rust_ros_ws/install/builtin_interfaces/include/builtin_interfaces/builtin_interfaces/msg/detail/duration__type_support.c
[16.848s] -- Installing: /home/ohtoai/rust_ros_ws/install/builtin_interfaces/include/builtin_interfaces/builtin_interfaces/msg/rosidl_typesupport_introspection_c__visibility_control.h
[16.848s] -- Installing: /home/ohtoai/rust_ros_ws/install/builtin_interfaces/lib/libbuiltin_interfaces__rosidl_typesupport_introspection_c.so
[16.849s] -- Set non-toolchain portion of runtime path of "/home/ohtoai/rust_ros_ws/install/builtin_interfaces/lib/libbuiltin_interfaces__rosidl_typesupport_introspection_c.so" to ""
[16.849s] -- Installing: /home/ohtoai/rust_ros_ws/install/builtin_interfaces/lib/libbuiltin_interfaces__rosidl_typesupport_c.so
[16.849s] -- Set non-toolchain portion of runtime path of "/home/ohtoai/rust_ros_ws/install/builtin_interfaces/lib/libbuiltin_interfaces__rosidl_typesupport_c.so" to ""
[16.850s] -- Up-to-date: /home/ohtoai/rust_ros_ws/install/builtin_interfaces/include/builtin_interfaces/builtin_interfaces
[16.850s] -- Up-to-date: /home/ohtoai/rust_ros_ws/install/builtin_interfaces/include/builtin_interfaces/builtin_interfaces/msg
[16.850s] -- Up-to-date: /home/ohtoai/rust_ros_ws/install/builtin_interfaces/include/builtin_interfaces/builtin_interfaces/msg/detail
[16.850s] -- Installing: /home/ohtoai/rust_ros_ws/install/builtin_interfaces/include/builtin_interfaces/builtin_interfaces/msg/detail/time__traits.hpp
[16.850s] -- Installing: /home/ohtoai/rust_ros_ws/install/builtin_interfaces/include/builtin_interfaces/builtin_interfaces/msg/detail/duration__traits.hpp
[16.850s] -- Installing: /home/ohtoai/rust_ros_ws/install/builtin_interfaces/include/builtin_interfaces/builtin_interfaces/msg/detail/duration__type_support.hpp
[16.851s] -- Installing: /home/ohtoai/rust_ros_ws/install/builtin_interfaces/include/builtin_interfaces/builtin_interfaces/msg/detail/duration__builder.hpp
[16.851s] -- Installing: /home/ohtoai/rust_ros_ws/install/builtin_interfaces/include/builtin_interfaces/builtin_interfaces/msg/detail/time__type_support.hpp
[16.851s] -- Installing: /home/ohtoai/rust_ros_ws/install/builtin_interfaces/include/builtin_interfaces/builtin_interfaces/msg/detail/duration__struct.hpp
[16.851s] -- Installing: /home/ohtoai/rust_ros_ws/install/builtin_interfaces/include/builtin_interfaces/builtin_interfaces/msg/detail/time__builder.hpp
[16.851s] -- Installing: /home/ohtoai/rust_ros_ws/install/builtin_interfaces/include/builtin_interfaces/builtin_interfaces/msg/detail/time__struct.hpp
[16.851s] -- Installing: /home/ohtoai/rust_ros_ws/install/builtin_interfaces/include/builtin_interfaces/builtin_interfaces/msg/rosidl_generator_cpp__visibility_control.hpp
[16.851s] -- Installing: /home/ohtoai/rust_ros_ws/install/builtin_interfaces/include/builtin_interfaces/builtin_interfaces/msg/time.hpp
[16.852s] -- Installing: /home/ohtoai/rust_ros_ws/install/builtin_interfaces/include/builtin_interfaces/builtin_interfaces/msg/duration.hpp
[16.852s] -- Up-to-date: /home/ohtoai/rust_ros_ws/install/builtin_interfaces/include/builtin_interfaces/builtin_interfaces
[16.852s] -- Up-to-date: /home/ohtoai/rust_ros_ws/install/builtin_interfaces/include/builtin_interfaces/builtin_interfaces/msg
[16.852s] -- Up-to-date: /home/ohtoai/rust_ros_ws/install/builtin_interfaces/include/builtin_interfaces/builtin_interfaces/msg/detail
[16.852s] -- Installing: /home/ohtoai/rust_ros_ws/install/builtin_interfaces/include/builtin_interfaces/builtin_interfaces/msg/detail/duration__rosidl_typesupport_fastrtps_cpp.hpp
[16.853s] -- Installing: /home/ohtoai/rust_ros_ws/install/builtin_interfaces/include/builtin_interfaces/builtin_interfaces/msg/detail/dds_fastrtps
[16.853s] -- Installing: /home/ohtoai/rust_ros_ws/install/builtin_interfaces/include/builtin_interfaces/builtin_interfaces/msg/detail/time__rosidl_typesupport_fastrtps_cpp.hpp
[16.853s] -- Installing: /home/ohtoai/rust_ros_ws/install/builtin_interfaces/include/builtin_interfaces/builtin_interfaces/msg/rosidl_typesupport_fastrtps_cpp__visibility_control.h
[16.853s] -- Installing: /home/ohtoai/rust_ros_ws/install/builtin_interfaces/lib/libbuiltin_interfaces__rosidl_typesupport_fastrtps_cpp.so
[16.854s] -- Set non-toolchain portion of runtime path of "/home/ohtoai/rust_ros_ws/install/builtin_interfaces/lib/libbuiltin_interfaces__rosidl_typesupport_fastrtps_cpp.so" to ""
[16.854s] -- Up-to-date: /home/ohtoai/rust_ros_ws/install/builtin_interfaces/include/builtin_interfaces/builtin_interfaces
[16.854s] -- Up-to-date: /home/ohtoai/rust_ros_ws/install/builtin_interfaces/include/builtin_interfaces/builtin_interfaces/msg
[16.854s] -- Up-to-date: /home/ohtoai/rust_ros_ws/install/builtin_interfaces/include/builtin_interfaces/builtin_interfaces/msg/detail
[16.854s] -- Installing: /home/ohtoai/rust_ros_ws/install/builtin_interfaces/include/builtin_interfaces/builtin_interfaces/msg/detail/time__type_support.cpp
[16.854s] -- Installing: /home/ohtoai/rust_ros_ws/install/builtin_interfaces/include/builtin_interfaces/builtin_interfaces/msg/detail/duration__type_support.cpp
[16.854s] -- Installing: /home/ohtoai/rust_ros_ws/install/builtin_interfaces/include/builtin_interfaces/builtin_interfaces/msg/detail/duration__rosidl_typesupport_introspection_cpp.hpp
[16.855s] -- Installing: /home/ohtoai/rust_ros_ws/install/builtin_interfaces/include/builtin_interfaces/builtin_interfaces/msg/detail/time__rosidl_typesupport_introspection_cpp.hpp
[16.855s] -- Installing: /home/ohtoai/rust_ros_ws/install/builtin_interfaces/lib/libbuiltin_interfaces__rosidl_typesupport_introspection_cpp.so
[16.856s] -- Set non-toolchain portion of runtime path of "/home/ohtoai/rust_ros_ws/install/builtin_interfaces/lib/libbuiltin_interfaces__rosidl_typesupport_introspection_cpp.so" to ""
[16.856s] -- Installing: /home/ohtoai/rust_ros_ws/install/builtin_interfaces/lib/libbuiltin_interfaces__rosidl_typesupport_cpp.so
[16.856s] -- Set non-toolchain portion of runtime path of "/home/ohtoai/rust_ros_ws/install/builtin_interfaces/lib/libbuiltin_interfaces__rosidl_typesupport_cpp.so" to ""
[16.856s] -- Installing: /home/ohtoai/rust_ros_ws/install/builtin_interfaces/share/ament_index/resource_index/rust_packages/builtin_interfaces
[16.856s] -- Installing: /home/ohtoai/rust_ros_ws/install/builtin_interfaces/share/builtin_interfaces/rust
[16.857s] -- Installing: /home/ohtoai/rust_ros_ws/install/builtin_interfaces/share/builtin_interfaces/rust/build.rs
[16.857s] -- Installing: /home/ohtoai/rust_ros_ws/install/builtin_interfaces/share/builtin_interfaces/rust/Cargo.toml
[16.857s] -- Installing: /home/ohtoai/rust_ros_ws/install/builtin_interfaces/share/builtin_interfaces/rust/src
[16.858s] -- Installing: /home/ohtoai/rust_ros_ws/install/builtin_interfaces/share/builtin_interfaces/rust/src/msg.rs
[16.858s] -- Installing: /home/ohtoai/rust_ros_ws/install/builtin_interfaces/share/builtin_interfaces/rust/src/lib.rs
[16.858s] -- Installing: /home/ohtoai/rust_ros_ws/install/builtin_interfaces/share/builtin_interfaces/environment/pythonpath.sh
[16.858s] -- Installing: /home/ohtoai/rust_ros_ws/install/builtin_interfaces/share/builtin_interfaces/environment/pythonpath.dsv
[16.860s] -- Installing: /home/ohtoai/rust_ros_ws/install/builtin_interfaces/lib/python3.12/site-packages/builtin_interfaces-2.0.2-py3.12.egg-info
[16.860s] -- Installing: /home/ohtoai/rust_ros_ws/install/builtin_interfaces/lib/python3.12/site-packages/builtin_interfaces-2.0.2-py3.12.egg-info/PKG-INFO
[16.860s] -- Installing: /home/ohtoai/rust_ros_ws/install/builtin_interfaces/lib/python3.12/site-packages/builtin_interfaces-2.0.2-py3.12.egg-info/top_level.txt
[16.860s] -- Installing: /home/ohtoai/rust_ros_ws/install/builtin_interfaces/lib/python3.12/site-packages/builtin_interfaces-2.0.2-py3.12.egg-info/SOURCES.txt
[16.861s] -- Installing: /home/ohtoai/rust_ros_ws/install/builtin_interfaces/lib/python3.12/site-packages/builtin_interfaces-2.0.2-py3.12.egg-info/dependency_links.txt
[16.861s] -- Installing: /home/ohtoai/rust_ros_ws/install/builtin_interfaces/lib/python3.12/site-packages/builtin_interfaces
[16.861s] -- Installing: /home/ohtoai/rust_ros_ws/install/builtin_interfaces/lib/python3.12/site-packages/builtin_interfaces/builtin_interfaces_s__rosidl_typesupport_c.so
[16.861s] -- Installing: /home/ohtoai/rust_ros_ws/install/builtin_interfaces/lib/python3.12/site-packages/builtin_interfaces/msg
[16.862s] -- Installing: /home/ohtoai/rust_ros_ws/install/builtin_interfaces/lib/python3.12/site-packages/builtin_interfaces/msg/_time.py
[16.862s] -- Installing: /home/ohtoai/rust_ros_ws/install/builtin_interfaces/lib/python3.12/site-packages/builtin_interfaces/msg/_duration.py
[16.862s] -- Installing: /home/ohtoai/rust_ros_ws/install/builtin_interfaces/lib/python3.12/site-packages/builtin_interfaces/msg/_duration_s.c
[16.862s] -- Installing: /home/ohtoai/rust_ros_ws/install/builtin_interfaces/lib/python3.12/site-packages/builtin_interfaces/msg/_time_s.c
[16.862s] -- Installing: /home/ohtoai/rust_ros_ws/install/builtin_interfaces/lib/python3.12/site-packages/builtin_interfaces/msg/__init__.py
[16.862s] -- Installing: /home/ohtoai/rust_ros_ws/install/builtin_interfaces/lib/python3.12/site-packages/builtin_interfaces/builtin_interfaces_s__rosidl_typesupport_introspection_c.so
[16.863s] -- Installing: /home/ohtoai/rust_ros_ws/install/builtin_interfaces/lib/python3.12/site-packages/builtin_interfaces/_builtin_interfaces_s.ep.rosidl_typesupport_fastrtps_c.c
[16.863s] -- Installing: /home/ohtoai/rust_ros_ws/install/builtin_interfaces/lib/python3.12/site-packages/builtin_interfaces/builtin_interfaces_s__rosidl_typesupport_fastrtps_c.so
[16.863s] -- Installing: /home/ohtoai/rust_ros_ws/install/builtin_interfaces/lib/python3.12/site-packages/builtin_interfaces/_builtin_interfaces_s.ep.rosidl_typesupport_introspection_c.c
[16.863s] -- Installing: /home/ohtoai/rust_ros_ws/install/builtin_interfaces/lib/python3.12/site-packages/builtin_interfaces/_builtin_interfaces_s.ep.rosidl_typesupport_c.c
[16.864s] -- Installing: /home/ohtoai/rust_ros_ws/install/builtin_interfaces/lib/python3.12/site-packages/builtin_interfaces/__init__.py
[16.900s] Listing '/home/ohtoai/rust_ros_ws/install/builtin_interfaces/lib/python3.12/site-packages/builtin_interfaces'...
[16.900s] Compiling '/home/ohtoai/rust_ros_ws/install/builtin_interfaces/lib/python3.12/site-packages/builtin_interfaces/__init__.py'...
[16.900s] Listing '/home/ohtoai/rust_ros_ws/install/builtin_interfaces/lib/python3.12/site-packages/builtin_interfaces/msg'...
[16.900s] Compiling '/home/ohtoai/rust_ros_ws/install/builtin_interfaces/lib/python3.12/site-packages/builtin_interfaces/msg/__init__.py'...
[16.900s] Compiling '/home/ohtoai/rust_ros_ws/install/builtin_interfaces/lib/python3.12/site-packages/builtin_interfaces/msg/_duration.py'...
[16.900s] Compiling '/home/ohtoai/rust_ros_ws/install/builtin_interfaces/lib/python3.12/site-packages/builtin_interfaces/msg/_time.py'...
[16.904s] -- Installing: /home/ohtoai/rust_ros_ws/install/builtin_interfaces/lib/python3.12/site-packages/builtin_interfaces/builtin_interfaces_s__rosidl_typesupport_fastrtps_c.so
[16.904s] -- Set non-toolchain portion of runtime path of "/home/ohtoai/rust_ros_ws/install/builtin_interfaces/lib/python3.12/site-packages/builtin_interfaces/builtin_interfaces_s__rosidl_typesupport_fastrtps_c.so" to ""
[16.904s] -- Installing: /home/ohtoai/rust_ros_ws/install/builtin_interfaces/lib/python3.12/site-packages/builtin_interfaces/builtin_interfaces_s__rosidl_typesupport_introspection_c.so
[16.905s] -- Set non-toolchain portion of runtime path of "/home/ohtoai/rust_ros_ws/install/builtin_interfaces/lib/python3.12/site-packages/builtin_interfaces/builtin_interfaces_s__rosidl_typesupport_introspection_c.so" to ""
[16.905s] -- Installing: /home/ohtoai/rust_ros_ws/install/builtin_interfaces/lib/python3.12/site-packages/builtin_interfaces/builtin_interfaces_s__rosidl_typesupport_c.so
[16.905s] -- Set non-toolchain portion of runtime path of "/home/ohtoai/rust_ros_ws/install/builtin_interfaces/lib/python3.12/site-packages/builtin_interfaces/builtin_interfaces_s__rosidl_typesupport_c.so" to ""
[16.906s] -- Installing: /home/ohtoai/rust_ros_ws/install/builtin_interfaces/lib/libbuiltin_interfaces__rosidl_generator_py.so
[16.906s] -- Set non-toolchain portion of runtime path of "/home/ohtoai/rust_ros_ws/install/builtin_interfaces/lib/libbuiltin_interfaces__rosidl_generator_py.so" to ""
[16.906s] -- Installing: /home/ohtoai/rust_ros_ws/install/builtin_interfaces/share/builtin_interfaces/msg/Duration.idl
[16.906s] -- Installing: /home/ohtoai/rust_ros_ws/install/builtin_interfaces/share/builtin_interfaces/msg/Time.idl
[16.906s] -- Installing: /home/ohtoai/rust_ros_ws/install/builtin_interfaces/share/builtin_interfaces/msg/Duration.msg
[16.907s] -- Installing: /home/ohtoai/rust_ros_ws/install/builtin_interfaces/share/builtin_interfaces/msg/Time.msg
[16.907s] -- Installing: /home/ohtoai/rust_ros_ws/install/builtin_interfaces/share/ament_index/resource_index/package_run_dependencies/builtin_interfaces
[16.908s] -- Installing: /home/ohtoai/rust_ros_ws/install/builtin_interfaces/share/ament_index/resource_index/parent_prefix_path/builtin_interfaces
[16.908s] -- Installing: /home/ohtoai/rust_ros_ws/install/builtin_interfaces/share/builtin_interfaces/environment/ament_prefix_path.sh
[16.909s] -- Installing: /home/ohtoai/rust_ros_ws/install/builtin_interfaces/share/builtin_interfaces/environment/ament_prefix_path.dsv
[16.909s] -- Installing: /home/ohtoai/rust_ros_ws/install/builtin_interfaces/share/builtin_interfaces/environment/path.sh
[16.909s] -- Installing: /home/ohtoai/rust_ros_ws/install/builtin_interfaces/share/builtin_interfaces/environment/path.dsv
[16.910s] -- Installing: /home/ohtoai/rust_ros_ws/install/builtin_interfaces/share/builtin_interfaces/local_setup.bash
[16.910s] -- Installing: /home/ohtoai/rust_ros_ws/install/builtin_interfaces/share/builtin_interfaces/local_setup.sh
[16.910s] -- Installing: /home/ohtoai/rust_ros_ws/install/builtin_interfaces/share/builtin_interfaces/local_setup.zsh
[16.910s] -- Installing: /home/ohtoai/rust_ros_ws/install/builtin_interfaces/share/builtin_interfaces/local_setup.dsv
[16.911s] -- Installing: /home/ohtoai/rust_ros_ws/install/builtin_interfaces/share/builtin_interfaces/package.dsv
[16.911s] -- Installing: /home/ohtoai/rust_ros_ws/install/builtin_interfaces/share/ament_index/resource_index/packages/builtin_interfaces
[16.911s] -- Installing: /home/ohtoai/rust_ros_ws/install/builtin_interfaces/share/builtin_interfaces/cmake/export_builtin_interfaces__rosidl_generator_cExport.cmake
[16.911s] -- Installing: /home/ohtoai/rust_ros_ws/install/builtin_interfaces/share/builtin_interfaces/cmake/export_builtin_interfaces__rosidl_generator_cExport-noconfig.cmake
[16.912s] -- Installing: /home/ohtoai/rust_ros_ws/install/builtin_interfaces/share/builtin_interfaces/cmake/export_builtin_interfaces__rosidl_typesupport_fastrtps_cExport.cmake
[16.912s] -- Installing: /home/ohtoai/rust_ros_ws/install/builtin_interfaces/share/builtin_interfaces/cmake/export_builtin_interfaces__rosidl_typesupport_fastrtps_cExport-noconfig.cmake
[16.912s] -- Installing: /home/ohtoai/rust_ros_ws/install/builtin_interfaces/share/builtin_interfaces/cmake/builtin_interfaces__rosidl_typesupport_introspection_cExport.cmake
[16.912s] -- Installing: /home/ohtoai/rust_ros_ws/install/builtin_interfaces/share/builtin_interfaces/cmake/builtin_interfaces__rosidl_typesupport_introspection_cExport-noconfig.cmake
[16.912s] -- Installing: /home/ohtoai/rust_ros_ws/install/builtin_interfaces/share/builtin_interfaces/cmake/builtin_interfaces__rosidl_typesupport_cExport.cmake
[16.913s] -- Installing: /home/ohtoai/rust_ros_ws/install/builtin_interfaces/share/builtin_interfaces/cmake/builtin_interfaces__rosidl_typesupport_cExport-noconfig.cmake
[16.913s] -- Installing: /home/ohtoai/rust_ros_ws/install/builtin_interfaces/share/builtin_interfaces/cmake/export_builtin_interfaces__rosidl_generator_cppExport.cmake
[16.913s] -- Installing: /home/ohtoai/rust_ros_ws/install/builtin_interfaces/share/builtin_interfaces/cmake/export_builtin_interfaces__rosidl_typesupport_fastrtps_cppExport.cmake
[16.913s] -- Installing: /home/ohtoai/rust_ros_ws/install/builtin_interfaces/share/builtin_interfaces/cmake/export_builtin_interfaces__rosidl_typesupport_fastrtps_cppExport-noconfig.cmake
[16.913s] -- Installing: /home/ohtoai/rust_ros_ws/install/builtin_interfaces/share/builtin_interfaces/cmake/builtin_interfaces__rosidl_typesupport_introspection_cppExport.cmake
[16.913s] -- Installing: /home/ohtoai/rust_ros_ws/install/builtin_interfaces/share/builtin_interfaces/cmake/builtin_interfaces__rosidl_typesupport_introspection_cppExport-noconfig.cmake
[16.914s] -- Installing: /home/ohtoai/rust_ros_ws/install/builtin_interfaces/share/builtin_interfaces/cmake/builtin_interfaces__rosidl_typesupport_cppExport.cmake
[16.914s] -- Installing: /home/ohtoai/rust_ros_ws/install/builtin_interfaces/share/builtin_interfaces/cmake/builtin_interfaces__rosidl_typesupport_cppExport-noconfig.cmake
[16.914s] -- Installing: /home/ohtoai/rust_ros_ws/install/builtin_interfaces/share/builtin_interfaces/cmake/export_builtin_interfaces__rosidl_generator_pyExport.cmake
[16.914s] -- Installing: /home/ohtoai/rust_ros_ws/install/builtin_interfaces/share/builtin_interfaces/cmake/export_builtin_interfaces__rosidl_generator_pyExport-noconfig.cmake
[16.914s] -- Installing: /home/ohtoai/rust_ros_ws/install/builtin_interfaces/share/builtin_interfaces/cmake/rosidl_cmake-extras.cmake
[16.915s] -- Installing: /home/ohtoai/rust_ros_ws/install/builtin_interfaces/share/builtin_interfaces/cmake/ament_cmake_export_include_directories-extras.cmake
[16.915s] -- Installing: /home/ohtoai/rust_ros_ws/install/builtin_interfaces/share/builtin_interfaces/cmake/ament_cmake_export_libraries-extras.cmake
[16.915s] -- Installing: /home/ohtoai/rust_ros_ws/install/builtin_interfaces/share/builtin_interfaces/cmake/ament_cmake_export_targets-extras.cmake
[16.915s] -- Installing: /home/ohtoai/rust_ros_ws/install/builtin_interfaces/share/builtin_interfaces/cmake/rosidl_cmake_export_typesupport_targets-extras.cmake
[16.915s] -- Installing: /home/ohtoai/rust_ros_ws/install/builtin_interfaces/share/builtin_interfaces/cmake/ament_cmake_export_dependencies-extras.cmake
[16.915s] -- Installing: /home/ohtoai/rust_ros_ws/install/builtin_interfaces/share/builtin_interfaces/cmake/rosidl_cmake_export_typesupport_libraries-extras.cmake
[16.915s] -- Installing: /home/ohtoai/rust_ros_ws/install/builtin_interfaces/share/builtin_interfaces/cmake/builtin_interfacesConfig.cmake
[16.916s] -- Installing: /home/ohtoai/rust_ros_ws/install/builtin_interfaces/share/builtin_interfaces/cmake/builtin_interfacesConfig-version.cmake
[16.916s] -- Installing: /home/ohtoai/rust_ros_ws/install/builtin_interfaces/share/builtin_interfaces/package.xml
[16.918s] Invoked command in '/home/ohtoai/rust_ros_ws/build/builtin_interfaces' returned '0': AMENT_PREFIX_PATH=/home/ohtoai/rust_ros_ws/install/rosidl_core_runtime:/home/ohtoai/rust_ros_ws/install/rosidl_core_generators:/home/ohtoai/rust_ros_ws/install/rosidl_generator_rs:/home/ohtoai/rust_ros_ws/install/rosidl_runtime_rs:${AMENT_PREFIX_PATH} CMAKE_PREFIX_PATH=/home/ohtoai/rust_ros_ws/install/rosidl_core_runtime:/home/ohtoai/rust_ros_ws/install/rosidl_core_generators:/home/ohtoai/rust_ros_ws/install/rosidl_generator_rs:/opt/ros/jazzy/opt/gz_math_vendor:/opt/ros/jazzy/opt/gz_utils_vendor:/opt/ros/jazzy/opt/gz_cmake_vendor:/opt/ros/jazzy DEBUGINFOD_URLS=https://debuginfod.ubuntu.com PYTHONPATH=/home/ohtoai/rust_ros_ws/install/rosidl_generator_rs/lib/python3.12/site-packages:${PYTHONPATH} /usr/bin/cmake --install /home/ohtoai/rust_ros_ws/build/builtin_interfaces
