-- The C compiler identification is GNU 13.3.0
-- The CXX compiler identification is GNU 13.3.0
-- Detecting C compiler ABI info
-- Detecting C compiler ABI info - done
-- Check for working C compiler: /usr/bin/cc - skipped
-- Detecting C compile features
-- Detecting C compile features - done
-- Detecting CXX compiler ABI info
-- Detecting CXX compiler ABI info - done
-- Check for working CXX compiler: /usr/bin/c++ - skipped
-- Detecting CXX compile features
-- Detecting CXX compile features - done
-- Found ament_cmake: 2.5.3 (/opt/ros/jazzy/share/ament_cmake/cmake)
-- Found Python3: /usr/bin/python3 (found version "3.12.3") found components: Interpreter 
-- Found rosidl_default_generators: 1.6.0 (/home/ohtoai/rust_ros_ws/install/rosidl_default_generators/share/rosidl_default_generators/cmake)
-- Using all available rosidl_typesupport_c: rosidl_typesupport_fastrtps_c;rosidl_typesupport_introspection_c
-- Using all available rosidl_typesupport_cpp: rosidl_typesupport_fastrtps_cpp;rosidl_typesupport_introspection_cpp
-- Found rosidl_adapter: 4.6.5 (/opt/ros/jazzy/share/rosidl_adapter/cmake)
-- Found ament_cmake_cppcheck: 0.17.1 (/opt/ros/jazzy/share/ament_cmake_cppcheck/cmake)
-- Found ament_cmake_cpplint: 0.17.1 (/opt/ros/jazzy/share/ament_cmake_cpplint/cmake)
-- Found ament_cmake_uncrustify: 0.17.1 (/opt/ros/jazzy/share/ament_cmake_uncrustify/cmake)
-- Found ament_cmake_ros: 0.12.0 (/opt/ros/jazzy/share/ament_cmake_ros/cmake)
-- Using all available rosidl_typesupport_c: rosidl_typesupport_fastrtps_c;rosidl_typesupport_introspection_c
-- Using all available rosidl_typesupport_cpp: rosidl_typesupport_fastrtps_cpp;rosidl_typesupport_introspection_cpp
-- Found python_cmake_module: 0.11.1 (/opt/ros/jazzy/share/python_cmake_module/cmake)
-- Found PythonExtra: /usr/bin/python3  
-- Found Python3: /usr/bin/python3 (found version "3.12.3") found components: Interpreter Development NumPy Development.Module Development.Embed 
-- Found ament_cmake_flake8: 0.17.1 (/opt/ros/jazzy/share/ament_cmake_flake8/cmake)
-- Found ament_cmake_pep257: 0.17.1 (/opt/ros/jazzy/share/ament_cmake_pep257/cmake)
-- Configuring done (16.0s)
-- Generating done (0.2s)
-- Build files have been written to: /home/ohtoai/rust_ros_ws/build/std_srvs
[  1%] [34m[1mGenerating Rust code for ROS interfaces[0m
[  1%] Built target std_srvs__rs
[  3%] [34m[1mGenerating type hashes for ROS interfaces[0m
[  3%] Built target std_srvs__rosidl_generator_type_description
[  3%] Built target ament_cmake_python_copy_std_srvs
[  5%] [34m[1mGenerating C code for ROS interfaces[0m
[  7%] [32mBuilding C object CMakeFiles/std_srvs__rosidl_generator_c.dir/rosidl_generator_c/std_srvs/srv/detail/empty__description.c.o[0m
[  9%] [32mBuilding C object CMakeFiles/std_srvs__rosidl_generator_c.dir/rosidl_generator_c/std_srvs/srv/detail/empty__functions.c.o[0m
[ 10%] [32mBuilding C object CMakeFiles/std_srvs__rosidl_generator_c.dir/rosidl_generator_c/std_srvs/srv/detail/empty__type_support.c.o[0m
[ 12%] [32mBuilding C object CMakeFiles/std_srvs__rosidl_generator_c.dir/rosidl_generator_c/std_srvs/srv/detail/set_bool__description.c.o[0m
[ 14%] [32mBuilding C object CMakeFiles/std_srvs__rosidl_generator_c.dir/rosidl_generator_c/std_srvs/srv/detail/set_bool__functions.c.o[0m
[ 16%] [32mBuilding C object CMakeFiles/std_srvs__rosidl_generator_c.dir/rosidl_generator_c/std_srvs/srv/detail/set_bool__type_support.c.o[0m
[ 18%] [32mBuilding C object CMakeFiles/std_srvs__rosidl_generator_c.dir/rosidl_generator_c/std_srvs/srv/detail/trigger__description.c.o[0m
[ 20%] [32mBuilding C object CMakeFiles/std_srvs__rosidl_generator_c.dir/rosidl_generator_c/std_srvs/srv/detail/trigger__functions.c.o[0m
[ 21%] [32mBuilding C object CMakeFiles/std_srvs__rosidl_generator_c.dir/rosidl_generator_c/std_srvs/srv/detail/trigger__type_support.c.o[0m
[ 23%] [32m[1mLinking C shared library libstd_srvs__rosidl_generator_c.so[0m
[ 23%] Built target std_srvs__rosidl_generator_c
[ 25%] [34m[1mGenerating C++ code for ROS interfaces[0m
[ 25%] Built target std_srvs__cpp
running egg_info
creating std_srvs.egg-info
writing std_srvs.egg-info/PKG-INFO
writing dependency_links to std_srvs.egg-info/dependency_links.txt
writing top-level names to std_srvs.egg-info/top_level.txt
writing manifest file 'std_srvs.egg-info/SOURCES.txt'
reading manifest file 'std_srvs.egg-info/SOURCES.txt'
writing manifest file 'std_srvs.egg-info/SOURCES.txt'
[ 25%] Built target ament_cmake_python_build_std_srvs_egg
[ 27%] [34m[1mGenerating C type support for eProsima Fast-RTPS[0m
[ 29%] [32mBuilding CXX object CMakeFiles/std_srvs__rosidl_typesupport_fastrtps_c.dir/rosidl_typesupport_fastrtps_c/std_srvs/srv/detail/empty__type_support_c.cpp.o[0m
[ 30%] [32mBuilding CXX object CMakeFiles/std_srvs__rosidl_typesupport_fastrtps_c.dir/rosidl_typesupport_fastrtps_c/std_srvs/srv/detail/set_bool__type_support_c.cpp.o[0m
[ 32%] [32mBuilding CXX object CMakeFiles/std_srvs__rosidl_typesupport_fastrtps_c.dir/rosidl_typesupport_fastrtps_c/std_srvs/srv/detail/trigger__type_support_c.cpp.o[0m
[ 34%] [32m[1mLinking CXX shared library libstd_srvs__rosidl_typesupport_fastrtps_c.so[0m
[ 34%] Built target std_srvs__rosidl_typesupport_fastrtps_c
[ 36%] [34m[1mGenerating C introspection for ROS interfaces[0m
[ 38%] [32mBuilding C object CMakeFiles/std_srvs__rosidl_typesupport_introspection_c.dir/rosidl_typesupport_introspection_c/std_srvs/srv/detail/empty__type_support.c.o[0m
[ 40%] [32mBuilding C object CMakeFiles/std_srvs__rosidl_typesupport_introspection_c.dir/rosidl_typesupport_introspection_c/std_srvs/srv/detail/set_bool__type_support.c.o[0m
[ 41%] [32mBuilding C object CMakeFiles/std_srvs__rosidl_typesupport_introspection_c.dir/rosidl_typesupport_introspection_c/std_srvs/srv/detail/trigger__type_support.c.o[0m
[ 43%] [32m[1mLinking C shared library libstd_srvs__rosidl_typesupport_introspection_c.so[0m
[ 43%] Built target std_srvs__rosidl_typesupport_introspection_c
[ 45%] [34m[1mGenerating C type support dispatch for ROS interfaces[0m
[ 47%] [32mBuilding CXX object CMakeFiles/std_srvs__rosidl_typesupport_c.dir/rosidl_typesupport_c/std_srvs/srv/empty__type_support.cpp.o[0m
[ 49%] [32mBuilding CXX object CMakeFiles/std_srvs__rosidl_typesupport_c.dir/rosidl_typesupport_c/std_srvs/srv/set_bool__type_support.cpp.o[0m
[ 50%] [32mBuilding CXX object CMakeFiles/std_srvs__rosidl_typesupport_c.dir/rosidl_typesupport_c/std_srvs/srv/trigger__type_support.cpp.o[0m
[ 52%] [32m[1mLinking CXX shared library libstd_srvs__rosidl_typesupport_c.so[0m
[ 52%] Built target std_srvs__rosidl_typesupport_c
[ 54%] [34m[1mGenerating C++ type support for eProsima Fast-RTPS[0m
[ 56%] [32mBuilding CXX object CMakeFiles/std_srvs__rosidl_typesupport_fastrtps_cpp.dir/rosidl_typesupport_fastrtps_cpp/std_srvs/srv/detail/dds_fastrtps/empty__type_support.cpp.o[0m
[ 58%] [32mBuilding CXX object CMakeFiles/std_srvs__rosidl_typesupport_fastrtps_cpp.dir/rosidl_typesupport_fastrtps_cpp/std_srvs/srv/detail/dds_fastrtps/set_bool__type_support.cpp.o[0m
[ 60%] [32mBuilding CXX object CMakeFiles/std_srvs__rosidl_typesupport_fastrtps_cpp.dir/rosidl_typesupport_fastrtps_cpp/std_srvs/srv/detail/dds_fastrtps/trigger__type_support.cpp.o[0m
[ 61%] [32m[1mLinking CXX shared library libstd_srvs__rosidl_typesupport_fastrtps_cpp.so[0m
[ 61%] Built target std_srvs__rosidl_typesupport_fastrtps_cpp
[ 63%] [34m[1mGenerating C++ introspection for ROS interfaces[0m
[ 65%] [32mBuilding CXX object CMakeFiles/std_srvs__rosidl_typesupport_introspection_cpp.dir/rosidl_typesupport_introspection_cpp/std_srvs/srv/detail/empty__type_support.cpp.o[0m
[ 67%] [32mBuilding CXX object CMakeFiles/std_srvs__rosidl_typesupport_introspection_cpp.dir/rosidl_typesupport_introspection_cpp/std_srvs/srv/detail/set_bool__type_support.cpp.o[0m
[ 69%] [32mBuilding CXX object CMakeFiles/std_srvs__rosidl_typesupport_introspection_cpp.dir/rosidl_typesupport_introspection_cpp/std_srvs/srv/detail/trigger__type_support.cpp.o[0m
[ 70%] [32m[1mLinking CXX shared library libstd_srvs__rosidl_typesupport_introspection_cpp.so[0m
[ 70%] Built target std_srvs__rosidl_typesupport_introspection_cpp
[ 72%] [34m[1mGenerating C++ type support dispatch for ROS interfaces[0m
[ 74%] [32mBuilding CXX object CMakeFiles/std_srvs__rosidl_typesupport_cpp.dir/rosidl_typesupport_cpp/std_srvs/srv/empty__type_support.cpp.o[0m
[ 76%] [32mBuilding CXX object CMakeFiles/std_srvs__rosidl_typesupport_cpp.dir/rosidl_typesupport_cpp/std_srvs/srv/set_bool__type_support.cpp.o[0m
[ 78%] [32mBuilding CXX object CMakeFiles/std_srvs__rosidl_typesupport_cpp.dir/rosidl_typesupport_cpp/std_srvs/srv/trigger__type_support.cpp.o[0m
[ 80%] [32m[1mLinking CXX shared library libstd_srvs__rosidl_typesupport_cpp.so[0m
[ 80%] Built target std_srvs__rosidl_typesupport_cpp
[ 80%] Built target std_srvs
[ 81%] [34m[1mGenerating Python code for ROS interfaces[0m
[ 81%] Built target std_srvs__py
[ 83%] [32mBuilding C object CMakeFiles/std_srvs__rosidl_generator_py.dir/rosidl_generator_py/std_srvs/srv/_empty_s.c.o[0m
[ 85%] [32mBuilding C object CMakeFiles/std_srvs__rosidl_generator_py.dir/rosidl_generator_py/std_srvs/srv/_set_bool_s.c.o[0m
[ 87%] [32mBuilding C object CMakeFiles/std_srvs__rosidl_generator_py.dir/rosidl_generator_py/std_srvs/srv/_trigger_s.c.o[0m
[ 89%] [32m[1mLinking C shared library libstd_srvs__rosidl_generator_py.so[0m
[ 89%] Built target std_srvs__rosidl_generator_py
[ 90%] [32mBuilding C object CMakeFiles/std_srvs_s__rosidl_typesupport_fastrtps_c.dir/rosidl_generator_py/std_srvs/_std_srvs_s.ep.rosidl_typesupport_fastrtps_c.c.o[0m
[ 92%] [32m[1mLinking C shared module rosidl_generator_py/std_srvs/std_srvs_s__rosidl_typesupport_fastrtps_c.so[0m
[ 92%] Built target std_srvs_s__rosidl_typesupport_fastrtps_c
[ 94%] [32mBuilding C object CMakeFiles/std_srvs_s__rosidl_typesupport_introspection_c.dir/rosidl_generator_py/std_srvs/_std_srvs_s.ep.rosidl_typesupport_introspection_c.c.o[0m
[ 96%] [32m[1mLinking C shared module rosidl_generator_py/std_srvs/std_srvs_s__rosidl_typesupport_introspection_c.so[0m
[ 96%] Built target std_srvs_s__rosidl_typesupport_introspection_c
[ 98%] [32mBuilding C object CMakeFiles/std_srvs_s__rosidl_typesupport_c.dir/rosidl_generator_py/std_srvs/_std_srvs_s.ep.rosidl_typesupport_c.c.o[0m
[100%] [32m[1mLinking C shared module rosidl_generator_py/std_srvs/std_srvs_s__rosidl_typesupport_c.so[0m
[100%] Built target std_srvs_s__rosidl_typesupport_c
-- Install configuration: ""
-- Installing: /home/ohtoai/rust_ros_ws/install/std_srvs/share/ament_index/resource_index/rosidl_interfaces/std_srvs
-- Installing: /home/ohtoai/rust_ros_ws/install/std_srvs/share/std_srvs/srv/Empty.json
-- Installing: /home/ohtoai/rust_ros_ws/install/std_srvs/share/std_srvs/srv/SetBool.json
-- Installing: /home/ohtoai/rust_ros_ws/install/std_srvs/share/std_srvs/srv/Trigger.json
-- Installing: /home/ohtoai/rust_ros_ws/install/std_srvs/include/std_srvs/std_srvs
-- Installing: /home/ohtoai/rust_ros_ws/install/std_srvs/include/std_srvs/std_srvs/msg
-- Installing: /home/ohtoai/rust_ros_ws/install/std_srvs/include/std_srvs/std_srvs/msg/rosidl_generator_c__visibility_control.h
-- Installing: /home/ohtoai/rust_ros_ws/install/std_srvs/include/std_srvs/std_srvs/srv
-- Installing: /home/ohtoai/rust_ros_ws/install/std_srvs/include/std_srvs/std_srvs/srv/detail
-- Installing: /home/ohtoai/rust_ros_ws/install/std_srvs/include/std_srvs/std_srvs/srv/detail/set_bool__type_support.c
-- Installing: /home/ohtoai/rust_ros_ws/install/std_srvs/include/std_srvs/std_srvs/srv/detail/trigger__functions.c
-- Installing: /home/ohtoai/rust_ros_ws/install/std_srvs/include/std_srvs/std_srvs/srv/detail/trigger__type_support.c
-- Installing: /home/ohtoai/rust_ros_ws/install/std_srvs/include/std_srvs/std_srvs/srv/detail/set_bool__functions.c
-- Installing: /home/ohtoai/rust_ros_ws/install/std_srvs/include/std_srvs/std_srvs/srv/detail/trigger__type_support.h
-- Installing: /home/ohtoai/rust_ros_ws/install/std_srvs/include/std_srvs/std_srvs/srv/detail/empty__functions.c
-- Installing: /home/ohtoai/rust_ros_ws/install/std_srvs/include/std_srvs/std_srvs/srv/detail/empty__type_support.h
-- Installing: /home/ohtoai/rust_ros_ws/install/std_srvs/include/std_srvs/std_srvs/srv/detail/set_bool__functions.h
-- Installing: /home/ohtoai/rust_ros_ws/install/std_srvs/include/std_srvs/std_srvs/srv/detail/trigger__struct.h
-- Installing: /home/ohtoai/rust_ros_ws/install/std_srvs/include/std_srvs/std_srvs/srv/detail/set_bool__description.c
-- Installing: /home/ohtoai/rust_ros_ws/install/std_srvs/include/std_srvs/std_srvs/srv/detail/trigger__description.c
-- Installing: /home/ohtoai/rust_ros_ws/install/std_srvs/include/std_srvs/std_srvs/srv/detail/set_bool__type_support.h
-- Installing: /home/ohtoai/rust_ros_ws/install/std_srvs/include/std_srvs/std_srvs/srv/detail/set_bool__struct.h
-- Installing: /home/ohtoai/rust_ros_ws/install/std_srvs/include/std_srvs/std_srvs/srv/detail/empty__struct.h
-- Installing: /home/ohtoai/rust_ros_ws/install/std_srvs/include/std_srvs/std_srvs/srv/detail/empty__type_support.c
-- Installing: /home/ohtoai/rust_ros_ws/install/std_srvs/include/std_srvs/std_srvs/srv/detail/empty__functions.h
-- Installing: /home/ohtoai/rust_ros_ws/install/std_srvs/include/std_srvs/std_srvs/srv/detail/trigger__functions.h
-- Installing: /home/ohtoai/rust_ros_ws/install/std_srvs/include/std_srvs/std_srvs/srv/detail/empty__description.c
-- Installing: /home/ohtoai/rust_ros_ws/install/std_srvs/include/std_srvs/std_srvs/srv/empty.h
-- Installing: /home/ohtoai/rust_ros_ws/install/std_srvs/include/std_srvs/std_srvs/srv/set_bool.h
-- Installing: /home/ohtoai/rust_ros_ws/install/std_srvs/include/std_srvs/std_srvs/srv/trigger.h
-- Installing: /home/ohtoai/rust_ros_ws/install/std_srvs/share/std_srvs/environment/library_path.sh
-- Installing: /home/ohtoai/rust_ros_ws/install/std_srvs/share/std_srvs/environment/library_path.dsv
-- Installing: /home/ohtoai/rust_ros_ws/install/std_srvs/lib/libstd_srvs__rosidl_generator_c.so
-- Set non-toolchain portion of runtime path of "/home/ohtoai/rust_ros_ws/install/std_srvs/lib/libstd_srvs__rosidl_generator_c.so" to ""
-- Up-to-date: /home/ohtoai/rust_ros_ws/install/std_srvs/include/std_srvs/std_srvs
-- Up-to-date: /home/ohtoai/rust_ros_ws/install/std_srvs/include/std_srvs/std_srvs/msg
-- Installing: /home/ohtoai/rust_ros_ws/install/std_srvs/include/std_srvs/std_srvs/msg/rosidl_typesupport_fastrtps_c__visibility_control.h
-- Up-to-date: /home/ohtoai/rust_ros_ws/install/std_srvs/include/std_srvs/std_srvs/srv
-- Up-to-date: /home/ohtoai/rust_ros_ws/install/std_srvs/include/std_srvs/std_srvs/srv/detail
-- Installing: /home/ohtoai/rust_ros_ws/install/std_srvs/include/std_srvs/std_srvs/srv/detail/empty__rosidl_typesupport_fastrtps_c.h
-- Installing: /home/ohtoai/rust_ros_ws/install/std_srvs/include/std_srvs/std_srvs/srv/detail/trigger__rosidl_typesupport_fastrtps_c.h
-- Installing: /home/ohtoai/rust_ros_ws/install/std_srvs/include/std_srvs/std_srvs/srv/detail/set_bool__rosidl_typesupport_fastrtps_c.h
-- Installing: /home/ohtoai/rust_ros_ws/install/std_srvs/lib/libstd_srvs__rosidl_typesupport_fastrtps_c.so
-- Set non-toolchain portion of runtime path of "/home/ohtoai/rust_ros_ws/install/std_srvs/lib/libstd_srvs__rosidl_typesupport_fastrtps_c.so" to ""
-- Up-to-date: /home/ohtoai/rust_ros_ws/install/std_srvs/include/std_srvs/std_srvs
-- Up-to-date: /home/ohtoai/rust_ros_ws/install/std_srvs/include/std_srvs/std_srvs/msg
-- Installing: /home/ohtoai/rust_ros_ws/install/std_srvs/include/std_srvs/std_srvs/msg/rosidl_typesupport_introspection_c__visibility_control.h
-- Up-to-date: /home/ohtoai/rust_ros_ws/install/std_srvs/include/std_srvs/std_srvs/srv
-- Up-to-date: /home/ohtoai/rust_ros_ws/install/std_srvs/include/std_srvs/std_srvs/srv/detail
-- Installing: /home/ohtoai/rust_ros_ws/install/std_srvs/include/std_srvs/std_srvs/srv/detail/set_bool__type_support.c
-- Installing: /home/ohtoai/rust_ros_ws/install/std_srvs/include/std_srvs/std_srvs/srv/detail/trigger__type_support.c
-- Installing: /home/ohtoai/rust_ros_ws/install/std_srvs/include/std_srvs/std_srvs/srv/detail/set_bool__rosidl_typesupport_introspection_c.h
-- Installing: /home/ohtoai/rust_ros_ws/install/std_srvs/include/std_srvs/std_srvs/srv/detail/trigger__rosidl_typesupport_introspection_c.h
-- Installing: /home/ohtoai/rust_ros_ws/install/std_srvs/include/std_srvs/std_srvs/srv/detail/empty__type_support.c
-- Installing: /home/ohtoai/rust_ros_ws/install/std_srvs/include/std_srvs/std_srvs/srv/detail/empty__rosidl_typesupport_introspection_c.h
-- Installing: /home/ohtoai/rust_ros_ws/install/std_srvs/lib/libstd_srvs__rosidl_typesupport_introspection_c.so
-- Set non-toolchain portion of runtime path of "/home/ohtoai/rust_ros_ws/install/std_srvs/lib/libstd_srvs__rosidl_typesupport_introspection_c.so" to ""
-- Installing: /home/ohtoai/rust_ros_ws/install/std_srvs/lib/libstd_srvs__rosidl_typesupport_c.so
-- Set non-toolchain portion of runtime path of "/home/ohtoai/rust_ros_ws/install/std_srvs/lib/libstd_srvs__rosidl_typesupport_c.so" to ""
-- Up-to-date: /home/ohtoai/rust_ros_ws/install/std_srvs/include/std_srvs/std_srvs
-- Up-to-date: /home/ohtoai/rust_ros_ws/install/std_srvs/include/std_srvs/std_srvs/msg
-- Installing: /home/ohtoai/rust_ros_ws/install/std_srvs/include/std_srvs/std_srvs/msg/rosidl_generator_cpp__visibility_control.hpp
-- Up-to-date: /home/ohtoai/rust_ros_ws/install/std_srvs/include/std_srvs/std_srvs/srv
-- Up-to-date: /home/ohtoai/rust_ros_ws/install/std_srvs/include/std_srvs/std_srvs/srv/detail
-- Installing: /home/ohtoai/rust_ros_ws/install/std_srvs/include/std_srvs/std_srvs/srv/detail/trigger__struct.hpp
-- Installing: /home/ohtoai/rust_ros_ws/install/std_srvs/include/std_srvs/std_srvs/srv/detail/empty__type_support.hpp
-- Installing: /home/ohtoai/rust_ros_ws/install/std_srvs/include/std_srvs/std_srvs/srv/detail/set_bool__builder.hpp
-- Installing: /home/ohtoai/rust_ros_ws/install/std_srvs/include/std_srvs/std_srvs/srv/detail/set_bool__type_support.hpp
-- Installing: /home/ohtoai/rust_ros_ws/install/std_srvs/include/std_srvs/std_srvs/srv/detail/set_bool__traits.hpp
-- Installing: /home/ohtoai/rust_ros_ws/install/std_srvs/include/std_srvs/std_srvs/srv/detail/empty__traits.hpp
-- Installing: /home/ohtoai/rust_ros_ws/install/std_srvs/include/std_srvs/std_srvs/srv/detail/trigger__traits.hpp
-- Installing: /home/ohtoai/rust_ros_ws/install/std_srvs/include/std_srvs/std_srvs/srv/detail/trigger__builder.hpp
-- Installing: /home/ohtoai/rust_ros_ws/install/std_srvs/include/std_srvs/std_srvs/srv/detail/empty__builder.hpp
-- Installing: /home/ohtoai/rust_ros_ws/install/std_srvs/include/std_srvs/std_srvs/srv/detail/trigger__type_support.hpp
-- Installing: /home/ohtoai/rust_ros_ws/install/std_srvs/include/std_srvs/std_srvs/srv/detail/set_bool__struct.hpp
-- Installing: /home/ohtoai/rust_ros_ws/install/std_srvs/include/std_srvs/std_srvs/srv/detail/empty__struct.hpp
-- Installing: /home/ohtoai/rust_ros_ws/install/std_srvs/include/std_srvs/std_srvs/srv/set_bool.hpp
-- Installing: /home/ohtoai/rust_ros_ws/install/std_srvs/include/std_srvs/std_srvs/srv/empty.hpp
-- Installing: /home/ohtoai/rust_ros_ws/install/std_srvs/include/std_srvs/std_srvs/srv/trigger.hpp
-- Up-to-date: /home/ohtoai/rust_ros_ws/install/std_srvs/include/std_srvs/std_srvs
-- Up-to-date: /home/ohtoai/rust_ros_ws/install/std_srvs/include/std_srvs/std_srvs/msg
-- Installing: /home/ohtoai/rust_ros_ws/install/std_srvs/include/std_srvs/std_srvs/msg/rosidl_typesupport_fastrtps_cpp__visibility_control.h
-- Up-to-date: /home/ohtoai/rust_ros_ws/install/std_srvs/include/std_srvs/std_srvs/srv
-- Up-to-date: /home/ohtoai/rust_ros_ws/install/std_srvs/include/std_srvs/std_srvs/srv/detail
-- Installing: /home/ohtoai/rust_ros_ws/install/std_srvs/include/std_srvs/std_srvs/srv/detail/trigger__rosidl_typesupport_fastrtps_cpp.hpp
-- Installing: /home/ohtoai/rust_ros_ws/install/std_srvs/include/std_srvs/std_srvs/srv/detail/dds_fastrtps
-- Installing: /home/ohtoai/rust_ros_ws/install/std_srvs/include/std_srvs/std_srvs/srv/detail/empty__rosidl_typesupport_fastrtps_cpp.hpp
-- Installing: /home/ohtoai/rust_ros_ws/install/std_srvs/include/std_srvs/std_srvs/srv/detail/set_bool__rosidl_typesupport_fastrtps_cpp.hpp
-- Installing: /home/ohtoai/rust_ros_ws/install/std_srvs/lib/libstd_srvs__rosidl_typesupport_fastrtps_cpp.so
-- Set non-toolchain portion of runtime path of "/home/ohtoai/rust_ros_ws/install/std_srvs/lib/libstd_srvs__rosidl_typesupport_fastrtps_cpp.so" to ""
-- Up-to-date: /home/ohtoai/rust_ros_ws/install/std_srvs/include/std_srvs/std_srvs
-- Up-to-date: /home/ohtoai/rust_ros_ws/install/std_srvs/include/std_srvs/std_srvs/srv
-- Up-to-date: /home/ohtoai/rust_ros_ws/install/std_srvs/include/std_srvs/std_srvs/srv/detail
-- Installing: /home/ohtoai/rust_ros_ws/install/std_srvs/include/std_srvs/std_srvs/srv/detail/empty__rosidl_typesupport_introspection_cpp.hpp
-- Installing: /home/ohtoai/rust_ros_ws/install/std_srvs/include/std_srvs/std_srvs/srv/detail/set_bool__rosidl_typesupport_introspection_cpp.hpp
-- Installing: /home/ohtoai/rust_ros_ws/install/std_srvs/include/std_srvs/std_srvs/srv/detail/trigger__type_support.cpp
-- Installing: /home/ohtoai/rust_ros_ws/install/std_srvs/include/std_srvs/std_srvs/srv/detail/empty__type_support.cpp
-- Installing: /home/ohtoai/rust_ros_ws/install/std_srvs/include/std_srvs/std_srvs/srv/detail/set_bool__type_support.cpp
-- Installing: /home/ohtoai/rust_ros_ws/install/std_srvs/include/std_srvs/std_srvs/srv/detail/trigger__rosidl_typesupport_introspection_cpp.hpp
-- Installing: /home/ohtoai/rust_ros_ws/install/std_srvs/lib/libstd_srvs__rosidl_typesupport_introspection_cpp.so
-- Set non-toolchain portion of runtime path of "/home/ohtoai/rust_ros_ws/install/std_srvs/lib/libstd_srvs__rosidl_typesupport_introspection_cpp.so" to ""
-- Installing: /home/ohtoai/rust_ros_ws/install/std_srvs/lib/libstd_srvs__rosidl_typesupport_cpp.so
-- Set non-toolchain portion of runtime path of "/home/ohtoai/rust_ros_ws/install/std_srvs/lib/libstd_srvs__rosidl_typesupport_cpp.so" to ""
-- Installing: /home/ohtoai/rust_ros_ws/install/std_srvs/share/ament_index/resource_index/rust_packages/std_srvs
-- Installing: /home/ohtoai/rust_ros_ws/install/std_srvs/share/std_srvs/rust
-- Installing: /home/ohtoai/rust_ros_ws/install/std_srvs/share/std_srvs/rust/build.rs
-- Installing: /home/ohtoai/rust_ros_ws/install/std_srvs/share/std_srvs/rust/Cargo.toml
-- Installing: /home/ohtoai/rust_ros_ws/install/std_srvs/share/std_srvs/rust/src
-- Installing: /home/ohtoai/rust_ros_ws/install/std_srvs/share/std_srvs/rust/src/srv.rs
-- Installing: /home/ohtoai/rust_ros_ws/install/std_srvs/share/std_srvs/rust/src/lib.rs
-- Installing: /home/ohtoai/rust_ros_ws/install/std_srvs/share/std_srvs/environment/pythonpath.sh
-- Installing: /home/ohtoai/rust_ros_ws/install/std_srvs/share/std_srvs/environment/pythonpath.dsv
-- Installing: /home/ohtoai/rust_ros_ws/install/std_srvs/lib/python3.12/site-packages/std_srvs-5.3.5-py3.12.egg-info
-- Installing: /home/ohtoai/rust_ros_ws/install/std_srvs/lib/python3.12/site-packages/std_srvs-5.3.5-py3.12.egg-info/PKG-INFO
-- Installing: /home/ohtoai/rust_ros_ws/install/std_srvs/lib/python3.12/site-packages/std_srvs-5.3.5-py3.12.egg-info/top_level.txt
-- Installing: /home/ohtoai/rust_ros_ws/install/std_srvs/lib/python3.12/site-packages/std_srvs-5.3.5-py3.12.egg-info/SOURCES.txt
-- Installing: /home/ohtoai/rust_ros_ws/install/std_srvs/lib/python3.12/site-packages/std_srvs-5.3.5-py3.12.egg-info/dependency_links.txt
-- Installing: /home/ohtoai/rust_ros_ws/install/std_srvs/lib/python3.12/site-packages/std_srvs
-- Installing: /home/ohtoai/rust_ros_ws/install/std_srvs/lib/python3.12/site-packages/std_srvs/_std_srvs_s.ep.rosidl_typesupport_introspection_c.c
-- Installing: /home/ohtoai/rust_ros_ws/install/std_srvs/lib/python3.12/site-packages/std_srvs/srv
-- Installing: /home/ohtoai/rust_ros_ws/install/std_srvs/lib/python3.12/site-packages/std_srvs/srv/_empty.py
-- Installing: /home/ohtoai/rust_ros_ws/install/std_srvs/lib/python3.12/site-packages/std_srvs/srv/_trigger.py
-- Installing: /home/ohtoai/rust_ros_ws/install/std_srvs/lib/python3.12/site-packages/std_srvs/srv/_set_bool_s.c
-- Installing: /home/ohtoai/rust_ros_ws/install/std_srvs/lib/python3.12/site-packages/std_srvs/srv/_set_bool.py
-- Installing: /home/ohtoai/rust_ros_ws/install/std_srvs/lib/python3.12/site-packages/std_srvs/srv/_trigger_s.c
-- Installing: /home/ohtoai/rust_ros_ws/install/std_srvs/lib/python3.12/site-packages/std_srvs/srv/_empty_s.c
-- Installing: /home/ohtoai/rust_ros_ws/install/std_srvs/lib/python3.12/site-packages/std_srvs/srv/__init__.py
-- Installing: /home/ohtoai/rust_ros_ws/install/std_srvs/lib/python3.12/site-packages/std_srvs/std_srvs_s__rosidl_typesupport_c.so
-- Installing: /home/ohtoai/rust_ros_ws/install/std_srvs/lib/python3.12/site-packages/std_srvs/std_srvs_s__rosidl_typesupport_fastrtps_c.so
-- Installing: /home/ohtoai/rust_ros_ws/install/std_srvs/lib/python3.12/site-packages/std_srvs/_std_srvs_s.ep.rosidl_typesupport_fastrtps_c.c
-- Installing: /home/ohtoai/rust_ros_ws/install/std_srvs/lib/python3.12/site-packages/std_srvs/std_srvs_s__rosidl_typesupport_introspection_c.so
-- Installing: /home/ohtoai/rust_ros_ws/install/std_srvs/lib/python3.12/site-packages/std_srvs/_std_srvs_s.ep.rosidl_typesupport_c.c
-- Installing: /home/ohtoai/rust_ros_ws/install/std_srvs/lib/python3.12/site-packages/std_srvs/__init__.py
Listing '/home/ohtoai/rust_ros_ws/install/std_srvs/lib/python3.12/site-packages/std_srvs'...
Compiling '/home/ohtoai/rust_ros_ws/install/std_srvs/lib/python3.12/site-packages/std_srvs/__init__.py'...
Listing '/home/ohtoai/rust_ros_ws/install/std_srvs/lib/python3.12/site-packages/std_srvs/srv'...
Compiling '/home/ohtoai/rust_ros_ws/install/std_srvs/lib/python3.12/site-packages/std_srvs/srv/__init__.py'...
Compiling '/home/ohtoai/rust_ros_ws/install/std_srvs/lib/python3.12/site-packages/std_srvs/srv/_empty.py'...
Compiling '/home/ohtoai/rust_ros_ws/install/std_srvs/lib/python3.12/site-packages/std_srvs/srv/_set_bool.py'...
Compiling '/home/ohtoai/rust_ros_ws/install/std_srvs/lib/python3.12/site-packages/std_srvs/srv/_trigger.py'...
-- Installing: /home/ohtoai/rust_ros_ws/install/std_srvs/lib/python3.12/site-packages/std_srvs/std_srvs_s__rosidl_typesupport_fastrtps_c.so
-- Set non-toolchain portion of runtime path of "/home/ohtoai/rust_ros_ws/install/std_srvs/lib/python3.12/site-packages/std_srvs/std_srvs_s__rosidl_typesupport_fastrtps_c.so" to ""
-- Installing: /home/ohtoai/rust_ros_ws/install/std_srvs/lib/python3.12/site-packages/std_srvs/std_srvs_s__rosidl_typesupport_introspection_c.so
-- Set non-toolchain portion of runtime path of "/home/ohtoai/rust_ros_ws/install/std_srvs/lib/python3.12/site-packages/std_srvs/std_srvs_s__rosidl_typesupport_introspection_c.so" to ""
-- Installing: /home/ohtoai/rust_ros_ws/install/std_srvs/lib/python3.12/site-packages/std_srvs/std_srvs_s__rosidl_typesupport_c.so
-- Set non-toolchain portion of runtime path of "/home/ohtoai/rust_ros_ws/install/std_srvs/lib/python3.12/site-packages/std_srvs/std_srvs_s__rosidl_typesupport_c.so" to ""
-- Installing: /home/ohtoai/rust_ros_ws/install/std_srvs/lib/libstd_srvs__rosidl_generator_py.so
-- Set non-toolchain portion of runtime path of "/home/ohtoai/rust_ros_ws/install/std_srvs/lib/libstd_srvs__rosidl_generator_py.so" to ""
-- Installing: /home/ohtoai/rust_ros_ws/install/std_srvs/share/std_srvs/srv/Empty.idl
-- Installing: /home/ohtoai/rust_ros_ws/install/std_srvs/share/std_srvs/srv/SetBool.idl
-- Installing: /home/ohtoai/rust_ros_ws/install/std_srvs/share/std_srvs/srv/Trigger.idl
-- Installing: /home/ohtoai/rust_ros_ws/install/std_srvs/share/std_srvs/srv/Empty.srv
-- Installing: /home/ohtoai/rust_ros_ws/install/std_srvs/share/std_srvs/srv/SetBool.srv
-- Installing: /home/ohtoai/rust_ros_ws/install/std_srvs/share/std_srvs/srv/Trigger.srv
-- Installing: /home/ohtoai/rust_ros_ws/install/std_srvs/share/ament_index/resource_index/package_run_dependencies/std_srvs
-- Installing: /home/ohtoai/rust_ros_ws/install/std_srvs/share/ament_index/resource_index/parent_prefix_path/std_srvs
-- Installing: /home/ohtoai/rust_ros_ws/install/std_srvs/share/std_srvs/environment/ament_prefix_path.sh
-- Installing: /home/ohtoai/rust_ros_ws/install/std_srvs/share/std_srvs/environment/ament_prefix_path.dsv
-- Installing: /home/ohtoai/rust_ros_ws/install/std_srvs/share/std_srvs/environment/path.sh
-- Installing: /home/ohtoai/rust_ros_ws/install/std_srvs/share/std_srvs/environment/path.dsv
-- Installing: /home/ohtoai/rust_ros_ws/install/std_srvs/share/std_srvs/local_setup.bash
-- Installing: /home/ohtoai/rust_ros_ws/install/std_srvs/share/std_srvs/local_setup.sh
-- Installing: /home/ohtoai/rust_ros_ws/install/std_srvs/share/std_srvs/local_setup.zsh
-- Installing: /home/ohtoai/rust_ros_ws/install/std_srvs/share/std_srvs/local_setup.dsv
-- Installing: /home/ohtoai/rust_ros_ws/install/std_srvs/share/std_srvs/package.dsv
-- Installing: /home/ohtoai/rust_ros_ws/install/std_srvs/share/ament_index/resource_index/packages/std_srvs
-- Installing: /home/ohtoai/rust_ros_ws/install/std_srvs/share/std_srvs/cmake/export_std_srvs__rosidl_generator_cExport.cmake
-- Installing: /home/ohtoai/rust_ros_ws/install/std_srvs/share/std_srvs/cmake/export_std_srvs__rosidl_generator_cExport-noconfig.cmake
-- Installing: /home/ohtoai/rust_ros_ws/install/std_srvs/share/std_srvs/cmake/export_std_srvs__rosidl_typesupport_fastrtps_cExport.cmake
-- Installing: /home/ohtoai/rust_ros_ws/install/std_srvs/share/std_srvs/cmake/export_std_srvs__rosidl_typesupport_fastrtps_cExport-noconfig.cmake
-- Installing: /home/ohtoai/rust_ros_ws/install/std_srvs/share/std_srvs/cmake/std_srvs__rosidl_typesupport_introspection_cExport.cmake
-- Installing: /home/ohtoai/rust_ros_ws/install/std_srvs/share/std_srvs/cmake/std_srvs__rosidl_typesupport_introspection_cExport-noconfig.cmake
-- Installing: /home/ohtoai/rust_ros_ws/install/std_srvs/share/std_srvs/cmake/std_srvs__rosidl_typesupport_cExport.cmake
-- Installing: /home/ohtoai/rust_ros_ws/install/std_srvs/share/std_srvs/cmake/std_srvs__rosidl_typesupport_cExport-noconfig.cmake
-- Installing: /home/ohtoai/rust_ros_ws/install/std_srvs/share/std_srvs/cmake/export_std_srvs__rosidl_generator_cppExport.cmake
-- Installing: /home/ohtoai/rust_ros_ws/install/std_srvs/share/std_srvs/cmake/export_std_srvs__rosidl_typesupport_fastrtps_cppExport.cmake
-- Installing: /home/ohtoai/rust_ros_ws/install/std_srvs/share/std_srvs/cmake/export_std_srvs__rosidl_typesupport_fastrtps_cppExport-noconfig.cmake
-- Installing: /home/ohtoai/rust_ros_ws/install/std_srvs/share/std_srvs/cmake/std_srvs__rosidl_typesupport_introspection_cppExport.cmake
-- Installing: /home/ohtoai/rust_ros_ws/install/std_srvs/share/std_srvs/cmake/std_srvs__rosidl_typesupport_introspection_cppExport-noconfig.cmake
-- Installing: /home/ohtoai/rust_ros_ws/install/std_srvs/share/std_srvs/cmake/std_srvs__rosidl_typesupport_cppExport.cmake
-- Installing: /home/ohtoai/rust_ros_ws/install/std_srvs/share/std_srvs/cmake/std_srvs__rosidl_typesupport_cppExport-noconfig.cmake
-- Installing: /home/ohtoai/rust_ros_ws/install/std_srvs/share/std_srvs/cmake/export_std_srvs__rosidl_generator_pyExport.cmake
-- Installing: /home/ohtoai/rust_ros_ws/install/std_srvs/share/std_srvs/cmake/export_std_srvs__rosidl_generator_pyExport-noconfig.cmake
-- Installing: /home/ohtoai/rust_ros_ws/install/std_srvs/share/std_srvs/cmake/rosidl_cmake-extras.cmake
-- Installing: /home/ohtoai/rust_ros_ws/install/std_srvs/share/std_srvs/cmake/ament_cmake_export_dependencies-extras.cmake
-- Installing: /home/ohtoai/rust_ros_ws/install/std_srvs/share/std_srvs/cmake/ament_cmake_export_include_directories-extras.cmake
-- Installing: /home/ohtoai/rust_ros_ws/install/std_srvs/share/std_srvs/cmake/ament_cmake_export_libraries-extras.cmake
-- Installing: /home/ohtoai/rust_ros_ws/install/std_srvs/share/std_srvs/cmake/ament_cmake_export_targets-extras.cmake
-- Installing: /home/ohtoai/rust_ros_ws/install/std_srvs/share/std_srvs/cmake/rosidl_cmake_export_typesupport_targets-extras.cmake
-- Installing: /home/ohtoai/rust_ros_ws/install/std_srvs/share/std_srvs/cmake/rosidl_cmake_export_typesupport_libraries-extras.cmake
-- Installing: /home/ohtoai/rust_ros_ws/install/std_srvs/share/std_srvs/cmake/std_srvsConfig.cmake
-- Installing: /home/ohtoai/rust_ros_ws/install/std_srvs/share/std_srvs/cmake/std_srvsConfig-version.cmake
-- Installing: /home/ohtoai/rust_ros_ws/install/std_srvs/share/std_srvs/package.xml
