[0.086s] Invoking command in '/home/ohtoai/rust_ros_ws/build/std_srvs': AMENT_PREFIX_PATH=/home/ohtoai/rust_ros_ws/install/rosidl_default_runtime:/home/ohtoai/rust_ros_ws/install/rosidl_default_generators:/home/ohtoai/rust_ros_ws/install/action_msgs:/home/ohtoai/rust_ros_ws/install/service_msgs:/home/ohtoai/rust_ros_ws/install/unique_identifier_msgs:/home/ohtoai/rust_ros_ws/install/builtin_interfaces:/home/ohtoai/rust_ros_ws/install/rosidl_core_runtime:/home/ohtoai/rust_ros_ws/install/rosidl_core_generators:/home/ohtoai/rust_ros_ws/install/rosidl_generator_rs:/home/ohtoai/rust_ros_ws/install/rosidl_runtime_rs:${AMENT_PREFIX_PATH} CMAKE_PREFIX_PATH=/home/ohtoai/rust_ros_ws/install/rosidl_default_runtime:/home/ohtoai/rust_ros_ws/install/rosidl_default_generators:/home/ohtoai/rust_ros_ws/install/action_msgs:/home/ohtoai/rust_ros_ws/install/service_msgs:/home/ohtoai/rust_ros_ws/install/unique_identifier_msgs:/home/ohtoai/rust_ros_ws/install/builtin_interfaces:/home/ohtoai/rust_ros_ws/install/rosidl_core_runtime:/home/ohtoai/rust_ros_ws/install/rosidl_core_generators:/home/ohtoai/rust_ros_ws/install/rosidl_generator_rs:/opt/ros/jazzy/opt/gz_math_vendor:/opt/ros/jazzy/opt/gz_utils_vendor:/opt/ros/jazzy/opt/gz_cmake_vendor:/opt/ros/jazzy DEBUGINFOD_URLS=https://debuginfod.ubuntu.com LD_LIBRARY_PATH=/home/ohtoai/rust_ros_ws/install/action_msgs/lib:/home/ohtoai/rust_ros_ws/install/service_msgs/lib:/home/ohtoai/rust_ros_ws/install/unique_identifier_msgs/lib:/home/ohtoai/rust_ros_ws/install/builtin_interfaces/lib:${LD_LIBRARY_PATH} PYTHONPATH=/home/ohtoai/rust_ros_ws/install/action_msgs/lib/python3.12/site-packages:/home/ohtoai/rust_ros_ws/install/service_msgs/lib/python3.12/site-packages:/home/ohtoai/rust_ros_ws/install/unique_identifier_msgs/lib/python3.12/site-packages:/home/ohtoai/rust_ros_ws/install/builtin_interfaces/lib/python3.12/site-packages:/home/ohtoai/rust_ros_ws/install/rosidl_generator_rs/lib/python3.12/site-packages:${PYTHONPATH} /usr/bin/cmake /home/ohtoai/rust_ros_ws/src/ros2/common_interfaces/std_srvs -DCMAKE_INSTALL_PREFIX=/home/ohtoai/rust_ros_ws/install/std_srvs
[0.274s] -- The C compiler identification is GNU 13.3.0
[0.447s] -- The CXX compiler identification is GNU 13.3.0
[0.513s] -- Detecting C compiler ABI info
[0.870s] -- Detecting C compiler ABI info - done
[0.888s] -- Check for working C compiler: /usr/bin/cc - skipped
[0.888s] -- Detecting C compile features
[0.890s] -- Detecting C compile features - done
[0.938s] -- Detecting CXX compiler ABI info
[1.536s] -- Detecting CXX compiler ABI info - done
[1.582s] -- Check for working CXX compiler: /usr/bin/c++ - skipped
[1.582s] -- Detecting CXX compile features
[1.582s] -- Detecting CXX compile features - done
[1.600s] -- Found ament_cmake: 2.5.3 (/opt/ros/jazzy/share/ament_cmake/cmake)
[2.149s] -- Found Python3: /usr/bin/python3 (found version "3.12.3") found components: Interpreter 
[2.656s] -- Found rosidl_default_generators: 1.6.0 (/home/ohtoai/rust_ros_ws/install/rosidl_default_generators/share/rosidl_default_generators/cmake)
[2.703s] -- Using all available rosidl_typesupport_c: rosidl_typesupport_fastrtps_c;rosidl_typesupport_introspection_c
[2.975s] -- Using all available rosidl_typesupport_cpp: rosidl_typesupport_fastrtps_cpp;rosidl_typesupport_introspection_cpp
[3.205s] -- Found rosidl_adapter: 4.6.5 (/opt/ros/jazzy/share/rosidl_adapter/cmake)
[6.562s] -- Found ament_cmake_cppcheck: 0.17.1 (/opt/ros/jazzy/share/ament_cmake_cppcheck/cmake)
[6.580s] -- Found ament_cmake_cpplint: 0.17.1 (/opt/ros/jazzy/share/ament_cmake_cpplint/cmake)
[6.596s] -- Found ament_cmake_uncrustify: 0.17.1 (/opt/ros/jazzy/share/ament_cmake_uncrustify/cmake)
[6.611s] -- Found ament_cmake_ros: 0.12.0 (/opt/ros/jazzy/share/ament_cmake_ros/cmake)
[9.643s] -- Using all available rosidl_typesupport_c: rosidl_typesupport_fastrtps_c;rosidl_typesupport_introspection_c
[12.962s] -- Using all available rosidl_typesupport_cpp: rosidl_typesupport_fastrtps_cpp;rosidl_typesupport_introspection_cpp
[13.014s] -- Found python_cmake_module: 0.11.1 (/opt/ros/jazzy/share/python_cmake_module/cmake)
[13.715s] -- Found PythonExtra: /usr/bin/python3  
[15.789s] -- Found Python3: /usr/bin/python3 (found version "3.12.3") found components: Interpreter Development NumPy Development.Module Development.Embed 
[16.100s] -- Found ament_cmake_flake8: 0.17.1 (/opt/ros/jazzy/share/ament_cmake_flake8/cmake)
[16.114s] -- Found ament_cmake_pep257: 0.17.1 (/opt/ros/jazzy/share/ament_cmake_pep257/cmake)
[16.158s] -- Configuring done (16.0s)
[16.350s] -- Generating done (0.2s)
[16.395s] -- Build files have been written to: /home/ohtoai/rust_ros_ws/build/std_srvs
[16.455s] Invoked command in '/home/ohtoai/rust_ros_ws/build/std_srvs' returned '0': AMENT_PREFIX_PATH=/home/ohtoai/rust_ros_ws/install/rosidl_default_runtime:/home/ohtoai/rust_ros_ws/install/rosidl_default_generators:/home/ohtoai/rust_ros_ws/install/action_msgs:/home/ohtoai/rust_ros_ws/install/service_msgs:/home/ohtoai/rust_ros_ws/install/unique_identifier_msgs:/home/ohtoai/rust_ros_ws/install/builtin_interfaces:/home/ohtoai/rust_ros_ws/install/rosidl_core_runtime:/home/ohtoai/rust_ros_ws/install/rosidl_core_generators:/home/ohtoai/rust_ros_ws/install/rosidl_generator_rs:/home/ohtoai/rust_ros_ws/install/rosidl_runtime_rs:${AMENT_PREFIX_PATH} CMAKE_PREFIX_PATH=/home/ohtoai/rust_ros_ws/install/rosidl_default_runtime:/home/ohtoai/rust_ros_ws/install/rosidl_default_generators:/home/ohtoai/rust_ros_ws/install/action_msgs:/home/ohtoai/rust_ros_ws/install/service_msgs:/home/ohtoai/rust_ros_ws/install/unique_identifier_msgs:/home/ohtoai/rust_ros_ws/install/builtin_interfaces:/home/ohtoai/rust_ros_ws/install/rosidl_core_runtime:/home/ohtoai/rust_ros_ws/install/rosidl_core_generators:/home/ohtoai/rust_ros_ws/install/rosidl_generator_rs:/opt/ros/jazzy/opt/gz_math_vendor:/opt/ros/jazzy/opt/gz_utils_vendor:/opt/ros/jazzy/opt/gz_cmake_vendor:/opt/ros/jazzy DEBUGINFOD_URLS=https://debuginfod.ubuntu.com LD_LIBRARY_PATH=/home/ohtoai/rust_ros_ws/install/action_msgs/lib:/home/ohtoai/rust_ros_ws/install/service_msgs/lib:/home/ohtoai/rust_ros_ws/install/unique_identifier_msgs/lib:/home/ohtoai/rust_ros_ws/install/builtin_interfaces/lib:${LD_LIBRARY_PATH} PYTHONPATH=/home/ohtoai/rust_ros_ws/install/action_msgs/lib/python3.12/site-packages:/home/ohtoai/rust_ros_ws/install/service_msgs/lib/python3.12/site-packages:/home/ohtoai/rust_ros_ws/install/unique_identifier_msgs/lib/python3.12/site-packages:/home/ohtoai/rust_ros_ws/install/builtin_interfaces/lib/python3.12/site-packages:/home/ohtoai/rust_ros_ws/install/rosidl_generator_rs/lib/python3.12/site-packages:${PYTHONPATH} /usr/bin/cmake /home/ohtoai/rust_ros_ws/src/ros2/common_interfaces/std_srvs -DCMAKE_INSTALL_PREFIX=/home/ohtoai/rust_ros_ws/install/std_srvs
[16.456s] Invoking command in '/home/ohtoai/rust_ros_ws/build/std_srvs': AMENT_PREFIX_PATH=/home/ohtoai/rust_ros_ws/install/rosidl_default_runtime:/home/ohtoai/rust_ros_ws/install/rosidl_default_generators:/home/ohtoai/rust_ros_ws/install/action_msgs:/home/ohtoai/rust_ros_ws/install/service_msgs:/home/ohtoai/rust_ros_ws/install/unique_identifier_msgs:/home/ohtoai/rust_ros_ws/install/builtin_interfaces:/home/ohtoai/rust_ros_ws/install/rosidl_core_runtime:/home/ohtoai/rust_ros_ws/install/rosidl_core_generators:/home/ohtoai/rust_ros_ws/install/rosidl_generator_rs:/home/ohtoai/rust_ros_ws/install/rosidl_runtime_rs:${AMENT_PREFIX_PATH} CMAKE_PREFIX_PATH=/home/ohtoai/rust_ros_ws/install/rosidl_default_runtime:/home/ohtoai/rust_ros_ws/install/rosidl_default_generators:/home/ohtoai/rust_ros_ws/install/action_msgs:/home/ohtoai/rust_ros_ws/install/service_msgs:/home/ohtoai/rust_ros_ws/install/unique_identifier_msgs:/home/ohtoai/rust_ros_ws/install/builtin_interfaces:/home/ohtoai/rust_ros_ws/install/rosidl_core_runtime:/home/ohtoai/rust_ros_ws/install/rosidl_core_generators:/home/ohtoai/rust_ros_ws/install/rosidl_generator_rs:/opt/ros/jazzy/opt/gz_math_vendor:/opt/ros/jazzy/opt/gz_utils_vendor:/opt/ros/jazzy/opt/gz_cmake_vendor:/opt/ros/jazzy DEBUGINFOD_URLS=https://debuginfod.ubuntu.com LD_LIBRARY_PATH=/home/ohtoai/rust_ros_ws/install/action_msgs/lib:/home/ohtoai/rust_ros_ws/install/service_msgs/lib:/home/ohtoai/rust_ros_ws/install/unique_identifier_msgs/lib:/home/ohtoai/rust_ros_ws/install/builtin_interfaces/lib:${LD_LIBRARY_PATH} PYTHONPATH=/home/ohtoai/rust_ros_ws/install/action_msgs/lib/python3.12/site-packages:/home/ohtoai/rust_ros_ws/install/service_msgs/lib/python3.12/site-packages:/home/ohtoai/rust_ros_ws/install/unique_identifier_msgs/lib/python3.12/site-packages:/home/ohtoai/rust_ros_ws/install/builtin_interfaces/lib/python3.12/site-packages:/home/ohtoai/rust_ros_ws/install/rosidl_generator_rs/lib/python3.12/site-packages:${PYTHONPATH} /usr/bin/cmake --build /home/ohtoai/rust_ros_ws/build/std_srvs -- -j2 -l2
[16.650s] [  1%] [34m[1mGenerating Rust code for ROS interfaces[0m
[17.381s] [  1%] Built target std_srvs__rs
[17.480s] [  3%] [34m[1mGenerating type hashes for ROS interfaces[0m
[18.455s] [  3%] Built target std_srvs__rosidl_generator_type_description
[18.581s] [  3%] Built target ament_cmake_python_copy_std_srvs
[18.625s] [  5%] [34m[1mGenerating C code for ROS interfaces[0m
[20.960s] [  7%] [32mBuilding C object CMakeFiles/std_srvs__rosidl_generator_c.dir/rosidl_generator_c/std_srvs/srv/detail/empty__description.c.o[0m
[21.112s] [  9%] [32mBuilding C object CMakeFiles/std_srvs__rosidl_generator_c.dir/rosidl_generator_c/std_srvs/srv/detail/empty__functions.c.o[0m
[21.571s] [ 10%] [32mBuilding C object CMakeFiles/std_srvs__rosidl_generator_c.dir/rosidl_generator_c/std_srvs/srv/detail/empty__type_support.c.o[0m
[21.793s] [ 12%] [32mBuilding C object CMakeFiles/std_srvs__rosidl_generator_c.dir/rosidl_generator_c/std_srvs/srv/detail/set_bool__description.c.o[0m
[22.008s] [ 14%] [32mBuilding C object CMakeFiles/std_srvs__rosidl_generator_c.dir/rosidl_generator_c/std_srvs/srv/detail/set_bool__functions.c.o[0m
[22.192s] [ 16%] [32mBuilding C object CMakeFiles/std_srvs__rosidl_generator_c.dir/rosidl_generator_c/std_srvs/srv/detail/set_bool__type_support.c.o[0m
[22.330s] [ 18%] [32mBuilding C object CMakeFiles/std_srvs__rosidl_generator_c.dir/rosidl_generator_c/std_srvs/srv/detail/trigger__description.c.o[0m
[22.481s] [ 20%] [32mBuilding C object CMakeFiles/std_srvs__rosidl_generator_c.dir/rosidl_generator_c/std_srvs/srv/detail/trigger__functions.c.o[0m
[22.683s] [ 21%] [32mBuilding C object CMakeFiles/std_srvs__rosidl_generator_c.dir/rosidl_generator_c/std_srvs/srv/detail/trigger__type_support.c.o[0m
[22.795s] [ 23%] [32m[1mLinking C shared library libstd_srvs__rosidl_generator_c.so[0m
[22.922s] [ 23%] Built target std_srvs__rosidl_generator_c
[22.988s] [ 25%] [34m[1mGenerating C++ code for ROS interfaces[0m
[24.468s] [ 25%] Built target std_srvs__cpp
[24.899s] running egg_info
[24.899s] creating std_srvs.egg-info
[24.927s] writing std_srvs.egg-info/PKG-INFO
[24.927s] writing dependency_links to std_srvs.egg-info/dependency_links.txt
[24.928s] writing top-level names to std_srvs.egg-info/top_level.txt
[24.928s] writing manifest file 'std_srvs.egg-info/SOURCES.txt'
[24.997s] reading manifest file 'std_srvs.egg-info/SOURCES.txt'
[24.998s] writing manifest file 'std_srvs.egg-info/SOURCES.txt'
[25.039s] [ 25%] Built target ament_cmake_python_build_std_srvs_egg
[25.053s] [ 27%] [34m[1mGenerating C type support for eProsima Fast-RTPS[0m
[25.742s] [ 29%] [32mBuilding CXX object CMakeFiles/std_srvs__rosidl_typesupport_fastrtps_c.dir/rosidl_typesupport_fastrtps_c/std_srvs/srv/detail/empty__type_support_c.cpp.o[0m
[26.300s] [ 30%] [32mBuilding CXX object CMakeFiles/std_srvs__rosidl_typesupport_fastrtps_c.dir/rosidl_typesupport_fastrtps_c/std_srvs/srv/detail/set_bool__type_support_c.cpp.o[0m
[26.928s] [ 32%] [32mBuilding CXX object CMakeFiles/std_srvs__rosidl_typesupport_fastrtps_c.dir/rosidl_typesupport_fastrtps_c/std_srvs/srv/detail/trigger__type_support_c.cpp.o[0m
[27.742s] [ 34%] [32m[1mLinking CXX shared library libstd_srvs__rosidl_typesupport_fastrtps_c.so[0m
[27.829s] [ 34%] Built target std_srvs__rosidl_typesupport_fastrtps_c
[27.849s] [ 36%] [34m[1mGenerating C introspection for ROS interfaces[0m
[28.363s] [ 38%] [32mBuilding C object CMakeFiles/std_srvs__rosidl_typesupport_introspection_c.dir/rosidl_typesupport_introspection_c/std_srvs/srv/detail/empty__type_support.c.o[0m
[28.444s] [ 40%] [32mBuilding C object CMakeFiles/std_srvs__rosidl_typesupport_introspection_c.dir/rosidl_typesupport_introspection_c/std_srvs/srv/detail/set_bool__type_support.c.o[0m
[28.505s] [ 41%] [32mBuilding C object CMakeFiles/std_srvs__rosidl_typesupport_introspection_c.dir/rosidl_typesupport_introspection_c/std_srvs/srv/detail/trigger__type_support.c.o[0m
[28.584s] [ 43%] [32m[1mLinking C shared library libstd_srvs__rosidl_typesupport_introspection_c.so[0m
[28.630s] [ 43%] Built target std_srvs__rosidl_typesupport_introspection_c
[28.652s] [ 45%] [34m[1mGenerating C type support dispatch for ROS interfaces[0m
[29.103s] [ 47%] [32mBuilding CXX object CMakeFiles/std_srvs__rosidl_typesupport_c.dir/rosidl_typesupport_c/std_srvs/srv/empty__type_support.cpp.o[0m
[29.182s] [ 49%] [32mBuilding CXX object CMakeFiles/std_srvs__rosidl_typesupport_c.dir/rosidl_typesupport_c/std_srvs/srv/set_bool__type_support.cpp.o[0m
[29.247s] [ 50%] [32mBuilding CXX object CMakeFiles/std_srvs__rosidl_typesupport_c.dir/rosidl_typesupport_c/std_srvs/srv/trigger__type_support.cpp.o[0m
[29.341s] [ 52%] [32m[1mLinking CXX shared library libstd_srvs__rosidl_typesupport_c.so[0m
[29.411s] [ 52%] Built target std_srvs__rosidl_typesupport_c
[29.437s] [ 54%] [34m[1mGenerating C++ type support for eProsima Fast-RTPS[0m
[30.190s] [ 56%] [32mBuilding CXX object CMakeFiles/std_srvs__rosidl_typesupport_fastrtps_cpp.dir/rosidl_typesupport_fastrtps_cpp/std_srvs/srv/detail/dds_fastrtps/empty__type_support.cpp.o[0m
[30.790s] [ 58%] [32mBuilding CXX object CMakeFiles/std_srvs__rosidl_typesupport_fastrtps_cpp.dir/rosidl_typesupport_fastrtps_cpp/std_srvs/srv/detail/dds_fastrtps/set_bool__type_support.cpp.o[0m
[31.614s] [ 60%] [32mBuilding CXX object CMakeFiles/std_srvs__rosidl_typesupport_fastrtps_cpp.dir/rosidl_typesupport_fastrtps_cpp/std_srvs/srv/detail/dds_fastrtps/trigger__type_support.cpp.o[0m
[32.507s] [ 61%] [32m[1mLinking CXX shared library libstd_srvs__rosidl_typesupport_fastrtps_cpp.so[0m
[32.648s] [ 61%] Built target std_srvs__rosidl_typesupport_fastrtps_cpp
[32.665s] [ 63%] [34m[1mGenerating C++ introspection for ROS interfaces[0m
[33.277s] [ 65%] [32mBuilding CXX object CMakeFiles/std_srvs__rosidl_typesupport_introspection_cpp.dir/rosidl_typesupport_introspection_cpp/std_srvs/srv/detail/empty__type_support.cpp.o[0m
[33.788s] [ 67%] [32mBuilding CXX object CMakeFiles/std_srvs__rosidl_typesupport_introspection_cpp.dir/rosidl_typesupport_introspection_cpp/std_srvs/srv/detail/set_bool__type_support.cpp.o[0m
[34.333s] [ 69%] [32mBuilding CXX object CMakeFiles/std_srvs__rosidl_typesupport_introspection_cpp.dir/rosidl_typesupport_introspection_cpp/std_srvs/srv/detail/trigger__type_support.cpp.o[0m
[34.841s] [ 70%] [32m[1mLinking CXX shared library libstd_srvs__rosidl_typesupport_introspection_cpp.so[0m
[34.952s] [ 70%] Built target std_srvs__rosidl_typesupport_introspection_cpp
[34.964s] [ 72%] [34m[1mGenerating C++ type support dispatch for ROS interfaces[0m
[35.558s] [ 74%] [32mBuilding CXX object CMakeFiles/std_srvs__rosidl_typesupport_cpp.dir/rosidl_typesupport_cpp/std_srvs/srv/empty__type_support.cpp.o[0m
[35.975s] [ 76%] [32mBuilding CXX object CMakeFiles/std_srvs__rosidl_typesupport_cpp.dir/rosidl_typesupport_cpp/std_srvs/srv/set_bool__type_support.cpp.o[0m
[36.474s] [ 78%] [32mBuilding CXX object CMakeFiles/std_srvs__rosidl_typesupport_cpp.dir/rosidl_typesupport_cpp/std_srvs/srv/trigger__type_support.cpp.o[0m
[37.081s] [ 80%] [32m[1mLinking CXX shared library libstd_srvs__rosidl_typesupport_cpp.so[0m
[37.180s] [ 80%] Built target std_srvs__rosidl_typesupport_cpp
[37.222s] [ 80%] Built target std_srvs
[37.269s] [ 81%] [34m[1mGenerating Python code for ROS interfaces[0m
[38.279s] [ 81%] Built target std_srvs__py
[38.309s] [ 83%] [32mBuilding C object CMakeFiles/std_srvs__rosidl_generator_py.dir/rosidl_generator_py/std_srvs/srv/_empty_s.c.o[0m
[38.520s] [ 85%] [32mBuilding C object CMakeFiles/std_srvs__rosidl_generator_py.dir/rosidl_generator_py/std_srvs/srv/_set_bool_s.c.o[0m
[38.725s] [ 87%] [32mBuilding C object CMakeFiles/std_srvs__rosidl_generator_py.dir/rosidl_generator_py/std_srvs/srv/_trigger_s.c.o[0m
[38.936s] [ 89%] [32m[1mLinking C shared library libstd_srvs__rosidl_generator_py.so[0m
[39.003s] [ 89%] Built target std_srvs__rosidl_generator_py
[39.051s] [ 90%] [32mBuilding C object CMakeFiles/std_srvs_s__rosidl_typesupport_fastrtps_c.dir/rosidl_generator_py/std_srvs/_std_srvs_s.ep.rosidl_typesupport_fastrtps_c.c.o[0m
[39.285s] [ 92%] [32m[1mLinking C shared module rosidl_generator_py/std_srvs/std_srvs_s__rosidl_typesupport_fastrtps_c.so[0m
[39.366s] [ 92%] Built target std_srvs_s__rosidl_typesupport_fastrtps_c
[39.409s] [ 94%] [32mBuilding C object CMakeFiles/std_srvs_s__rosidl_typesupport_introspection_c.dir/rosidl_generator_py/std_srvs/_std_srvs_s.ep.rosidl_typesupport_introspection_c.c.o[0m
[39.578s] [ 96%] [32m[1mLinking C shared module rosidl_generator_py/std_srvs/std_srvs_s__rosidl_typesupport_introspection_c.so[0m
[39.621s] [ 96%] Built target std_srvs_s__rosidl_typesupport_introspection_c
[39.650s] [ 98%] [32mBuilding C object CMakeFiles/std_srvs_s__rosidl_typesupport_c.dir/rosidl_generator_py/std_srvs/_std_srvs_s.ep.rosidl_typesupport_c.c.o[0m
[39.805s] [100%] [32m[1mLinking C shared module rosidl_generator_py/std_srvs/std_srvs_s__rosidl_typesupport_c.so[0m
[39.866s] [100%] Built target std_srvs_s__rosidl_typesupport_c
[39.890s] Invoked command in '/home/ohtoai/rust_ros_ws/build/std_srvs' returned '0': AMENT_PREFIX_PATH=/home/ohtoai/rust_ros_ws/install/rosidl_default_runtime:/home/ohtoai/rust_ros_ws/install/rosidl_default_generators:/home/ohtoai/rust_ros_ws/install/action_msgs:/home/ohtoai/rust_ros_ws/install/service_msgs:/home/ohtoai/rust_ros_ws/install/unique_identifier_msgs:/home/ohtoai/rust_ros_ws/install/builtin_interfaces:/home/ohtoai/rust_ros_ws/install/rosidl_core_runtime:/home/ohtoai/rust_ros_ws/install/rosidl_core_generators:/home/ohtoai/rust_ros_ws/install/rosidl_generator_rs:/home/ohtoai/rust_ros_ws/install/rosidl_runtime_rs:${AMENT_PREFIX_PATH} CMAKE_PREFIX_PATH=/home/ohtoai/rust_ros_ws/install/rosidl_default_runtime:/home/ohtoai/rust_ros_ws/install/rosidl_default_generators:/home/ohtoai/rust_ros_ws/install/action_msgs:/home/ohtoai/rust_ros_ws/install/service_msgs:/home/ohtoai/rust_ros_ws/install/unique_identifier_msgs:/home/ohtoai/rust_ros_ws/install/builtin_interfaces:/home/ohtoai/rust_ros_ws/install/rosidl_core_runtime:/home/ohtoai/rust_ros_ws/install/rosidl_core_generators:/home/ohtoai/rust_ros_ws/install/rosidl_generator_rs:/opt/ros/jazzy/opt/gz_math_vendor:/opt/ros/jazzy/opt/gz_utils_vendor:/opt/ros/jazzy/opt/gz_cmake_vendor:/opt/ros/jazzy DEBUGINFOD_URLS=https://debuginfod.ubuntu.com LD_LIBRARY_PATH=/home/ohtoai/rust_ros_ws/install/action_msgs/lib:/home/ohtoai/rust_ros_ws/install/service_msgs/lib:/home/ohtoai/rust_ros_ws/install/unique_identifier_msgs/lib:/home/ohtoai/rust_ros_ws/install/builtin_interfaces/lib:${LD_LIBRARY_PATH} PYTHONPATH=/home/ohtoai/rust_ros_ws/install/action_msgs/lib/python3.12/site-packages:/home/ohtoai/rust_ros_ws/install/service_msgs/lib/python3.12/site-packages:/home/ohtoai/rust_ros_ws/install/unique_identifier_msgs/lib/python3.12/site-packages:/home/ohtoai/rust_ros_ws/install/builtin_interfaces/lib/python3.12/site-packages:/home/ohtoai/rust_ros_ws/install/rosidl_generator_rs/lib/python3.12/site-packages:${PYTHONPATH} /usr/bin/cmake --build /home/ohtoai/rust_ros_ws/build/std_srvs -- -j2 -l2
[39.890s] Invoking command in '/home/ohtoai/rust_ros_ws/build/std_srvs': AMENT_PREFIX_PATH=/home/ohtoai/rust_ros_ws/install/rosidl_default_runtime:/home/ohtoai/rust_ros_ws/install/rosidl_default_generators:/home/ohtoai/rust_ros_ws/install/action_msgs:/home/ohtoai/rust_ros_ws/install/service_msgs:/home/ohtoai/rust_ros_ws/install/unique_identifier_msgs:/home/ohtoai/rust_ros_ws/install/builtin_interfaces:/home/ohtoai/rust_ros_ws/install/rosidl_core_runtime:/home/ohtoai/rust_ros_ws/install/rosidl_core_generators:/home/ohtoai/rust_ros_ws/install/rosidl_generator_rs:/home/ohtoai/rust_ros_ws/install/rosidl_runtime_rs:${AMENT_PREFIX_PATH} CMAKE_PREFIX_PATH=/home/ohtoai/rust_ros_ws/install/rosidl_default_runtime:/home/ohtoai/rust_ros_ws/install/rosidl_default_generators:/home/ohtoai/rust_ros_ws/install/action_msgs:/home/ohtoai/rust_ros_ws/install/service_msgs:/home/ohtoai/rust_ros_ws/install/unique_identifier_msgs:/home/ohtoai/rust_ros_ws/install/builtin_interfaces:/home/ohtoai/rust_ros_ws/install/rosidl_core_runtime:/home/ohtoai/rust_ros_ws/install/rosidl_core_generators:/home/ohtoai/rust_ros_ws/install/rosidl_generator_rs:/opt/ros/jazzy/opt/gz_math_vendor:/opt/ros/jazzy/opt/gz_utils_vendor:/opt/ros/jazzy/opt/gz_cmake_vendor:/opt/ros/jazzy DEBUGINFOD_URLS=https://debuginfod.ubuntu.com LD_LIBRARY_PATH=/home/ohtoai/rust_ros_ws/install/action_msgs/lib:/home/ohtoai/rust_ros_ws/install/service_msgs/lib:/home/ohtoai/rust_ros_ws/install/unique_identifier_msgs/lib:/home/ohtoai/rust_ros_ws/install/builtin_interfaces/lib:${LD_LIBRARY_PATH} PYTHONPATH=/home/ohtoai/rust_ros_ws/install/action_msgs/lib/python3.12/site-packages:/home/ohtoai/rust_ros_ws/install/service_msgs/lib/python3.12/site-packages:/home/ohtoai/rust_ros_ws/install/unique_identifier_msgs/lib/python3.12/site-packages:/home/ohtoai/rust_ros_ws/install/builtin_interfaces/lib/python3.12/site-packages:/home/ohtoai/rust_ros_ws/install/rosidl_generator_rs/lib/python3.12/site-packages:${PYTHONPATH} /usr/bin/cmake --install /home/ohtoai/rust_ros_ws/build/std_srvs
[39.902s] -- Install configuration: ""
[39.903s] -- Installing: /home/ohtoai/rust_ros_ws/install/std_srvs/share/ament_index/resource_index/rosidl_interfaces/std_srvs
[39.903s] -- Installing: /home/ohtoai/rust_ros_ws/install/std_srvs/share/std_srvs/srv/Empty.json
[39.903s] -- Installing: /home/ohtoai/rust_ros_ws/install/std_srvs/share/std_srvs/srv/SetBool.json
[39.903s] -- Installing: /home/ohtoai/rust_ros_ws/install/std_srvs/share/std_srvs/srv/Trigger.json
[39.904s] -- Installing: /home/ohtoai/rust_ros_ws/install/std_srvs/include/std_srvs/std_srvs
[39.904s] -- Installing: /home/ohtoai/rust_ros_ws/install/std_srvs/include/std_srvs/std_srvs/msg
[39.904s] -- Installing: /home/ohtoai/rust_ros_ws/install/std_srvs/include/std_srvs/std_srvs/msg/rosidl_generator_c__visibility_control.h
[39.904s] -- Installing: /home/ohtoai/rust_ros_ws/install/std_srvs/include/std_srvs/std_srvs/srv
[39.904s] -- Installing: /home/ohtoai/rust_ros_ws/install/std_srvs/include/std_srvs/std_srvs/srv/detail
[39.905s] -- Installing: /home/ohtoai/rust_ros_ws/install/std_srvs/include/std_srvs/std_srvs/srv/detail/set_bool__type_support.c
[39.905s] -- Installing: /home/ohtoai/rust_ros_ws/install/std_srvs/include/std_srvs/std_srvs/srv/detail/trigger__functions.c
[39.905s] -- Installing: /home/ohtoai/rust_ros_ws/install/std_srvs/include/std_srvs/std_srvs/srv/detail/trigger__type_support.c
[39.905s] -- Installing: /home/ohtoai/rust_ros_ws/install/std_srvs/include/std_srvs/std_srvs/srv/detail/set_bool__functions.c
[39.905s] -- Installing: /home/ohtoai/rust_ros_ws/install/std_srvs/include/std_srvs/std_srvs/srv/detail/trigger__type_support.h
[39.905s] -- Installing: /home/ohtoai/rust_ros_ws/install/std_srvs/include/std_srvs/std_srvs/srv/detail/empty__functions.c
[39.906s] -- Installing: /home/ohtoai/rust_ros_ws/install/std_srvs/include/std_srvs/std_srvs/srv/detail/empty__type_support.h
[39.906s] -- Installing: /home/ohtoai/rust_ros_ws/install/std_srvs/include/std_srvs/std_srvs/srv/detail/set_bool__functions.h
[39.906s] -- Installing: /home/ohtoai/rust_ros_ws/install/std_srvs/include/std_srvs/std_srvs/srv/detail/trigger__struct.h
[39.906s] -- Installing: /home/ohtoai/rust_ros_ws/install/std_srvs/include/std_srvs/std_srvs/srv/detail/set_bool__description.c
[39.906s] -- Installing: /home/ohtoai/rust_ros_ws/install/std_srvs/include/std_srvs/std_srvs/srv/detail/trigger__description.c
[39.906s] -- Installing: /home/ohtoai/rust_ros_ws/install/std_srvs/include/std_srvs/std_srvs/srv/detail/set_bool__type_support.h
[39.907s] -- Installing: /home/ohtoai/rust_ros_ws/install/std_srvs/include/std_srvs/std_srvs/srv/detail/set_bool__struct.h
[39.907s] -- Installing: /home/ohtoai/rust_ros_ws/install/std_srvs/include/std_srvs/std_srvs/srv/detail/empty__struct.h
[39.907s] -- Installing: /home/ohtoai/rust_ros_ws/install/std_srvs/include/std_srvs/std_srvs/srv/detail/empty__type_support.c
[39.907s] -- Installing: /home/ohtoai/rust_ros_ws/install/std_srvs/include/std_srvs/std_srvs/srv/detail/empty__functions.h
[39.907s] -- Installing: /home/ohtoai/rust_ros_ws/install/std_srvs/include/std_srvs/std_srvs/srv/detail/trigger__functions.h
[39.907s] -- Installing: /home/ohtoai/rust_ros_ws/install/std_srvs/include/std_srvs/std_srvs/srv/detail/empty__description.c
[39.908s] -- Installing: /home/ohtoai/rust_ros_ws/install/std_srvs/include/std_srvs/std_srvs/srv/empty.h
[39.908s] -- Installing: /home/ohtoai/rust_ros_ws/install/std_srvs/include/std_srvs/std_srvs/srv/set_bool.h
[39.908s] -- Installing: /home/ohtoai/rust_ros_ws/install/std_srvs/include/std_srvs/std_srvs/srv/trigger.h
[39.908s] -- Installing: /home/ohtoai/rust_ros_ws/install/std_srvs/share/std_srvs/environment/library_path.sh
[39.909s] -- Installing: /home/ohtoai/rust_ros_ws/install/std_srvs/share/std_srvs/environment/library_path.dsv
[39.909s] -- Installing: /home/ohtoai/rust_ros_ws/install/std_srvs/lib/libstd_srvs__rosidl_generator_c.so
[39.910s] -- Set non-toolchain portion of runtime path of "/home/ohtoai/rust_ros_ws/install/std_srvs/lib/libstd_srvs__rosidl_generator_c.so" to ""
[39.910s] -- Up-to-date: /home/ohtoai/rust_ros_ws/install/std_srvs/include/std_srvs/std_srvs
[39.910s] -- Up-to-date: /home/ohtoai/rust_ros_ws/install/std_srvs/include/std_srvs/std_srvs/msg
[39.910s] -- Installing: /home/ohtoai/rust_ros_ws/install/std_srvs/include/std_srvs/std_srvs/msg/rosidl_typesupport_fastrtps_c__visibility_control.h
[39.910s] -- Up-to-date: /home/ohtoai/rust_ros_ws/install/std_srvs/include/std_srvs/std_srvs/srv
[39.910s] -- Up-to-date: /home/ohtoai/rust_ros_ws/install/std_srvs/include/std_srvs/std_srvs/srv/detail
[39.910s] -- Installing: /home/ohtoai/rust_ros_ws/install/std_srvs/include/std_srvs/std_srvs/srv/detail/empty__rosidl_typesupport_fastrtps_c.h
[39.911s] -- Installing: /home/ohtoai/rust_ros_ws/install/std_srvs/include/std_srvs/std_srvs/srv/detail/trigger__rosidl_typesupport_fastrtps_c.h
[39.911s] -- Installing: /home/ohtoai/rust_ros_ws/install/std_srvs/include/std_srvs/std_srvs/srv/detail/set_bool__rosidl_typesupport_fastrtps_c.h
[39.911s] -- Installing: /home/ohtoai/rust_ros_ws/install/std_srvs/lib/libstd_srvs__rosidl_typesupport_fastrtps_c.so
[39.913s] -- Set non-toolchain portion of runtime path of "/home/ohtoai/rust_ros_ws/install/std_srvs/lib/libstd_srvs__rosidl_typesupport_fastrtps_c.so" to ""
[39.913s] -- Up-to-date: /home/ohtoai/rust_ros_ws/install/std_srvs/include/std_srvs/std_srvs
[39.913s] -- Up-to-date: /home/ohtoai/rust_ros_ws/install/std_srvs/include/std_srvs/std_srvs/msg
[39.913s] -- Installing: /home/ohtoai/rust_ros_ws/install/std_srvs/include/std_srvs/std_srvs/msg/rosidl_typesupport_introspection_c__visibility_control.h
[39.913s] -- Up-to-date: /home/ohtoai/rust_ros_ws/install/std_srvs/include/std_srvs/std_srvs/srv
[39.913s] -- Up-to-date: /home/ohtoai/rust_ros_ws/install/std_srvs/include/std_srvs/std_srvs/srv/detail
[39.913s] -- Installing: /home/ohtoai/rust_ros_ws/install/std_srvs/include/std_srvs/std_srvs/srv/detail/set_bool__type_support.c
[39.914s] -- Installing: /home/ohtoai/rust_ros_ws/install/std_srvs/include/std_srvs/std_srvs/srv/detail/trigger__type_support.c
[39.914s] -- Installing: /home/ohtoai/rust_ros_ws/install/std_srvs/include/std_srvs/std_srvs/srv/detail/set_bool__rosidl_typesupport_introspection_c.h
[39.914s] -- Installing: /home/ohtoai/rust_ros_ws/install/std_srvs/include/std_srvs/std_srvs/srv/detail/trigger__rosidl_typesupport_introspection_c.h
[39.914s] -- Installing: /home/ohtoai/rust_ros_ws/install/std_srvs/include/std_srvs/std_srvs/srv/detail/empty__type_support.c
[39.914s] -- Installing: /home/ohtoai/rust_ros_ws/install/std_srvs/include/std_srvs/std_srvs/srv/detail/empty__rosidl_typesupport_introspection_c.h
[39.914s] -- Installing: /home/ohtoai/rust_ros_ws/install/std_srvs/lib/libstd_srvs__rosidl_typesupport_introspection_c.so
[39.914s] -- Set non-toolchain portion of runtime path of "/home/ohtoai/rust_ros_ws/install/std_srvs/lib/libstd_srvs__rosidl_typesupport_introspection_c.so" to ""
[39.914s] -- Installing: /home/ohtoai/rust_ros_ws/install/std_srvs/lib/libstd_srvs__rosidl_typesupport_c.so
[39.915s] -- Set non-toolchain portion of runtime path of "/home/ohtoai/rust_ros_ws/install/std_srvs/lib/libstd_srvs__rosidl_typesupport_c.so" to ""
[39.915s] -- Up-to-date: /home/ohtoai/rust_ros_ws/install/std_srvs/include/std_srvs/std_srvs
[39.915s] -- Up-to-date: /home/ohtoai/rust_ros_ws/install/std_srvs/include/std_srvs/std_srvs/msg
[39.915s] -- Installing: /home/ohtoai/rust_ros_ws/install/std_srvs/include/std_srvs/std_srvs/msg/rosidl_generator_cpp__visibility_control.hpp
[39.915s] -- Up-to-date: /home/ohtoai/rust_ros_ws/install/std_srvs/include/std_srvs/std_srvs/srv
[39.915s] -- Up-to-date: /home/ohtoai/rust_ros_ws/install/std_srvs/include/std_srvs/std_srvs/srv/detail
[39.915s] -- Installing: /home/ohtoai/rust_ros_ws/install/std_srvs/include/std_srvs/std_srvs/srv/detail/trigger__struct.hpp
[39.915s] -- Installing: /home/ohtoai/rust_ros_ws/install/std_srvs/include/std_srvs/std_srvs/srv/detail/empty__type_support.hpp
[39.915s] -- Installing: /home/ohtoai/rust_ros_ws/install/std_srvs/include/std_srvs/std_srvs/srv/detail/set_bool__builder.hpp
[39.916s] -- Installing: /home/ohtoai/rust_ros_ws/install/std_srvs/include/std_srvs/std_srvs/srv/detail/set_bool__type_support.hpp
[39.916s] -- Installing: /home/ohtoai/rust_ros_ws/install/std_srvs/include/std_srvs/std_srvs/srv/detail/set_bool__traits.hpp
[39.916s] -- Installing: /home/ohtoai/rust_ros_ws/install/std_srvs/include/std_srvs/std_srvs/srv/detail/empty__traits.hpp
[39.916s] -- Installing: /home/ohtoai/rust_ros_ws/install/std_srvs/include/std_srvs/std_srvs/srv/detail/trigger__traits.hpp
[39.916s] -- Installing: /home/ohtoai/rust_ros_ws/install/std_srvs/include/std_srvs/std_srvs/srv/detail/trigger__builder.hpp
[39.916s] -- Installing: /home/ohtoai/rust_ros_ws/install/std_srvs/include/std_srvs/std_srvs/srv/detail/empty__builder.hpp
[39.917s] -- Installing: /home/ohtoai/rust_ros_ws/install/std_srvs/include/std_srvs/std_srvs/srv/detail/trigger__type_support.hpp
[39.917s] -- Installing: /home/ohtoai/rust_ros_ws/install/std_srvs/include/std_srvs/std_srvs/srv/detail/set_bool__struct.hpp
[39.917s] -- Installing: /home/ohtoai/rust_ros_ws/install/std_srvs/include/std_srvs/std_srvs/srv/detail/empty__struct.hpp
[39.917s] -- Installing: /home/ohtoai/rust_ros_ws/install/std_srvs/include/std_srvs/std_srvs/srv/set_bool.hpp
[39.923s] -- Installing: /home/ohtoai/rust_ros_ws/install/std_srvs/include/std_srvs/std_srvs/srv/empty.hpp
[39.924s] -- Installing: /home/ohtoai/rust_ros_ws/install/std_srvs/include/std_srvs/std_srvs/srv/trigger.hpp
[39.924s] -- Up-to-date: /home/ohtoai/rust_ros_ws/install/std_srvs/include/std_srvs/std_srvs
[39.924s] -- Up-to-date: /home/ohtoai/rust_ros_ws/install/std_srvs/include/std_srvs/std_srvs/msg
[39.924s] -- Installing: /home/ohtoai/rust_ros_ws/install/std_srvs/include/std_srvs/std_srvs/msg/rosidl_typesupport_fastrtps_cpp__visibility_control.h
[39.924s] -- Up-to-date: /home/ohtoai/rust_ros_ws/install/std_srvs/include/std_srvs/std_srvs/srv
[39.924s] -- Up-to-date: /home/ohtoai/rust_ros_ws/install/std_srvs/include/std_srvs/std_srvs/srv/detail
[39.924s] -- Installing: /home/ohtoai/rust_ros_ws/install/std_srvs/include/std_srvs/std_srvs/srv/detail/trigger__rosidl_typesupport_fastrtps_cpp.hpp
[39.924s] -- Installing: /home/ohtoai/rust_ros_ws/install/std_srvs/include/std_srvs/std_srvs/srv/detail/dds_fastrtps
[39.924s] -- Installing: /home/ohtoai/rust_ros_ws/install/std_srvs/include/std_srvs/std_srvs/srv/detail/empty__rosidl_typesupport_fastrtps_cpp.hpp
[39.924s] -- Installing: /home/ohtoai/rust_ros_ws/install/std_srvs/include/std_srvs/std_srvs/srv/detail/set_bool__rosidl_typesupport_fastrtps_cpp.hpp
[39.924s] -- Installing: /home/ohtoai/rust_ros_ws/install/std_srvs/lib/libstd_srvs__rosidl_typesupport_fastrtps_cpp.so
[39.924s] -- Set non-toolchain portion of runtime path of "/home/ohtoai/rust_ros_ws/install/std_srvs/lib/libstd_srvs__rosidl_typesupport_fastrtps_cpp.so" to ""
[39.924s] -- Up-to-date: /home/ohtoai/rust_ros_ws/install/std_srvs/include/std_srvs/std_srvs
[39.924s] -- Up-to-date: /home/ohtoai/rust_ros_ws/install/std_srvs/include/std_srvs/std_srvs/srv
[39.924s] -- Up-to-date: /home/ohtoai/rust_ros_ws/install/std_srvs/include/std_srvs/std_srvs/srv/detail
[39.925s] -- Installing: /home/ohtoai/rust_ros_ws/install/std_srvs/include/std_srvs/std_srvs/srv/detail/empty__rosidl_typesupport_introspection_cpp.hpp
[39.925s] -- Installing: /home/ohtoai/rust_ros_ws/install/std_srvs/include/std_srvs/std_srvs/srv/detail/set_bool__rosidl_typesupport_introspection_cpp.hpp
[39.926s] -- Installing: /home/ohtoai/rust_ros_ws/install/std_srvs/include/std_srvs/std_srvs/srv/detail/trigger__type_support.cpp
[39.927s] -- Installing: /home/ohtoai/rust_ros_ws/install/std_srvs/include/std_srvs/std_srvs/srv/detail/empty__type_support.cpp
[39.929s] -- Installing: /home/ohtoai/rust_ros_ws/install/std_srvs/include/std_srvs/std_srvs/srv/detail/set_bool__type_support.cpp
[39.930s] -- Installing: /home/ohtoai/rust_ros_ws/install/std_srvs/include/std_srvs/std_srvs/srv/detail/trigger__rosidl_typesupport_introspection_cpp.hpp
[39.932s] -- Installing: /home/ohtoai/rust_ros_ws/install/std_srvs/lib/libstd_srvs__rosidl_typesupport_introspection_cpp.so
[39.932s] -- Set non-toolchain portion of runtime path of "/home/ohtoai/rust_ros_ws/install/std_srvs/lib/libstd_srvs__rosidl_typesupport_introspection_cpp.so" to ""
[39.933s] -- Installing: /home/ohtoai/rust_ros_ws/install/std_srvs/lib/libstd_srvs__rosidl_typesupport_cpp.so
[39.934s] -- Set non-toolchain portion of runtime path of "/home/ohtoai/rust_ros_ws/install/std_srvs/lib/libstd_srvs__rosidl_typesupport_cpp.so" to ""
[39.935s] -- Installing: /home/ohtoai/rust_ros_ws/install/std_srvs/share/ament_index/resource_index/rust_packages/std_srvs
[39.936s] -- Installing: /home/ohtoai/rust_ros_ws/install/std_srvs/share/std_srvs/rust
[39.936s] -- Installing: /home/ohtoai/rust_ros_ws/install/std_srvs/share/std_srvs/rust/build.rs
[39.936s] -- Installing: /home/ohtoai/rust_ros_ws/install/std_srvs/share/std_srvs/rust/Cargo.toml
[39.936s] -- Installing: /home/ohtoai/rust_ros_ws/install/std_srvs/share/std_srvs/rust/src
[39.937s] -- Installing: /home/ohtoai/rust_ros_ws/install/std_srvs/share/std_srvs/rust/src/srv.rs
[39.937s] -- Installing: /home/ohtoai/rust_ros_ws/install/std_srvs/share/std_srvs/rust/src/lib.rs
[39.937s] -- Installing: /home/ohtoai/rust_ros_ws/install/std_srvs/share/std_srvs/environment/pythonpath.sh
[39.937s] -- Installing: /home/ohtoai/rust_ros_ws/install/std_srvs/share/std_srvs/environment/pythonpath.dsv
[39.938s] -- Installing: /home/ohtoai/rust_ros_ws/install/std_srvs/lib/python3.12/site-packages/std_srvs-5.3.5-py3.12.egg-info
[39.938s] -- Installing: /home/ohtoai/rust_ros_ws/install/std_srvs/lib/python3.12/site-packages/std_srvs-5.3.5-py3.12.egg-info/PKG-INFO
[39.939s] -- Installing: /home/ohtoai/rust_ros_ws/install/std_srvs/lib/python3.12/site-packages/std_srvs-5.3.5-py3.12.egg-info/top_level.txt
[39.939s] -- Installing: /home/ohtoai/rust_ros_ws/install/std_srvs/lib/python3.12/site-packages/std_srvs-5.3.5-py3.12.egg-info/SOURCES.txt
[39.939s] -- Installing: /home/ohtoai/rust_ros_ws/install/std_srvs/lib/python3.12/site-packages/std_srvs-5.3.5-py3.12.egg-info/dependency_links.txt
[39.940s] -- Installing: /home/ohtoai/rust_ros_ws/install/std_srvs/lib/python3.12/site-packages/std_srvs
[39.940s] -- Installing: /home/ohtoai/rust_ros_ws/install/std_srvs/lib/python3.12/site-packages/std_srvs/_std_srvs_s.ep.rosidl_typesupport_introspection_c.c
[39.940s] -- Installing: /home/ohtoai/rust_ros_ws/install/std_srvs/lib/python3.12/site-packages/std_srvs/srv
[39.941s] -- Installing: /home/ohtoai/rust_ros_ws/install/std_srvs/lib/python3.12/site-packages/std_srvs/srv/_empty.py
[39.941s] -- Installing: /home/ohtoai/rust_ros_ws/install/std_srvs/lib/python3.12/site-packages/std_srvs/srv/_trigger.py
[39.941s] -- Installing: /home/ohtoai/rust_ros_ws/install/std_srvs/lib/python3.12/site-packages/std_srvs/srv/_set_bool_s.c
[39.942s] -- Installing: /home/ohtoai/rust_ros_ws/install/std_srvs/lib/python3.12/site-packages/std_srvs/srv/_set_bool.py
[39.943s] -- Installing: /home/ohtoai/rust_ros_ws/install/std_srvs/lib/python3.12/site-packages/std_srvs/srv/_trigger_s.c
[39.943s] -- Installing: /home/ohtoai/rust_ros_ws/install/std_srvs/lib/python3.12/site-packages/std_srvs/srv/_empty_s.c
[39.944s] -- Installing: /home/ohtoai/rust_ros_ws/install/std_srvs/lib/python3.12/site-packages/std_srvs/srv/__init__.py
[39.944s] -- Installing: /home/ohtoai/rust_ros_ws/install/std_srvs/lib/python3.12/site-packages/std_srvs/std_srvs_s__rosidl_typesupport_c.so
[39.945s] -- Installing: /home/ohtoai/rust_ros_ws/install/std_srvs/lib/python3.12/site-packages/std_srvs/std_srvs_s__rosidl_typesupport_fastrtps_c.so
[39.946s] -- Installing: /home/ohtoai/rust_ros_ws/install/std_srvs/lib/python3.12/site-packages/std_srvs/_std_srvs_s.ep.rosidl_typesupport_fastrtps_c.c
[39.946s] -- Installing: /home/ohtoai/rust_ros_ws/install/std_srvs/lib/python3.12/site-packages/std_srvs/std_srvs_s__rosidl_typesupport_introspection_c.so
[39.946s] -- Installing: /home/ohtoai/rust_ros_ws/install/std_srvs/lib/python3.12/site-packages/std_srvs/_std_srvs_s.ep.rosidl_typesupport_c.c
[39.946s] -- Installing: /home/ohtoai/rust_ros_ws/install/std_srvs/lib/python3.12/site-packages/std_srvs/__init__.py
[40.018s] Listing '/home/ohtoai/rust_ros_ws/install/std_srvs/lib/python3.12/site-packages/std_srvs'...
[40.018s] Compiling '/home/ohtoai/rust_ros_ws/install/std_srvs/lib/python3.12/site-packages/std_srvs/__init__.py'...
[40.018s] Listing '/home/ohtoai/rust_ros_ws/install/std_srvs/lib/python3.12/site-packages/std_srvs/srv'...
[40.018s] Compiling '/home/ohtoai/rust_ros_ws/install/std_srvs/lib/python3.12/site-packages/std_srvs/srv/__init__.py'...
[40.018s] Compiling '/home/ohtoai/rust_ros_ws/install/std_srvs/lib/python3.12/site-packages/std_srvs/srv/_empty.py'...
[40.018s] Compiling '/home/ohtoai/rust_ros_ws/install/std_srvs/lib/python3.12/site-packages/std_srvs/srv/_set_bool.py'...
[40.018s] Compiling '/home/ohtoai/rust_ros_ws/install/std_srvs/lib/python3.12/site-packages/std_srvs/srv/_trigger.py'...
[40.023s] -- Installing: /home/ohtoai/rust_ros_ws/install/std_srvs/lib/python3.12/site-packages/std_srvs/std_srvs_s__rosidl_typesupport_fastrtps_c.so
[40.023s] -- Set non-toolchain portion of runtime path of "/home/ohtoai/rust_ros_ws/install/std_srvs/lib/python3.12/site-packages/std_srvs/std_srvs_s__rosidl_typesupport_fastrtps_c.so" to ""
[40.023s] -- Installing: /home/ohtoai/rust_ros_ws/install/std_srvs/lib/python3.12/site-packages/std_srvs/std_srvs_s__rosidl_typesupport_introspection_c.so
[40.023s] -- Set non-toolchain portion of runtime path of "/home/ohtoai/rust_ros_ws/install/std_srvs/lib/python3.12/site-packages/std_srvs/std_srvs_s__rosidl_typesupport_introspection_c.so" to ""
[40.024s] -- Installing: /home/ohtoai/rust_ros_ws/install/std_srvs/lib/python3.12/site-packages/std_srvs/std_srvs_s__rosidl_typesupport_c.so
[40.025s] -- Set non-toolchain portion of runtime path of "/home/ohtoai/rust_ros_ws/install/std_srvs/lib/python3.12/site-packages/std_srvs/std_srvs_s__rosidl_typesupport_c.so" to ""
[40.026s] -- Installing: /home/ohtoai/rust_ros_ws/install/std_srvs/lib/libstd_srvs__rosidl_generator_py.so
[40.026s] -- Set non-toolchain portion of runtime path of "/home/ohtoai/rust_ros_ws/install/std_srvs/lib/libstd_srvs__rosidl_generator_py.so" to ""
[40.026s] -- Installing: /home/ohtoai/rust_ros_ws/install/std_srvs/share/std_srvs/srv/Empty.idl
[40.027s] -- Installing: /home/ohtoai/rust_ros_ws/install/std_srvs/share/std_srvs/srv/SetBool.idl
[40.027s] -- Installing: /home/ohtoai/rust_ros_ws/install/std_srvs/share/std_srvs/srv/Trigger.idl
[40.027s] -- Installing: /home/ohtoai/rust_ros_ws/install/std_srvs/share/std_srvs/srv/Empty.srv
[40.028s] -- Installing: /home/ohtoai/rust_ros_ws/install/std_srvs/share/std_srvs/srv/SetBool.srv
[40.028s] -- Installing: /home/ohtoai/rust_ros_ws/install/std_srvs/share/std_srvs/srv/Trigger.srv
[40.029s] -- Installing: /home/ohtoai/rust_ros_ws/install/std_srvs/share/ament_index/resource_index/package_run_dependencies/std_srvs
[40.029s] -- Installing: /home/ohtoai/rust_ros_ws/install/std_srvs/share/ament_index/resource_index/parent_prefix_path/std_srvs
[40.029s] -- Installing: /home/ohtoai/rust_ros_ws/install/std_srvs/share/std_srvs/environment/ament_prefix_path.sh
[40.029s] -- Installing: /home/ohtoai/rust_ros_ws/install/std_srvs/share/std_srvs/environment/ament_prefix_path.dsv
[40.030s] -- Installing: /home/ohtoai/rust_ros_ws/install/std_srvs/share/std_srvs/environment/path.sh
[40.030s] -- Installing: /home/ohtoai/rust_ros_ws/install/std_srvs/share/std_srvs/environment/path.dsv
[40.030s] -- Installing: /home/ohtoai/rust_ros_ws/install/std_srvs/share/std_srvs/local_setup.bash
[40.031s] -- Installing: /home/ohtoai/rust_ros_ws/install/std_srvs/share/std_srvs/local_setup.sh
[40.033s] -- Installing: /home/ohtoai/rust_ros_ws/install/std_srvs/share/std_srvs/local_setup.zsh
[40.033s] -- Installing: /home/ohtoai/rust_ros_ws/install/std_srvs/share/std_srvs/local_setup.dsv
[40.033s] -- Installing: /home/ohtoai/rust_ros_ws/install/std_srvs/share/std_srvs/package.dsv
[40.042s] -- Installing: /home/ohtoai/rust_ros_ws/install/std_srvs/share/ament_index/resource_index/packages/std_srvs
[40.043s] -- Installing: /home/ohtoai/rust_ros_ws/install/std_srvs/share/std_srvs/cmake/export_std_srvs__rosidl_generator_cExport.cmake
[40.043s] -- Installing: /home/ohtoai/rust_ros_ws/install/std_srvs/share/std_srvs/cmake/export_std_srvs__rosidl_generator_cExport-noconfig.cmake
[40.043s] -- Installing: /home/ohtoai/rust_ros_ws/install/std_srvs/share/std_srvs/cmake/export_std_srvs__rosidl_typesupport_fastrtps_cExport.cmake
[40.043s] -- Installing: /home/ohtoai/rust_ros_ws/install/std_srvs/share/std_srvs/cmake/export_std_srvs__rosidl_typesupport_fastrtps_cExport-noconfig.cmake
[40.043s] -- Installing: /home/ohtoai/rust_ros_ws/install/std_srvs/share/std_srvs/cmake/std_srvs__rosidl_typesupport_introspection_cExport.cmake
[40.043s] -- Installing: /home/ohtoai/rust_ros_ws/install/std_srvs/share/std_srvs/cmake/std_srvs__rosidl_typesupport_introspection_cExport-noconfig.cmake
[40.043s] -- Installing: /home/ohtoai/rust_ros_ws/install/std_srvs/share/std_srvs/cmake/std_srvs__rosidl_typesupport_cExport.cmake
[40.043s] -- Installing: /home/ohtoai/rust_ros_ws/install/std_srvs/share/std_srvs/cmake/std_srvs__rosidl_typesupport_cExport-noconfig.cmake
[40.043s] -- Installing: /home/ohtoai/rust_ros_ws/install/std_srvs/share/std_srvs/cmake/export_std_srvs__rosidl_generator_cppExport.cmake
[40.043s] -- Installing: /home/ohtoai/rust_ros_ws/install/std_srvs/share/std_srvs/cmake/export_std_srvs__rosidl_typesupport_fastrtps_cppExport.cmake
[40.043s] -- Installing: /home/ohtoai/rust_ros_ws/install/std_srvs/share/std_srvs/cmake/export_std_srvs__rosidl_typesupport_fastrtps_cppExport-noconfig.cmake
[40.043s] -- Installing: /home/ohtoai/rust_ros_ws/install/std_srvs/share/std_srvs/cmake/std_srvs__rosidl_typesupport_introspection_cppExport.cmake
[40.043s] -- Installing: /home/ohtoai/rust_ros_ws/install/std_srvs/share/std_srvs/cmake/std_srvs__rosidl_typesupport_introspection_cppExport-noconfig.cmake
[40.043s] -- Installing: /home/ohtoai/rust_ros_ws/install/std_srvs/share/std_srvs/cmake/std_srvs__rosidl_typesupport_cppExport.cmake
[40.043s] -- Installing: /home/ohtoai/rust_ros_ws/install/std_srvs/share/std_srvs/cmake/std_srvs__rosidl_typesupport_cppExport-noconfig.cmake
[40.043s] -- Installing: /home/ohtoai/rust_ros_ws/install/std_srvs/share/std_srvs/cmake/export_std_srvs__rosidl_generator_pyExport.cmake
[40.043s] -- Installing: /home/ohtoai/rust_ros_ws/install/std_srvs/share/std_srvs/cmake/export_std_srvs__rosidl_generator_pyExport-noconfig.cmake
[40.043s] -- Installing: /home/ohtoai/rust_ros_ws/install/std_srvs/share/std_srvs/cmake/rosidl_cmake-extras.cmake
[40.043s] -- Installing: /home/ohtoai/rust_ros_ws/install/std_srvs/share/std_srvs/cmake/ament_cmake_export_dependencies-extras.cmake
[40.043s] -- Installing: /home/ohtoai/rust_ros_ws/install/std_srvs/share/std_srvs/cmake/ament_cmake_export_include_directories-extras.cmake
[40.043s] -- Installing: /home/ohtoai/rust_ros_ws/install/std_srvs/share/std_srvs/cmake/ament_cmake_export_libraries-extras.cmake
[40.043s] -- Installing: /home/ohtoai/rust_ros_ws/install/std_srvs/share/std_srvs/cmake/ament_cmake_export_targets-extras.cmake
[40.043s] -- Installing: /home/ohtoai/rust_ros_ws/install/std_srvs/share/std_srvs/cmake/rosidl_cmake_export_typesupport_targets-extras.cmake
[40.044s] -- Installing: /home/ohtoai/rust_ros_ws/install/std_srvs/share/std_srvs/cmake/rosidl_cmake_export_typesupport_libraries-extras.cmake
[40.044s] -- Installing: /home/ohtoai/rust_ros_ws/install/std_srvs/share/std_srvs/cmake/std_srvsConfig.cmake
[40.044s] -- Installing: /home/ohtoai/rust_ros_ws/install/std_srvs/share/std_srvs/cmake/std_srvsConfig-version.cmake
[40.044s] -- Installing: /home/ohtoai/rust_ros_ws/install/std_srvs/share/std_srvs/package.xml
[40.047s] Invoked command in '/home/ohtoai/rust_ros_ws/build/std_srvs' returned '0': AMENT_PREFIX_PATH=/home/ohtoai/rust_ros_ws/install/rosidl_default_runtime:/home/ohtoai/rust_ros_ws/install/rosidl_default_generators:/home/ohtoai/rust_ros_ws/install/action_msgs:/home/ohtoai/rust_ros_ws/install/service_msgs:/home/ohtoai/rust_ros_ws/install/unique_identifier_msgs:/home/ohtoai/rust_ros_ws/install/builtin_interfaces:/home/ohtoai/rust_ros_ws/install/rosidl_core_runtime:/home/ohtoai/rust_ros_ws/install/rosidl_core_generators:/home/ohtoai/rust_ros_ws/install/rosidl_generator_rs:/home/ohtoai/rust_ros_ws/install/rosidl_runtime_rs:${AMENT_PREFIX_PATH} CMAKE_PREFIX_PATH=/home/ohtoai/rust_ros_ws/install/rosidl_default_runtime:/home/ohtoai/rust_ros_ws/install/rosidl_default_generators:/home/ohtoai/rust_ros_ws/install/action_msgs:/home/ohtoai/rust_ros_ws/install/service_msgs:/home/ohtoai/rust_ros_ws/install/unique_identifier_msgs:/home/ohtoai/rust_ros_ws/install/builtin_interfaces:/home/ohtoai/rust_ros_ws/install/rosidl_core_runtime:/home/ohtoai/rust_ros_ws/install/rosidl_core_generators:/home/ohtoai/rust_ros_ws/install/rosidl_generator_rs:/opt/ros/jazzy/opt/gz_math_vendor:/opt/ros/jazzy/opt/gz_utils_vendor:/opt/ros/jazzy/opt/gz_cmake_vendor:/opt/ros/jazzy DEBUGINFOD_URLS=https://debuginfod.ubuntu.com LD_LIBRARY_PATH=/home/ohtoai/rust_ros_ws/install/action_msgs/lib:/home/ohtoai/rust_ros_ws/install/service_msgs/lib:/home/ohtoai/rust_ros_ws/install/unique_identifier_msgs/lib:/home/ohtoai/rust_ros_ws/install/builtin_interfaces/lib:${LD_LIBRARY_PATH} PYTHONPATH=/home/ohtoai/rust_ros_ws/install/action_msgs/lib/python3.12/site-packages:/home/ohtoai/rust_ros_ws/install/service_msgs/lib/python3.12/site-packages:/home/ohtoai/rust_ros_ws/install/unique_identifier_msgs/lib/python3.12/site-packages:/home/ohtoai/rust_ros_ws/install/builtin_interfaces/lib/python3.12/site-packages:/home/ohtoai/rust_ros_ws/install/rosidl_generator_rs/lib/python3.12/site-packages:${PYTHONPATH} /usr/bin/cmake --install /home/ohtoai/rust_ros_ws/build/std_srvs
