[0.052s] Invoking command in '/home/ohtoai/rust_ros_ws/build/actionlib_msgs': AMENT_PREFIX_PATH=/home/ohtoai/rust_ros_ws/install/std_msgs:/home/ohtoai/rust_ros_ws/install/rosidl_default_runtime:/home/ohtoai/rust_ros_ws/install/rosidl_default_generators:/home/ohtoai/rust_ros_ws/install/action_msgs:/home/ohtoai/rust_ros_ws/install/service_msgs:/home/ohtoai/rust_ros_ws/install/unique_identifier_msgs:/home/ohtoai/rust_ros_ws/install/builtin_interfaces:/home/ohtoai/rust_ros_ws/install/rosidl_core_runtime:/home/ohtoai/rust_ros_ws/install/rosidl_core_generators:/home/ohtoai/rust_ros_ws/install/rosidl_generator_rs:/home/ohtoai/rust_ros_ws/install/rosidl_runtime_rs:${AMENT_PREFIX_PATH} CMAKE_PREFIX_PATH=/home/ohtoai/rust_ros_ws/install/std_msgs:/home/ohtoai/rust_ros_ws/install/rosidl_default_runtime:/home/ohtoai/rust_ros_ws/install/rosidl_default_generators:/home/ohtoai/rust_ros_ws/install/action_msgs:/home/ohtoai/rust_ros_ws/install/service_msgs:/home/ohtoai/rust_ros_ws/install/unique_identifier_msgs:/home/ohtoai/rust_ros_ws/install/builtin_interfaces:/home/ohtoai/rust_ros_ws/install/rosidl_core_runtime:/home/ohtoai/rust_ros_ws/install/rosidl_core_generators:/home/ohtoai/rust_ros_ws/install/rosidl_generator_rs:/opt/ros/jazzy/opt/gz_math_vendor:/opt/ros/jazzy/opt/gz_utils_vendor:/opt/ros/jazzy/opt/gz_cmake_vendor:/opt/ros/jazzy DEBUGINFOD_URLS=https://debuginfod.ubuntu.com LD_LIBRARY_PATH=/home/ohtoai/rust_ros_ws/install/std_msgs/lib:/home/ohtoai/rust_ros_ws/install/action_msgs/lib:/home/ohtoai/rust_ros_ws/install/service_msgs/lib:/home/ohtoai/rust_ros_ws/install/unique_identifier_msgs/lib:/home/ohtoai/rust_ros_ws/install/builtin_interfaces/lib:${LD_LIBRARY_PATH} PYTHONPATH=/home/ohtoai/rust_ros_ws/install/std_msgs/lib/python3.12/site-packages:/home/ohtoai/rust_ros_ws/install/action_msgs/lib/python3.12/site-packages:/home/ohtoai/rust_ros_ws/install/service_msgs/lib/python3.12/site-packages:/home/ohtoai/rust_ros_ws/install/unique_identifier_msgs/lib/python3.12/site-packages:/home/ohtoai/rust_ros_ws/install/builtin_interfaces/lib/python3.12/site-packages:/home/ohtoai/rust_ros_ws/install/rosidl_generator_rs/lib/python3.12/site-packages:${PYTHONPATH} /usr/bin/cmake /home/ohtoai/rust_ros_ws/src/ros2/common_interfaces/actionlib_msgs -DCMAKE_INSTALL_PREFIX=/home/ohtoai/rust_ros_ws/install/actionlib_msgs
[0.180s] -- The C compiler identification is GNU 13.3.0
[0.250s] -- The CXX compiler identification is GNU 13.3.0
[0.287s] -- Detecting C compiler ABI info
[0.447s] -- Detecting C compiler ABI info - done
[0.469s] -- Check for working C compiler: /usr/bin/cc - skipped
[0.469s] -- Detecting C compile features
[0.470s] -- Detecting C compile features - done
[0.494s] -- Detecting CXX compiler ABI info
[0.650s] -- Detecting CXX compiler ABI info - done
[0.676s] -- Check for working CXX compiler: /usr/bin/c++ - skipped
[0.678s] -- Detecting CXX compile features
[0.680s] -- Detecting CXX compile features - done
[0.688s] -- Found ament_cmake: 2.5.3 (/opt/ros/jazzy/share/ament_cmake/cmake)
[0.940s] -- Found Python3: /usr/bin/python3 (found version "3.12.3") found components: Interpreter 
[1.114s] -- Found builtin_interfaces: 2.0.2 (/home/ohtoai/rust_ros_ws/install/builtin_interfaces/share/builtin_interfaces/cmake)
[1.174s] -- Found rosidl_generator_c: 4.6.5 (/opt/ros/jazzy/share/rosidl_generator_c/cmake)
[1.203s] -- Found rosidl_generator_cpp: 4.6.5 (/opt/ros/jazzy/share/rosidl_generator_cpp/cmake)
[1.219s] -- Using all available rosidl_typesupport_c: rosidl_typesupport_fastrtps_c;rosidl_typesupport_introspection_c
[1.254s] -- Using all available rosidl_typesupport_cpp: rosidl_typesupport_fastrtps_cpp;rosidl_typesupport_introspection_cpp
[1.290s] -- Found rosidl_default_generators: 1.6.0 (/home/ohtoai/rust_ros_ws/install/rosidl_default_generators/share/rosidl_default_generators/cmake)
[1.311s] -- Found rosidl_adapter: 4.6.5 (/opt/ros/jazzy/share/rosidl_adapter/cmake)
[1.312s] -- Found std_msgs: 5.3.5 (/home/ohtoai/rust_ros_ws/install/std_msgs/share/std_msgs/cmake)
[2.188s] -- Found ament_cmake_cppcheck: 0.17.1 (/opt/ros/jazzy/share/ament_cmake_cppcheck/cmake)
[2.193s] -- Found ament_cmake_cpplint: 0.17.1 (/opt/ros/jazzy/share/ament_cmake_cpplint/cmake)
[2.200s] -- Found ament_cmake_uncrustify: 0.17.1 (/opt/ros/jazzy/share/ament_cmake_uncrustify/cmake)
[2.211s] -- Found ament_cmake_ros: 0.12.0 (/opt/ros/jazzy/share/ament_cmake_ros/cmake)
[3.432s] -- Using all available rosidl_typesupport_c: rosidl_typesupport_fastrtps_c;rosidl_typesupport_introspection_c
[3.873s] -- Using all available rosidl_typesupport_cpp: rosidl_typesupport_fastrtps_cpp;rosidl_typesupport_introspection_cpp
[3.909s] -- Found python_cmake_module: 0.11.1 (/opt/ros/jazzy/share/python_cmake_module/cmake)
[4.092s] -- Found PythonExtra: /usr/bin/python3  
[4.850s] -- Found Python3: /usr/bin/python3 (found version "3.12.3") found components: Interpreter Development NumPy Development.Module Development.Embed 
[4.939s] -- Found ament_cmake_flake8: 0.17.1 (/opt/ros/jazzy/share/ament_cmake_flake8/cmake)
[4.943s] -- Found ament_cmake_pep257: 0.17.1 (/opt/ros/jazzy/share/ament_cmake_pep257/cmake)
[4.952s] -- Configuring done (4.9s)
[5.028s] -- Generating done (0.1s)
[5.050s] -- Build files have been written to: /home/ohtoai/rust_ros_ws/build/actionlib_msgs
[5.066s] Invoked command in '/home/ohtoai/rust_ros_ws/build/actionlib_msgs' returned '0': AMENT_PREFIX_PATH=/home/ohtoai/rust_ros_ws/install/std_msgs:/home/ohtoai/rust_ros_ws/install/rosidl_default_runtime:/home/ohtoai/rust_ros_ws/install/rosidl_default_generators:/home/ohtoai/rust_ros_ws/install/action_msgs:/home/ohtoai/rust_ros_ws/install/service_msgs:/home/ohtoai/rust_ros_ws/install/unique_identifier_msgs:/home/ohtoai/rust_ros_ws/install/builtin_interfaces:/home/ohtoai/rust_ros_ws/install/rosidl_core_runtime:/home/ohtoai/rust_ros_ws/install/rosidl_core_generators:/home/ohtoai/rust_ros_ws/install/rosidl_generator_rs:/home/ohtoai/rust_ros_ws/install/rosidl_runtime_rs:${AMENT_PREFIX_PATH} CMAKE_PREFIX_PATH=/home/ohtoai/rust_ros_ws/install/std_msgs:/home/ohtoai/rust_ros_ws/install/rosidl_default_runtime:/home/ohtoai/rust_ros_ws/install/rosidl_default_generators:/home/ohtoai/rust_ros_ws/install/action_msgs:/home/ohtoai/rust_ros_ws/install/service_msgs:/home/ohtoai/rust_ros_ws/install/unique_identifier_msgs:/home/ohtoai/rust_ros_ws/install/builtin_interfaces:/home/ohtoai/rust_ros_ws/install/rosidl_core_runtime:/home/ohtoai/rust_ros_ws/install/rosidl_core_generators:/home/ohtoai/rust_ros_ws/install/rosidl_generator_rs:/opt/ros/jazzy/opt/gz_math_vendor:/opt/ros/jazzy/opt/gz_utils_vendor:/opt/ros/jazzy/opt/gz_cmake_vendor:/opt/ros/jazzy DEBUGINFOD_URLS=https://debuginfod.ubuntu.com LD_LIBRARY_PATH=/home/ohtoai/rust_ros_ws/install/std_msgs/lib:/home/ohtoai/rust_ros_ws/install/action_msgs/lib:/home/ohtoai/rust_ros_ws/install/service_msgs/lib:/home/ohtoai/rust_ros_ws/install/unique_identifier_msgs/lib:/home/ohtoai/rust_ros_ws/install/builtin_interfaces/lib:${LD_LIBRARY_PATH} PYTHONPATH=/home/ohtoai/rust_ros_ws/install/std_msgs/lib/python3.12/site-packages:/home/ohtoai/rust_ros_ws/install/action_msgs/lib/python3.12/site-packages:/home/ohtoai/rust_ros_ws/install/service_msgs/lib/python3.12/site-packages:/home/ohtoai/rust_ros_ws/install/unique_identifier_msgs/lib/python3.12/site-packages:/home/ohtoai/rust_ros_ws/install/builtin_interfaces/lib/python3.12/site-packages:/home/ohtoai/rust_ros_ws/install/rosidl_generator_rs/lib/python3.12/site-packages:${PYTHONPATH} /usr/bin/cmake /home/ohtoai/rust_ros_ws/src/ros2/common_interfaces/actionlib_msgs -DCMAKE_INSTALL_PREFIX=/home/ohtoai/rust_ros_ws/install/actionlib_msgs
[5.066s] Invoking command in '/home/ohtoai/rust_ros_ws/build/actionlib_msgs': AMENT_PREFIX_PATH=/home/ohtoai/rust_ros_ws/install/std_msgs:/home/ohtoai/rust_ros_ws/install/rosidl_default_runtime:/home/ohtoai/rust_ros_ws/install/rosidl_default_generators:/home/ohtoai/rust_ros_ws/install/action_msgs:/home/ohtoai/rust_ros_ws/install/service_msgs:/home/ohtoai/rust_ros_ws/install/unique_identifier_msgs:/home/ohtoai/rust_ros_ws/install/builtin_interfaces:/home/ohtoai/rust_ros_ws/install/rosidl_core_runtime:/home/ohtoai/rust_ros_ws/install/rosidl_core_generators:/home/ohtoai/rust_ros_ws/install/rosidl_generator_rs:/home/ohtoai/rust_ros_ws/install/rosidl_runtime_rs:${AMENT_PREFIX_PATH} CMAKE_PREFIX_PATH=/home/ohtoai/rust_ros_ws/install/std_msgs:/home/ohtoai/rust_ros_ws/install/rosidl_default_runtime:/home/ohtoai/rust_ros_ws/install/rosidl_default_generators:/home/ohtoai/rust_ros_ws/install/action_msgs:/home/ohtoai/rust_ros_ws/install/service_msgs:/home/ohtoai/rust_ros_ws/install/unique_identifier_msgs:/home/ohtoai/rust_ros_ws/install/builtin_interfaces:/home/ohtoai/rust_ros_ws/install/rosidl_core_runtime:/home/ohtoai/rust_ros_ws/install/rosidl_core_generators:/home/ohtoai/rust_ros_ws/install/rosidl_generator_rs:/opt/ros/jazzy/opt/gz_math_vendor:/opt/ros/jazzy/opt/gz_utils_vendor:/opt/ros/jazzy/opt/gz_cmake_vendor:/opt/ros/jazzy DEBUGINFOD_URLS=https://debuginfod.ubuntu.com LD_LIBRARY_PATH=/home/ohtoai/rust_ros_ws/install/std_msgs/lib:/home/ohtoai/rust_ros_ws/install/action_msgs/lib:/home/ohtoai/rust_ros_ws/install/service_msgs/lib:/home/ohtoai/rust_ros_ws/install/unique_identifier_msgs/lib:/home/ohtoai/rust_ros_ws/install/builtin_interfaces/lib:${LD_LIBRARY_PATH} PYTHONPATH=/home/ohtoai/rust_ros_ws/install/std_msgs/lib/python3.12/site-packages:/home/ohtoai/rust_ros_ws/install/action_msgs/lib/python3.12/site-packages:/home/ohtoai/rust_ros_ws/install/service_msgs/lib/python3.12/site-packages:/home/ohtoai/rust_ros_ws/install/unique_identifier_msgs/lib/python3.12/site-packages:/home/ohtoai/rust_ros_ws/install/builtin_interfaces/lib/python3.12/site-packages:/home/ohtoai/rust_ros_ws/install/rosidl_generator_rs/lib/python3.12/site-packages:${PYTHONPATH} /usr/bin/cmake --build /home/ohtoai/rust_ros_ws/build/actionlib_msgs -- -j2 -l2
[5.159s] [  1%] [34m[1mGenerating type hashes for ROS interfaces[0m
[5.659s] [  1%] Built target actionlib_msgs__rosidl_generator_type_description
[5.695s] [  3%] [34m[1mGenerating Rust code for ROS interfaces[0m
[6.218s] [  3%] Built target actionlib_msgs__rs
[6.275s] [  3%] Built target ament_cmake_python_copy_actionlib_msgs
[6.314s] [  5%] [34m[1mGenerating C++ code for ROS interfaces[0m
[7.066s] [  5%] Built target actionlib_msgs__cpp
[7.081s] [  7%] [34m[1mGenerating C code for ROS interfaces[0m
[8.002s] [  9%] [32mBuilding C object CMakeFiles/actionlib_msgs__rosidl_generator_c.dir/rosidl_generator_c/actionlib_msgs/msg/detail/goal_id__description.c.o[0m
[8.072s] [ 10%] [32mBuilding C object CMakeFiles/actionlib_msgs__rosidl_generator_c.dir/rosidl_generator_c/actionlib_msgs/msg/detail/goal_id__functions.c.o[0m
[8.152s] [ 12%] [32mBuilding C object CMakeFiles/actionlib_msgs__rosidl_generator_c.dir/rosidl_generator_c/actionlib_msgs/msg/detail/goal_id__type_support.c.o[0m
[8.189s] [ 14%] [32mBuilding C object CMakeFiles/actionlib_msgs__rosidl_generator_c.dir/rosidl_generator_c/actionlib_msgs/msg/detail/goal_status__description.c.o[0m
[8.276s] [ 16%] [32mBuilding C object CMakeFiles/actionlib_msgs__rosidl_generator_c.dir/rosidl_generator_c/actionlib_msgs/msg/detail/goal_status__functions.c.o[0m
[8.375s] [ 18%] [32mBuilding C object CMakeFiles/actionlib_msgs__rosidl_generator_c.dir/rosidl_generator_c/actionlib_msgs/msg/detail/goal_status__type_support.c.o[0m
[8.433s] [ 20%] [32mBuilding C object CMakeFiles/actionlib_msgs__rosidl_generator_c.dir/rosidl_generator_c/actionlib_msgs/msg/detail/goal_status_array__description.c.o[0m
[8.487s] [ 21%] [32mBuilding C object CMakeFiles/actionlib_msgs__rosidl_generator_c.dir/rosidl_generator_c/actionlib_msgs/msg/detail/goal_status_array__functions.c.o[0m
[8.584s] [ 23%] [32mBuilding C object CMakeFiles/actionlib_msgs__rosidl_generator_c.dir/rosidl_generator_c/actionlib_msgs/msg/detail/goal_status_array__type_support.c.o[0m
[8.629s] [ 25%] [32m[1mLinking C shared library libactionlib_msgs__rosidl_generator_c.so[0m
[8.688s] [ 25%] Built target actionlib_msgs__rosidl_generator_c
[9.015s] running egg_info
[9.018s] creating actionlib_msgs.egg-info
[9.052s] writing actionlib_msgs.egg-info/PKG-INFO
[9.053s] writing dependency_links to actionlib_msgs.egg-info/dependency_links.txt
[9.053s] writing top-level names to actionlib_msgs.egg-info/top_level.txt
[9.054s] writing manifest file 'actionlib_msgs.egg-info/SOURCES.txt'
[9.111s] reading manifest file 'actionlib_msgs.egg-info/SOURCES.txt'
[9.111s] writing manifest file 'actionlib_msgs.egg-info/SOURCES.txt'
[9.213s] [ 25%] Built target ament_cmake_python_build_actionlib_msgs_egg
[9.245s] [ 27%] [34m[1mGenerating C++ introspection for ROS interfaces[0m
[9.793s] [ 29%] [32mBuilding CXX object CMakeFiles/actionlib_msgs__rosidl_typesupport_introspection_cpp.dir/rosidl_typesupport_introspection_cpp/actionlib_msgs/msg/detail/goal_id__type_support.cpp.o[0m
[10.196s] [ 30%] [32mBuilding CXX object CMakeFiles/actionlib_msgs__rosidl_typesupport_introspection_cpp.dir/rosidl_typesupport_introspection_cpp/actionlib_msgs/msg/detail/goal_status__type_support.cpp.o[0m
[10.577s] [ 32%] [32mBuilding CXX object CMakeFiles/actionlib_msgs__rosidl_typesupport_introspection_cpp.dir/rosidl_typesupport_introspection_cpp/actionlib_msgs/msg/detail/goal_status_array__type_support.cpp.o[0m
[11.080s] [ 34%] [32m[1mLinking CXX shared library libactionlib_msgs__rosidl_typesupport_introspection_cpp.so[0m
[11.200s] [ 34%] Built target actionlib_msgs__rosidl_typesupport_introspection_cpp
[11.216s] [ 36%] [34m[1mGenerating C++ type support dispatch for ROS interfaces[0m
[11.841s] [ 38%] [32mBuilding CXX object CMakeFiles/actionlib_msgs__rosidl_typesupport_cpp.dir/rosidl_typesupport_cpp/actionlib_msgs/msg/goal_id__type_support.cpp.o[0m
[12.317s] [ 40%] [32mBuilding CXX object CMakeFiles/actionlib_msgs__rosidl_typesupport_cpp.dir/rosidl_typesupport_cpp/actionlib_msgs/msg/goal_status__type_support.cpp.o[0m
[12.674s] [ 41%] [32mBuilding CXX object CMakeFiles/actionlib_msgs__rosidl_typesupport_cpp.dir/rosidl_typesupport_cpp/actionlib_msgs/msg/goal_status_array__type_support.cpp.o[0m
[13.077s] [ 43%] [32m[1mLinking CXX shared library libactionlib_msgs__rosidl_typesupport_cpp.so[0m
[13.143s] [ 43%] Built target actionlib_msgs__rosidl_typesupport_cpp
[13.167s] [ 45%] [34m[1mGenerating C type support for eProsima Fast-RTPS[0m
[13.865s] [ 47%] [32mBuilding CXX object CMakeFiles/actionlib_msgs__rosidl_typesupport_fastrtps_c.dir/rosidl_typesupport_fastrtps_c/actionlib_msgs/msg/detail/goal_id__type_support_c.cpp.o[0m
[14.496s] [ 49%] [32mBuilding CXX object CMakeFiles/actionlib_msgs__rosidl_typesupport_fastrtps_c.dir/rosidl_typesupport_fastrtps_c/actionlib_msgs/msg/detail/goal_status__type_support_c.cpp.o[0m
[15.076s] [ 50%] [32mBuilding CXX object CMakeFiles/actionlib_msgs__rosidl_typesupport_fastrtps_c.dir/rosidl_typesupport_fastrtps_c/actionlib_msgs/msg/detail/goal_status_array__type_support_c.cpp.o[0m
[15.634s] [ 52%] [32m[1mLinking CXX shared library libactionlib_msgs__rosidl_typesupport_fastrtps_c.so[0m
[15.747s] [ 52%] Built target actionlib_msgs__rosidl_typesupport_fastrtps_c
[15.761s] [ 54%] [34m[1mGenerating C++ type support for eProsima Fast-RTPS[0m
[16.376s] [ 56%] [32mBuilding CXX object CMakeFiles/actionlib_msgs__rosidl_typesupport_fastrtps_cpp.dir/rosidl_typesupport_fastrtps_cpp/actionlib_msgs/msg/detail/dds_fastrtps/goal_id__type_support.cpp.o[0m
[16.967s] [ 58%] [32mBuilding CXX object CMakeFiles/actionlib_msgs__rosidl_typesupport_fastrtps_cpp.dir/rosidl_typesupport_fastrtps_cpp/actionlib_msgs/msg/detail/dds_fastrtps/goal_status__type_support.cpp.o[0m
[17.534s] [ 60%] [32mBuilding CXX object CMakeFiles/actionlib_msgs__rosidl_typesupport_fastrtps_cpp.dir/rosidl_typesupport_fastrtps_cpp/actionlib_msgs/msg/detail/dds_fastrtps/goal_status_array__type_support.cpp.o[0m
[18.185s] [ 61%] [32m[1mLinking CXX shared library libactionlib_msgs__rosidl_typesupport_fastrtps_cpp.so[0m
[18.310s] [ 61%] Built target actionlib_msgs__rosidl_typesupport_fastrtps_cpp
[18.341s] [ 63%] [34m[1mGenerating C introspection for ROS interfaces[0m
[18.928s] [ 65%] [32mBuilding C object CMakeFiles/actionlib_msgs__rosidl_typesupport_introspection_c.dir/rosidl_typesupport_introspection_c/actionlib_msgs/msg/detail/goal_id__type_support.c.o[0m
[18.983s] [ 67%] [32mBuilding C object CMakeFiles/actionlib_msgs__rosidl_typesupport_introspection_c.dir/rosidl_typesupport_introspection_c/actionlib_msgs/msg/detail/goal_status__type_support.c.o[0m
[19.036s] [ 69%] [32mBuilding C object CMakeFiles/actionlib_msgs__rosidl_typesupport_introspection_c.dir/rosidl_typesupport_introspection_c/actionlib_msgs/msg/detail/goal_status_array__type_support.c.o[0m
[19.084s] [ 70%] [32m[1mLinking C shared library libactionlib_msgs__rosidl_typesupport_introspection_c.so[0m
[19.146s] [ 70%] Built target actionlib_msgs__rosidl_typesupport_introspection_c
[19.165s] [ 72%] [34m[1mGenerating C type support dispatch for ROS interfaces[0m
[19.671s] [ 74%] [32mBuilding CXX object CMakeFiles/actionlib_msgs__rosidl_typesupport_c.dir/rosidl_typesupport_c/actionlib_msgs/msg/goal_id__type_support.cpp.o[0m
[19.732s] [ 76%] [32mBuilding CXX object CMakeFiles/actionlib_msgs__rosidl_typesupport_c.dir/rosidl_typesupport_c/actionlib_msgs/msg/goal_status__type_support.cpp.o[0m
[19.791s] [ 78%] [32mBuilding CXX object CMakeFiles/actionlib_msgs__rosidl_typesupport_c.dir/rosidl_typesupport_c/actionlib_msgs/msg/goal_status_array__type_support.cpp.o[0m
[19.830s] [ 80%] [32m[1mLinking CXX shared library libactionlib_msgs__rosidl_typesupport_c.so[0m
[19.874s] [ 80%] Built target actionlib_msgs__rosidl_typesupport_c
[19.909s] [ 80%] Built target actionlib_msgs
[19.930s] [ 81%] [34m[1mGenerating Python code for ROS interfaces[0m
[20.830s] [ 81%] Built target actionlib_msgs__py
[20.872s] [ 83%] [32mBuilding C object CMakeFiles/actionlib_msgs__rosidl_generator_py.dir/rosidl_generator_py/actionlib_msgs/msg/_goal_id_s.c.o[0m
[21.030s] [ 85%] [32mBuilding C object CMakeFiles/actionlib_msgs__rosidl_generator_py.dir/rosidl_generator_py/actionlib_msgs/msg/_goal_status_s.c.o[0m
[21.199s] [ 87%] [32mBuilding C object CMakeFiles/actionlib_msgs__rosidl_generator_py.dir/rosidl_generator_py/actionlib_msgs/msg/_goal_status_array_s.c.o[0m
[21.381s] [ 89%] [32m[1mLinking C shared library libactionlib_msgs__rosidl_generator_py.so[0m
[21.442s] [ 89%] Built target actionlib_msgs__rosidl_generator_py
[21.485s] [ 90%] [32mBuilding C object CMakeFiles/actionlib_msgs_s__rosidl_typesupport_fastrtps_c.dir/rosidl_generator_py/actionlib_msgs/_actionlib_msgs_s.ep.rosidl_typesupport_fastrtps_c.c.o[0m
[21.650s] [ 92%] [32m[1mLinking C shared module rosidl_generator_py/actionlib_msgs/actionlib_msgs_s__rosidl_typesupport_fastrtps_c.so[0m
[21.743s] [ 92%] Built target actionlib_msgs_s__rosidl_typesupport_fastrtps_c
[21.789s] [ 94%] [32mBuilding C object CMakeFiles/actionlib_msgs_s__rosidl_typesupport_introspection_c.dir/rosidl_generator_py/actionlib_msgs/_actionlib_msgs_s.ep.rosidl_typesupport_introspection_c.c.o[0m
[21.925s] [ 96%] [32m[1mLinking C shared module rosidl_generator_py/actionlib_msgs/actionlib_msgs_s__rosidl_typesupport_introspection_c.so[0m
[21.995s] [ 96%] Built target actionlib_msgs_s__rosidl_typesupport_introspection_c
[22.023s] [ 98%] [32mBuilding C object CMakeFiles/actionlib_msgs_s__rosidl_typesupport_c.dir/rosidl_generator_py/actionlib_msgs/_actionlib_msgs_s.ep.rosidl_typesupport_c.c.o[0m
[22.163s] [100%] [32m[1mLinking C shared module rosidl_generator_py/actionlib_msgs/actionlib_msgs_s__rosidl_typesupport_c.so[0m
[22.207s] [100%] Built target actionlib_msgs_s__rosidl_typesupport_c
[22.220s] Invoked command in '/home/ohtoai/rust_ros_ws/build/actionlib_msgs' returned '0': AMENT_PREFIX_PATH=/home/ohtoai/rust_ros_ws/install/std_msgs:/home/ohtoai/rust_ros_ws/install/rosidl_default_runtime:/home/ohtoai/rust_ros_ws/install/rosidl_default_generators:/home/ohtoai/rust_ros_ws/install/action_msgs:/home/ohtoai/rust_ros_ws/install/service_msgs:/home/ohtoai/rust_ros_ws/install/unique_identifier_msgs:/home/ohtoai/rust_ros_ws/install/builtin_interfaces:/home/ohtoai/rust_ros_ws/install/rosidl_core_runtime:/home/ohtoai/rust_ros_ws/install/rosidl_core_generators:/home/ohtoai/rust_ros_ws/install/rosidl_generator_rs:/home/ohtoai/rust_ros_ws/install/rosidl_runtime_rs:${AMENT_PREFIX_PATH} CMAKE_PREFIX_PATH=/home/ohtoai/rust_ros_ws/install/std_msgs:/home/ohtoai/rust_ros_ws/install/rosidl_default_runtime:/home/ohtoai/rust_ros_ws/install/rosidl_default_generators:/home/ohtoai/rust_ros_ws/install/action_msgs:/home/ohtoai/rust_ros_ws/install/service_msgs:/home/ohtoai/rust_ros_ws/install/unique_identifier_msgs:/home/ohtoai/rust_ros_ws/install/builtin_interfaces:/home/ohtoai/rust_ros_ws/install/rosidl_core_runtime:/home/ohtoai/rust_ros_ws/install/rosidl_core_generators:/home/ohtoai/rust_ros_ws/install/rosidl_generator_rs:/opt/ros/jazzy/opt/gz_math_vendor:/opt/ros/jazzy/opt/gz_utils_vendor:/opt/ros/jazzy/opt/gz_cmake_vendor:/opt/ros/jazzy DEBUGINFOD_URLS=https://debuginfod.ubuntu.com LD_LIBRARY_PATH=/home/ohtoai/rust_ros_ws/install/std_msgs/lib:/home/ohtoai/rust_ros_ws/install/action_msgs/lib:/home/ohtoai/rust_ros_ws/install/service_msgs/lib:/home/ohtoai/rust_ros_ws/install/unique_identifier_msgs/lib:/home/ohtoai/rust_ros_ws/install/builtin_interfaces/lib:${LD_LIBRARY_PATH} PYTHONPATH=/home/ohtoai/rust_ros_ws/install/std_msgs/lib/python3.12/site-packages:/home/ohtoai/rust_ros_ws/install/action_msgs/lib/python3.12/site-packages:/home/ohtoai/rust_ros_ws/install/service_msgs/lib/python3.12/site-packages:/home/ohtoai/rust_ros_ws/install/unique_identifier_msgs/lib/python3.12/site-packages:/home/ohtoai/rust_ros_ws/install/builtin_interfaces/lib/python3.12/site-packages:/home/ohtoai/rust_ros_ws/install/rosidl_generator_rs/lib/python3.12/site-packages:${PYTHONPATH} /usr/bin/cmake --build /home/ohtoai/rust_ros_ws/build/actionlib_msgs -- -j2 -l2
[22.221s] Invoking command in '/home/ohtoai/rust_ros_ws/build/actionlib_msgs': AMENT_PREFIX_PATH=/home/ohtoai/rust_ros_ws/install/std_msgs:/home/ohtoai/rust_ros_ws/install/rosidl_default_runtime:/home/ohtoai/rust_ros_ws/install/rosidl_default_generators:/home/ohtoai/rust_ros_ws/install/action_msgs:/home/ohtoai/rust_ros_ws/install/service_msgs:/home/ohtoai/rust_ros_ws/install/unique_identifier_msgs:/home/ohtoai/rust_ros_ws/install/builtin_interfaces:/home/ohtoai/rust_ros_ws/install/rosidl_core_runtime:/home/ohtoai/rust_ros_ws/install/rosidl_core_generators:/home/ohtoai/rust_ros_ws/install/rosidl_generator_rs:/home/ohtoai/rust_ros_ws/install/rosidl_runtime_rs:${AMENT_PREFIX_PATH} CMAKE_PREFIX_PATH=/home/ohtoai/rust_ros_ws/install/std_msgs:/home/ohtoai/rust_ros_ws/install/rosidl_default_runtime:/home/ohtoai/rust_ros_ws/install/rosidl_default_generators:/home/ohtoai/rust_ros_ws/install/action_msgs:/home/ohtoai/rust_ros_ws/install/service_msgs:/home/ohtoai/rust_ros_ws/install/unique_identifier_msgs:/home/ohtoai/rust_ros_ws/install/builtin_interfaces:/home/ohtoai/rust_ros_ws/install/rosidl_core_runtime:/home/ohtoai/rust_ros_ws/install/rosidl_core_generators:/home/ohtoai/rust_ros_ws/install/rosidl_generator_rs:/opt/ros/jazzy/opt/gz_math_vendor:/opt/ros/jazzy/opt/gz_utils_vendor:/opt/ros/jazzy/opt/gz_cmake_vendor:/opt/ros/jazzy DEBUGINFOD_URLS=https://debuginfod.ubuntu.com LD_LIBRARY_PATH=/home/ohtoai/rust_ros_ws/install/std_msgs/lib:/home/ohtoai/rust_ros_ws/install/action_msgs/lib:/home/ohtoai/rust_ros_ws/install/service_msgs/lib:/home/ohtoai/rust_ros_ws/install/unique_identifier_msgs/lib:/home/ohtoai/rust_ros_ws/install/builtin_interfaces/lib:${LD_LIBRARY_PATH} PYTHONPATH=/home/ohtoai/rust_ros_ws/install/std_msgs/lib/python3.12/site-packages:/home/ohtoai/rust_ros_ws/install/action_msgs/lib/python3.12/site-packages:/home/ohtoai/rust_ros_ws/install/service_msgs/lib/python3.12/site-packages:/home/ohtoai/rust_ros_ws/install/unique_identifier_msgs/lib/python3.12/site-packages:/home/ohtoai/rust_ros_ws/install/builtin_interfaces/lib/python3.12/site-packages:/home/ohtoai/rust_ros_ws/install/rosidl_generator_rs/lib/python3.12/site-packages:${PYTHONPATH} /usr/bin/cmake --install /home/ohtoai/rust_ros_ws/build/actionlib_msgs
[22.233s] -- Install configuration: ""
[22.233s] -- Installing: /home/ohtoai/rust_ros_ws/install/actionlib_msgs/share/ament_index/resource_index/rosidl_interfaces/actionlib_msgs
[22.234s] -- Installing: /home/ohtoai/rust_ros_ws/install/actionlib_msgs/share/actionlib_msgs/msg/GoalID.json
[22.234s] -- Installing: /home/ohtoai/rust_ros_ws/install/actionlib_msgs/share/actionlib_msgs/msg/GoalStatus.json
[22.234s] -- Installing: /home/ohtoai/rust_ros_ws/install/actionlib_msgs/share/actionlib_msgs/msg/GoalStatusArray.json
[22.235s] -- Installing: /home/ohtoai/rust_ros_ws/install/actionlib_msgs/include/actionlib_msgs/actionlib_msgs
[22.236s] -- Installing: /home/ohtoai/rust_ros_ws/install/actionlib_msgs/include/actionlib_msgs/actionlib_msgs/msg
[22.236s] -- Installing: /home/ohtoai/rust_ros_ws/install/actionlib_msgs/include/actionlib_msgs/actionlib_msgs/msg/detail
[22.236s] -- Installing: /home/ohtoai/rust_ros_ws/install/actionlib_msgs/include/actionlib_msgs/actionlib_msgs/msg/detail/goal_status_array__struct.h
[22.236s] -- Installing: /home/ohtoai/rust_ros_ws/install/actionlib_msgs/include/actionlib_msgs/actionlib_msgs/msg/detail/goal_status_array__functions.c
[22.236s] -- Installing: /home/ohtoai/rust_ros_ws/install/actionlib_msgs/include/actionlib_msgs/actionlib_msgs/msg/detail/goal_id__struct.h
[22.237s] -- Installing: /home/ohtoai/rust_ros_ws/install/actionlib_msgs/include/actionlib_msgs/actionlib_msgs/msg/detail/goal_status__struct.h
[22.237s] -- Installing: /home/ohtoai/rust_ros_ws/install/actionlib_msgs/include/actionlib_msgs/actionlib_msgs/msg/detail/goal_id__type_support.c
[22.237s] -- Installing: /home/ohtoai/rust_ros_ws/install/actionlib_msgs/include/actionlib_msgs/actionlib_msgs/msg/detail/goal_id__functions.c
[22.237s] -- Installing: /home/ohtoai/rust_ros_ws/install/actionlib_msgs/include/actionlib_msgs/actionlib_msgs/msg/detail/goal_status__type_support.h
[22.237s] -- Installing: /home/ohtoai/rust_ros_ws/install/actionlib_msgs/include/actionlib_msgs/actionlib_msgs/msg/detail/goal_status__description.c
[22.238s] -- Installing: /home/ohtoai/rust_ros_ws/install/actionlib_msgs/include/actionlib_msgs/actionlib_msgs/msg/detail/goal_status__functions.h
[22.238s] -- Installing: /home/ohtoai/rust_ros_ws/install/actionlib_msgs/include/actionlib_msgs/actionlib_msgs/msg/detail/goal_id__functions.h
[22.238s] -- Installing: /home/ohtoai/rust_ros_ws/install/actionlib_msgs/include/actionlib_msgs/actionlib_msgs/msg/detail/goal_status__type_support.c
[22.238s] -- Installing: /home/ohtoai/rust_ros_ws/install/actionlib_msgs/include/actionlib_msgs/actionlib_msgs/msg/detail/goal_id__type_support.h
[22.238s] -- Installing: /home/ohtoai/rust_ros_ws/install/actionlib_msgs/include/actionlib_msgs/actionlib_msgs/msg/detail/goal_status_array__functions.h
[22.239s] -- Installing: /home/ohtoai/rust_ros_ws/install/actionlib_msgs/include/actionlib_msgs/actionlib_msgs/msg/detail/goal_status_array__type_support.c
[22.239s] -- Installing: /home/ohtoai/rust_ros_ws/install/actionlib_msgs/include/actionlib_msgs/actionlib_msgs/msg/detail/goal_status_array__description.c
[22.239s] -- Installing: /home/ohtoai/rust_ros_ws/install/actionlib_msgs/include/actionlib_msgs/actionlib_msgs/msg/detail/goal_id__description.c
[22.239s] -- Installing: /home/ohtoai/rust_ros_ws/install/actionlib_msgs/include/actionlib_msgs/actionlib_msgs/msg/detail/goal_status__functions.c
[22.239s] -- Installing: /home/ohtoai/rust_ros_ws/install/actionlib_msgs/include/actionlib_msgs/actionlib_msgs/msg/detail/goal_status_array__type_support.h
[22.239s] -- Installing: /home/ohtoai/rust_ros_ws/install/actionlib_msgs/include/actionlib_msgs/actionlib_msgs/msg/goal_id.h
[22.239s] -- Installing: /home/ohtoai/rust_ros_ws/install/actionlib_msgs/include/actionlib_msgs/actionlib_msgs/msg/goal_status_array.h
[22.240s] -- Installing: /home/ohtoai/rust_ros_ws/install/actionlib_msgs/include/actionlib_msgs/actionlib_msgs/msg/rosidl_generator_c__visibility_control.h
[22.240s] -- Installing: /home/ohtoai/rust_ros_ws/install/actionlib_msgs/include/actionlib_msgs/actionlib_msgs/msg/goal_status.h
[22.240s] -- Installing: /home/ohtoai/rust_ros_ws/install/actionlib_msgs/share/actionlib_msgs/environment/library_path.sh
[22.240s] -- Installing: /home/ohtoai/rust_ros_ws/install/actionlib_msgs/share/actionlib_msgs/environment/library_path.dsv
[22.240s] -- Installing: /home/ohtoai/rust_ros_ws/install/actionlib_msgs/lib/libactionlib_msgs__rosidl_generator_c.so
[22.241s] -- Set non-toolchain portion of runtime path of "/home/ohtoai/rust_ros_ws/install/actionlib_msgs/lib/libactionlib_msgs__rosidl_generator_c.so" to ""
[22.241s] -- Up-to-date: /home/ohtoai/rust_ros_ws/install/actionlib_msgs/include/actionlib_msgs/actionlib_msgs
[22.241s] -- Up-to-date: /home/ohtoai/rust_ros_ws/install/actionlib_msgs/include/actionlib_msgs/actionlib_msgs/msg
[22.241s] -- Up-to-date: /home/ohtoai/rust_ros_ws/install/actionlib_msgs/include/actionlib_msgs/actionlib_msgs/msg/detail
[22.241s] -- Installing: /home/ohtoai/rust_ros_ws/install/actionlib_msgs/include/actionlib_msgs/actionlib_msgs/msg/detail/goal_id__rosidl_typesupport_fastrtps_c.h
[22.242s] -- Installing: /home/ohtoai/rust_ros_ws/install/actionlib_msgs/include/actionlib_msgs/actionlib_msgs/msg/detail/goal_status_array__rosidl_typesupport_fastrtps_c.h
[22.242s] -- Installing: /home/ohtoai/rust_ros_ws/install/actionlib_msgs/include/actionlib_msgs/actionlib_msgs/msg/detail/goal_status__rosidl_typesupport_fastrtps_c.h
[22.242s] -- Installing: /home/ohtoai/rust_ros_ws/install/actionlib_msgs/include/actionlib_msgs/actionlib_msgs/msg/rosidl_typesupport_fastrtps_c__visibility_control.h
[22.243s] -- Installing: /home/ohtoai/rust_ros_ws/install/actionlib_msgs/lib/libactionlib_msgs__rosidl_typesupport_fastrtps_c.so
[22.243s] -- Set non-toolchain portion of runtime path of "/home/ohtoai/rust_ros_ws/install/actionlib_msgs/lib/libactionlib_msgs__rosidl_typesupport_fastrtps_c.so" to ""
[22.243s] -- Up-to-date: /home/ohtoai/rust_ros_ws/install/actionlib_msgs/include/actionlib_msgs/actionlib_msgs
[22.243s] -- Up-to-date: /home/ohtoai/rust_ros_ws/install/actionlib_msgs/include/actionlib_msgs/actionlib_msgs/msg
[22.243s] -- Installing: /home/ohtoai/rust_ros_ws/install/actionlib_msgs/include/actionlib_msgs/actionlib_msgs/msg/goal_status.hpp
[22.244s] -- Installing: /home/ohtoai/rust_ros_ws/install/actionlib_msgs/include/actionlib_msgs/actionlib_msgs/msg/goal_status_array.hpp
[22.244s] -- Up-to-date: /home/ohtoai/rust_ros_ws/install/actionlib_msgs/include/actionlib_msgs/actionlib_msgs/msg/detail
[22.244s] -- Installing: /home/ohtoai/rust_ros_ws/install/actionlib_msgs/include/actionlib_msgs/actionlib_msgs/msg/detail/goal_status__struct.hpp
[22.245s] -- Installing: /home/ohtoai/rust_ros_ws/install/actionlib_msgs/include/actionlib_msgs/actionlib_msgs/msg/detail/goal_id__type_support.hpp
[22.245s] -- Installing: /home/ohtoai/rust_ros_ws/install/actionlib_msgs/include/actionlib_msgs/actionlib_msgs/msg/detail/goal_id__traits.hpp
[22.245s] -- Installing: /home/ohtoai/rust_ros_ws/install/actionlib_msgs/include/actionlib_msgs/actionlib_msgs/msg/detail/goal_status_array__traits.hpp
[22.245s] -- Installing: /home/ohtoai/rust_ros_ws/install/actionlib_msgs/include/actionlib_msgs/actionlib_msgs/msg/detail/goal_id__builder.hpp
[22.245s] -- Installing: /home/ohtoai/rust_ros_ws/install/actionlib_msgs/include/actionlib_msgs/actionlib_msgs/msg/detail/goal_status__traits.hpp
[22.246s] -- Installing: /home/ohtoai/rust_ros_ws/install/actionlib_msgs/include/actionlib_msgs/actionlib_msgs/msg/detail/goal_status__builder.hpp
[22.246s] -- Installing: /home/ohtoai/rust_ros_ws/install/actionlib_msgs/include/actionlib_msgs/actionlib_msgs/msg/detail/goal_status_array__type_support.hpp
[22.246s] -- Installing: /home/ohtoai/rust_ros_ws/install/actionlib_msgs/include/actionlib_msgs/actionlib_msgs/msg/detail/goal_status_array__struct.hpp
[22.246s] -- Installing: /home/ohtoai/rust_ros_ws/install/actionlib_msgs/include/actionlib_msgs/actionlib_msgs/msg/detail/goal_id__struct.hpp
[22.246s] -- Installing: /home/ohtoai/rust_ros_ws/install/actionlib_msgs/include/actionlib_msgs/actionlib_msgs/msg/detail/goal_status__type_support.hpp
[22.246s] -- Installing: /home/ohtoai/rust_ros_ws/install/actionlib_msgs/include/actionlib_msgs/actionlib_msgs/msg/detail/goal_status_array__builder.hpp
[22.246s] -- Installing: /home/ohtoai/rust_ros_ws/install/actionlib_msgs/include/actionlib_msgs/actionlib_msgs/msg/rosidl_generator_cpp__visibility_control.hpp
[22.247s] -- Installing: /home/ohtoai/rust_ros_ws/install/actionlib_msgs/include/actionlib_msgs/actionlib_msgs/msg/goal_id.hpp
[22.247s] -- Up-to-date: /home/ohtoai/rust_ros_ws/install/actionlib_msgs/include/actionlib_msgs/actionlib_msgs
[22.247s] -- Up-to-date: /home/ohtoai/rust_ros_ws/install/actionlib_msgs/include/actionlib_msgs/actionlib_msgs/msg
[22.247s] -- Up-to-date: /home/ohtoai/rust_ros_ws/install/actionlib_msgs/include/actionlib_msgs/actionlib_msgs/msg/detail
[22.247s] -- Installing: /home/ohtoai/rust_ros_ws/install/actionlib_msgs/include/actionlib_msgs/actionlib_msgs/msg/detail/dds_fastrtps
[22.247s] -- Installing: /home/ohtoai/rust_ros_ws/install/actionlib_msgs/include/actionlib_msgs/actionlib_msgs/msg/detail/goal_status__rosidl_typesupport_fastrtps_cpp.hpp
[22.247s] -- Installing: /home/ohtoai/rust_ros_ws/install/actionlib_msgs/include/actionlib_msgs/actionlib_msgs/msg/detail/goal_status_array__rosidl_typesupport_fastrtps_cpp.hpp
[22.248s] -- Installing: /home/ohtoai/rust_ros_ws/install/actionlib_msgs/include/actionlib_msgs/actionlib_msgs/msg/detail/goal_id__rosidl_typesupport_fastrtps_cpp.hpp
[22.248s] -- Installing: /home/ohtoai/rust_ros_ws/install/actionlib_msgs/include/actionlib_msgs/actionlib_msgs/msg/rosidl_typesupport_fastrtps_cpp__visibility_control.h
[22.248s] -- Installing: /home/ohtoai/rust_ros_ws/install/actionlib_msgs/lib/libactionlib_msgs__rosidl_typesupport_fastrtps_cpp.so
[22.248s] -- Set non-toolchain portion of runtime path of "/home/ohtoai/rust_ros_ws/install/actionlib_msgs/lib/libactionlib_msgs__rosidl_typesupport_fastrtps_cpp.so" to ""
[22.249s] -- Up-to-date: /home/ohtoai/rust_ros_ws/install/actionlib_msgs/include/actionlib_msgs/actionlib_msgs
[22.249s] -- Up-to-date: /home/ohtoai/rust_ros_ws/install/actionlib_msgs/include/actionlib_msgs/actionlib_msgs/msg
[22.249s] -- Up-to-date: /home/ohtoai/rust_ros_ws/install/actionlib_msgs/include/actionlib_msgs/actionlib_msgs/msg/detail
[22.249s] -- Installing: /home/ohtoai/rust_ros_ws/install/actionlib_msgs/include/actionlib_msgs/actionlib_msgs/msg/detail/goal_id__type_support.c
[22.249s] -- Installing: /home/ohtoai/rust_ros_ws/install/actionlib_msgs/include/actionlib_msgs/actionlib_msgs/msg/detail/goal_status__rosidl_typesupport_introspection_c.h
[22.249s] -- Installing: /home/ohtoai/rust_ros_ws/install/actionlib_msgs/include/actionlib_msgs/actionlib_msgs/msg/detail/goal_id__rosidl_typesupport_introspection_c.h
[22.249s] -- Installing: /home/ohtoai/rust_ros_ws/install/actionlib_msgs/include/actionlib_msgs/actionlib_msgs/msg/detail/goal_status__type_support.c
[22.250s] -- Installing: /home/ohtoai/rust_ros_ws/install/actionlib_msgs/include/actionlib_msgs/actionlib_msgs/msg/detail/goal_status_array__rosidl_typesupport_introspection_c.h
[22.250s] -- Installing: /home/ohtoai/rust_ros_ws/install/actionlib_msgs/include/actionlib_msgs/actionlib_msgs/msg/detail/goal_status_array__type_support.c
[22.250s] -- Installing: /home/ohtoai/rust_ros_ws/install/actionlib_msgs/include/actionlib_msgs/actionlib_msgs/msg/rosidl_typesupport_introspection_c__visibility_control.h
[22.250s] -- Installing: /home/ohtoai/rust_ros_ws/install/actionlib_msgs/lib/libactionlib_msgs__rosidl_typesupport_introspection_c.so
[22.250s] -- Set non-toolchain portion of runtime path of "/home/ohtoai/rust_ros_ws/install/actionlib_msgs/lib/libactionlib_msgs__rosidl_typesupport_introspection_c.so" to ""
[22.251s] -- Installing: /home/ohtoai/rust_ros_ws/install/actionlib_msgs/lib/libactionlib_msgs__rosidl_typesupport_c.so
[22.251s] -- Set non-toolchain portion of runtime path of "/home/ohtoai/rust_ros_ws/install/actionlib_msgs/lib/libactionlib_msgs__rosidl_typesupport_c.so" to ""
[22.251s] -- Up-to-date: /home/ohtoai/rust_ros_ws/install/actionlib_msgs/include/actionlib_msgs/actionlib_msgs
[22.251s] -- Up-to-date: /home/ohtoai/rust_ros_ws/install/actionlib_msgs/include/actionlib_msgs/actionlib_msgs/msg
[22.251s] -- Up-to-date: /home/ohtoai/rust_ros_ws/install/actionlib_msgs/include/actionlib_msgs/actionlib_msgs/msg/detail
[22.252s] -- Installing: /home/ohtoai/rust_ros_ws/install/actionlib_msgs/include/actionlib_msgs/actionlib_msgs/msg/detail/goal_status_array__type_support.cpp
[22.252s] -- Installing: /home/ohtoai/rust_ros_ws/install/actionlib_msgs/include/actionlib_msgs/actionlib_msgs/msg/detail/goal_status_array__rosidl_typesupport_introspection_cpp.hpp
[22.252s] -- Installing: /home/ohtoai/rust_ros_ws/install/actionlib_msgs/include/actionlib_msgs/actionlib_msgs/msg/detail/goal_id__type_support.cpp
[22.252s] -- Installing: /home/ohtoai/rust_ros_ws/install/actionlib_msgs/include/actionlib_msgs/actionlib_msgs/msg/detail/goal_status__type_support.cpp
[22.252s] -- Installing: /home/ohtoai/rust_ros_ws/install/actionlib_msgs/include/actionlib_msgs/actionlib_msgs/msg/detail/goal_id__rosidl_typesupport_introspection_cpp.hpp
[22.252s] -- Installing: /home/ohtoai/rust_ros_ws/install/actionlib_msgs/include/actionlib_msgs/actionlib_msgs/msg/detail/goal_status__rosidl_typesupport_introspection_cpp.hpp
[22.253s] -- Installing: /home/ohtoai/rust_ros_ws/install/actionlib_msgs/lib/libactionlib_msgs__rosidl_typesupport_introspection_cpp.so
[22.253s] -- Set non-toolchain portion of runtime path of "/home/ohtoai/rust_ros_ws/install/actionlib_msgs/lib/libactionlib_msgs__rosidl_typesupport_introspection_cpp.so" to ""
[22.253s] -- Installing: /home/ohtoai/rust_ros_ws/install/actionlib_msgs/lib/libactionlib_msgs__rosidl_typesupport_cpp.so
[22.253s] -- Set non-toolchain portion of runtime path of "/home/ohtoai/rust_ros_ws/install/actionlib_msgs/lib/libactionlib_msgs__rosidl_typesupport_cpp.so" to ""
[22.254s] -- Installing: /home/ohtoai/rust_ros_ws/install/actionlib_msgs/share/ament_index/resource_index/rust_packages/actionlib_msgs
[22.254s] -- Installing: /home/ohtoai/rust_ros_ws/install/actionlib_msgs/share/actionlib_msgs/rust
[22.254s] -- Installing: /home/ohtoai/rust_ros_ws/install/actionlib_msgs/share/actionlib_msgs/rust/build.rs
[22.254s] -- Installing: /home/ohtoai/rust_ros_ws/install/actionlib_msgs/share/actionlib_msgs/rust/Cargo.toml
[22.254s] -- Installing: /home/ohtoai/rust_ros_ws/install/actionlib_msgs/share/actionlib_msgs/rust/src
[22.254s] -- Installing: /home/ohtoai/rust_ros_ws/install/actionlib_msgs/share/actionlib_msgs/rust/src/msg.rs
[22.255s] -- Installing: /home/ohtoai/rust_ros_ws/install/actionlib_msgs/share/actionlib_msgs/rust/src/lib.rs
[22.255s] -- Installing: /home/ohtoai/rust_ros_ws/install/actionlib_msgs/share/actionlib_msgs/environment/pythonpath.sh
[22.255s] -- Installing: /home/ohtoai/rust_ros_ws/install/actionlib_msgs/share/actionlib_msgs/environment/pythonpath.dsv
[22.256s] -- Installing: /home/ohtoai/rust_ros_ws/install/actionlib_msgs/lib/python3.12/site-packages/actionlib_msgs-5.3.5-py3.12.egg-info
[22.256s] -- Installing: /home/ohtoai/rust_ros_ws/install/actionlib_msgs/lib/python3.12/site-packages/actionlib_msgs-5.3.5-py3.12.egg-info/PKG-INFO
[22.256s] -- Installing: /home/ohtoai/rust_ros_ws/install/actionlib_msgs/lib/python3.12/site-packages/actionlib_msgs-5.3.5-py3.12.egg-info/top_level.txt
[22.256s] -- Installing: /home/ohtoai/rust_ros_ws/install/actionlib_msgs/lib/python3.12/site-packages/actionlib_msgs-5.3.5-py3.12.egg-info/SOURCES.txt
[22.256s] -- Installing: /home/ohtoai/rust_ros_ws/install/actionlib_msgs/lib/python3.12/site-packages/actionlib_msgs-5.3.5-py3.12.egg-info/dependency_links.txt
[22.257s] -- Installing: /home/ohtoai/rust_ros_ws/install/actionlib_msgs/lib/python3.12/site-packages/actionlib_msgs
[22.257s] -- Installing: /home/ohtoai/rust_ros_ws/install/actionlib_msgs/lib/python3.12/site-packages/actionlib_msgs/actionlib_msgs_s__rosidl_typesupport_c.so
[22.257s] -- Installing: /home/ohtoai/rust_ros_ws/install/actionlib_msgs/lib/python3.12/site-packages/actionlib_msgs/msg
[22.257s] -- Installing: /home/ohtoai/rust_ros_ws/install/actionlib_msgs/lib/python3.12/site-packages/actionlib_msgs/msg/_goal_status.py
[22.257s] -- Installing: /home/ohtoai/rust_ros_ws/install/actionlib_msgs/lib/python3.12/site-packages/actionlib_msgs/msg/_goal_status_s.c
[22.258s] -- Installing: /home/ohtoai/rust_ros_ws/install/actionlib_msgs/lib/python3.12/site-packages/actionlib_msgs/msg/_goal_id_s.c
[22.258s] -- Installing: /home/ohtoai/rust_ros_ws/install/actionlib_msgs/lib/python3.12/site-packages/actionlib_msgs/msg/_goal_id.py
[22.258s] -- Installing: /home/ohtoai/rust_ros_ws/install/actionlib_msgs/lib/python3.12/site-packages/actionlib_msgs/msg/_goal_status_array.py
[22.258s] -- Installing: /home/ohtoai/rust_ros_ws/install/actionlib_msgs/lib/python3.12/site-packages/actionlib_msgs/msg/_goal_status_array_s.c
[22.258s] -- Installing: /home/ohtoai/rust_ros_ws/install/actionlib_msgs/lib/python3.12/site-packages/actionlib_msgs/msg/__init__.py
[22.258s] -- Installing: /home/ohtoai/rust_ros_ws/install/actionlib_msgs/lib/python3.12/site-packages/actionlib_msgs/actionlib_msgs_s__rosidl_typesupport_fastrtps_c.so
[22.258s] -- Installing: /home/ohtoai/rust_ros_ws/install/actionlib_msgs/lib/python3.12/site-packages/actionlib_msgs/_actionlib_msgs_s.ep.rosidl_typesupport_introspection_c.c
[22.259s] -- Installing: /home/ohtoai/rust_ros_ws/install/actionlib_msgs/lib/python3.12/site-packages/actionlib_msgs/actionlib_msgs_s__rosidl_typesupport_introspection_c.so
[22.259s] -- Installing: /home/ohtoai/rust_ros_ws/install/actionlib_msgs/lib/python3.12/site-packages/actionlib_msgs/_actionlib_msgs_s.ep.rosidl_typesupport_fastrtps_c.c
[22.259s] -- Installing: /home/ohtoai/rust_ros_ws/install/actionlib_msgs/lib/python3.12/site-packages/actionlib_msgs/_actionlib_msgs_s.ep.rosidl_typesupport_c.c
[22.260s] -- Installing: /home/ohtoai/rust_ros_ws/install/actionlib_msgs/lib/python3.12/site-packages/actionlib_msgs/__init__.py
[22.300s] Listing '/home/ohtoai/rust_ros_ws/install/actionlib_msgs/lib/python3.12/site-packages/actionlib_msgs'...
[22.300s] Compiling '/home/ohtoai/rust_ros_ws/install/actionlib_msgs/lib/python3.12/site-packages/actionlib_msgs/__init__.py'...
[22.300s] Listing '/home/ohtoai/rust_ros_ws/install/actionlib_msgs/lib/python3.12/site-packages/actionlib_msgs/msg'...
[22.300s] Compiling '/home/ohtoai/rust_ros_ws/install/actionlib_msgs/lib/python3.12/site-packages/actionlib_msgs/msg/__init__.py'...
[22.300s] Compiling '/home/ohtoai/rust_ros_ws/install/actionlib_msgs/lib/python3.12/site-packages/actionlib_msgs/msg/_goal_id.py'...
[22.300s] Compiling '/home/ohtoai/rust_ros_ws/install/actionlib_msgs/lib/python3.12/site-packages/actionlib_msgs/msg/_goal_status.py'...
[22.300s] Compiling '/home/ohtoai/rust_ros_ws/install/actionlib_msgs/lib/python3.12/site-packages/actionlib_msgs/msg/_goal_status_array.py'...
[22.308s] -- Installing: /home/ohtoai/rust_ros_ws/install/actionlib_msgs/lib/python3.12/site-packages/actionlib_msgs/actionlib_msgs_s__rosidl_typesupport_fastrtps_c.so
[22.308s] -- Set non-toolchain portion of runtime path of "/home/ohtoai/rust_ros_ws/install/actionlib_msgs/lib/python3.12/site-packages/actionlib_msgs/actionlib_msgs_s__rosidl_typesupport_fastrtps_c.so" to ""
[22.308s] -- Installing: /home/ohtoai/rust_ros_ws/install/actionlib_msgs/lib/python3.12/site-packages/actionlib_msgs/actionlib_msgs_s__rosidl_typesupport_introspection_c.so
[22.309s] -- Set non-toolchain portion of runtime path of "/home/ohtoai/rust_ros_ws/install/actionlib_msgs/lib/python3.12/site-packages/actionlib_msgs/actionlib_msgs_s__rosidl_typesupport_introspection_c.so" to ""
[22.309s] -- Installing: /home/ohtoai/rust_ros_ws/install/actionlib_msgs/lib/python3.12/site-packages/actionlib_msgs/actionlib_msgs_s__rosidl_typesupport_c.so
[22.310s] -- Set non-toolchain portion of runtime path of "/home/ohtoai/rust_ros_ws/install/actionlib_msgs/lib/python3.12/site-packages/actionlib_msgs/actionlib_msgs_s__rosidl_typesupport_c.so" to ""
[22.310s] -- Installing: /home/ohtoai/rust_ros_ws/install/actionlib_msgs/lib/libactionlib_msgs__rosidl_generator_py.so
[22.311s] -- Set non-toolchain portion of runtime path of "/home/ohtoai/rust_ros_ws/install/actionlib_msgs/lib/libactionlib_msgs__rosidl_generator_py.so" to ""
[22.311s] -- Installing: /home/ohtoai/rust_ros_ws/install/actionlib_msgs/share/actionlib_msgs/msg/GoalID.idl
[22.311s] -- Installing: /home/ohtoai/rust_ros_ws/install/actionlib_msgs/share/actionlib_msgs/msg/GoalStatus.idl
[22.312s] -- Installing: /home/ohtoai/rust_ros_ws/install/actionlib_msgs/share/actionlib_msgs/msg/GoalStatusArray.idl
[22.312s] -- Installing: /home/ohtoai/rust_ros_ws/install/actionlib_msgs/share/actionlib_msgs/msg/GoalID.msg
[22.312s] -- Installing: /home/ohtoai/rust_ros_ws/install/actionlib_msgs/share/actionlib_msgs/msg/GoalStatus.msg
[22.312s] -- Installing: /home/ohtoai/rust_ros_ws/install/actionlib_msgs/share/actionlib_msgs/msg/GoalStatusArray.msg
[22.313s] -- Installing: /home/ohtoai/rust_ros_ws/install/actionlib_msgs/share/ament_index/resource_index/package_run_dependencies/actionlib_msgs
[22.313s] -- Installing: /home/ohtoai/rust_ros_ws/install/actionlib_msgs/share/ament_index/resource_index/parent_prefix_path/actionlib_msgs
[22.314s] -- Installing: /home/ohtoai/rust_ros_ws/install/actionlib_msgs/share/actionlib_msgs/environment/ament_prefix_path.sh
[22.314s] -- Installing: /home/ohtoai/rust_ros_ws/install/actionlib_msgs/share/actionlib_msgs/environment/ament_prefix_path.dsv
[22.314s] -- Installing: /home/ohtoai/rust_ros_ws/install/actionlib_msgs/share/actionlib_msgs/environment/path.sh
[22.314s] -- Installing: /home/ohtoai/rust_ros_ws/install/actionlib_msgs/share/actionlib_msgs/environment/path.dsv
[22.314s] -- Installing: /home/ohtoai/rust_ros_ws/install/actionlib_msgs/share/actionlib_msgs/local_setup.bash
[22.315s] -- Installing: /home/ohtoai/rust_ros_ws/install/actionlib_msgs/share/actionlib_msgs/local_setup.sh
[22.315s] -- Installing: /home/ohtoai/rust_ros_ws/install/actionlib_msgs/share/actionlib_msgs/local_setup.zsh
[22.316s] -- Installing: /home/ohtoai/rust_ros_ws/install/actionlib_msgs/share/actionlib_msgs/local_setup.dsv
[22.316s] -- Installing: /home/ohtoai/rust_ros_ws/install/actionlib_msgs/share/actionlib_msgs/package.dsv
[22.316s] -- Installing: /home/ohtoai/rust_ros_ws/install/actionlib_msgs/share/ament_index/resource_index/packages/actionlib_msgs
[22.317s] -- Installing: /home/ohtoai/rust_ros_ws/install/actionlib_msgs/share/actionlib_msgs/cmake/export_actionlib_msgs__rosidl_generator_cExport.cmake
[22.317s] -- Installing: /home/ohtoai/rust_ros_ws/install/actionlib_msgs/share/actionlib_msgs/cmake/export_actionlib_msgs__rosidl_generator_cExport-noconfig.cmake
[22.317s] -- Installing: /home/ohtoai/rust_ros_ws/install/actionlib_msgs/share/actionlib_msgs/cmake/export_actionlib_msgs__rosidl_typesupport_fastrtps_cExport.cmake
[22.319s] -- Installing: /home/ohtoai/rust_ros_ws/install/actionlib_msgs/share/actionlib_msgs/cmake/export_actionlib_msgs__rosidl_typesupport_fastrtps_cExport-noconfig.cmake
[22.319s] -- Installing: /home/ohtoai/rust_ros_ws/install/actionlib_msgs/share/actionlib_msgs/cmake/export_actionlib_msgs__rosidl_generator_cppExport.cmake
[22.320s] -- Installing: /home/ohtoai/rust_ros_ws/install/actionlib_msgs/share/actionlib_msgs/cmake/export_actionlib_msgs__rosidl_typesupport_fastrtps_cppExport.cmake
[22.320s] -- Installing: /home/ohtoai/rust_ros_ws/install/actionlib_msgs/share/actionlib_msgs/cmake/export_actionlib_msgs__rosidl_typesupport_fastrtps_cppExport-noconfig.cmake
[22.320s] -- Installing: /home/ohtoai/rust_ros_ws/install/actionlib_msgs/share/actionlib_msgs/cmake/actionlib_msgs__rosidl_typesupport_introspection_cExport.cmake
[22.320s] -- Installing: /home/ohtoai/rust_ros_ws/install/actionlib_msgs/share/actionlib_msgs/cmake/actionlib_msgs__rosidl_typesupport_introspection_cExport-noconfig.cmake
[22.320s] -- Installing: /home/ohtoai/rust_ros_ws/install/actionlib_msgs/share/actionlib_msgs/cmake/actionlib_msgs__rosidl_typesupport_cExport.cmake
[22.321s] -- Installing: /home/ohtoai/rust_ros_ws/install/actionlib_msgs/share/actionlib_msgs/cmake/actionlib_msgs__rosidl_typesupport_cExport-noconfig.cmake
[22.321s] -- Installing: /home/ohtoai/rust_ros_ws/install/actionlib_msgs/share/actionlib_msgs/cmake/actionlib_msgs__rosidl_typesupport_introspection_cppExport.cmake
[22.321s] -- Installing: /home/ohtoai/rust_ros_ws/install/actionlib_msgs/share/actionlib_msgs/cmake/actionlib_msgs__rosidl_typesupport_introspection_cppExport-noconfig.cmake
[22.322s] -- Installing: /home/ohtoai/rust_ros_ws/install/actionlib_msgs/share/actionlib_msgs/cmake/actionlib_msgs__rosidl_typesupport_cppExport.cmake
[22.323s] -- Installing: /home/ohtoai/rust_ros_ws/install/actionlib_msgs/share/actionlib_msgs/cmake/actionlib_msgs__rosidl_typesupport_cppExport-noconfig.cmake
[22.323s] -- Installing: /home/ohtoai/rust_ros_ws/install/actionlib_msgs/share/actionlib_msgs/cmake/export_actionlib_msgs__rosidl_generator_pyExport.cmake
[22.323s] -- Installing: /home/ohtoai/rust_ros_ws/install/actionlib_msgs/share/actionlib_msgs/cmake/export_actionlib_msgs__rosidl_generator_pyExport-noconfig.cmake
[22.323s] -- Installing: /home/ohtoai/rust_ros_ws/install/actionlib_msgs/share/actionlib_msgs/cmake/rosidl_cmake-extras.cmake
[22.323s] -- Installing: /home/ohtoai/rust_ros_ws/install/actionlib_msgs/share/actionlib_msgs/cmake/ament_cmake_export_dependencies-extras.cmake
[22.325s] -- Installing: /home/ohtoai/rust_ros_ws/install/actionlib_msgs/share/actionlib_msgs/cmake/ament_cmake_export_include_directories-extras.cmake
[22.325s] -- Installing: /home/ohtoai/rust_ros_ws/install/actionlib_msgs/share/actionlib_msgs/cmake/ament_cmake_export_libraries-extras.cmake
[22.325s] -- Installing: /home/ohtoai/rust_ros_ws/install/actionlib_msgs/share/actionlib_msgs/cmake/ament_cmake_export_targets-extras.cmake
[22.329s] -- Installing: /home/ohtoai/rust_ros_ws/install/actionlib_msgs/share/actionlib_msgs/cmake/rosidl_cmake_export_typesupport_targets-extras.cmake
[22.329s] -- Installing: /home/ohtoai/rust_ros_ws/install/actionlib_msgs/share/actionlib_msgs/cmake/rosidl_cmake_export_typesupport_libraries-extras.cmake
[22.330s] -- Installing: /home/ohtoai/rust_ros_ws/install/actionlib_msgs/share/actionlib_msgs/cmake/actionlib_msgsConfig.cmake
[22.330s] -- Installing: /home/ohtoai/rust_ros_ws/install/actionlib_msgs/share/actionlib_msgs/cmake/actionlib_msgsConfig-version.cmake
[22.330s] -- Installing: /home/ohtoai/rust_ros_ws/install/actionlib_msgs/share/actionlib_msgs/package.xml
[22.333s] Invoked command in '/home/ohtoai/rust_ros_ws/build/actionlib_msgs' returned '0': AMENT_PREFIX_PATH=/home/ohtoai/rust_ros_ws/install/std_msgs:/home/ohtoai/rust_ros_ws/install/rosidl_default_runtime:/home/ohtoai/rust_ros_ws/install/rosidl_default_generators:/home/ohtoai/rust_ros_ws/install/action_msgs:/home/ohtoai/rust_ros_ws/install/service_msgs:/home/ohtoai/rust_ros_ws/install/unique_identifier_msgs:/home/ohtoai/rust_ros_ws/install/builtin_interfaces:/home/ohtoai/rust_ros_ws/install/rosidl_core_runtime:/home/ohtoai/rust_ros_ws/install/rosidl_core_generators:/home/ohtoai/rust_ros_ws/install/rosidl_generator_rs:/home/ohtoai/rust_ros_ws/install/rosidl_runtime_rs:${AMENT_PREFIX_PATH} CMAKE_PREFIX_PATH=/home/ohtoai/rust_ros_ws/install/std_msgs:/home/ohtoai/rust_ros_ws/install/rosidl_default_runtime:/home/ohtoai/rust_ros_ws/install/rosidl_default_generators:/home/ohtoai/rust_ros_ws/install/action_msgs:/home/ohtoai/rust_ros_ws/install/service_msgs:/home/ohtoai/rust_ros_ws/install/unique_identifier_msgs:/home/ohtoai/rust_ros_ws/install/builtin_interfaces:/home/ohtoai/rust_ros_ws/install/rosidl_core_runtime:/home/ohtoai/rust_ros_ws/install/rosidl_core_generators:/home/ohtoai/rust_ros_ws/install/rosidl_generator_rs:/opt/ros/jazzy/opt/gz_math_vendor:/opt/ros/jazzy/opt/gz_utils_vendor:/opt/ros/jazzy/opt/gz_cmake_vendor:/opt/ros/jazzy DEBUGINFOD_URLS=https://debuginfod.ubuntu.com LD_LIBRARY_PATH=/home/ohtoai/rust_ros_ws/install/std_msgs/lib:/home/ohtoai/rust_ros_ws/install/action_msgs/lib:/home/ohtoai/rust_ros_ws/install/service_msgs/lib:/home/ohtoai/rust_ros_ws/install/unique_identifier_msgs/lib:/home/ohtoai/rust_ros_ws/install/builtin_interfaces/lib:${LD_LIBRARY_PATH} PYTHONPATH=/home/ohtoai/rust_ros_ws/install/std_msgs/lib/python3.12/site-packages:/home/ohtoai/rust_ros_ws/install/action_msgs/lib/python3.12/site-packages:/home/ohtoai/rust_ros_ws/install/service_msgs/lib/python3.12/site-packages:/home/ohtoai/rust_ros_ws/install/unique_identifier_msgs/lib/python3.12/site-packages:/home/ohtoai/rust_ros_ws/install/builtin_interfaces/lib/python3.12/site-packages:/home/ohtoai/rust_ros_ws/install/rosidl_generator_rs/lib/python3.12/site-packages:${PYTHONPATH} /usr/bin/cmake --install /home/ohtoai/rust_ros_ws/build/actionlib_msgs
