[0.020s] Invoking command in '/home/ohtoai/rust_ros_ws/build/action_msgs': AMENT_PREFIX_PATH=/home/ohtoai/rust_ros_ws/install/service_msgs:/home/ohtoai/rust_ros_ws/install/unique_identifier_msgs:/home/ohtoai/rust_ros_ws/install/builtin_interfaces:/home/ohtoai/rust_ros_ws/install/rosidl_core_runtime:/home/ohtoai/rust_ros_ws/install/rosidl_core_generators:/home/ohtoai/rust_ros_ws/install/rosidl_generator_rs:/home/ohtoai/rust_ros_ws/install/rosidl_runtime_rs:${AMENT_PREFIX_PATH} CMAKE_PREFIX_PATH=/home/ohtoai/rust_ros_ws/install/service_msgs:/home/ohtoai/rust_ros_ws/install/unique_identifier_msgs:/home/ohtoai/rust_ros_ws/install/builtin_interfaces:/home/ohtoai/rust_ros_ws/install/rosidl_core_runtime:/home/ohtoai/rust_ros_ws/install/rosidl_core_generators:/home/ohtoai/rust_ros_ws/install/rosidl_generator_rs:/opt/ros/jazzy/opt/gz_math_vendor:/opt/ros/jazzy/opt/gz_utils_vendor:/opt/ros/jazzy/opt/gz_cmake_vendor:/opt/ros/jazzy DEBUGINFOD_URLS=https://debuginfod.ubuntu.com LD_LIBRARY_PATH=/home/ohtoai/rust_ros_ws/install/service_msgs/lib:/home/ohtoai/rust_ros_ws/install/unique_identifier_msgs/lib:/home/ohtoai/rust_ros_ws/install/builtin_interfaces/lib:${LD_LIBRARY_PATH} PYTHONPATH=/home/ohtoai/rust_ros_ws/install/service_msgs/lib/python3.12/site-packages:/home/ohtoai/rust_ros_ws/install/unique_identifier_msgs/lib/python3.12/site-packages:/home/ohtoai/rust_ros_ws/install/builtin_interfaces/lib/python3.12/site-packages:/home/ohtoai/rust_ros_ws/install/rosidl_generator_rs/lib/python3.12/site-packages:${PYTHONPATH} /usr/bin/cmake /home/ohtoai/rust_ros_ws/src/ros2/rcl_interfaces/action_msgs -DCMAKE_INSTALL_PREFIX=/home/ohtoai/rust_ros_ws/install/action_msgs
[0.205s] -- The C compiler identification is GNU 13.3.0
[0.315s] -- The CXX compiler identification is GNU 13.3.0
[0.362s] -- Detecting C compiler ABI info
[0.538s] -- Detecting C compiler ABI info - done
[0.557s] -- Check for working C compiler: /usr/bin/cc - skipped
[0.558s] -- Detecting C compile features
[0.560s] -- Detecting C compile features - done
[0.595s] -- Detecting CXX compiler ABI info
[0.816s] -- Detecting CXX compiler ABI info - done
[0.839s] -- Check for working CXX compiler: /usr/bin/c++ - skipped
[0.839s] -- Detecting CXX compile features
[0.841s] -- Detecting CXX compile features - done
[0.852s] -- Found ament_cmake: 2.5.3 (/opt/ros/jazzy/share/ament_cmake/cmake)
[1.316s] -- Found Python3: /usr/bin/python3 (found version "3.12.3") found components: Interpreter 
[1.624s] -- Found builtin_interfaces: 2.0.2 (/home/ohtoai/rust_ros_ws/install/builtin_interfaces/share/builtin_interfaces/cmake)
[1.693s] -- Found rosidl_generator_c: 4.6.5 (/opt/ros/jazzy/share/rosidl_generator_c/cmake)
[1.717s] -- Found rosidl_generator_cpp: 4.6.5 (/opt/ros/jazzy/share/rosidl_generator_cpp/cmake)
[1.752s] -- Using all available rosidl_typesupport_c: rosidl_typesupport_fastrtps_c;rosidl_typesupport_introspection_c
[1.796s] -- Using all available rosidl_typesupport_cpp: rosidl_typesupport_fastrtps_cpp;rosidl_typesupport_introspection_cpp
[1.838s] -- Found rosidl_core_generators: 0.2.0 (/home/ohtoai/rust_ros_ws/install/rosidl_core_generators/share/rosidl_core_generators/cmake)
[1.873s] -- Found rosidl_adapter: 4.6.5 (/opt/ros/jazzy/share/rosidl_adapter/cmake)
[1.876s] -- Found unique_identifier_msgs: 2.5.0 (/home/ohtoai/rust_ros_ws/install/unique_identifier_msgs/share/unique_identifier_msgs/cmake)
[3.054s] -- Found ament_cmake_cppcheck: 0.17.1 (/opt/ros/jazzy/share/ament_cmake_cppcheck/cmake)
[3.062s] -- Found ament_cmake_cpplint: 0.17.1 (/opt/ros/jazzy/share/ament_cmake_cpplint/cmake)
[3.066s] -- Found ament_cmake_uncrustify: 0.17.1 (/opt/ros/jazzy/share/ament_cmake_uncrustify/cmake)
[3.077s] -- Found ament_cmake_ros: 0.12.0 (/opt/ros/jazzy/share/ament_cmake_ros/cmake)
[4.289s] -- Using all available rosidl_typesupport_c: rosidl_typesupport_fastrtps_c;rosidl_typesupport_introspection_c
[4.687s] -- Using all available rosidl_typesupport_cpp: rosidl_typesupport_fastrtps_cpp;rosidl_typesupport_introspection_cpp
[4.696s] -- Found python_cmake_module: 0.11.1 (/opt/ros/jazzy/share/python_cmake_module/cmake)
[4.882s] -- Found PythonExtra: /usr/bin/python3  
[5.370s] -- Found Python3: /usr/bin/python3 (found version "3.12.3") found components: Interpreter Development NumPy Development.Module Development.Embed 
[5.425s] -- Found ament_cmake_flake8: 0.17.1 (/opt/ros/jazzy/share/ament_cmake_flake8/cmake)
[5.429s] -- Found ament_cmake_pep257: 0.17.1 (/opt/ros/jazzy/share/ament_cmake_pep257/cmake)
[5.436s] -- Found ament_lint_auto: 0.17.1 (/opt/ros/jazzy/share/ament_lint_auto/cmake)
[5.448s] -- Added test 'copyright' to check source files copyright and LICENSE
[5.450s] -- Added test 'lint_cmake' to check CMake code style
[5.450s] -- Added test 'xmllint' to check XML markup files
[5.453s] -- Configuring done (5.4s)
[5.531s] -- Generating done (0.1s)
[5.547s] -- Build files have been written to: /home/ohtoai/rust_ros_ws/build/action_msgs
[5.558s] Invoked command in '/home/ohtoai/rust_ros_ws/build/action_msgs' returned '0': AMENT_PREFIX_PATH=/home/ohtoai/rust_ros_ws/install/service_msgs:/home/ohtoai/rust_ros_ws/install/unique_identifier_msgs:/home/ohtoai/rust_ros_ws/install/builtin_interfaces:/home/ohtoai/rust_ros_ws/install/rosidl_core_runtime:/home/ohtoai/rust_ros_ws/install/rosidl_core_generators:/home/ohtoai/rust_ros_ws/install/rosidl_generator_rs:/home/ohtoai/rust_ros_ws/install/rosidl_runtime_rs:${AMENT_PREFIX_PATH} CMAKE_PREFIX_PATH=/home/ohtoai/rust_ros_ws/install/service_msgs:/home/ohtoai/rust_ros_ws/install/unique_identifier_msgs:/home/ohtoai/rust_ros_ws/install/builtin_interfaces:/home/ohtoai/rust_ros_ws/install/rosidl_core_runtime:/home/ohtoai/rust_ros_ws/install/rosidl_core_generators:/home/ohtoai/rust_ros_ws/install/rosidl_generator_rs:/opt/ros/jazzy/opt/gz_math_vendor:/opt/ros/jazzy/opt/gz_utils_vendor:/opt/ros/jazzy/opt/gz_cmake_vendor:/opt/ros/jazzy DEBUGINFOD_URLS=https://debuginfod.ubuntu.com LD_LIBRARY_PATH=/home/ohtoai/rust_ros_ws/install/service_msgs/lib:/home/ohtoai/rust_ros_ws/install/unique_identifier_msgs/lib:/home/ohtoai/rust_ros_ws/install/builtin_interfaces/lib:${LD_LIBRARY_PATH} PYTHONPATH=/home/ohtoai/rust_ros_ws/install/service_msgs/lib/python3.12/site-packages:/home/ohtoai/rust_ros_ws/install/unique_identifier_msgs/lib/python3.12/site-packages:/home/ohtoai/rust_ros_ws/install/builtin_interfaces/lib/python3.12/site-packages:/home/ohtoai/rust_ros_ws/install/rosidl_generator_rs/lib/python3.12/site-packages:${PYTHONPATH} /usr/bin/cmake /home/ohtoai/rust_ros_ws/src/ros2/rcl_interfaces/action_msgs -DCMAKE_INSTALL_PREFIX=/home/ohtoai/rust_ros_ws/install/action_msgs
[5.561s] Invoking command in '/home/ohtoai/rust_ros_ws/build/action_msgs': AMENT_PREFIX_PATH=/home/ohtoai/rust_ros_ws/install/service_msgs:/home/ohtoai/rust_ros_ws/install/unique_identifier_msgs:/home/ohtoai/rust_ros_ws/install/builtin_interfaces:/home/ohtoai/rust_ros_ws/install/rosidl_core_runtime:/home/ohtoai/rust_ros_ws/install/rosidl_core_generators:/home/ohtoai/rust_ros_ws/install/rosidl_generator_rs:/home/ohtoai/rust_ros_ws/install/rosidl_runtime_rs:${AMENT_PREFIX_PATH} CMAKE_PREFIX_PATH=/home/ohtoai/rust_ros_ws/install/service_msgs:/home/ohtoai/rust_ros_ws/install/unique_identifier_msgs:/home/ohtoai/rust_ros_ws/install/builtin_interfaces:/home/ohtoai/rust_ros_ws/install/rosidl_core_runtime:/home/ohtoai/rust_ros_ws/install/rosidl_core_generators:/home/ohtoai/rust_ros_ws/install/rosidl_generator_rs:/opt/ros/jazzy/opt/gz_math_vendor:/opt/ros/jazzy/opt/gz_utils_vendor:/opt/ros/jazzy/opt/gz_cmake_vendor:/opt/ros/jazzy DEBUGINFOD_URLS=https://debuginfod.ubuntu.com LD_LIBRARY_PATH=/home/ohtoai/rust_ros_ws/install/service_msgs/lib:/home/ohtoai/rust_ros_ws/install/unique_identifier_msgs/lib:/home/ohtoai/rust_ros_ws/install/builtin_interfaces/lib:${LD_LIBRARY_PATH} PYTHONPATH=/home/ohtoai/rust_ros_ws/install/service_msgs/lib/python3.12/site-packages:/home/ohtoai/rust_ros_ws/install/unique_identifier_msgs/lib/python3.12/site-packages:/home/ohtoai/rust_ros_ws/install/builtin_interfaces/lib/python3.12/site-packages:/home/ohtoai/rust_ros_ws/install/rosidl_generator_rs/lib/python3.12/site-packages:${PYTHONPATH} /usr/bin/cmake --build /home/ohtoai/rust_ros_ws/build/action_msgs -- -j2 -l2
[5.648s] [  1%] [34m[1mGenerating Rust code for ROS interfaces[0m
[6.247s] [  1%] Built target action_msgs__rs
[6.273s] [  3%] [34m[1mGenerating type hashes for ROS interfaces[0m
[6.801s] [  3%] Built target action_msgs__rosidl_generator_type_description
[6.860s] [  3%] Built target ament_cmake_python_copy_action_msgs
[6.870s] [  4%] [34m[1mGenerating C code for ROS interfaces[0m
[7.970s] [  6%] [32mBuilding C object CMakeFiles/action_msgs__rosidl_generator_c.dir/rosidl_generator_c/action_msgs/msg/detail/goal_info__description.c.o[0m
[8.036s] [  7%] [32mBuilding C object CMakeFiles/action_msgs__rosidl_generator_c.dir/rosidl_generator_c/action_msgs/msg/detail/goal_info__functions.c.o[0m
[8.109s] [  9%] [32mBuilding C object CMakeFiles/action_msgs__rosidl_generator_c.dir/rosidl_generator_c/action_msgs/msg/detail/goal_info__type_support.c.o[0m
[8.165s] [ 10%] [32mBuilding C object CMakeFiles/action_msgs__rosidl_generator_c.dir/rosidl_generator_c/action_msgs/msg/detail/goal_status__description.c.o[0m
[8.217s] [ 12%] [32mBuilding C object CMakeFiles/action_msgs__rosidl_generator_c.dir/rosidl_generator_c/action_msgs/msg/detail/goal_status__functions.c.o[0m
[8.287s] [ 13%] [32mBuilding C object CMakeFiles/action_msgs__rosidl_generator_c.dir/rosidl_generator_c/action_msgs/msg/detail/goal_status__type_support.c.o[0m
[8.316s] [ 15%] [32mBuilding C object CMakeFiles/action_msgs__rosidl_generator_c.dir/rosidl_generator_c/action_msgs/msg/detail/goal_status_array__description.c.o[0m
[8.352s] [ 16%] [32mBuilding C object CMakeFiles/action_msgs__rosidl_generator_c.dir/rosidl_generator_c/action_msgs/msg/detail/goal_status_array__functions.c.o[0m
[8.408s] [ 18%] [32mBuilding C object CMakeFiles/action_msgs__rosidl_generator_c.dir/rosidl_generator_c/action_msgs/msg/detail/goal_status_array__type_support.c.o[0m
[8.436s] [ 20%] [32mBuilding C object CMakeFiles/action_msgs__rosidl_generator_c.dir/rosidl_generator_c/action_msgs/srv/detail/cancel_goal__description.c.o[0m
[8.508s] [ 21%] [32mBuilding C object CMakeFiles/action_msgs__rosidl_generator_c.dir/rosidl_generator_c/action_msgs/srv/detail/cancel_goal__functions.c.o[0m
[8.585s] [ 23%] [32mBuilding C object CMakeFiles/action_msgs__rosidl_generator_c.dir/rosidl_generator_c/action_msgs/srv/detail/cancel_goal__type_support.c.o[0m
[8.626s] [ 24%] [32m[1mLinking C shared library libaction_msgs__rosidl_generator_c.so[0m
[8.673s] [ 24%] Built target action_msgs__rosidl_generator_c
[8.740s] [ 26%] [34m[1mGenerating C++ code for ROS interfaces[0m
[10.186s] [ 26%] Built target action_msgs__cpp
[10.492s] running egg_info
[10.494s] creating action_msgs.egg-info
[10.521s] writing action_msgs.egg-info/PKG-INFO
[10.521s] writing dependency_links to action_msgs.egg-info/dependency_links.txt
[10.521s] writing top-level names to action_msgs.egg-info/top_level.txt
[10.521s] writing manifest file 'action_msgs.egg-info/SOURCES.txt'
[10.627s] reading manifest file 'action_msgs.egg-info/SOURCES.txt'
[10.627s] writing manifest file 'action_msgs.egg-info/SOURCES.txt'
[10.680s] [ 26%] Built target ament_cmake_python_build_action_msgs_egg
[10.696s] [ 27%] [34m[1mGenerating C type support for eProsima Fast-RTPS[0m
[11.935s] [ 29%] [32mBuilding CXX object CMakeFiles/action_msgs__rosidl_typesupport_fastrtps_c.dir/rosidl_typesupport_fastrtps_c/action_msgs/msg/detail/goal_info__type_support_c.cpp.o[0m
[12.618s] [ 30%] [32mBuilding CXX object CMakeFiles/action_msgs__rosidl_typesupport_fastrtps_c.dir/rosidl_typesupport_fastrtps_c/action_msgs/msg/detail/goal_status__type_support_c.cpp.o[0m
[13.384s] [ 32%] [32mBuilding CXX object CMakeFiles/action_msgs__rosidl_typesupport_fastrtps_c.dir/rosidl_typesupport_fastrtps_c/action_msgs/msg/detail/goal_status_array__type_support_c.cpp.o[0m
[14.325s] [ 33%] [32mBuilding CXX object CMakeFiles/action_msgs__rosidl_typesupport_fastrtps_c.dir/rosidl_typesupport_fastrtps_c/action_msgs/srv/detail/cancel_goal__type_support_c.cpp.o[0m
[15.390s] [ 35%] [32m[1mLinking CXX shared library libaction_msgs__rosidl_typesupport_fastrtps_c.so[0m
[15.549s] [ 35%] Built target action_msgs__rosidl_typesupport_fastrtps_c
[15.577s] [ 36%] [34m[1mGenerating C++ type support for eProsima Fast-RTPS[0m
[16.797s] [ 38%] [32mBuilding CXX object CMakeFiles/action_msgs__rosidl_typesupport_fastrtps_cpp.dir/rosidl_typesupport_fastrtps_cpp/action_msgs/msg/detail/dds_fastrtps/goal_info__type_support.cpp.o[0m
[17.550s] [ 40%] [32mBuilding CXX object CMakeFiles/action_msgs__rosidl_typesupport_fastrtps_cpp.dir/rosidl_typesupport_fastrtps_cpp/action_msgs/msg/detail/dds_fastrtps/goal_status__type_support.cpp.o[0m
[18.723s] [ 41%] [32mBuilding CXX object CMakeFiles/action_msgs__rosidl_typesupport_fastrtps_cpp.dir/rosidl_typesupport_fastrtps_cpp/action_msgs/msg/detail/dds_fastrtps/goal_status_array__type_support.cpp.o[0m
[20.796s] [ 43%] [32mBuilding CXX object CMakeFiles/action_msgs__rosidl_typesupport_fastrtps_cpp.dir/rosidl_typesupport_fastrtps_cpp/action_msgs/srv/detail/dds_fastrtps/cancel_goal__type_support.cpp.o[0m
[22.173s] [ 44%] [32m[1mLinking CXX shared library libaction_msgs__rosidl_typesupport_fastrtps_cpp.so[0m
[22.287s] [ 44%] Built target action_msgs__rosidl_typesupport_fastrtps_cpp
[22.301s] [ 46%] [34m[1mGenerating C introspection for ROS interfaces[0m
[23.190s] [ 47%] [32mBuilding C object CMakeFiles/action_msgs__rosidl_typesupport_introspection_c.dir/rosidl_typesupport_introspection_c/action_msgs/msg/detail/goal_info__type_support.c.o[0m
[23.272s] [ 49%] [32mBuilding C object CMakeFiles/action_msgs__rosidl_typesupport_introspection_c.dir/rosidl_typesupport_introspection_c/action_msgs/msg/detail/goal_status__type_support.c.o[0m
[23.360s] [ 50%] [32mBuilding C object CMakeFiles/action_msgs__rosidl_typesupport_introspection_c.dir/rosidl_typesupport_introspection_c/action_msgs/msg/detail/goal_status_array__type_support.c.o[0m
[23.430s] [ 52%] [32mBuilding C object CMakeFiles/action_msgs__rosidl_typesupport_introspection_c.dir/rosidl_typesupport_introspection_c/action_msgs/srv/detail/cancel_goal__type_support.c.o[0m
[23.529s] [ 53%] [32m[1mLinking C shared library libaction_msgs__rosidl_typesupport_introspection_c.so[0m
[23.602s] [ 53%] Built target action_msgs__rosidl_typesupport_introspection_c
[23.631s] [ 55%] [34m[1mGenerating C type support dispatch for ROS interfaces[0m
[24.601s] [ 56%] [32mBuilding CXX object CMakeFiles/action_msgs__rosidl_typesupport_c.dir/rosidl_typesupport_c/action_msgs/msg/goal_info__type_support.cpp.o[0m
[24.695s] [ 58%] [32mBuilding CXX object CMakeFiles/action_msgs__rosidl_typesupport_c.dir/rosidl_typesupport_c/action_msgs/msg/goal_status__type_support.cpp.o[0m
[24.816s] [ 60%] [32mBuilding CXX object CMakeFiles/action_msgs__rosidl_typesupport_c.dir/rosidl_typesupport_c/action_msgs/msg/goal_status_array__type_support.cpp.o[0m
[24.937s] [ 61%] [32mBuilding CXX object CMakeFiles/action_msgs__rosidl_typesupport_c.dir/rosidl_typesupport_c/action_msgs/srv/cancel_goal__type_support.cpp.o[0m
[25.079s] [ 63%] [32m[1mLinking CXX shared library libaction_msgs__rosidl_typesupport_c.so[0m
[25.236s] [ 63%] Built target action_msgs__rosidl_typesupport_c
[25.267s] [ 64%] [34m[1mGenerating C++ introspection for ROS interfaces[0m
[26.288s] [ 66%] [32mBuilding CXX object CMakeFiles/action_msgs__rosidl_typesupport_introspection_cpp.dir/rosidl_typesupport_introspection_cpp/action_msgs/msg/detail/goal_info__type_support.cpp.o[0m
[26.695s] [ 67%] [32mBuilding CXX object CMakeFiles/action_msgs__rosidl_typesupport_introspection_cpp.dir/rosidl_typesupport_introspection_cpp/action_msgs/msg/detail/goal_status__type_support.cpp.o[0m
[27.114s] [ 69%] [32mBuilding CXX object CMakeFiles/action_msgs__rosidl_typesupport_introspection_cpp.dir/rosidl_typesupport_introspection_cpp/action_msgs/msg/detail/goal_status_array__type_support.cpp.o[0m
[27.572s] [ 70%] [32mBuilding CXX object CMakeFiles/action_msgs__rosidl_typesupport_introspection_cpp.dir/rosidl_typesupport_introspection_cpp/action_msgs/srv/detail/cancel_goal__type_support.cpp.o[0m
[28.318s] [ 72%] [32m[1mLinking CXX shared library libaction_msgs__rosidl_typesupport_introspection_cpp.so[0m
[28.556s] [ 72%] Built target action_msgs__rosidl_typesupport_introspection_cpp
[28.577s] [ 73%] [34m[1mGenerating C++ type support dispatch for ROS interfaces[0m
[29.547s] [ 75%] [32mBuilding CXX object CMakeFiles/action_msgs__rosidl_typesupport_cpp.dir/rosidl_typesupport_cpp/action_msgs/msg/goal_info__type_support.cpp.o[0m
[30.105s] [ 76%] [32mBuilding CXX object CMakeFiles/action_msgs__rosidl_typesupport_cpp.dir/rosidl_typesupport_cpp/action_msgs/msg/goal_status__type_support.cpp.o[0m
[30.657s] [ 78%] [32mBuilding CXX object CMakeFiles/action_msgs__rosidl_typesupport_cpp.dir/rosidl_typesupport_cpp/action_msgs/msg/goal_status_array__type_support.cpp.o[0m
[31.249s] [ 80%] [32mBuilding CXX object CMakeFiles/action_msgs__rosidl_typesupport_cpp.dir/rosidl_typesupport_cpp/action_msgs/srv/cancel_goal__type_support.cpp.o[0m
[31.878s] [ 81%] [32m[1mLinking CXX shared library libaction_msgs__rosidl_typesupport_cpp.so[0m
[31.977s] [ 81%] Built target action_msgs__rosidl_typesupport_cpp
[32.011s] [ 81%] Built target action_msgs
[32.060s] [ 83%] [34m[1mGenerating Python code for ROS interfaces[0m
[33.418s] [ 83%] Built target action_msgs__py
[33.448s] [ 84%] [32mBuilding C object CMakeFiles/action_msgs__rosidl_generator_py.dir/rosidl_generator_py/action_msgs/msg/_goal_info_s.c.o[0m
[33.643s] [ 86%] [32mBuilding C object CMakeFiles/action_msgs__rosidl_generator_py.dir/rosidl_generator_py/action_msgs/msg/_goal_status_s.c.o[0m
[33.865s] [ 87%] [32mBuilding C object CMakeFiles/action_msgs__rosidl_generator_py.dir/rosidl_generator_py/action_msgs/msg/_goal_status_array_s.c.o[0m
[34.104s] [ 89%] [32mBuilding C object CMakeFiles/action_msgs__rosidl_generator_py.dir/rosidl_generator_py/action_msgs/srv/_cancel_goal_s.c.o[0m
[34.351s] [ 90%] [32m[1mLinking C shared library libaction_msgs__rosidl_generator_py.so[0m
[34.426s] [ 90%] Built target action_msgs__rosidl_generator_py
[34.459s] [ 92%] [32mBuilding C object CMakeFiles/action_msgs_s__rosidl_typesupport_fastrtps_c.dir/rosidl_generator_py/action_msgs/_action_msgs_s.ep.rosidl_typesupport_fastrtps_c.c.o[0m
[34.632s] [ 93%] [32m[1mLinking C shared module rosidl_generator_py/action_msgs/action_msgs_s__rosidl_typesupport_fastrtps_c.so[0m
[34.697s] [ 93%] Built target action_msgs_s__rosidl_typesupport_fastrtps_c
[34.733s] [ 95%] [32mBuilding C object CMakeFiles/action_msgs_s__rosidl_typesupport_introspection_c.dir/rosidl_generator_py/action_msgs/_action_msgs_s.ep.rosidl_typesupport_introspection_c.c.o[0m
[34.924s] [ 96%] [32m[1mLinking C shared module rosidl_generator_py/action_msgs/action_msgs_s__rosidl_typesupport_introspection_c.so[0m
[34.994s] [ 96%] Built target action_msgs_s__rosidl_typesupport_introspection_c
[35.056s] [ 98%] [32mBuilding C object CMakeFiles/action_msgs_s__rosidl_typesupport_c.dir/rosidl_generator_py/action_msgs/_action_msgs_s.ep.rosidl_typesupport_c.c.o[0m
[35.303s] [100%] [32m[1mLinking C shared module rosidl_generator_py/action_msgs/action_msgs_s__rosidl_typesupport_c.so[0m
[35.354s] [100%] Built target action_msgs_s__rosidl_typesupport_c
[35.382s] Invoked command in '/home/ohtoai/rust_ros_ws/build/action_msgs' returned '0': AMENT_PREFIX_PATH=/home/ohtoai/rust_ros_ws/install/service_msgs:/home/ohtoai/rust_ros_ws/install/unique_identifier_msgs:/home/ohtoai/rust_ros_ws/install/builtin_interfaces:/home/ohtoai/rust_ros_ws/install/rosidl_core_runtime:/home/ohtoai/rust_ros_ws/install/rosidl_core_generators:/home/ohtoai/rust_ros_ws/install/rosidl_generator_rs:/home/ohtoai/rust_ros_ws/install/rosidl_runtime_rs:${AMENT_PREFIX_PATH} CMAKE_PREFIX_PATH=/home/ohtoai/rust_ros_ws/install/service_msgs:/home/ohtoai/rust_ros_ws/install/unique_identifier_msgs:/home/ohtoai/rust_ros_ws/install/builtin_interfaces:/home/ohtoai/rust_ros_ws/install/rosidl_core_runtime:/home/ohtoai/rust_ros_ws/install/rosidl_core_generators:/home/ohtoai/rust_ros_ws/install/rosidl_generator_rs:/opt/ros/jazzy/opt/gz_math_vendor:/opt/ros/jazzy/opt/gz_utils_vendor:/opt/ros/jazzy/opt/gz_cmake_vendor:/opt/ros/jazzy DEBUGINFOD_URLS=https://debuginfod.ubuntu.com LD_LIBRARY_PATH=/home/ohtoai/rust_ros_ws/install/service_msgs/lib:/home/ohtoai/rust_ros_ws/install/unique_identifier_msgs/lib:/home/ohtoai/rust_ros_ws/install/builtin_interfaces/lib:${LD_LIBRARY_PATH} PYTHONPATH=/home/ohtoai/rust_ros_ws/install/service_msgs/lib/python3.12/site-packages:/home/ohtoai/rust_ros_ws/install/unique_identifier_msgs/lib/python3.12/site-packages:/home/ohtoai/rust_ros_ws/install/builtin_interfaces/lib/python3.12/site-packages:/home/ohtoai/rust_ros_ws/install/rosidl_generator_rs/lib/python3.12/site-packages:${PYTHONPATH} /usr/bin/cmake --build /home/ohtoai/rust_ros_ws/build/action_msgs -- -j2 -l2
[35.384s] Invoking command in '/home/ohtoai/rust_ros_ws/build/action_msgs': AMENT_PREFIX_PATH=/home/ohtoai/rust_ros_ws/install/service_msgs:/home/ohtoai/rust_ros_ws/install/unique_identifier_msgs:/home/ohtoai/rust_ros_ws/install/builtin_interfaces:/home/ohtoai/rust_ros_ws/install/rosidl_core_runtime:/home/ohtoai/rust_ros_ws/install/rosidl_core_generators:/home/ohtoai/rust_ros_ws/install/rosidl_generator_rs:/home/ohtoai/rust_ros_ws/install/rosidl_runtime_rs:${AMENT_PREFIX_PATH} CMAKE_PREFIX_PATH=/home/ohtoai/rust_ros_ws/install/service_msgs:/home/ohtoai/rust_ros_ws/install/unique_identifier_msgs:/home/ohtoai/rust_ros_ws/install/builtin_interfaces:/home/ohtoai/rust_ros_ws/install/rosidl_core_runtime:/home/ohtoai/rust_ros_ws/install/rosidl_core_generators:/home/ohtoai/rust_ros_ws/install/rosidl_generator_rs:/opt/ros/jazzy/opt/gz_math_vendor:/opt/ros/jazzy/opt/gz_utils_vendor:/opt/ros/jazzy/opt/gz_cmake_vendor:/opt/ros/jazzy DEBUGINFOD_URLS=https://debuginfod.ubuntu.com LD_LIBRARY_PATH=/home/ohtoai/rust_ros_ws/install/service_msgs/lib:/home/ohtoai/rust_ros_ws/install/unique_identifier_msgs/lib:/home/ohtoai/rust_ros_ws/install/builtin_interfaces/lib:${LD_LIBRARY_PATH} PYTHONPATH=/home/ohtoai/rust_ros_ws/install/service_msgs/lib/python3.12/site-packages:/home/ohtoai/rust_ros_ws/install/unique_identifier_msgs/lib/python3.12/site-packages:/home/ohtoai/rust_ros_ws/install/builtin_interfaces/lib/python3.12/site-packages:/home/ohtoai/rust_ros_ws/install/rosidl_generator_rs/lib/python3.12/site-packages:${PYTHONPATH} /usr/bin/cmake --install /home/ohtoai/rust_ros_ws/build/action_msgs
[35.416s] -- Install configuration: ""
[35.418s] -- Installing: /home/ohtoai/rust_ros_ws/install/action_msgs/share/ament_index/resource_index/rosidl_interfaces/action_msgs
[35.419s] -- Installing: /home/ohtoai/rust_ros_ws/install/action_msgs/share/action_msgs/msg/GoalInfo.json
[35.420s] -- Installing: /home/ohtoai/rust_ros_ws/install/action_msgs/share/action_msgs/msg/GoalStatus.json
[35.420s] -- Installing: /home/ohtoai/rust_ros_ws/install/action_msgs/share/action_msgs/msg/GoalStatusArray.json
[35.420s] -- Installing: /home/ohtoai/rust_ros_ws/install/action_msgs/share/action_msgs/srv/CancelGoal.json
[35.422s] -- Installing: /home/ohtoai/rust_ros_ws/install/action_msgs/include/action_msgs/action_msgs
[35.423s] -- Installing: /home/ohtoai/rust_ros_ws/install/action_msgs/include/action_msgs/action_msgs/msg
[35.423s] -- Installing: /home/ohtoai/rust_ros_ws/install/action_msgs/include/action_msgs/action_msgs/msg/detail
[35.424s] -- Installing: /home/ohtoai/rust_ros_ws/install/action_msgs/include/action_msgs/action_msgs/msg/detail/goal_status_array__struct.h
[35.425s] -- Installing: /home/ohtoai/rust_ros_ws/install/action_msgs/include/action_msgs/action_msgs/msg/detail/goal_status_array__functions.c
[35.425s] -- Installing: /home/ohtoai/rust_ros_ws/install/action_msgs/include/action_msgs/action_msgs/msg/detail/goal_status__struct.h
[35.425s] -- Installing: /home/ohtoai/rust_ros_ws/install/action_msgs/include/action_msgs/action_msgs/msg/detail/goal_info__description.c
[35.425s] -- Installing: /home/ohtoai/rust_ros_ws/install/action_msgs/include/action_msgs/action_msgs/msg/detail/goal_info__functions.h
[35.425s] -- Installing: /home/ohtoai/rust_ros_ws/install/action_msgs/include/action_msgs/action_msgs/msg/detail/goal_info__functions.c
[35.425s] -- Installing: /home/ohtoai/rust_ros_ws/install/action_msgs/include/action_msgs/action_msgs/msg/detail/goal_info__type_support.c
[35.425s] -- Installing: /home/ohtoai/rust_ros_ws/install/action_msgs/include/action_msgs/action_msgs/msg/detail/goal_status__type_support.h
[35.426s] -- Installing: /home/ohtoai/rust_ros_ws/install/action_msgs/include/action_msgs/action_msgs/msg/detail/goal_status__description.c
[35.426s] -- Installing: /home/ohtoai/rust_ros_ws/install/action_msgs/include/action_msgs/action_msgs/msg/detail/goal_info__type_support.h
[35.426s] -- Installing: /home/ohtoai/rust_ros_ws/install/action_msgs/include/action_msgs/action_msgs/msg/detail/goal_info__struct.h
[35.426s] -- Installing: /home/ohtoai/rust_ros_ws/install/action_msgs/include/action_msgs/action_msgs/msg/detail/goal_status__functions.h
[35.426s] -- Installing: /home/ohtoai/rust_ros_ws/install/action_msgs/include/action_msgs/action_msgs/msg/detail/goal_status__type_support.c
[35.426s] -- Installing: /home/ohtoai/rust_ros_ws/install/action_msgs/include/action_msgs/action_msgs/msg/detail/goal_status_array__functions.h
[35.426s] -- Installing: /home/ohtoai/rust_ros_ws/install/action_msgs/include/action_msgs/action_msgs/msg/detail/goal_status_array__type_support.c
[35.426s] -- Installing: /home/ohtoai/rust_ros_ws/install/action_msgs/include/action_msgs/action_msgs/msg/detail/goal_status_array__description.c
[35.426s] -- Installing: /home/ohtoai/rust_ros_ws/install/action_msgs/include/action_msgs/action_msgs/msg/detail/goal_status__functions.c
[35.426s] -- Installing: /home/ohtoai/rust_ros_ws/install/action_msgs/include/action_msgs/action_msgs/msg/detail/goal_status_array__type_support.h
[35.426s] -- Installing: /home/ohtoai/rust_ros_ws/install/action_msgs/include/action_msgs/action_msgs/msg/goal_status_array.h
[35.426s] -- Installing: /home/ohtoai/rust_ros_ws/install/action_msgs/include/action_msgs/action_msgs/msg/rosidl_generator_c__visibility_control.h
[35.426s] -- Installing: /home/ohtoai/rust_ros_ws/install/action_msgs/include/action_msgs/action_msgs/msg/goal_info.h
[35.426s] -- Installing: /home/ohtoai/rust_ros_ws/install/action_msgs/include/action_msgs/action_msgs/msg/goal_status.h
[35.426s] -- Installing: /home/ohtoai/rust_ros_ws/install/action_msgs/include/action_msgs/action_msgs/srv
[35.426s] -- Installing: /home/ohtoai/rust_ros_ws/install/action_msgs/include/action_msgs/action_msgs/srv/detail
[35.426s] -- Installing: /home/ohtoai/rust_ros_ws/install/action_msgs/include/action_msgs/action_msgs/srv/detail/cancel_goal__struct.h
[35.426s] -- Installing: /home/ohtoai/rust_ros_ws/install/action_msgs/include/action_msgs/action_msgs/srv/detail/cancel_goal__description.c
[35.426s] -- Installing: /home/ohtoai/rust_ros_ws/install/action_msgs/include/action_msgs/action_msgs/srv/detail/cancel_goal__type_support.h
[35.427s] -- Installing: /home/ohtoai/rust_ros_ws/install/action_msgs/include/action_msgs/action_msgs/srv/detail/cancel_goal__functions.h
[35.427s] -- Installing: /home/ohtoai/rust_ros_ws/install/action_msgs/include/action_msgs/action_msgs/srv/detail/cancel_goal__type_support.c
[35.427s] -- Installing: /home/ohtoai/rust_ros_ws/install/action_msgs/include/action_msgs/action_msgs/srv/detail/cancel_goal__functions.c
[35.428s] -- Installing: /home/ohtoai/rust_ros_ws/install/action_msgs/include/action_msgs/action_msgs/srv/cancel_goal.h
[35.428s] -- Installing: /home/ohtoai/rust_ros_ws/install/action_msgs/share/action_msgs/environment/library_path.sh
[35.428s] -- Installing: /home/ohtoai/rust_ros_ws/install/action_msgs/share/action_msgs/environment/library_path.dsv
[35.428s] -- Installing: /home/ohtoai/rust_ros_ws/install/action_msgs/lib/libaction_msgs__rosidl_generator_c.so
[35.428s] -- Set non-toolchain portion of runtime path of "/home/ohtoai/rust_ros_ws/install/action_msgs/lib/libaction_msgs__rosidl_generator_c.so" to ""
[35.428s] -- Up-to-date: /home/ohtoai/rust_ros_ws/install/action_msgs/include/action_msgs/action_msgs
[35.430s] -- Up-to-date: /home/ohtoai/rust_ros_ws/install/action_msgs/include/action_msgs/action_msgs/msg
[35.430s] -- Up-to-date: /home/ohtoai/rust_ros_ws/install/action_msgs/include/action_msgs/action_msgs/msg/detail
[35.430s] -- Installing: /home/ohtoai/rust_ros_ws/install/action_msgs/include/action_msgs/action_msgs/msg/detail/goal_info__rosidl_typesupport_fastrtps_c.h
[35.430s] -- Installing: /home/ohtoai/rust_ros_ws/install/action_msgs/include/action_msgs/action_msgs/msg/detail/goal_status_array__rosidl_typesupport_fastrtps_c.h
[35.430s] -- Installing: /home/ohtoai/rust_ros_ws/install/action_msgs/include/action_msgs/action_msgs/msg/detail/goal_status__rosidl_typesupport_fastrtps_c.h
[35.430s] -- Installing: /home/ohtoai/rust_ros_ws/install/action_msgs/include/action_msgs/action_msgs/msg/rosidl_typesupport_fastrtps_c__visibility_control.h
[35.430s] -- Up-to-date: /home/ohtoai/rust_ros_ws/install/action_msgs/include/action_msgs/action_msgs/srv
[35.431s] -- Up-to-date: /home/ohtoai/rust_ros_ws/install/action_msgs/include/action_msgs/action_msgs/srv/detail
[35.431s] -- Installing: /home/ohtoai/rust_ros_ws/install/action_msgs/include/action_msgs/action_msgs/srv/detail/cancel_goal__rosidl_typesupport_fastrtps_c.h
[35.431s] -- Installing: /home/ohtoai/rust_ros_ws/install/action_msgs/lib/libaction_msgs__rosidl_typesupport_fastrtps_c.so
[35.431s] -- Set non-toolchain portion of runtime path of "/home/ohtoai/rust_ros_ws/install/action_msgs/lib/libaction_msgs__rosidl_typesupport_fastrtps_c.so" to ""
[35.431s] -- Up-to-date: /home/ohtoai/rust_ros_ws/install/action_msgs/include/action_msgs/action_msgs
[35.431s] -- Up-to-date: /home/ohtoai/rust_ros_ws/install/action_msgs/include/action_msgs/action_msgs/msg
[35.431s] -- Installing: /home/ohtoai/rust_ros_ws/install/action_msgs/include/action_msgs/action_msgs/msg/goal_status.hpp
[35.431s] -- Installing: /home/ohtoai/rust_ros_ws/install/action_msgs/include/action_msgs/action_msgs/msg/goal_status_array.hpp
[35.431s] -- Up-to-date: /home/ohtoai/rust_ros_ws/install/action_msgs/include/action_msgs/action_msgs/msg/detail
[35.431s] -- Installing: /home/ohtoai/rust_ros_ws/install/action_msgs/include/action_msgs/action_msgs/msg/detail/goal_status__struct.hpp
[35.431s] -- Installing: /home/ohtoai/rust_ros_ws/install/action_msgs/include/action_msgs/action_msgs/msg/detail/goal_info__traits.hpp
[35.431s] -- Installing: /home/ohtoai/rust_ros_ws/install/action_msgs/include/action_msgs/action_msgs/msg/detail/goal_info__type_support.hpp
[35.431s] -- Installing: /home/ohtoai/rust_ros_ws/install/action_msgs/include/action_msgs/action_msgs/msg/detail/goal_status_array__traits.hpp
[35.431s] -- Installing: /home/ohtoai/rust_ros_ws/install/action_msgs/include/action_msgs/action_msgs/msg/detail/goal_status__traits.hpp
[35.439s] -- Installing: /home/ohtoai/rust_ros_ws/install/action_msgs/include/action_msgs/action_msgs/msg/detail/goal_info__builder.hpp
[35.439s] -- Installing: /home/ohtoai/rust_ros_ws/install/action_msgs/include/action_msgs/action_msgs/msg/detail/goal_status__builder.hpp
[35.440s] -- Installing: /home/ohtoai/rust_ros_ws/install/action_msgs/include/action_msgs/action_msgs/msg/detail/goal_info__struct.hpp
[35.440s] -- Installing: /home/ohtoai/rust_ros_ws/install/action_msgs/include/action_msgs/action_msgs/msg/detail/goal_status_array__type_support.hpp
[35.440s] -- Installing: /home/ohtoai/rust_ros_ws/install/action_msgs/include/action_msgs/action_msgs/msg/detail/goal_status_array__struct.hpp
[35.440s] -- Installing: /home/ohtoai/rust_ros_ws/install/action_msgs/include/action_msgs/action_msgs/msg/detail/goal_status__type_support.hpp
[35.440s] -- Installing: /home/ohtoai/rust_ros_ws/install/action_msgs/include/action_msgs/action_msgs/msg/detail/goal_status_array__builder.hpp
[35.440s] -- Installing: /home/ohtoai/rust_ros_ws/install/action_msgs/include/action_msgs/action_msgs/msg/rosidl_generator_cpp__visibility_control.hpp
[35.440s] -- Installing: /home/ohtoai/rust_ros_ws/install/action_msgs/include/action_msgs/action_msgs/msg/goal_info.hpp
[35.440s] -- Up-to-date: /home/ohtoai/rust_ros_ws/install/action_msgs/include/action_msgs/action_msgs/srv
[35.440s] -- Up-to-date: /home/ohtoai/rust_ros_ws/install/action_msgs/include/action_msgs/action_msgs/srv/detail
[35.440s] -- Installing: /home/ohtoai/rust_ros_ws/install/action_msgs/include/action_msgs/action_msgs/srv/detail/cancel_goal__struct.hpp
[35.441s] -- Installing: /home/ohtoai/rust_ros_ws/install/action_msgs/include/action_msgs/action_msgs/srv/detail/cancel_goal__type_support.hpp
[35.441s] -- Installing: /home/ohtoai/rust_ros_ws/install/action_msgs/include/action_msgs/action_msgs/srv/detail/cancel_goal__traits.hpp
[35.441s] -- Installing: /home/ohtoai/rust_ros_ws/install/action_msgs/include/action_msgs/action_msgs/srv/detail/cancel_goal__builder.hpp
[35.441s] -- Installing: /home/ohtoai/rust_ros_ws/install/action_msgs/include/action_msgs/action_msgs/srv/cancel_goal.hpp
[35.441s] -- Up-to-date: /home/ohtoai/rust_ros_ws/install/action_msgs/include/action_msgs/action_msgs
[35.441s] -- Up-to-date: /home/ohtoai/rust_ros_ws/install/action_msgs/include/action_msgs/action_msgs/msg
[35.441s] -- Up-to-date: /home/ohtoai/rust_ros_ws/install/action_msgs/include/action_msgs/action_msgs/msg/detail
[35.442s] -- Installing: /home/ohtoai/rust_ros_ws/install/action_msgs/include/action_msgs/action_msgs/msg/detail/dds_fastrtps
[35.442s] -- Installing: /home/ohtoai/rust_ros_ws/install/action_msgs/include/action_msgs/action_msgs/msg/detail/goal_info__rosidl_typesupport_fastrtps_cpp.hpp
[35.444s] -- Installing: /home/ohtoai/rust_ros_ws/install/action_msgs/include/action_msgs/action_msgs/msg/detail/goal_status__rosidl_typesupport_fastrtps_cpp.hpp
[35.444s] -- Installing: /home/ohtoai/rust_ros_ws/install/action_msgs/include/action_msgs/action_msgs/msg/detail/goal_status_array__rosidl_typesupport_fastrtps_cpp.hpp
[35.444s] -- Installing: /home/ohtoai/rust_ros_ws/install/action_msgs/include/action_msgs/action_msgs/msg/rosidl_typesupport_fastrtps_cpp__visibility_control.h
[35.444s] -- Up-to-date: /home/ohtoai/rust_ros_ws/install/action_msgs/include/action_msgs/action_msgs/srv
[35.444s] -- Up-to-date: /home/ohtoai/rust_ros_ws/install/action_msgs/include/action_msgs/action_msgs/srv/detail
[35.444s] -- Installing: /home/ohtoai/rust_ros_ws/install/action_msgs/include/action_msgs/action_msgs/srv/detail/cancel_goal__rosidl_typesupport_fastrtps_cpp.hpp
[35.444s] -- Installing: /home/ohtoai/rust_ros_ws/install/action_msgs/include/action_msgs/action_msgs/srv/detail/dds_fastrtps
[35.444s] -- Installing: /home/ohtoai/rust_ros_ws/install/action_msgs/lib/libaction_msgs__rosidl_typesupport_fastrtps_cpp.so
[35.444s] -- Set non-toolchain portion of runtime path of "/home/ohtoai/rust_ros_ws/install/action_msgs/lib/libaction_msgs__rosidl_typesupport_fastrtps_cpp.so" to ""
[35.445s] -- Up-to-date: /home/ohtoai/rust_ros_ws/install/action_msgs/include/action_msgs/action_msgs
[35.445s] -- Up-to-date: /home/ohtoai/rust_ros_ws/install/action_msgs/include/action_msgs/action_msgs/msg
[35.446s] -- Up-to-date: /home/ohtoai/rust_ros_ws/install/action_msgs/include/action_msgs/action_msgs/msg/detail
[35.446s] -- Installing: /home/ohtoai/rust_ros_ws/install/action_msgs/include/action_msgs/action_msgs/msg/detail/goal_status__rosidl_typesupport_introspection_c.h
[35.446s] -- Installing: /home/ohtoai/rust_ros_ws/install/action_msgs/include/action_msgs/action_msgs/msg/detail/goal_info__type_support.c
[35.446s] -- Installing: /home/ohtoai/rust_ros_ws/install/action_msgs/include/action_msgs/action_msgs/msg/detail/goal_status__type_support.c
[35.447s] -- Installing: /home/ohtoai/rust_ros_ws/install/action_msgs/include/action_msgs/action_msgs/msg/detail/goal_status_array__rosidl_typesupport_introspection_c.h
[35.447s] -- Installing: /home/ohtoai/rust_ros_ws/install/action_msgs/include/action_msgs/action_msgs/msg/detail/goal_status_array__type_support.c
[35.447s] -- Installing: /home/ohtoai/rust_ros_ws/install/action_msgs/include/action_msgs/action_msgs/msg/detail/goal_info__rosidl_typesupport_introspection_c.h
[35.447s] -- Installing: /home/ohtoai/rust_ros_ws/install/action_msgs/include/action_msgs/action_msgs/msg/rosidl_typesupport_introspection_c__visibility_control.h
[35.448s] -- Up-to-date: /home/ohtoai/rust_ros_ws/install/action_msgs/include/action_msgs/action_msgs/srv
[35.448s] -- Up-to-date: /home/ohtoai/rust_ros_ws/install/action_msgs/include/action_msgs/action_msgs/srv/detail
[35.448s] -- Installing: /home/ohtoai/rust_ros_ws/install/action_msgs/include/action_msgs/action_msgs/srv/detail/cancel_goal__rosidl_typesupport_introspection_c.h
[35.449s] -- Installing: /home/ohtoai/rust_ros_ws/install/action_msgs/include/action_msgs/action_msgs/srv/detail/cancel_goal__type_support.c
[35.449s] -- Installing: /home/ohtoai/rust_ros_ws/install/action_msgs/lib/libaction_msgs__rosidl_typesupport_introspection_c.so
[35.449s] -- Set non-toolchain portion of runtime path of "/home/ohtoai/rust_ros_ws/install/action_msgs/lib/libaction_msgs__rosidl_typesupport_introspection_c.so" to ""
[35.449s] -- Installing: /home/ohtoai/rust_ros_ws/install/action_msgs/lib/libaction_msgs__rosidl_typesupport_c.so
[35.449s] -- Set non-toolchain portion of runtime path of "/home/ohtoai/rust_ros_ws/install/action_msgs/lib/libaction_msgs__rosidl_typesupport_c.so" to ""
[35.449s] -- Up-to-date: /home/ohtoai/rust_ros_ws/install/action_msgs/include/action_msgs/action_msgs
[35.451s] -- Up-to-date: /home/ohtoai/rust_ros_ws/install/action_msgs/include/action_msgs/action_msgs/msg
[35.452s] -- Up-to-date: /home/ohtoai/rust_ros_ws/install/action_msgs/include/action_msgs/action_msgs/msg/detail
[35.452s] -- Installing: /home/ohtoai/rust_ros_ws/install/action_msgs/include/action_msgs/action_msgs/msg/detail/goal_info__type_support.cpp
[35.452s] -- Installing: /home/ohtoai/rust_ros_ws/install/action_msgs/include/action_msgs/action_msgs/msg/detail/goal_info__rosidl_typesupport_introspection_cpp.hpp
[35.452s] -- Installing: /home/ohtoai/rust_ros_ws/install/action_msgs/include/action_msgs/action_msgs/msg/detail/goal_status_array__type_support.cpp
[35.452s] -- Installing: /home/ohtoai/rust_ros_ws/install/action_msgs/include/action_msgs/action_msgs/msg/detail/goal_status_array__rosidl_typesupport_introspection_cpp.hpp
[35.452s] -- Installing: /home/ohtoai/rust_ros_ws/install/action_msgs/include/action_msgs/action_msgs/msg/detail/goal_status__type_support.cpp
[35.452s] -- Installing: /home/ohtoai/rust_ros_ws/install/action_msgs/include/action_msgs/action_msgs/msg/detail/goal_status__rosidl_typesupport_introspection_cpp.hpp
[35.452s] -- Up-to-date: /home/ohtoai/rust_ros_ws/install/action_msgs/include/action_msgs/action_msgs/srv
[35.452s] -- Up-to-date: /home/ohtoai/rust_ros_ws/install/action_msgs/include/action_msgs/action_msgs/srv/detail
[35.452s] -- Installing: /home/ohtoai/rust_ros_ws/install/action_msgs/include/action_msgs/action_msgs/srv/detail/cancel_goal__type_support.cpp
[35.452s] -- Installing: /home/ohtoai/rust_ros_ws/install/action_msgs/include/action_msgs/action_msgs/srv/detail/cancel_goal__rosidl_typesupport_introspection_cpp.hpp
[35.453s] -- Installing: /home/ohtoai/rust_ros_ws/install/action_msgs/lib/libaction_msgs__rosidl_typesupport_introspection_cpp.so
[35.457s] -- Set non-toolchain portion of runtime path of "/home/ohtoai/rust_ros_ws/install/action_msgs/lib/libaction_msgs__rosidl_typesupport_introspection_cpp.so" to ""
[35.457s] -- Installing: /home/ohtoai/rust_ros_ws/install/action_msgs/lib/libaction_msgs__rosidl_typesupport_cpp.so
[35.458s] -- Set non-toolchain portion of runtime path of "/home/ohtoai/rust_ros_ws/install/action_msgs/lib/libaction_msgs__rosidl_typesupport_cpp.so" to ""
[35.458s] -- Installing: /home/ohtoai/rust_ros_ws/install/action_msgs/share/ament_index/resource_index/rust_packages/action_msgs
[35.459s] -- Installing: /home/ohtoai/rust_ros_ws/install/action_msgs/share/action_msgs/rust
[35.459s] -- Installing: /home/ohtoai/rust_ros_ws/install/action_msgs/share/action_msgs/rust/build.rs
[35.459s] -- Installing: /home/ohtoai/rust_ros_ws/install/action_msgs/share/action_msgs/rust/Cargo.toml
[35.459s] -- Installing: /home/ohtoai/rust_ros_ws/install/action_msgs/share/action_msgs/rust/src
[35.461s] -- Installing: /home/ohtoai/rust_ros_ws/install/action_msgs/share/action_msgs/rust/src/msg.rs
[35.461s] -- Installing: /home/ohtoai/rust_ros_ws/install/action_msgs/share/action_msgs/rust/src/srv.rs
[35.461s] -- Installing: /home/ohtoai/rust_ros_ws/install/action_msgs/share/action_msgs/rust/src/lib.rs
[35.462s] -- Installing: /home/ohtoai/rust_ros_ws/install/action_msgs/share/action_msgs/environment/pythonpath.sh
[35.462s] -- Installing: /home/ohtoai/rust_ros_ws/install/action_msgs/share/action_msgs/environment/pythonpath.dsv
[35.462s] -- Installing: /home/ohtoai/rust_ros_ws/install/action_msgs/lib/python3.12/site-packages/action_msgs-2.0.2-py3.12.egg-info
[35.462s] -- Installing: /home/ohtoai/rust_ros_ws/install/action_msgs/lib/python3.12/site-packages/action_msgs-2.0.2-py3.12.egg-info/PKG-INFO
[35.462s] -- Installing: /home/ohtoai/rust_ros_ws/install/action_msgs/lib/python3.12/site-packages/action_msgs-2.0.2-py3.12.egg-info/top_level.txt
[35.462s] -- Installing: /home/ohtoai/rust_ros_ws/install/action_msgs/lib/python3.12/site-packages/action_msgs-2.0.2-py3.12.egg-info/SOURCES.txt
[35.462s] -- Installing: /home/ohtoai/rust_ros_ws/install/action_msgs/lib/python3.12/site-packages/action_msgs-2.0.2-py3.12.egg-info/dependency_links.txt
[35.462s] -- Installing: /home/ohtoai/rust_ros_ws/install/action_msgs/lib/python3.12/site-packages/action_msgs
[35.462s] -- Installing: /home/ohtoai/rust_ros_ws/install/action_msgs/lib/python3.12/site-packages/action_msgs/action_msgs_s__rosidl_typesupport_introspection_c.so
[35.464s] -- Installing: /home/ohtoai/rust_ros_ws/install/action_msgs/lib/python3.12/site-packages/action_msgs/_action_msgs_s.ep.rosidl_typesupport_fastrtps_c.c
[35.464s] -- Installing: /home/ohtoai/rust_ros_ws/install/action_msgs/lib/python3.12/site-packages/action_msgs/msg
[35.464s] -- Installing: /home/ohtoai/rust_ros_ws/install/action_msgs/lib/python3.12/site-packages/action_msgs/msg/_goal_info.py
[35.464s] -- Installing: /home/ohtoai/rust_ros_ws/install/action_msgs/lib/python3.12/site-packages/action_msgs/msg/_goal_status.py
[35.464s] -- Installing: /home/ohtoai/rust_ros_ws/install/action_msgs/lib/python3.12/site-packages/action_msgs/msg/_goal_info_s.c
[35.464s] -- Installing: /home/ohtoai/rust_ros_ws/install/action_msgs/lib/python3.12/site-packages/action_msgs/msg/_goal_status_s.c
[35.466s] -- Installing: /home/ohtoai/rust_ros_ws/install/action_msgs/lib/python3.12/site-packages/action_msgs/msg/_goal_status_array.py
[35.466s] -- Installing: /home/ohtoai/rust_ros_ws/install/action_msgs/lib/python3.12/site-packages/action_msgs/msg/_goal_status_array_s.c
[35.466s] -- Installing: /home/ohtoai/rust_ros_ws/install/action_msgs/lib/python3.12/site-packages/action_msgs/msg/__init__.py
[35.469s] -- Installing: /home/ohtoai/rust_ros_ws/install/action_msgs/lib/python3.12/site-packages/action_msgs/_action_msgs_s.ep.rosidl_typesupport_introspection_c.c
[35.469s] -- Installing: /home/ohtoai/rust_ros_ws/install/action_msgs/lib/python3.12/site-packages/action_msgs/srv
[35.469s] -- Installing: /home/ohtoai/rust_ros_ws/install/action_msgs/lib/python3.12/site-packages/action_msgs/srv/_cancel_goal_s.c
[35.469s] -- Installing: /home/ohtoai/rust_ros_ws/install/action_msgs/lib/python3.12/site-packages/action_msgs/srv/_cancel_goal.py
[35.469s] -- Installing: /home/ohtoai/rust_ros_ws/install/action_msgs/lib/python3.12/site-packages/action_msgs/srv/__init__.py
[35.469s] -- Installing: /home/ohtoai/rust_ros_ws/install/action_msgs/lib/python3.12/site-packages/action_msgs/action_msgs_s__rosidl_typesupport_c.so
[35.471s] -- Installing: /home/ohtoai/rust_ros_ws/install/action_msgs/lib/python3.12/site-packages/action_msgs/action_msgs_s__rosidl_typesupport_fastrtps_c.so
[35.471s] -- Installing: /home/ohtoai/rust_ros_ws/install/action_msgs/lib/python3.12/site-packages/action_msgs/_action_msgs_s.ep.rosidl_typesupport_c.c
[35.472s] -- Installing: /home/ohtoai/rust_ros_ws/install/action_msgs/lib/python3.12/site-packages/action_msgs/__init__.py
[35.552s] Listing '/home/ohtoai/rust_ros_ws/install/action_msgs/lib/python3.12/site-packages/action_msgs'...
[35.553s] Compiling '/home/ohtoai/rust_ros_ws/install/action_msgs/lib/python3.12/site-packages/action_msgs/__init__.py'...
[35.553s] Listing '/home/ohtoai/rust_ros_ws/install/action_msgs/lib/python3.12/site-packages/action_msgs/msg'...
[35.553s] Compiling '/home/ohtoai/rust_ros_ws/install/action_msgs/lib/python3.12/site-packages/action_msgs/msg/__init__.py'...
[35.553s] Compiling '/home/ohtoai/rust_ros_ws/install/action_msgs/lib/python3.12/site-packages/action_msgs/msg/_goal_info.py'...
[35.553s] Compiling '/home/ohtoai/rust_ros_ws/install/action_msgs/lib/python3.12/site-packages/action_msgs/msg/_goal_status.py'...
[35.553s] Compiling '/home/ohtoai/rust_ros_ws/install/action_msgs/lib/python3.12/site-packages/action_msgs/msg/_goal_status_array.py'...
[35.553s] Listing '/home/ohtoai/rust_ros_ws/install/action_msgs/lib/python3.12/site-packages/action_msgs/srv'...
[35.553s] Compiling '/home/ohtoai/rust_ros_ws/install/action_msgs/lib/python3.12/site-packages/action_msgs/srv/__init__.py'...
[35.553s] Compiling '/home/ohtoai/rust_ros_ws/install/action_msgs/lib/python3.12/site-packages/action_msgs/srv/_cancel_goal.py'...
[35.563s] -- Installing: /home/ohtoai/rust_ros_ws/install/action_msgs/lib/python3.12/site-packages/action_msgs/action_msgs_s__rosidl_typesupport_fastrtps_c.so
[35.563s] -- Set non-toolchain portion of runtime path of "/home/ohtoai/rust_ros_ws/install/action_msgs/lib/python3.12/site-packages/action_msgs/action_msgs_s__rosidl_typesupport_fastrtps_c.so" to ""
[35.564s] -- Installing: /home/ohtoai/rust_ros_ws/install/action_msgs/lib/python3.12/site-packages/action_msgs/action_msgs_s__rosidl_typesupport_introspection_c.so
[35.564s] -- Set non-toolchain portion of runtime path of "/home/ohtoai/rust_ros_ws/install/action_msgs/lib/python3.12/site-packages/action_msgs/action_msgs_s__rosidl_typesupport_introspection_c.so" to ""
[35.564s] -- Installing: /home/ohtoai/rust_ros_ws/install/action_msgs/lib/python3.12/site-packages/action_msgs/action_msgs_s__rosidl_typesupport_c.so
[35.567s] -- Set non-toolchain portion of runtime path of "/home/ohtoai/rust_ros_ws/install/action_msgs/lib/python3.12/site-packages/action_msgs/action_msgs_s__rosidl_typesupport_c.so" to ""
[35.567s] -- Installing: /home/ohtoai/rust_ros_ws/install/action_msgs/lib/libaction_msgs__rosidl_generator_py.so
[35.567s] -- Set non-toolchain portion of runtime path of "/home/ohtoai/rust_ros_ws/install/action_msgs/lib/libaction_msgs__rosidl_generator_py.so" to ""
[35.567s] -- Installing: /home/ohtoai/rust_ros_ws/install/action_msgs/share/action_msgs/msg/GoalInfo.idl
[35.567s] -- Installing: /home/ohtoai/rust_ros_ws/install/action_msgs/share/action_msgs/msg/GoalStatus.idl
[35.567s] -- Installing: /home/ohtoai/rust_ros_ws/install/action_msgs/share/action_msgs/msg/GoalStatusArray.idl
[35.568s] -- Installing: /home/ohtoai/rust_ros_ws/install/action_msgs/share/action_msgs/srv/CancelGoal.idl
[35.569s] -- Installing: /home/ohtoai/rust_ros_ws/install/action_msgs/share/action_msgs/msg/GoalInfo.msg
[35.569s] -- Installing: /home/ohtoai/rust_ros_ws/install/action_msgs/share/action_msgs/msg/GoalStatus.msg
[35.575s] -- Installing: /home/ohtoai/rust_ros_ws/install/action_msgs/share/action_msgs/msg/GoalStatusArray.msg
[35.575s] -- Installing: /home/ohtoai/rust_ros_ws/install/action_msgs/share/action_msgs/srv/CancelGoal.srv
[35.575s] -- Installing: /home/ohtoai/rust_ros_ws/install/action_msgs/share/ament_index/resource_index/package_run_dependencies/action_msgs
[35.575s] -- Installing: /home/ohtoai/rust_ros_ws/install/action_msgs/share/ament_index/resource_index/parent_prefix_path/action_msgs
[35.575s] -- Installing: /home/ohtoai/rust_ros_ws/install/action_msgs/share/action_msgs/environment/ament_prefix_path.sh
[35.575s] -- Installing: /home/ohtoai/rust_ros_ws/install/action_msgs/share/action_msgs/environment/ament_prefix_path.dsv
[35.575s] -- Installing: /home/ohtoai/rust_ros_ws/install/action_msgs/share/action_msgs/environment/path.sh
[35.575s] -- Installing: /home/ohtoai/rust_ros_ws/install/action_msgs/share/action_msgs/environment/path.dsv
[35.575s] -- Installing: /home/ohtoai/rust_ros_ws/install/action_msgs/share/action_msgs/local_setup.bash
[35.575s] -- Installing: /home/ohtoai/rust_ros_ws/install/action_msgs/share/action_msgs/local_setup.sh
[35.575s] -- Installing: /home/ohtoai/rust_ros_ws/install/action_msgs/share/action_msgs/local_setup.zsh
[35.575s] -- Installing: /home/ohtoai/rust_ros_ws/install/action_msgs/share/action_msgs/local_setup.dsv
[35.575s] -- Installing: /home/ohtoai/rust_ros_ws/install/action_msgs/share/action_msgs/package.dsv
[35.576s] -- Installing: /home/ohtoai/rust_ros_ws/install/action_msgs/share/ament_index/resource_index/packages/action_msgs
[35.576s] -- Installing: /home/ohtoai/rust_ros_ws/install/action_msgs/share/action_msgs/cmake/export_action_msgs__rosidl_generator_cExport.cmake
[35.576s] -- Installing: /home/ohtoai/rust_ros_ws/install/action_msgs/share/action_msgs/cmake/export_action_msgs__rosidl_generator_cExport-noconfig.cmake
[35.576s] -- Installing: /home/ohtoai/rust_ros_ws/install/action_msgs/share/action_msgs/cmake/export_action_msgs__rosidl_typesupport_fastrtps_cExport.cmake
[35.576s] -- Installing: /home/ohtoai/rust_ros_ws/install/action_msgs/share/action_msgs/cmake/export_action_msgs__rosidl_typesupport_fastrtps_cExport-noconfig.cmake
[35.577s] -- Installing: /home/ohtoai/rust_ros_ws/install/action_msgs/share/action_msgs/cmake/export_action_msgs__rosidl_generator_cppExport.cmake
[35.577s] -- Installing: /home/ohtoai/rust_ros_ws/install/action_msgs/share/action_msgs/cmake/export_action_msgs__rosidl_typesupport_fastrtps_cppExport.cmake
[35.577s] -- Installing: /home/ohtoai/rust_ros_ws/install/action_msgs/share/action_msgs/cmake/export_action_msgs__rosidl_typesupport_fastrtps_cppExport-noconfig.cmake
[35.581s] -- Installing: /home/ohtoai/rust_ros_ws/install/action_msgs/share/action_msgs/cmake/action_msgs__rosidl_typesupport_introspection_cExport.cmake
[35.583s] -- Installing: /home/ohtoai/rust_ros_ws/install/action_msgs/share/action_msgs/cmake/action_msgs__rosidl_typesupport_introspection_cExport-noconfig.cmake
[35.583s] -- Installing: /home/ohtoai/rust_ros_ws/install/action_msgs/share/action_msgs/cmake/action_msgs__rosidl_typesupport_cExport.cmake
[35.583s] -- Installing: /home/ohtoai/rust_ros_ws/install/action_msgs/share/action_msgs/cmake/action_msgs__rosidl_typesupport_cExport-noconfig.cmake
[35.583s] -- Installing: /home/ohtoai/rust_ros_ws/install/action_msgs/share/action_msgs/cmake/action_msgs__rosidl_typesupport_introspection_cppExport.cmake
[35.583s] -- Installing: /home/ohtoai/rust_ros_ws/install/action_msgs/share/action_msgs/cmake/action_msgs__rosidl_typesupport_introspection_cppExport-noconfig.cmake
[35.584s] -- Installing: /home/ohtoai/rust_ros_ws/install/action_msgs/share/action_msgs/cmake/action_msgs__rosidl_typesupport_cppExport.cmake
[35.584s] -- Installing: /home/ohtoai/rust_ros_ws/install/action_msgs/share/action_msgs/cmake/action_msgs__rosidl_typesupport_cppExport-noconfig.cmake
[35.584s] -- Installing: /home/ohtoai/rust_ros_ws/install/action_msgs/share/action_msgs/cmake/export_action_msgs__rosidl_generator_pyExport.cmake
[35.584s] -- Installing: /home/ohtoai/rust_ros_ws/install/action_msgs/share/action_msgs/cmake/export_action_msgs__rosidl_generator_pyExport-noconfig.cmake
[35.584s] -- Installing: /home/ohtoai/rust_ros_ws/install/action_msgs/share/action_msgs/cmake/rosidl_cmake-extras.cmake
[35.584s] -- Installing: /home/ohtoai/rust_ros_ws/install/action_msgs/share/action_msgs/cmake/ament_cmake_export_dependencies-extras.cmake
[35.584s] -- Installing: /home/ohtoai/rust_ros_ws/install/action_msgs/share/action_msgs/cmake/ament_cmake_export_include_directories-extras.cmake
[35.585s] -- Installing: /home/ohtoai/rust_ros_ws/install/action_msgs/share/action_msgs/cmake/ament_cmake_export_libraries-extras.cmake
[35.585s] -- Installing: /home/ohtoai/rust_ros_ws/install/action_msgs/share/action_msgs/cmake/ament_cmake_export_targets-extras.cmake
[35.585s] -- Installing: /home/ohtoai/rust_ros_ws/install/action_msgs/share/action_msgs/cmake/rosidl_cmake_export_typesupport_targets-extras.cmake
[35.585s] -- Installing: /home/ohtoai/rust_ros_ws/install/action_msgs/share/action_msgs/cmake/rosidl_cmake_export_typesupport_libraries-extras.cmake
[35.585s] -- Installing: /home/ohtoai/rust_ros_ws/install/action_msgs/share/action_msgs/cmake/action_msgsConfig.cmake
[35.585s] -- Installing: /home/ohtoai/rust_ros_ws/install/action_msgs/share/action_msgs/cmake/action_msgsConfig-version.cmake
[35.585s] -- Installing: /home/ohtoai/rust_ros_ws/install/action_msgs/share/action_msgs/package.xml
[35.591s] Invoked command in '/home/ohtoai/rust_ros_ws/build/action_msgs' returned '0': AMENT_PREFIX_PATH=/home/ohtoai/rust_ros_ws/install/service_msgs:/home/ohtoai/rust_ros_ws/install/unique_identifier_msgs:/home/ohtoai/rust_ros_ws/install/builtin_interfaces:/home/ohtoai/rust_ros_ws/install/rosidl_core_runtime:/home/ohtoai/rust_ros_ws/install/rosidl_core_generators:/home/ohtoai/rust_ros_ws/install/rosidl_generator_rs:/home/ohtoai/rust_ros_ws/install/rosidl_runtime_rs:${AMENT_PREFIX_PATH} CMAKE_PREFIX_PATH=/home/ohtoai/rust_ros_ws/install/service_msgs:/home/ohtoai/rust_ros_ws/install/unique_identifier_msgs:/home/ohtoai/rust_ros_ws/install/builtin_interfaces:/home/ohtoai/rust_ros_ws/install/rosidl_core_runtime:/home/ohtoai/rust_ros_ws/install/rosidl_core_generators:/home/ohtoai/rust_ros_ws/install/rosidl_generator_rs:/opt/ros/jazzy/opt/gz_math_vendor:/opt/ros/jazzy/opt/gz_utils_vendor:/opt/ros/jazzy/opt/gz_cmake_vendor:/opt/ros/jazzy DEBUGINFOD_URLS=https://debuginfod.ubuntu.com LD_LIBRARY_PATH=/home/ohtoai/rust_ros_ws/install/service_msgs/lib:/home/ohtoai/rust_ros_ws/install/unique_identifier_msgs/lib:/home/ohtoai/rust_ros_ws/install/builtin_interfaces/lib:${LD_LIBRARY_PATH} PYTHONPATH=/home/ohtoai/rust_ros_ws/install/service_msgs/lib/python3.12/site-packages:/home/ohtoai/rust_ros_ws/install/unique_identifier_msgs/lib/python3.12/site-packages:/home/ohtoai/rust_ros_ws/install/builtin_interfaces/lib/python3.12/site-packages:/home/ohtoai/rust_ros_ws/install/rosidl_generator_rs/lib/python3.12/site-packages:${PYTHONPATH} /usr/bin/cmake --install /home/ohtoai/rust_ros_ws/build/action_msgs
