[0.056s] Invoking command in '/home/ohtoai/rust_ros_ws/build/lifecycle_msgs': AMENT_PREFIX_PATH=/home/ohtoai/rust_ros_ws/install/rosidl_default_runtime:/home/ohtoai/rust_ros_ws/install/rosidl_default_generators:/home/ohtoai/rust_ros_ws/install/action_msgs:/home/ohtoai/rust_ros_ws/install/service_msgs:/home/ohtoai/rust_ros_ws/install/unique_identifier_msgs:/home/ohtoai/rust_ros_ws/install/builtin_interfaces:/home/ohtoai/rust_ros_ws/install/rosidl_core_runtime:/home/ohtoai/rust_ros_ws/install/rosidl_core_generators:/home/ohtoai/rust_ros_ws/install/rosidl_generator_rs:/home/ohtoai/rust_ros_ws/install/rosidl_runtime_rs:${AMENT_PREFIX_PATH} CMAKE_PREFIX_PATH=/home/ohtoai/rust_ros_ws/install/rosidl_default_runtime:/home/ohtoai/rust_ros_ws/install/rosidl_default_generators:/home/ohtoai/rust_ros_ws/install/action_msgs:/home/ohtoai/rust_ros_ws/install/service_msgs:/home/ohtoai/rust_ros_ws/install/unique_identifier_msgs:/home/ohtoai/rust_ros_ws/install/builtin_interfaces:/home/ohtoai/rust_ros_ws/install/rosidl_core_runtime:/home/ohtoai/rust_ros_ws/install/rosidl_core_generators:/home/ohtoai/rust_ros_ws/install/rosidl_generator_rs:/opt/ros/jazzy/opt/gz_math_vendor:/opt/ros/jazzy/opt/gz_utils_vendor:/opt/ros/jazzy/opt/gz_cmake_vendor:/opt/ros/jazzy DEBUGINFOD_URLS=https://debuginfod.ubuntu.com LD_LIBRARY_PATH=/home/ohtoai/rust_ros_ws/install/action_msgs/lib:/home/ohtoai/rust_ros_ws/install/service_msgs/lib:/home/ohtoai/rust_ros_ws/install/unique_identifier_msgs/lib:/home/ohtoai/rust_ros_ws/install/builtin_interfaces/lib:${LD_LIBRARY_PATH} PYTHONPATH=/home/ohtoai/rust_ros_ws/install/action_msgs/lib/python3.12/site-packages:/home/ohtoai/rust_ros_ws/install/service_msgs/lib/python3.12/site-packages:/home/ohtoai/rust_ros_ws/install/unique_identifier_msgs/lib/python3.12/site-packages:/home/ohtoai/rust_ros_ws/install/builtin_interfaces/lib/python3.12/site-packages:/home/ohtoai/rust_ros_ws/install/rosidl_generator_rs/lib/python3.12/site-packages:${PYTHONPATH} /usr/bin/cmake /home/ohtoai/rust_ros_ws/src/ros2/rcl_interfaces/lifecycle_msgs -DCMAKE_INSTALL_PREFIX=/home/ohtoai/rust_ros_ws/install/lifecycle_msgs
[0.148s] -- The C compiler identification is GNU 13.3.0
[0.230s] -- The CXX compiler identification is GNU 13.3.0
[0.272s] -- Detecting C compiler ABI info
[0.423s] -- Detecting C compiler ABI info - done
[0.430s] -- Check for working C compiler: /usr/bin/cc - skipped
[0.431s] -- Detecting C compile features
[0.431s] -- Detecting C compile features - done
[0.443s] -- Detecting CXX compiler ABI info
[0.571s] -- Detecting CXX compiler ABI info - done
[0.578s] -- Check for working CXX compiler: /usr/bin/c++ - skipped
[0.578s] -- Detecting CXX compile features
[0.579s] -- Detecting CXX compile features - done
[0.581s] -- Found ament_cmake: 2.5.3 (/opt/ros/jazzy/share/ament_cmake/cmake)
[0.823s] -- Found Python3: /usr/bin/python3 (found version "3.12.3") found components: Interpreter 
[0.954s] -- Found rosidl_default_generators: 1.6.0 (/home/ohtoai/rust_ros_ws/install/rosidl_default_generators/share/rosidl_default_generators/cmake)
[0.975s] -- Using all available rosidl_typesupport_c: rosidl_typesupport_fastrtps_c;rosidl_typesupport_introspection_c
[1.095s] -- Using all available rosidl_typesupport_cpp: rosidl_typesupport_fastrtps_cpp;rosidl_typesupport_introspection_cpp
[1.151s] -- Found rosidl_adapter: 4.6.5 (/opt/ros/jazzy/share/rosidl_adapter/cmake)
[2.052s] -- Found ament_cmake_cppcheck: 0.17.1 (/opt/ros/jazzy/share/ament_cmake_cppcheck/cmake)
[2.054s] -- Found ament_cmake_cpplint: 0.17.1 (/opt/ros/jazzy/share/ament_cmake_cpplint/cmake)
[2.058s] -- Found ament_cmake_uncrustify: 0.17.1 (/opt/ros/jazzy/share/ament_cmake_uncrustify/cmake)
[2.061s] -- Found ament_cmake_ros: 0.12.0 (/opt/ros/jazzy/share/ament_cmake_ros/cmake)
[2.857s] -- Using all available rosidl_typesupport_c: rosidl_typesupport_fastrtps_c;rosidl_typesupport_introspection_c
[3.861s] -- Using all available rosidl_typesupport_cpp: rosidl_typesupport_fastrtps_cpp;rosidl_typesupport_introspection_cpp
[3.869s] -- Found python_cmake_module: 0.11.1 (/opt/ros/jazzy/share/python_cmake_module/cmake)
[4.114s] -- Found PythonExtra: /usr/bin/python3  
[4.895s] -- Found Python3: /usr/bin/python3 (found version "3.12.3") found components: Interpreter Development NumPy Development.Module Development.Embed 
[4.948s] -- Found ament_cmake_flake8: 0.17.1 (/opt/ros/jazzy/share/ament_cmake_flake8/cmake)
[4.956s] -- Found ament_cmake_pep257: 0.17.1 (/opt/ros/jazzy/share/ament_cmake_pep257/cmake)
[4.964s] -- Found ament_lint_auto: 0.17.1 (/opt/ros/jazzy/share/ament_lint_auto/cmake)
[4.993s] -- Added test 'copyright' to check source files copyright and LICENSE
[4.994s] -- Added test 'lint_cmake' to check CMake code style
[4.994s] -- Added test 'xmllint' to check XML markup files
[4.997s] -- Configuring done (4.9s)
[5.085s] -- Generating done (0.1s)
[5.101s] -- Build files have been written to: /home/ohtoai/rust_ros_ws/build/lifecycle_msgs
[5.115s] Invoked command in '/home/ohtoai/rust_ros_ws/build/lifecycle_msgs' returned '0': AMENT_PREFIX_PATH=/home/ohtoai/rust_ros_ws/install/rosidl_default_runtime:/home/ohtoai/rust_ros_ws/install/rosidl_default_generators:/home/ohtoai/rust_ros_ws/install/action_msgs:/home/ohtoai/rust_ros_ws/install/service_msgs:/home/ohtoai/rust_ros_ws/install/unique_identifier_msgs:/home/ohtoai/rust_ros_ws/install/builtin_interfaces:/home/ohtoai/rust_ros_ws/install/rosidl_core_runtime:/home/ohtoai/rust_ros_ws/install/rosidl_core_generators:/home/ohtoai/rust_ros_ws/install/rosidl_generator_rs:/home/ohtoai/rust_ros_ws/install/rosidl_runtime_rs:${AMENT_PREFIX_PATH} CMAKE_PREFIX_PATH=/home/ohtoai/rust_ros_ws/install/rosidl_default_runtime:/home/ohtoai/rust_ros_ws/install/rosidl_default_generators:/home/ohtoai/rust_ros_ws/install/action_msgs:/home/ohtoai/rust_ros_ws/install/service_msgs:/home/ohtoai/rust_ros_ws/install/unique_identifier_msgs:/home/ohtoai/rust_ros_ws/install/builtin_interfaces:/home/ohtoai/rust_ros_ws/install/rosidl_core_runtime:/home/ohtoai/rust_ros_ws/install/rosidl_core_generators:/home/ohtoai/rust_ros_ws/install/rosidl_generator_rs:/opt/ros/jazzy/opt/gz_math_vendor:/opt/ros/jazzy/opt/gz_utils_vendor:/opt/ros/jazzy/opt/gz_cmake_vendor:/opt/ros/jazzy DEBUGINFOD_URLS=https://debuginfod.ubuntu.com LD_LIBRARY_PATH=/home/ohtoai/rust_ros_ws/install/action_msgs/lib:/home/ohtoai/rust_ros_ws/install/service_msgs/lib:/home/ohtoai/rust_ros_ws/install/unique_identifier_msgs/lib:/home/ohtoai/rust_ros_ws/install/builtin_interfaces/lib:${LD_LIBRARY_PATH} PYTHONPATH=/home/ohtoai/rust_ros_ws/install/action_msgs/lib/python3.12/site-packages:/home/ohtoai/rust_ros_ws/install/service_msgs/lib/python3.12/site-packages:/home/ohtoai/rust_ros_ws/install/unique_identifier_msgs/lib/python3.12/site-packages:/home/ohtoai/rust_ros_ws/install/builtin_interfaces/lib/python3.12/site-packages:/home/ohtoai/rust_ros_ws/install/rosidl_generator_rs/lib/python3.12/site-packages:${PYTHONPATH} /usr/bin/cmake /home/ohtoai/rust_ros_ws/src/ros2/rcl_interfaces/lifecycle_msgs -DCMAKE_INSTALL_PREFIX=/home/ohtoai/rust_ros_ws/install/lifecycle_msgs
[5.115s] Invoking command in '/home/ohtoai/rust_ros_ws/build/lifecycle_msgs': AMENT_PREFIX_PATH=/home/ohtoai/rust_ros_ws/install/rosidl_default_runtime:/home/ohtoai/rust_ros_ws/install/rosidl_default_generators:/home/ohtoai/rust_ros_ws/install/action_msgs:/home/ohtoai/rust_ros_ws/install/service_msgs:/home/ohtoai/rust_ros_ws/install/unique_identifier_msgs:/home/ohtoai/rust_ros_ws/install/builtin_interfaces:/home/ohtoai/rust_ros_ws/install/rosidl_core_runtime:/home/ohtoai/rust_ros_ws/install/rosidl_core_generators:/home/ohtoai/rust_ros_ws/install/rosidl_generator_rs:/home/ohtoai/rust_ros_ws/install/rosidl_runtime_rs:${AMENT_PREFIX_PATH} CMAKE_PREFIX_PATH=/home/ohtoai/rust_ros_ws/install/rosidl_default_runtime:/home/ohtoai/rust_ros_ws/install/rosidl_default_generators:/home/ohtoai/rust_ros_ws/install/action_msgs:/home/ohtoai/rust_ros_ws/install/service_msgs:/home/ohtoai/rust_ros_ws/install/unique_identifier_msgs:/home/ohtoai/rust_ros_ws/install/builtin_interfaces:/home/ohtoai/rust_ros_ws/install/rosidl_core_runtime:/home/ohtoai/rust_ros_ws/install/rosidl_core_generators:/home/ohtoai/rust_ros_ws/install/rosidl_generator_rs:/opt/ros/jazzy/opt/gz_math_vendor:/opt/ros/jazzy/opt/gz_utils_vendor:/opt/ros/jazzy/opt/gz_cmake_vendor:/opt/ros/jazzy DEBUGINFOD_URLS=https://debuginfod.ubuntu.com LD_LIBRARY_PATH=/home/ohtoai/rust_ros_ws/install/action_msgs/lib:/home/ohtoai/rust_ros_ws/install/service_msgs/lib:/home/ohtoai/rust_ros_ws/install/unique_identifier_msgs/lib:/home/ohtoai/rust_ros_ws/install/builtin_interfaces/lib:${LD_LIBRARY_PATH} PYTHONPATH=/home/ohtoai/rust_ros_ws/install/action_msgs/lib/python3.12/site-packages:/home/ohtoai/rust_ros_ws/install/service_msgs/lib/python3.12/site-packages:/home/ohtoai/rust_ros_ws/install/unique_identifier_msgs/lib/python3.12/site-packages:/home/ohtoai/rust_ros_ws/install/builtin_interfaces/lib/python3.12/site-packages:/home/ohtoai/rust_ros_ws/install/rosidl_generator_rs/lib/python3.12/site-packages:${PYTHONPATH} /usr/bin/cmake --build /home/ohtoai/rust_ros_ws/build/lifecycle_msgs -- -j2 -l2
[5.213s] [  1%] [34m[1mGenerating Rust code for ROS interfaces[0m
[6.054s] [  1%] Built target lifecycle_msgs__rs
[6.087s] [  2%] [34m[1mGenerating type hashes for ROS interfaces[0m
[7.132s] [  2%] Built target lifecycle_msgs__rosidl_generator_type_description
[7.190s] [  2%] Built target ament_cmake_python_copy_lifecycle_msgs
[7.202s] [  3%] [34m[1mGenerating C code for ROS interfaces[0m
[9.565s] [  4%] [32mBuilding C object CMakeFiles/lifecycle_msgs__rosidl_generator_c.dir/rosidl_generator_c/lifecycle_msgs/msg/detail/state__description.c.o[0m
[9.601s] [  5%] [32mBuilding C object CMakeFiles/lifecycle_msgs__rosidl_generator_c.dir/rosidl_generator_c/lifecycle_msgs/msg/detail/state__functions.c.o[0m
[9.668s] [  6%] [32mBuilding C object CMakeFiles/lifecycle_msgs__rosidl_generator_c.dir/rosidl_generator_c/lifecycle_msgs/msg/detail/state__type_support.c.o[0m
[9.729s] [  7%] [32mBuilding C object CMakeFiles/lifecycle_msgs__rosidl_generator_c.dir/rosidl_generator_c/lifecycle_msgs/msg/detail/transition__description.c.o[0m
[9.787s] [  8%] [32mBuilding C object CMakeFiles/lifecycle_msgs__rosidl_generator_c.dir/rosidl_generator_c/lifecycle_msgs/msg/detail/transition__functions.c.o[0m
[9.845s] [  9%] [32mBuilding C object CMakeFiles/lifecycle_msgs__rosidl_generator_c.dir/rosidl_generator_c/lifecycle_msgs/msg/detail/transition__type_support.c.o[0m
[9.874s] [ 10%] [32mBuilding C object CMakeFiles/lifecycle_msgs__rosidl_generator_c.dir/rosidl_generator_c/lifecycle_msgs/msg/detail/transition_description__description.c.o[0m
[9.914s] [ 11%] [32mBuilding C object CMakeFiles/lifecycle_msgs__rosidl_generator_c.dir/rosidl_generator_c/lifecycle_msgs/msg/detail/transition_description__functions.c.o[0m
[10.036s] [ 12%] [32mBuilding C object CMakeFiles/lifecycle_msgs__rosidl_generator_c.dir/rosidl_generator_c/lifecycle_msgs/msg/detail/transition_description__type_support.c.o[0m
[10.107s] [ 13%] [32mBuilding C object CMakeFiles/lifecycle_msgs__rosidl_generator_c.dir/rosidl_generator_c/lifecycle_msgs/msg/detail/transition_event__description.c.o[0m
[10.179s] [ 14%] [32mBuilding C object CMakeFiles/lifecycle_msgs__rosidl_generator_c.dir/rosidl_generator_c/lifecycle_msgs/msg/detail/transition_event__functions.c.o[0m
[10.249s] [ 15%] [32mBuilding C object CMakeFiles/lifecycle_msgs__rosidl_generator_c.dir/rosidl_generator_c/lifecycle_msgs/msg/detail/transition_event__type_support.c.o[0m
[10.305s] [ 16%] [32mBuilding C object CMakeFiles/lifecycle_msgs__rosidl_generator_c.dir/rosidl_generator_c/lifecycle_msgs/srv/detail/change_state__description.c.o[0m
[10.363s] [ 17%] [32mBuilding C object CMakeFiles/lifecycle_msgs__rosidl_generator_c.dir/rosidl_generator_c/lifecycle_msgs/srv/detail/change_state__functions.c.o[0m
[10.468s] [ 18%] [32mBuilding C object CMakeFiles/lifecycle_msgs__rosidl_generator_c.dir/rosidl_generator_c/lifecycle_msgs/srv/detail/change_state__type_support.c.o[0m
[10.529s] [ 19%] [32mBuilding C object CMakeFiles/lifecycle_msgs__rosidl_generator_c.dir/rosidl_generator_c/lifecycle_msgs/srv/detail/get_available_states__description.c.o[0m
[10.643s] [ 20%] [32mBuilding C object CMakeFiles/lifecycle_msgs__rosidl_generator_c.dir/rosidl_generator_c/lifecycle_msgs/srv/detail/get_available_states__functions.c.o[0m
[10.760s] [ 21%] [32mBuilding C object CMakeFiles/lifecycle_msgs__rosidl_generator_c.dir/rosidl_generator_c/lifecycle_msgs/srv/detail/get_available_states__type_support.c.o[0m
[10.829s] [ 21%] [32mBuilding C object CMakeFiles/lifecycle_msgs__rosidl_generator_c.dir/rosidl_generator_c/lifecycle_msgs/srv/detail/get_available_transitions__description.c.o[0m
[10.940s] [ 22%] [32mBuilding C object CMakeFiles/lifecycle_msgs__rosidl_generator_c.dir/rosidl_generator_c/lifecycle_msgs/srv/detail/get_available_transitions__functions.c.o[0m
[11.085s] [ 23%] [32mBuilding C object CMakeFiles/lifecycle_msgs__rosidl_generator_c.dir/rosidl_generator_c/lifecycle_msgs/srv/detail/get_available_transitions__type_support.c.o[0m
[11.136s] [ 24%] [32mBuilding C object CMakeFiles/lifecycle_msgs__rosidl_generator_c.dir/rosidl_generator_c/lifecycle_msgs/srv/detail/get_state__description.c.o[0m
[11.228s] [ 25%] [32mBuilding C object CMakeFiles/lifecycle_msgs__rosidl_generator_c.dir/rosidl_generator_c/lifecycle_msgs/srv/detail/get_state__functions.c.o[0m
[11.331s] [ 26%] [32mBuilding C object CMakeFiles/lifecycle_msgs__rosidl_generator_c.dir/rosidl_generator_c/lifecycle_msgs/srv/detail/get_state__type_support.c.o[0m
[11.376s] [ 27%] [32m[1mLinking C shared library liblifecycle_msgs__rosidl_generator_c.so[0m
[11.441s] [ 27%] Built target lifecycle_msgs__rosidl_generator_c
[11.474s] [ 27%] [34m[1mGenerating C++ code for ROS interfaces[0m
[13.211s] [ 27%] Built target lifecycle_msgs__cpp
[13.499s] running egg_info
[13.505s] creating lifecycle_msgs.egg-info
[13.531s] writing lifecycle_msgs.egg-info/PKG-INFO
[13.532s] writing dependency_links to lifecycle_msgs.egg-info/dependency_links.txt
[13.532s] writing top-level names to lifecycle_msgs.egg-info/top_level.txt
[13.532s] writing manifest file 'lifecycle_msgs.egg-info/SOURCES.txt'
[13.583s] reading manifest file 'lifecycle_msgs.egg-info/SOURCES.txt'
[13.587s] writing manifest file 'lifecycle_msgs.egg-info/SOURCES.txt'
[13.633s] [ 27%] Built target ament_cmake_python_build_lifecycle_msgs_egg
[13.649s] [ 28%] [34m[1mGenerating C type support for eProsima Fast-RTPS[0m
[15.222s] [ 29%] [32mBuilding CXX object CMakeFiles/lifecycle_msgs__rosidl_typesupport_fastrtps_c.dir/rosidl_typesupport_fastrtps_c/lifecycle_msgs/msg/detail/state__type_support_c.cpp.o[0m
[15.772s] [ 30%] [32mBuilding CXX object CMakeFiles/lifecycle_msgs__rosidl_typesupport_fastrtps_c.dir/rosidl_typesupport_fastrtps_c/lifecycle_msgs/msg/detail/transition__type_support_c.cpp.o[0m
[16.309s] [ 31%] [32mBuilding CXX object CMakeFiles/lifecycle_msgs__rosidl_typesupport_fastrtps_c.dir/rosidl_typesupport_fastrtps_c/lifecycle_msgs/msg/detail/transition_description__type_support_c.cpp.o[0m
[16.861s] [ 32%] [32mBuilding CXX object CMakeFiles/lifecycle_msgs__rosidl_typesupport_fastrtps_c.dir/rosidl_typesupport_fastrtps_c/lifecycle_msgs/msg/detail/transition_event__type_support_c.cpp.o[0m
[17.323s] [ 32%] [32mBuilding CXX object CMakeFiles/lifecycle_msgs__rosidl_typesupport_fastrtps_c.dir/rosidl_typesupport_fastrtps_c/lifecycle_msgs/srv/detail/change_state__type_support_c.cpp.o[0m
[17.884s] [ 33%] [32mBuilding CXX object CMakeFiles/lifecycle_msgs__rosidl_typesupport_fastrtps_c.dir/rosidl_typesupport_fastrtps_c/lifecycle_msgs/srv/detail/get_available_states__type_support_c.cpp.o[0m
[18.507s] [ 34%] [32mBuilding CXX object CMakeFiles/lifecycle_msgs__rosidl_typesupport_fastrtps_c.dir/rosidl_typesupport_fastrtps_c/lifecycle_msgs/srv/detail/get_available_transitions__type_support_c.cpp.o[0m
[19.257s] [ 35%] [32mBuilding CXX object CMakeFiles/lifecycle_msgs__rosidl_typesupport_fastrtps_c.dir/rosidl_typesupport_fastrtps_c/lifecycle_msgs/srv/detail/get_state__type_support_c.cpp.o[0m
[20.027s] [ 36%] [32m[1mLinking CXX shared library liblifecycle_msgs__rosidl_typesupport_fastrtps_c.so[0m
[20.134s] [ 36%] Built target lifecycle_msgs__rosidl_typesupport_fastrtps_c
[20.147s] [ 37%] [34m[1mGenerating C introspection for ROS interfaces[0m
[21.493s] [ 38%] [32mBuilding C object CMakeFiles/lifecycle_msgs__rosidl_typesupport_introspection_c.dir/rosidl_typesupport_introspection_c/lifecycle_msgs/msg/detail/state__type_support.c.o[0m
[21.543s] [ 39%] [32mBuilding C object CMakeFiles/lifecycle_msgs__rosidl_typesupport_introspection_c.dir/rosidl_typesupport_introspection_c/lifecycle_msgs/msg/detail/transition__type_support.c.o[0m
[21.586s] [ 40%] [32mBuilding C object CMakeFiles/lifecycle_msgs__rosidl_typesupport_introspection_c.dir/rosidl_typesupport_introspection_c/lifecycle_msgs/msg/detail/transition_description__type_support.c.o[0m
[21.648s] [ 41%] [32mBuilding C object CMakeFiles/lifecycle_msgs__rosidl_typesupport_introspection_c.dir/rosidl_typesupport_introspection_c/lifecycle_msgs/msg/detail/transition_event__type_support.c.o[0m
[21.707s] [ 42%] [32mBuilding C object CMakeFiles/lifecycle_msgs__rosidl_typesupport_introspection_c.dir/rosidl_typesupport_introspection_c/lifecycle_msgs/srv/detail/change_state__type_support.c.o[0m
[21.777s] [ 42%] [32mBuilding C object CMakeFiles/lifecycle_msgs__rosidl_typesupport_introspection_c.dir/rosidl_typesupport_introspection_c/lifecycle_msgs/srv/detail/get_available_states__type_support.c.o[0m
[21.892s] [ 43%] [32mBuilding C object CMakeFiles/lifecycle_msgs__rosidl_typesupport_introspection_c.dir/rosidl_typesupport_introspection_c/lifecycle_msgs/srv/detail/get_available_transitions__type_support.c.o[0m
[21.964s] [ 44%] [32mBuilding C object CMakeFiles/lifecycle_msgs__rosidl_typesupport_introspection_c.dir/rosidl_typesupport_introspection_c/lifecycle_msgs/srv/detail/get_state__type_support.c.o[0m
[22.004s] [ 45%] [32m[1mLinking C shared library liblifecycle_msgs__rosidl_typesupport_introspection_c.so[0m
[22.045s] [ 45%] Built target lifecycle_msgs__rosidl_typesupport_introspection_c
[22.060s] [ 46%] [34m[1mGenerating C type support dispatch for ROS interfaces[0m
[23.136s] [ 47%] [32mBuilding CXX object CMakeFiles/lifecycle_msgs__rosidl_typesupport_c.dir/rosidl_typesupport_c/lifecycle_msgs/msg/state__type_support.cpp.o[0m
[23.201s] [ 48%] [32mBuilding CXX object CMakeFiles/lifecycle_msgs__rosidl_typesupport_c.dir/rosidl_typesupport_c/lifecycle_msgs/msg/transition__type_support.cpp.o[0m
[23.262s] [ 49%] [32mBuilding CXX object CMakeFiles/lifecycle_msgs__rosidl_typesupport_c.dir/rosidl_typesupport_c/lifecycle_msgs/msg/transition_description__type_support.cpp.o[0m
[23.326s] [ 49%] [32mBuilding CXX object CMakeFiles/lifecycle_msgs__rosidl_typesupport_c.dir/rosidl_typesupport_c/lifecycle_msgs/msg/transition_event__type_support.cpp.o[0m
[23.371s] [ 50%] [32mBuilding CXX object CMakeFiles/lifecycle_msgs__rosidl_typesupport_c.dir/rosidl_typesupport_c/lifecycle_msgs/srv/change_state__type_support.cpp.o[0m
[23.432s] [ 51%] [32mBuilding CXX object CMakeFiles/lifecycle_msgs__rosidl_typesupport_c.dir/rosidl_typesupport_c/lifecycle_msgs/srv/get_available_states__type_support.cpp.o[0m
[23.492s] [ 52%] [32mBuilding CXX object CMakeFiles/lifecycle_msgs__rosidl_typesupport_c.dir/rosidl_typesupport_c/lifecycle_msgs/srv/get_available_transitions__type_support.cpp.o[0m
[23.566s] [ 53%] [32mBuilding CXX object CMakeFiles/lifecycle_msgs__rosidl_typesupport_c.dir/rosidl_typesupport_c/lifecycle_msgs/srv/get_state__type_support.cpp.o[0m
[23.643s] [ 54%] [32m[1mLinking CXX shared library liblifecycle_msgs__rosidl_typesupport_c.so[0m
[23.688s] [ 54%] Built target lifecycle_msgs__rosidl_typesupport_c
[23.716s] [ 55%] [34m[1mGenerating C++ type support for eProsima Fast-RTPS[0m
[25.221s] [ 56%] [32mBuilding CXX object CMakeFiles/lifecycle_msgs__rosidl_typesupport_fastrtps_cpp.dir/rosidl_typesupport_fastrtps_cpp/lifecycle_msgs/msg/detail/dds_fastrtps/state__type_support.cpp.o[0m
[25.804s] [ 57%] [32mBuilding CXX object CMakeFiles/lifecycle_msgs__rosidl_typesupport_fastrtps_cpp.dir/rosidl_typesupport_fastrtps_cpp/lifecycle_msgs/msg/detail/dds_fastrtps/transition__type_support.cpp.o[0m
[26.436s] [ 58%] [32mBuilding CXX object CMakeFiles/lifecycle_msgs__rosidl_typesupport_fastrtps_cpp.dir/rosidl_typesupport_fastrtps_cpp/lifecycle_msgs/msg/detail/dds_fastrtps/transition_description__type_support.cpp.o[0m
[27.009s] [ 59%] [32mBuilding CXX object CMakeFiles/lifecycle_msgs__rosidl_typesupport_fastrtps_cpp.dir/rosidl_typesupport_fastrtps_cpp/lifecycle_msgs/msg/detail/dds_fastrtps/transition_event__type_support.cpp.o[0m
[27.599s] [ 60%] [32mBuilding CXX object CMakeFiles/lifecycle_msgs__rosidl_typesupport_fastrtps_cpp.dir/rosidl_typesupport_fastrtps_cpp/lifecycle_msgs/srv/detail/dds_fastrtps/change_state__type_support.cpp.o[0m
[28.324s] [ 61%] [32mBuilding CXX object CMakeFiles/lifecycle_msgs__rosidl_typesupport_fastrtps_cpp.dir/rosidl_typesupport_fastrtps_cpp/lifecycle_msgs/srv/detail/dds_fastrtps/get_available_states__type_support.cpp.o[0m
[29.125s] [ 62%] [32mBuilding CXX object CMakeFiles/lifecycle_msgs__rosidl_typesupport_fastrtps_cpp.dir/rosidl_typesupport_fastrtps_cpp/lifecycle_msgs/srv/detail/dds_fastrtps/get_available_transitions__type_support.cpp.o[0m
[30.015s] [ 63%] [32mBuilding CXX object CMakeFiles/lifecycle_msgs__rosidl_typesupport_fastrtps_cpp.dir/rosidl_typesupport_fastrtps_cpp/lifecycle_msgs/srv/detail/dds_fastrtps/get_state__type_support.cpp.o[0m
[30.847s] [ 64%] [32m[1mLinking CXX shared library liblifecycle_msgs__rosidl_typesupport_fastrtps_cpp.so[0m
[30.974s] [ 64%] Built target lifecycle_msgs__rosidl_typesupport_fastrtps_cpp
[31.009s] [ 65%] [34m[1mGenerating C++ introspection for ROS interfaces[0m
[32.368s] [ 66%] [32mBuilding CXX object CMakeFiles/lifecycle_msgs__rosidl_typesupport_introspection_cpp.dir/rosidl_typesupport_introspection_cpp/lifecycle_msgs/msg/detail/state__type_support.cpp.o[0m
[32.772s] [ 67%] [32mBuilding CXX object CMakeFiles/lifecycle_msgs__rosidl_typesupport_introspection_cpp.dir/rosidl_typesupport_introspection_cpp/lifecycle_msgs/msg/detail/transition__type_support.cpp.o[0m
[33.171s] [ 68%] [32mBuilding CXX object CMakeFiles/lifecycle_msgs__rosidl_typesupport_introspection_cpp.dir/rosidl_typesupport_introspection_cpp/lifecycle_msgs/msg/detail/transition_description__type_support.cpp.o[0m
[33.571s] [ 69%] [32mBuilding CXX object CMakeFiles/lifecycle_msgs__rosidl_typesupport_introspection_cpp.dir/rosidl_typesupport_introspection_cpp/lifecycle_msgs/msg/detail/transition_event__type_support.cpp.o[0m
[33.888s] [ 70%] [32mBuilding CXX object CMakeFiles/lifecycle_msgs__rosidl_typesupport_introspection_cpp.dir/rosidl_typesupport_introspection_cpp/lifecycle_msgs/srv/detail/change_state__type_support.cpp.o[0m
[34.337s] [ 71%] [32mBuilding CXX object CMakeFiles/lifecycle_msgs__rosidl_typesupport_introspection_cpp.dir/rosidl_typesupport_introspection_cpp/lifecycle_msgs/srv/detail/get_available_states__type_support.cpp.o[0m
[34.914s] [ 72%] [32mBuilding CXX object CMakeFiles/lifecycle_msgs__rosidl_typesupport_introspection_cpp.dir/rosidl_typesupport_introspection_cpp/lifecycle_msgs/srv/detail/get_available_transitions__type_support.cpp.o[0m
[35.497s] [ 73%] [32mBuilding CXX object CMakeFiles/lifecycle_msgs__rosidl_typesupport_introspection_cpp.dir/rosidl_typesupport_introspection_cpp/lifecycle_msgs/srv/detail/get_state__type_support.cpp.o[0m
[36.047s] [ 74%] [32m[1mLinking CXX shared library liblifecycle_msgs__rosidl_typesupport_introspection_cpp.so[0m
[36.201s] [ 74%] Built target lifecycle_msgs__rosidl_typesupport_introspection_cpp
[36.222s] [ 75%] [34m[1mGenerating C++ type support dispatch for ROS interfaces[0m
[37.544s] [ 76%] [32mBuilding CXX object CMakeFiles/lifecycle_msgs__rosidl_typesupport_cpp.dir/rosidl_typesupport_cpp/lifecycle_msgs/msg/state__type_support.cpp.o[0m
[37.904s] [ 77%] [32mBuilding CXX object CMakeFiles/lifecycle_msgs__rosidl_typesupport_cpp.dir/rosidl_typesupport_cpp/lifecycle_msgs/msg/transition__type_support.cpp.o[0m
[38.272s] [ 78%] [32mBuilding CXX object CMakeFiles/lifecycle_msgs__rosidl_typesupport_cpp.dir/rosidl_typesupport_cpp/lifecycle_msgs/msg/transition_description__type_support.cpp.o[0m
[38.683s] [ 79%] [32mBuilding CXX object CMakeFiles/lifecycle_msgs__rosidl_typesupport_cpp.dir/rosidl_typesupport_cpp/lifecycle_msgs/msg/transition_event__type_support.cpp.o[0m
[39.121s] [ 80%] [32mBuilding CXX object CMakeFiles/lifecycle_msgs__rosidl_typesupport_cpp.dir/rosidl_typesupport_cpp/lifecycle_msgs/srv/change_state__type_support.cpp.o[0m
[39.613s] [ 81%] [32mBuilding CXX object CMakeFiles/lifecycle_msgs__rosidl_typesupport_cpp.dir/rosidl_typesupport_cpp/lifecycle_msgs/srv/get_available_states__type_support.cpp.o[0m
[40.166s] [ 82%] [32mBuilding CXX object CMakeFiles/lifecycle_msgs__rosidl_typesupport_cpp.dir/rosidl_typesupport_cpp/lifecycle_msgs/srv/get_available_transitions__type_support.cpp.o[0m
[40.731s] [ 83%] [32mBuilding CXX object CMakeFiles/lifecycle_msgs__rosidl_typesupport_cpp.dir/rosidl_typesupport_cpp/lifecycle_msgs/srv/get_state__type_support.cpp.o[0m
[41.230s] [ 84%] [32m[1mLinking CXX shared library liblifecycle_msgs__rosidl_typesupport_cpp.so[0m
[41.344s] [ 84%] Built target lifecycle_msgs__rosidl_typesupport_cpp
[41.375s] [ 84%] Built target lifecycle_msgs
[41.435s] [ 85%] [34m[1mGenerating Python code for ROS interfaces[0m
[44.259s] [ 85%] Built target lifecycle_msgs__py
[44.285s] [ 86%] [32mBuilding C object CMakeFiles/lifecycle_msgs__rosidl_generator_py.dir/rosidl_generator_py/lifecycle_msgs/msg/_state_s.c.o[0m
[44.414s] [ 87%] [32mBuilding C object CMakeFiles/lifecycle_msgs__rosidl_generator_py.dir/rosidl_generator_py/lifecycle_msgs/msg/_transition_s.c.o[0m
[44.582s] [ 88%] [32mBuilding C object CMakeFiles/lifecycle_msgs__rosidl_generator_py.dir/rosidl_generator_py/lifecycle_msgs/msg/_transition_description_s.c.o[0m
[44.789s] [ 89%] [32mBuilding C object CMakeFiles/lifecycle_msgs__rosidl_generator_py.dir/rosidl_generator_py/lifecycle_msgs/msg/_transition_event_s.c.o[0m
[44.952s] [ 90%] [32mBuilding C object CMakeFiles/lifecycle_msgs__rosidl_generator_py.dir/rosidl_generator_py/lifecycle_msgs/srv/_change_state_s.c.o[0m
[45.098s] [ 91%] [32mBuilding C object CMakeFiles/lifecycle_msgs__rosidl_generator_py.dir/rosidl_generator_py/lifecycle_msgs/srv/_get_available_states_s.c.o[0m
[45.212s] [ 92%] [32mBuilding C object CMakeFiles/lifecycle_msgs__rosidl_generator_py.dir/rosidl_generator_py/lifecycle_msgs/srv/_get_available_transitions_s.c.o[0m
[45.387s] [ 93%] [32mBuilding C object CMakeFiles/lifecycle_msgs__rosidl_generator_py.dir/rosidl_generator_py/lifecycle_msgs/srv/_get_state_s.c.o[0m
[45.575s] [ 94%] [32m[1mLinking C shared library liblifecycle_msgs__rosidl_generator_py.so[0m
[45.636s] [ 94%] Built target lifecycle_msgs__rosidl_generator_py
[45.685s] [ 95%] [32mBuilding C object CMakeFiles/lifecycle_msgs_s__rosidl_typesupport_fastrtps_c.dir/rosidl_generator_py/lifecycle_msgs/_lifecycle_msgs_s.ep.rosidl_typesupport_fastrtps_c.c.o[0m
[45.859s] [ 96%] [32m[1mLinking C shared module rosidl_generator_py/lifecycle_msgs/lifecycle_msgs_s__rosidl_typesupport_fastrtps_c.so[0m
[45.915s] [ 96%] Built target lifecycle_msgs_s__rosidl_typesupport_fastrtps_c
[45.953s] [ 97%] [32mBuilding C object CMakeFiles/lifecycle_msgs_s__rosidl_typesupport_introspection_c.dir/rosidl_generator_py/lifecycle_msgs/_lifecycle_msgs_s.ep.rosidl_typesupport_introspection_c.c.o[0m
[46.148s] [ 98%] [32m[1mLinking C shared module rosidl_generator_py/lifecycle_msgs/lifecycle_msgs_s__rosidl_typesupport_introspection_c.so[0m
[46.198s] [ 98%] Built target lifecycle_msgs_s__rosidl_typesupport_introspection_c
[46.231s] [ 99%] [32mBuilding C object CMakeFiles/lifecycle_msgs_s__rosidl_typesupport_c.dir/rosidl_generator_py/lifecycle_msgs/_lifecycle_msgs_s.ep.rosidl_typesupport_c.c.o[0m
[46.420s] [100%] [32m[1mLinking C shared module rosidl_generator_py/lifecycle_msgs/lifecycle_msgs_s__rosidl_typesupport_c.so[0m
[46.479s] [100%] Built target lifecycle_msgs_s__rosidl_typesupport_c
[46.497s] Invoked command in '/home/ohtoai/rust_ros_ws/build/lifecycle_msgs' returned '0': AMENT_PREFIX_PATH=/home/ohtoai/rust_ros_ws/install/rosidl_default_runtime:/home/ohtoai/rust_ros_ws/install/rosidl_default_generators:/home/ohtoai/rust_ros_ws/install/action_msgs:/home/ohtoai/rust_ros_ws/install/service_msgs:/home/ohtoai/rust_ros_ws/install/unique_identifier_msgs:/home/ohtoai/rust_ros_ws/install/builtin_interfaces:/home/ohtoai/rust_ros_ws/install/rosidl_core_runtime:/home/ohtoai/rust_ros_ws/install/rosidl_core_generators:/home/ohtoai/rust_ros_ws/install/rosidl_generator_rs:/home/ohtoai/rust_ros_ws/install/rosidl_runtime_rs:${AMENT_PREFIX_PATH} CMAKE_PREFIX_PATH=/home/ohtoai/rust_ros_ws/install/rosidl_default_runtime:/home/ohtoai/rust_ros_ws/install/rosidl_default_generators:/home/ohtoai/rust_ros_ws/install/action_msgs:/home/ohtoai/rust_ros_ws/install/service_msgs:/home/ohtoai/rust_ros_ws/install/unique_identifier_msgs:/home/ohtoai/rust_ros_ws/install/builtin_interfaces:/home/ohtoai/rust_ros_ws/install/rosidl_core_runtime:/home/ohtoai/rust_ros_ws/install/rosidl_core_generators:/home/ohtoai/rust_ros_ws/install/rosidl_generator_rs:/opt/ros/jazzy/opt/gz_math_vendor:/opt/ros/jazzy/opt/gz_utils_vendor:/opt/ros/jazzy/opt/gz_cmake_vendor:/opt/ros/jazzy DEBUGINFOD_URLS=https://debuginfod.ubuntu.com LD_LIBRARY_PATH=/home/ohtoai/rust_ros_ws/install/action_msgs/lib:/home/ohtoai/rust_ros_ws/install/service_msgs/lib:/home/ohtoai/rust_ros_ws/install/unique_identifier_msgs/lib:/home/ohtoai/rust_ros_ws/install/builtin_interfaces/lib:${LD_LIBRARY_PATH} PYTHONPATH=/home/ohtoai/rust_ros_ws/install/action_msgs/lib/python3.12/site-packages:/home/ohtoai/rust_ros_ws/install/service_msgs/lib/python3.12/site-packages:/home/ohtoai/rust_ros_ws/install/unique_identifier_msgs/lib/python3.12/site-packages:/home/ohtoai/rust_ros_ws/install/builtin_interfaces/lib/python3.12/site-packages:/home/ohtoai/rust_ros_ws/install/rosidl_generator_rs/lib/python3.12/site-packages:${PYTHONPATH} /usr/bin/cmake --build /home/ohtoai/rust_ros_ws/build/lifecycle_msgs -- -j2 -l2
[46.497s] Invoking command in '/home/ohtoai/rust_ros_ws/build/lifecycle_msgs': AMENT_PREFIX_PATH=/home/ohtoai/rust_ros_ws/install/rosidl_default_runtime:/home/ohtoai/rust_ros_ws/install/rosidl_default_generators:/home/ohtoai/rust_ros_ws/install/action_msgs:/home/ohtoai/rust_ros_ws/install/service_msgs:/home/ohtoai/rust_ros_ws/install/unique_identifier_msgs:/home/ohtoai/rust_ros_ws/install/builtin_interfaces:/home/ohtoai/rust_ros_ws/install/rosidl_core_runtime:/home/ohtoai/rust_ros_ws/install/rosidl_core_generators:/home/ohtoai/rust_ros_ws/install/rosidl_generator_rs:/home/ohtoai/rust_ros_ws/install/rosidl_runtime_rs:${AMENT_PREFIX_PATH} CMAKE_PREFIX_PATH=/home/ohtoai/rust_ros_ws/install/rosidl_default_runtime:/home/ohtoai/rust_ros_ws/install/rosidl_default_generators:/home/ohtoai/rust_ros_ws/install/action_msgs:/home/ohtoai/rust_ros_ws/install/service_msgs:/home/ohtoai/rust_ros_ws/install/unique_identifier_msgs:/home/ohtoai/rust_ros_ws/install/builtin_interfaces:/home/ohtoai/rust_ros_ws/install/rosidl_core_runtime:/home/ohtoai/rust_ros_ws/install/rosidl_core_generators:/home/ohtoai/rust_ros_ws/install/rosidl_generator_rs:/opt/ros/jazzy/opt/gz_math_vendor:/opt/ros/jazzy/opt/gz_utils_vendor:/opt/ros/jazzy/opt/gz_cmake_vendor:/opt/ros/jazzy DEBUGINFOD_URLS=https://debuginfod.ubuntu.com LD_LIBRARY_PATH=/home/ohtoai/rust_ros_ws/install/action_msgs/lib:/home/ohtoai/rust_ros_ws/install/service_msgs/lib:/home/ohtoai/rust_ros_ws/install/unique_identifier_msgs/lib:/home/ohtoai/rust_ros_ws/install/builtin_interfaces/lib:${LD_LIBRARY_PATH} PYTHONPATH=/home/ohtoai/rust_ros_ws/install/action_msgs/lib/python3.12/site-packages:/home/ohtoai/rust_ros_ws/install/service_msgs/lib/python3.12/site-packages:/home/ohtoai/rust_ros_ws/install/unique_identifier_msgs/lib/python3.12/site-packages:/home/ohtoai/rust_ros_ws/install/builtin_interfaces/lib/python3.12/site-packages:/home/ohtoai/rust_ros_ws/install/rosidl_generator_rs/lib/python3.12/site-packages:${PYTHONPATH} /usr/bin/cmake --install /home/ohtoai/rust_ros_ws/build/lifecycle_msgs
[46.506s] -- Install configuration: ""
[46.506s] -- Installing: /home/ohtoai/rust_ros_ws/install/lifecycle_msgs/share/ament_index/resource_index/rosidl_interfaces/lifecycle_msgs
[46.507s] -- Installing: /home/ohtoai/rust_ros_ws/install/lifecycle_msgs/share/lifecycle_msgs/msg/State.json
[46.507s] -- Installing: /home/ohtoai/rust_ros_ws/install/lifecycle_msgs/share/lifecycle_msgs/msg/Transition.json
[46.507s] -- Installing: /home/ohtoai/rust_ros_ws/install/lifecycle_msgs/share/lifecycle_msgs/msg/TransitionDescription.json
[46.508s] -- Installing: /home/ohtoai/rust_ros_ws/install/lifecycle_msgs/share/lifecycle_msgs/msg/TransitionEvent.json
[46.508s] -- Installing: /home/ohtoai/rust_ros_ws/install/lifecycle_msgs/share/lifecycle_msgs/srv/ChangeState.json
[46.508s] -- Installing: /home/ohtoai/rust_ros_ws/install/lifecycle_msgs/share/lifecycle_msgs/srv/GetAvailableStates.json
[46.508s] -- Installing: /home/ohtoai/rust_ros_ws/install/lifecycle_msgs/share/lifecycle_msgs/srv/GetAvailableTransitions.json
[46.508s] -- Installing: /home/ohtoai/rust_ros_ws/install/lifecycle_msgs/share/lifecycle_msgs/srv/GetState.json
[46.508s] -- Installing: /home/ohtoai/rust_ros_ws/install/lifecycle_msgs/include/lifecycle_msgs/lifecycle_msgs
[46.508s] -- Installing: /home/ohtoai/rust_ros_ws/install/lifecycle_msgs/include/lifecycle_msgs/lifecycle_msgs/msg
[46.508s] -- Installing: /home/ohtoai/rust_ros_ws/install/lifecycle_msgs/include/lifecycle_msgs/lifecycle_msgs/msg/state.h
[46.508s] -- Installing: /home/ohtoai/rust_ros_ws/install/lifecycle_msgs/include/lifecycle_msgs/lifecycle_msgs/msg/detail
[46.509s] -- Installing: /home/ohtoai/rust_ros_ws/install/lifecycle_msgs/include/lifecycle_msgs/lifecycle_msgs/msg/detail/transition__description.c
[46.509s] -- Installing: /home/ohtoai/rust_ros_ws/install/lifecycle_msgs/include/lifecycle_msgs/lifecycle_msgs/msg/detail/state__functions.c
[46.509s] -- Installing: /home/ohtoai/rust_ros_ws/install/lifecycle_msgs/include/lifecycle_msgs/lifecycle_msgs/msg/detail/state__functions.h
[46.509s] -- Installing: /home/ohtoai/rust_ros_ws/install/lifecycle_msgs/include/lifecycle_msgs/lifecycle_msgs/msg/detail/transition_description__type_support.h
[46.509s] -- Installing: /home/ohtoai/rust_ros_ws/install/lifecycle_msgs/include/lifecycle_msgs/lifecycle_msgs/msg/detail/transition__struct.h
[46.509s] -- Installing: /home/ohtoai/rust_ros_ws/install/lifecycle_msgs/include/lifecycle_msgs/lifecycle_msgs/msg/detail/transition_event__description.c
[46.509s] -- Installing: /home/ohtoai/rust_ros_ws/install/lifecycle_msgs/include/lifecycle_msgs/lifecycle_msgs/msg/detail/state__type_support.c
[46.510s] -- Installing: /home/ohtoai/rust_ros_ws/install/lifecycle_msgs/include/lifecycle_msgs/lifecycle_msgs/msg/detail/state__description.c
[46.510s] -- Installing: /home/ohtoai/rust_ros_ws/install/lifecycle_msgs/include/lifecycle_msgs/lifecycle_msgs/msg/detail/transition_description__description.c
[46.510s] -- Installing: /home/ohtoai/rust_ros_ws/install/lifecycle_msgs/include/lifecycle_msgs/lifecycle_msgs/msg/detail/transition_description__functions.h
[46.510s] -- Installing: /home/ohtoai/rust_ros_ws/install/lifecycle_msgs/include/lifecycle_msgs/lifecycle_msgs/msg/detail/transition__functions.c
[46.510s] -- Installing: /home/ohtoai/rust_ros_ws/install/lifecycle_msgs/include/lifecycle_msgs/lifecycle_msgs/msg/detail/transition_event__type_support.h
[46.510s] -- Installing: /home/ohtoai/rust_ros_ws/install/lifecycle_msgs/include/lifecycle_msgs/lifecycle_msgs/msg/detail/transition__type_support.h
[46.510s] -- Installing: /home/ohtoai/rust_ros_ws/install/lifecycle_msgs/include/lifecycle_msgs/lifecycle_msgs/msg/detail/transition__type_support.c
[46.510s] -- Installing: /home/ohtoai/rust_ros_ws/install/lifecycle_msgs/include/lifecycle_msgs/lifecycle_msgs/msg/detail/transition_description__type_support.c
[46.510s] -- Installing: /home/ohtoai/rust_ros_ws/install/lifecycle_msgs/include/lifecycle_msgs/lifecycle_msgs/msg/detail/transition__functions.h
[46.510s] -- Installing: /home/ohtoai/rust_ros_ws/install/lifecycle_msgs/include/lifecycle_msgs/lifecycle_msgs/msg/detail/state__struct.h
[46.511s] -- Installing: /home/ohtoai/rust_ros_ws/install/lifecycle_msgs/include/lifecycle_msgs/lifecycle_msgs/msg/detail/state__type_support.h
[46.511s] -- Installing: /home/ohtoai/rust_ros_ws/install/lifecycle_msgs/include/lifecycle_msgs/lifecycle_msgs/msg/detail/transition_event__type_support.c
[46.511s] -- Installing: /home/ohtoai/rust_ros_ws/install/lifecycle_msgs/include/lifecycle_msgs/lifecycle_msgs/msg/detail/transition_event__functions.c
[46.511s] -- Installing: /home/ohtoai/rust_ros_ws/install/lifecycle_msgs/include/lifecycle_msgs/lifecycle_msgs/msg/detail/transition_event__functions.h
[46.511s] -- Installing: /home/ohtoai/rust_ros_ws/install/lifecycle_msgs/include/lifecycle_msgs/lifecycle_msgs/msg/detail/transition_description__functions.c
[46.511s] -- Installing: /home/ohtoai/rust_ros_ws/install/lifecycle_msgs/include/lifecycle_msgs/lifecycle_msgs/msg/detail/transition_description__struct.h
[46.511s] -- Installing: /home/ohtoai/rust_ros_ws/install/lifecycle_msgs/include/lifecycle_msgs/lifecycle_msgs/msg/detail/transition_event__struct.h
[46.511s] -- Installing: /home/ohtoai/rust_ros_ws/install/lifecycle_msgs/include/lifecycle_msgs/lifecycle_msgs/msg/transition.h
[46.511s] -- Installing: /home/ohtoai/rust_ros_ws/install/lifecycle_msgs/include/lifecycle_msgs/lifecycle_msgs/msg/rosidl_generator_c__visibility_control.h
[46.511s] -- Installing: /home/ohtoai/rust_ros_ws/install/lifecycle_msgs/include/lifecycle_msgs/lifecycle_msgs/msg/transition_event.h
[46.512s] -- Installing: /home/ohtoai/rust_ros_ws/install/lifecycle_msgs/include/lifecycle_msgs/lifecycle_msgs/msg/transition_description.h
[46.512s] -- Installing: /home/ohtoai/rust_ros_ws/install/lifecycle_msgs/include/lifecycle_msgs/lifecycle_msgs/srv
[46.512s] -- Installing: /home/ohtoai/rust_ros_ws/install/lifecycle_msgs/include/lifecycle_msgs/lifecycle_msgs/srv/detail
[46.512s] -- Installing: /home/ohtoai/rust_ros_ws/install/lifecycle_msgs/include/lifecycle_msgs/lifecycle_msgs/srv/detail/get_available_states__type_support.h
[46.513s] -- Installing: /home/ohtoai/rust_ros_ws/install/lifecycle_msgs/include/lifecycle_msgs/lifecycle_msgs/srv/detail/get_state__type_support.h
[46.513s] -- Installing: /home/ohtoai/rust_ros_ws/install/lifecycle_msgs/include/lifecycle_msgs/lifecycle_msgs/srv/detail/get_state__functions.c
[46.513s] -- Installing: /home/ohtoai/rust_ros_ws/install/lifecycle_msgs/include/lifecycle_msgs/lifecycle_msgs/srv/detail/change_state__functions.c
[46.513s] -- Installing: /home/ohtoai/rust_ros_ws/install/lifecycle_msgs/include/lifecycle_msgs/lifecycle_msgs/srv/detail/get_available_transitions__description.c
[46.513s] -- Installing: /home/ohtoai/rust_ros_ws/install/lifecycle_msgs/include/lifecycle_msgs/lifecycle_msgs/srv/detail/change_state__description.c
[46.513s] -- Installing: /home/ohtoai/rust_ros_ws/install/lifecycle_msgs/include/lifecycle_msgs/lifecycle_msgs/srv/detail/get_state__type_support.c
[46.513s] -- Installing: /home/ohtoai/rust_ros_ws/install/lifecycle_msgs/include/lifecycle_msgs/lifecycle_msgs/srv/detail/change_state__type_support.h
[46.513s] -- Installing: /home/ohtoai/rust_ros_ws/install/lifecycle_msgs/include/lifecycle_msgs/lifecycle_msgs/srv/detail/get_available_transitions__type_support.c
[46.514s] -- Installing: /home/ohtoai/rust_ros_ws/install/lifecycle_msgs/include/lifecycle_msgs/lifecycle_msgs/srv/detail/get_available_states__struct.h
[46.514s] -- Installing: /home/ohtoai/rust_ros_ws/install/lifecycle_msgs/include/lifecycle_msgs/lifecycle_msgs/srv/detail/get_available_states__type_support.c
[46.514s] -- Installing: /home/ohtoai/rust_ros_ws/install/lifecycle_msgs/include/lifecycle_msgs/lifecycle_msgs/srv/detail/get_available_states__functions.c
[46.514s] -- Installing: /home/ohtoai/rust_ros_ws/install/lifecycle_msgs/include/lifecycle_msgs/lifecycle_msgs/srv/detail/change_state__struct.h
[46.514s] -- Installing: /home/ohtoai/rust_ros_ws/install/lifecycle_msgs/include/lifecycle_msgs/lifecycle_msgs/srv/detail/get_available_states__description.c
[46.514s] -- Installing: /home/ohtoai/rust_ros_ws/install/lifecycle_msgs/include/lifecycle_msgs/lifecycle_msgs/srv/detail/get_available_transitions__functions.c
[46.514s] -- Installing: /home/ohtoai/rust_ros_ws/install/lifecycle_msgs/include/lifecycle_msgs/lifecycle_msgs/srv/detail/get_available_transitions__type_support.h
[46.514s] -- Installing: /home/ohtoai/rust_ros_ws/install/lifecycle_msgs/include/lifecycle_msgs/lifecycle_msgs/srv/detail/get_available_states__functions.h
[46.514s] -- Installing: /home/ohtoai/rust_ros_ws/install/lifecycle_msgs/include/lifecycle_msgs/lifecycle_msgs/srv/detail/get_state__functions.h
[46.514s] -- Installing: /home/ohtoai/rust_ros_ws/install/lifecycle_msgs/include/lifecycle_msgs/lifecycle_msgs/srv/detail/change_state__functions.h
[46.514s] -- Installing: /home/ohtoai/rust_ros_ws/install/lifecycle_msgs/include/lifecycle_msgs/lifecycle_msgs/srv/detail/get_state__description.c
[46.514s] -- Installing: /home/ohtoai/rust_ros_ws/install/lifecycle_msgs/include/lifecycle_msgs/lifecycle_msgs/srv/detail/get_available_transitions__functions.h
[46.514s] -- Installing: /home/ohtoai/rust_ros_ws/install/lifecycle_msgs/include/lifecycle_msgs/lifecycle_msgs/srv/detail/change_state__type_support.c
[46.514s] -- Installing: /home/ohtoai/rust_ros_ws/install/lifecycle_msgs/include/lifecycle_msgs/lifecycle_msgs/srv/detail/get_state__struct.h
[46.516s] -- Installing: /home/ohtoai/rust_ros_ws/install/lifecycle_msgs/include/lifecycle_msgs/lifecycle_msgs/srv/detail/get_available_transitions__struct.h
[46.516s] -- Installing: /home/ohtoai/rust_ros_ws/install/lifecycle_msgs/include/lifecycle_msgs/lifecycle_msgs/srv/get_available_transitions.h
[46.516s] -- Installing: /home/ohtoai/rust_ros_ws/install/lifecycle_msgs/include/lifecycle_msgs/lifecycle_msgs/srv/get_available_states.h
[46.516s] -- Installing: /home/ohtoai/rust_ros_ws/install/lifecycle_msgs/include/lifecycle_msgs/lifecycle_msgs/srv/get_state.h
[46.516s] -- Installing: /home/ohtoai/rust_ros_ws/install/lifecycle_msgs/include/lifecycle_msgs/lifecycle_msgs/srv/change_state.h
[46.517s] -- Installing: /home/ohtoai/rust_ros_ws/install/lifecycle_msgs/share/lifecycle_msgs/environment/library_path.sh
[46.517s] -- Installing: /home/ohtoai/rust_ros_ws/install/lifecycle_msgs/share/lifecycle_msgs/environment/library_path.dsv
[46.517s] -- Installing: /home/ohtoai/rust_ros_ws/install/lifecycle_msgs/lib/liblifecycle_msgs__rosidl_generator_c.so
[46.517s] -- Set non-toolchain portion of runtime path of "/home/ohtoai/rust_ros_ws/install/lifecycle_msgs/lib/liblifecycle_msgs__rosidl_generator_c.so" to ""
[46.517s] -- Up-to-date: /home/ohtoai/rust_ros_ws/install/lifecycle_msgs/include/lifecycle_msgs/lifecycle_msgs
[46.517s] -- Up-to-date: /home/ohtoai/rust_ros_ws/install/lifecycle_msgs/include/lifecycle_msgs/lifecycle_msgs/msg
[46.517s] -- Up-to-date: /home/ohtoai/rust_ros_ws/install/lifecycle_msgs/include/lifecycle_msgs/lifecycle_msgs/msg/detail
[46.517s] -- Installing: /home/ohtoai/rust_ros_ws/install/lifecycle_msgs/include/lifecycle_msgs/lifecycle_msgs/msg/detail/transition__rosidl_typesupport_fastrtps_c.h
[46.517s] -- Installing: /home/ohtoai/rust_ros_ws/install/lifecycle_msgs/include/lifecycle_msgs/lifecycle_msgs/msg/detail/transition_event__rosidl_typesupport_fastrtps_c.h
[46.517s] -- Installing: /home/ohtoai/rust_ros_ws/install/lifecycle_msgs/include/lifecycle_msgs/lifecycle_msgs/msg/detail/transition_description__rosidl_typesupport_fastrtps_c.h
[46.517s] -- Installing: /home/ohtoai/rust_ros_ws/install/lifecycle_msgs/include/lifecycle_msgs/lifecycle_msgs/msg/detail/state__rosidl_typesupport_fastrtps_c.h
[46.517s] -- Installing: /home/ohtoai/rust_ros_ws/install/lifecycle_msgs/include/lifecycle_msgs/lifecycle_msgs/msg/rosidl_typesupport_fastrtps_c__visibility_control.h
[46.517s] -- Up-to-date: /home/ohtoai/rust_ros_ws/install/lifecycle_msgs/include/lifecycle_msgs/lifecycle_msgs/srv
[46.517s] -- Up-to-date: /home/ohtoai/rust_ros_ws/install/lifecycle_msgs/include/lifecycle_msgs/lifecycle_msgs/srv/detail
[46.517s] -- Installing: /home/ohtoai/rust_ros_ws/install/lifecycle_msgs/include/lifecycle_msgs/lifecycle_msgs/srv/detail/get_available_states__rosidl_typesupport_fastrtps_c.h
[46.517s] -- Installing: /home/ohtoai/rust_ros_ws/install/lifecycle_msgs/include/lifecycle_msgs/lifecycle_msgs/srv/detail/get_state__rosidl_typesupport_fastrtps_c.h
[46.517s] -- Installing: /home/ohtoai/rust_ros_ws/install/lifecycle_msgs/include/lifecycle_msgs/lifecycle_msgs/srv/detail/change_state__rosidl_typesupport_fastrtps_c.h
[46.517s] -- Installing: /home/ohtoai/rust_ros_ws/install/lifecycle_msgs/include/lifecycle_msgs/lifecycle_msgs/srv/detail/get_available_transitions__rosidl_typesupport_fastrtps_c.h
[46.517s] -- Installing: /home/ohtoai/rust_ros_ws/install/lifecycle_msgs/lib/liblifecycle_msgs__rosidl_typesupport_fastrtps_c.so
[46.517s] -- Set non-toolchain portion of runtime path of "/home/ohtoai/rust_ros_ws/install/lifecycle_msgs/lib/liblifecycle_msgs__rosidl_typesupport_fastrtps_c.so" to ""
[46.518s] -- Up-to-date: /home/ohtoai/rust_ros_ws/install/lifecycle_msgs/include/lifecycle_msgs/lifecycle_msgs
[46.518s] -- Up-to-date: /home/ohtoai/rust_ros_ws/install/lifecycle_msgs/include/lifecycle_msgs/lifecycle_msgs/msg
[46.518s] -- Up-to-date: /home/ohtoai/rust_ros_ws/install/lifecycle_msgs/include/lifecycle_msgs/lifecycle_msgs/msg/detail
[46.519s] -- Installing: /home/ohtoai/rust_ros_ws/install/lifecycle_msgs/include/lifecycle_msgs/lifecycle_msgs/msg/detail/transition__rosidl_typesupport_introspection_c.h
[46.519s] -- Installing: /home/ohtoai/rust_ros_ws/install/lifecycle_msgs/include/lifecycle_msgs/lifecycle_msgs/msg/detail/transition_description__rosidl_typesupport_introspection_c.h
[46.519s] -- Installing: /home/ohtoai/rust_ros_ws/install/lifecycle_msgs/include/lifecycle_msgs/lifecycle_msgs/msg/detail/state__type_support.c
[46.519s] -- Installing: /home/ohtoai/rust_ros_ws/install/lifecycle_msgs/include/lifecycle_msgs/lifecycle_msgs/msg/detail/transition__type_support.c
[46.519s] -- Installing: /home/ohtoai/rust_ros_ws/install/lifecycle_msgs/include/lifecycle_msgs/lifecycle_msgs/msg/detail/transition_description__type_support.c
[46.522s] -- Installing: /home/ohtoai/rust_ros_ws/install/lifecycle_msgs/include/lifecycle_msgs/lifecycle_msgs/msg/detail/transition_event__rosidl_typesupport_introspection_c.h
[46.522s] -- Installing: /home/ohtoai/rust_ros_ws/install/lifecycle_msgs/include/lifecycle_msgs/lifecycle_msgs/msg/detail/state__rosidl_typesupport_introspection_c.h
[46.523s] -- Installing: /home/ohtoai/rust_ros_ws/install/lifecycle_msgs/include/lifecycle_msgs/lifecycle_msgs/msg/detail/transition_event__type_support.c
[46.523s] -- Installing: /home/ohtoai/rust_ros_ws/install/lifecycle_msgs/include/lifecycle_msgs/lifecycle_msgs/msg/rosidl_typesupport_introspection_c__visibility_control.h
[46.523s] -- Up-to-date: /home/ohtoai/rust_ros_ws/install/lifecycle_msgs/include/lifecycle_msgs/lifecycle_msgs/srv
[46.523s] -- Up-to-date: /home/ohtoai/rust_ros_ws/install/lifecycle_msgs/include/lifecycle_msgs/lifecycle_msgs/srv/detail
[46.523s] -- Installing: /home/ohtoai/rust_ros_ws/install/lifecycle_msgs/include/lifecycle_msgs/lifecycle_msgs/srv/detail/get_state__type_support.c
[46.523s] -- Installing: /home/ohtoai/rust_ros_ws/install/lifecycle_msgs/include/lifecycle_msgs/lifecycle_msgs/srv/detail/get_state__rosidl_typesupport_introspection_c.h
[46.523s] -- Installing: /home/ohtoai/rust_ros_ws/install/lifecycle_msgs/include/lifecycle_msgs/lifecycle_msgs/srv/detail/get_available_transitions__type_support.c
[46.526s] -- Installing: /home/ohtoai/rust_ros_ws/install/lifecycle_msgs/include/lifecycle_msgs/lifecycle_msgs/srv/detail/get_available_states__type_support.c
[46.526s] -- Installing: /home/ohtoai/rust_ros_ws/install/lifecycle_msgs/include/lifecycle_msgs/lifecycle_msgs/srv/detail/get_available_states__rosidl_typesupport_introspection_c.h
[46.526s] -- Installing: /home/ohtoai/rust_ros_ws/install/lifecycle_msgs/include/lifecycle_msgs/lifecycle_msgs/srv/detail/change_state__rosidl_typesupport_introspection_c.h
[46.526s] -- Installing: /home/ohtoai/rust_ros_ws/install/lifecycle_msgs/include/lifecycle_msgs/lifecycle_msgs/srv/detail/get_available_transitions__rosidl_typesupport_introspection_c.h
[46.526s] -- Installing: /home/ohtoai/rust_ros_ws/install/lifecycle_msgs/include/lifecycle_msgs/lifecycle_msgs/srv/detail/change_state__type_support.c
[46.526s] -- Installing: /home/ohtoai/rust_ros_ws/install/lifecycle_msgs/lib/liblifecycle_msgs__rosidl_typesupport_introspection_c.so
[46.527s] -- Set non-toolchain portion of runtime path of "/home/ohtoai/rust_ros_ws/install/lifecycle_msgs/lib/liblifecycle_msgs__rosidl_typesupport_introspection_c.so" to ""
[46.527s] -- Installing: /home/ohtoai/rust_ros_ws/install/lifecycle_msgs/lib/liblifecycle_msgs__rosidl_typesupport_c.so
[46.527s] -- Set non-toolchain portion of runtime path of "/home/ohtoai/rust_ros_ws/install/lifecycle_msgs/lib/liblifecycle_msgs__rosidl_typesupport_c.so" to ""
[46.527s] -- Up-to-date: /home/ohtoai/rust_ros_ws/install/lifecycle_msgs/include/lifecycle_msgs/lifecycle_msgs
[46.527s] -- Up-to-date: /home/ohtoai/rust_ros_ws/install/lifecycle_msgs/include/lifecycle_msgs/lifecycle_msgs/msg
[46.527s] -- Up-to-date: /home/ohtoai/rust_ros_ws/install/lifecycle_msgs/include/lifecycle_msgs/lifecycle_msgs/msg/detail
[46.527s] -- Installing: /home/ohtoai/rust_ros_ws/install/lifecycle_msgs/include/lifecycle_msgs/lifecycle_msgs/msg/detail/transition_description__traits.hpp
[46.527s] -- Installing: /home/ohtoai/rust_ros_ws/install/lifecycle_msgs/include/lifecycle_msgs/lifecycle_msgs/msg/detail/transition_event__struct.hpp
[46.527s] -- Installing: /home/ohtoai/rust_ros_ws/install/lifecycle_msgs/include/lifecycle_msgs/lifecycle_msgs/msg/detail/transition_event__type_support.hpp
[46.528s] -- Installing: /home/ohtoai/rust_ros_ws/install/lifecycle_msgs/include/lifecycle_msgs/lifecycle_msgs/msg/detail/transition__builder.hpp
[46.528s] -- Installing: /home/ohtoai/rust_ros_ws/install/lifecycle_msgs/include/lifecycle_msgs/lifecycle_msgs/msg/detail/transition_description__builder.hpp
[46.528s] -- Installing: /home/ohtoai/rust_ros_ws/install/lifecycle_msgs/include/lifecycle_msgs/lifecycle_msgs/msg/detail/state__traits.hpp
[46.528s] -- Installing: /home/ohtoai/rust_ros_ws/install/lifecycle_msgs/include/lifecycle_msgs/lifecycle_msgs/msg/detail/transition__struct.hpp
[46.528s] -- Installing: /home/ohtoai/rust_ros_ws/install/lifecycle_msgs/include/lifecycle_msgs/lifecycle_msgs/msg/detail/transition_description__struct.hpp
[46.528s] -- Installing: /home/ohtoai/rust_ros_ws/install/lifecycle_msgs/include/lifecycle_msgs/lifecycle_msgs/msg/detail/transition_event__builder.hpp
[46.528s] -- Installing: /home/ohtoai/rust_ros_ws/install/lifecycle_msgs/include/lifecycle_msgs/lifecycle_msgs/msg/detail/state__struct.hpp
[46.528s] -- Installing: /home/ohtoai/rust_ros_ws/install/lifecycle_msgs/include/lifecycle_msgs/lifecycle_msgs/msg/detail/transition__traits.hpp
[46.528s] -- Installing: /home/ohtoai/rust_ros_ws/install/lifecycle_msgs/include/lifecycle_msgs/lifecycle_msgs/msg/detail/transition_event__traits.hpp
[46.529s] -- Installing: /home/ohtoai/rust_ros_ws/install/lifecycle_msgs/include/lifecycle_msgs/lifecycle_msgs/msg/detail/state__builder.hpp
[46.530s] -- Installing: /home/ohtoai/rust_ros_ws/install/lifecycle_msgs/include/lifecycle_msgs/lifecycle_msgs/msg/detail/transition_description__type_support.hpp
[46.530s] -- Installing: /home/ohtoai/rust_ros_ws/install/lifecycle_msgs/include/lifecycle_msgs/lifecycle_msgs/msg/detail/state__type_support.hpp
[46.532s] -- Installing: /home/ohtoai/rust_ros_ws/install/lifecycle_msgs/include/lifecycle_msgs/lifecycle_msgs/msg/detail/transition__type_support.hpp
[46.533s] -- Installing: /home/ohtoai/rust_ros_ws/install/lifecycle_msgs/include/lifecycle_msgs/lifecycle_msgs/msg/rosidl_generator_cpp__visibility_control.hpp
[46.533s] -- Installing: /home/ohtoai/rust_ros_ws/install/lifecycle_msgs/include/lifecycle_msgs/lifecycle_msgs/msg/transition_event.hpp
[46.535s] -- Installing: /home/ohtoai/rust_ros_ws/install/lifecycle_msgs/include/lifecycle_msgs/lifecycle_msgs/msg/transition_description.hpp
[46.535s] -- Installing: /home/ohtoai/rust_ros_ws/install/lifecycle_msgs/include/lifecycle_msgs/lifecycle_msgs/msg/transition.hpp
[46.535s] -- Installing: /home/ohtoai/rust_ros_ws/install/lifecycle_msgs/include/lifecycle_msgs/lifecycle_msgs/msg/state.hpp
[46.535s] -- Up-to-date: /home/ohtoai/rust_ros_ws/install/lifecycle_msgs/include/lifecycle_msgs/lifecycle_msgs/srv
[46.535s] -- Up-to-date: /home/ohtoai/rust_ros_ws/install/lifecycle_msgs/include/lifecycle_msgs/lifecycle_msgs/srv/detail
[46.535s] -- Installing: /home/ohtoai/rust_ros_ws/install/lifecycle_msgs/include/lifecycle_msgs/lifecycle_msgs/srv/detail/get_state__traits.hpp
[46.536s] -- Installing: /home/ohtoai/rust_ros_ws/install/lifecycle_msgs/include/lifecycle_msgs/lifecycle_msgs/srv/detail/get_available_states__builder.hpp
[46.539s] -- Installing: /home/ohtoai/rust_ros_ws/install/lifecycle_msgs/include/lifecycle_msgs/lifecycle_msgs/srv/detail/get_state__struct.hpp
[46.539s] -- Installing: /home/ohtoai/rust_ros_ws/install/lifecycle_msgs/include/lifecycle_msgs/lifecycle_msgs/srv/detail/get_available_states__type_support.hpp
[46.539s] -- Installing: /home/ohtoai/rust_ros_ws/install/lifecycle_msgs/include/lifecycle_msgs/lifecycle_msgs/srv/detail/get_available_transitions__struct.hpp
[46.540s] -- Installing: /home/ohtoai/rust_ros_ws/install/lifecycle_msgs/include/lifecycle_msgs/lifecycle_msgs/srv/detail/get_state__type_support.hpp
[46.541s] -- Installing: /home/ohtoai/rust_ros_ws/install/lifecycle_msgs/include/lifecycle_msgs/lifecycle_msgs/srv/detail/change_state__builder.hpp
[46.542s] -- Installing: /home/ohtoai/rust_ros_ws/install/lifecycle_msgs/include/lifecycle_msgs/lifecycle_msgs/srv/detail/get_available_transitions__builder.hpp
[46.542s] -- Installing: /home/ohtoai/rust_ros_ws/install/lifecycle_msgs/include/lifecycle_msgs/lifecycle_msgs/srv/detail/change_state__traits.hpp
[46.542s] -- Installing: /home/ohtoai/rust_ros_ws/install/lifecycle_msgs/include/lifecycle_msgs/lifecycle_msgs/srv/detail/get_state__builder.hpp
[46.542s] -- Installing: /home/ohtoai/rust_ros_ws/install/lifecycle_msgs/include/lifecycle_msgs/lifecycle_msgs/srv/detail/change_state__type_support.hpp
[46.543s] -- Installing: /home/ohtoai/rust_ros_ws/install/lifecycle_msgs/include/lifecycle_msgs/lifecycle_msgs/srv/detail/get_available_transitions__traits.hpp
[46.543s] -- Installing: /home/ohtoai/rust_ros_ws/install/lifecycle_msgs/include/lifecycle_msgs/lifecycle_msgs/srv/detail/get_available_transitions__type_support.hpp
[46.544s] -- Installing: /home/ohtoai/rust_ros_ws/install/lifecycle_msgs/include/lifecycle_msgs/lifecycle_msgs/srv/detail/get_available_states__struct.hpp
[46.544s] -- Installing: /home/ohtoai/rust_ros_ws/install/lifecycle_msgs/include/lifecycle_msgs/lifecycle_msgs/srv/detail/get_available_states__traits.hpp
[46.545s] -- Installing: /home/ohtoai/rust_ros_ws/install/lifecycle_msgs/include/lifecycle_msgs/lifecycle_msgs/srv/detail/change_state__struct.hpp
[46.545s] -- Installing: /home/ohtoai/rust_ros_ws/install/lifecycle_msgs/include/lifecycle_msgs/lifecycle_msgs/srv/change_state.hpp
[46.545s] -- Installing: /home/ohtoai/rust_ros_ws/install/lifecycle_msgs/include/lifecycle_msgs/lifecycle_msgs/srv/get_available_states.hpp
[46.546s] -- Installing: /home/ohtoai/rust_ros_ws/install/lifecycle_msgs/include/lifecycle_msgs/lifecycle_msgs/srv/get_available_transitions.hpp
[46.549s] -- Installing: /home/ohtoai/rust_ros_ws/install/lifecycle_msgs/include/lifecycle_msgs/lifecycle_msgs/srv/get_state.hpp
[46.549s] -- Up-to-date: /home/ohtoai/rust_ros_ws/install/lifecycle_msgs/include/lifecycle_msgs/lifecycle_msgs
[46.549s] -- Up-to-date: /home/ohtoai/rust_ros_ws/install/lifecycle_msgs/include/lifecycle_msgs/lifecycle_msgs/msg
[46.549s] -- Up-to-date: /home/ohtoai/rust_ros_ws/install/lifecycle_msgs/include/lifecycle_msgs/lifecycle_msgs/msg/detail
[46.549s] -- Installing: /home/ohtoai/rust_ros_ws/install/lifecycle_msgs/include/lifecycle_msgs/lifecycle_msgs/msg/detail/transition_description__rosidl_typesupport_fastrtps_cpp.hpp
[46.549s] -- Installing: /home/ohtoai/rust_ros_ws/install/lifecycle_msgs/include/lifecycle_msgs/lifecycle_msgs/msg/detail/transition__rosidl_typesupport_fastrtps_cpp.hpp
[46.549s] -- Installing: /home/ohtoai/rust_ros_ws/install/lifecycle_msgs/include/lifecycle_msgs/lifecycle_msgs/msg/detail/dds_fastrtps
[46.549s] -- Installing: /home/ohtoai/rust_ros_ws/install/lifecycle_msgs/include/lifecycle_msgs/lifecycle_msgs/msg/detail/state__rosidl_typesupport_fastrtps_cpp.hpp
[46.549s] -- Installing: /home/ohtoai/rust_ros_ws/install/lifecycle_msgs/include/lifecycle_msgs/lifecycle_msgs/msg/detail/transition_event__rosidl_typesupport_fastrtps_cpp.hpp
[46.550s] -- Installing: /home/ohtoai/rust_ros_ws/install/lifecycle_msgs/include/lifecycle_msgs/lifecycle_msgs/msg/rosidl_typesupport_fastrtps_cpp__visibility_control.h
[46.550s] -- Up-to-date: /home/ohtoai/rust_ros_ws/install/lifecycle_msgs/include/lifecycle_msgs/lifecycle_msgs/srv
[46.550s] -- Up-to-date: /home/ohtoai/rust_ros_ws/install/lifecycle_msgs/include/lifecycle_msgs/lifecycle_msgs/srv/detail
[46.550s] -- Installing: /home/ohtoai/rust_ros_ws/install/lifecycle_msgs/include/lifecycle_msgs/lifecycle_msgs/srv/detail/change_state__rosidl_typesupport_fastrtps_cpp.hpp
[46.553s] -- Installing: /home/ohtoai/rust_ros_ws/install/lifecycle_msgs/include/lifecycle_msgs/lifecycle_msgs/srv/detail/get_available_transitions__rosidl_typesupport_fastrtps_cpp.hpp
[46.553s] -- Installing: /home/ohtoai/rust_ros_ws/install/lifecycle_msgs/include/lifecycle_msgs/lifecycle_msgs/srv/detail/dds_fastrtps
[46.554s] -- Installing: /home/ohtoai/rust_ros_ws/install/lifecycle_msgs/include/lifecycle_msgs/lifecycle_msgs/srv/detail/get_available_states__rosidl_typesupport_fastrtps_cpp.hpp
[46.554s] -- Installing: /home/ohtoai/rust_ros_ws/install/lifecycle_msgs/include/lifecycle_msgs/lifecycle_msgs/srv/detail/get_state__rosidl_typesupport_fastrtps_cpp.hpp
[46.554s] -- Installing: /home/ohtoai/rust_ros_ws/install/lifecycle_msgs/lib/liblifecycle_msgs__rosidl_typesupport_fastrtps_cpp.so
[46.554s] -- Set non-toolchain portion of runtime path of "/home/ohtoai/rust_ros_ws/install/lifecycle_msgs/lib/liblifecycle_msgs__rosidl_typesupport_fastrtps_cpp.so" to ""
[46.554s] -- Up-to-date: /home/ohtoai/rust_ros_ws/install/lifecycle_msgs/include/lifecycle_msgs/lifecycle_msgs
[46.554s] -- Up-to-date: /home/ohtoai/rust_ros_ws/install/lifecycle_msgs/include/lifecycle_msgs/lifecycle_msgs/msg
[46.554s] -- Up-to-date: /home/ohtoai/rust_ros_ws/install/lifecycle_msgs/include/lifecycle_msgs/lifecycle_msgs/msg/detail
[46.554s] -- Installing: /home/ohtoai/rust_ros_ws/install/lifecycle_msgs/include/lifecycle_msgs/lifecycle_msgs/msg/detail/transition__rosidl_typesupport_introspection_cpp.hpp
[46.555s] -- Installing: /home/ohtoai/rust_ros_ws/install/lifecycle_msgs/include/lifecycle_msgs/lifecycle_msgs/msg/detail/transition__type_support.cpp
[46.555s] -- Installing: /home/ohtoai/rust_ros_ws/install/lifecycle_msgs/include/lifecycle_msgs/lifecycle_msgs/msg/detail/state__rosidl_typesupport_introspection_cpp.hpp
[46.555s] -- Installing: /home/ohtoai/rust_ros_ws/install/lifecycle_msgs/include/lifecycle_msgs/lifecycle_msgs/msg/detail/transition_description__type_support.cpp
[46.558s] -- Installing: /home/ohtoai/rust_ros_ws/install/lifecycle_msgs/include/lifecycle_msgs/lifecycle_msgs/msg/detail/transition_event__type_support.cpp
[46.558s] -- Installing: /home/ohtoai/rust_ros_ws/install/lifecycle_msgs/include/lifecycle_msgs/lifecycle_msgs/msg/detail/state__type_support.cpp
[46.558s] -- Installing: /home/ohtoai/rust_ros_ws/install/lifecycle_msgs/include/lifecycle_msgs/lifecycle_msgs/msg/detail/transition_event__rosidl_typesupport_introspection_cpp.hpp
[46.558s] -- Installing: /home/ohtoai/rust_ros_ws/install/lifecycle_msgs/include/lifecycle_msgs/lifecycle_msgs/msg/detail/transition_description__rosidl_typesupport_introspection_cpp.hpp
[46.558s] -- Up-to-date: /home/ohtoai/rust_ros_ws/install/lifecycle_msgs/include/lifecycle_msgs/lifecycle_msgs/srv
[46.558s] -- Up-to-date: /home/ohtoai/rust_ros_ws/install/lifecycle_msgs/include/lifecycle_msgs/lifecycle_msgs/srv/detail
[46.558s] -- Installing: /home/ohtoai/rust_ros_ws/install/lifecycle_msgs/include/lifecycle_msgs/lifecycle_msgs/srv/detail/change_state__rosidl_typesupport_introspection_cpp.hpp
[46.559s] -- Installing: /home/ohtoai/rust_ros_ws/install/lifecycle_msgs/include/lifecycle_msgs/lifecycle_msgs/srv/detail/get_available_states__type_support.cpp
[46.559s] -- Installing: /home/ohtoai/rust_ros_ws/install/lifecycle_msgs/include/lifecycle_msgs/lifecycle_msgs/srv/detail/get_available_states__rosidl_typesupport_introspection_cpp.hpp
[46.559s] -- Installing: /home/ohtoai/rust_ros_ws/install/lifecycle_msgs/include/lifecycle_msgs/lifecycle_msgs/srv/detail/get_state__type_support.cpp
[46.559s] -- Installing: /home/ohtoai/rust_ros_ws/install/lifecycle_msgs/include/lifecycle_msgs/lifecycle_msgs/srv/detail/change_state__type_support.cpp
[46.559s] -- Installing: /home/ohtoai/rust_ros_ws/install/lifecycle_msgs/include/lifecycle_msgs/lifecycle_msgs/srv/detail/get_state__rosidl_typesupport_introspection_cpp.hpp
[46.560s] -- Installing: /home/ohtoai/rust_ros_ws/install/lifecycle_msgs/include/lifecycle_msgs/lifecycle_msgs/srv/detail/get_available_transitions__type_support.cpp
[46.561s] -- Installing: /home/ohtoai/rust_ros_ws/install/lifecycle_msgs/include/lifecycle_msgs/lifecycle_msgs/srv/detail/get_available_transitions__rosidl_typesupport_introspection_cpp.hpp
[46.563s] -- Installing: /home/ohtoai/rust_ros_ws/install/lifecycle_msgs/lib/liblifecycle_msgs__rosidl_typesupport_introspection_cpp.so
[46.563s] -- Set non-toolchain portion of runtime path of "/home/ohtoai/rust_ros_ws/install/lifecycle_msgs/lib/liblifecycle_msgs__rosidl_typesupport_introspection_cpp.so" to ""
[46.563s] -- Installing: /home/ohtoai/rust_ros_ws/install/lifecycle_msgs/lib/liblifecycle_msgs__rosidl_typesupport_cpp.so
[46.565s] -- Set non-toolchain portion of runtime path of "/home/ohtoai/rust_ros_ws/install/lifecycle_msgs/lib/liblifecycle_msgs__rosidl_typesupport_cpp.so" to ""
[46.565s] -- Installing: /home/ohtoai/rust_ros_ws/install/lifecycle_msgs/share/ament_index/resource_index/rust_packages/lifecycle_msgs
[46.565s] -- Installing: /home/ohtoai/rust_ros_ws/install/lifecycle_msgs/share/lifecycle_msgs/rust
[46.565s] -- Installing: /home/ohtoai/rust_ros_ws/install/lifecycle_msgs/share/lifecycle_msgs/rust/build.rs
[46.571s] -- Installing: /home/ohtoai/rust_ros_ws/install/lifecycle_msgs/share/lifecycle_msgs/rust/Cargo.toml
[46.571s] -- Installing: /home/ohtoai/rust_ros_ws/install/lifecycle_msgs/share/lifecycle_msgs/rust/src
[46.571s] -- Installing: /home/ohtoai/rust_ros_ws/install/lifecycle_msgs/share/lifecycle_msgs/rust/src/msg.rs
[46.571s] -- Installing: /home/ohtoai/rust_ros_ws/install/lifecycle_msgs/share/lifecycle_msgs/rust/src/srv.rs
[46.571s] -- Installing: /home/ohtoai/rust_ros_ws/install/lifecycle_msgs/share/lifecycle_msgs/rust/src/lib.rs
[46.571s] -- Installing: /home/ohtoai/rust_ros_ws/install/lifecycle_msgs/share/lifecycle_msgs/environment/pythonpath.sh
[46.571s] -- Installing: /home/ohtoai/rust_ros_ws/install/lifecycle_msgs/share/lifecycle_msgs/environment/pythonpath.dsv
[46.571s] -- Installing: /home/ohtoai/rust_ros_ws/install/lifecycle_msgs/lib/python3.12/site-packages/lifecycle_msgs-2.0.2-py3.12.egg-info
[46.571s] -- Installing: /home/ohtoai/rust_ros_ws/install/lifecycle_msgs/lib/python3.12/site-packages/lifecycle_msgs-2.0.2-py3.12.egg-info/PKG-INFO
[46.571s] -- Installing: /home/ohtoai/rust_ros_ws/install/lifecycle_msgs/lib/python3.12/site-packages/lifecycle_msgs-2.0.2-py3.12.egg-info/top_level.txt
[46.571s] -- Installing: /home/ohtoai/rust_ros_ws/install/lifecycle_msgs/lib/python3.12/site-packages/lifecycle_msgs-2.0.2-py3.12.egg-info/SOURCES.txt
[46.571s] -- Installing: /home/ohtoai/rust_ros_ws/install/lifecycle_msgs/lib/python3.12/site-packages/lifecycle_msgs-2.0.2-py3.12.egg-info/dependency_links.txt
[46.572s] -- Installing: /home/ohtoai/rust_ros_ws/install/lifecycle_msgs/lib/python3.12/site-packages/lifecycle_msgs
[46.572s] -- Installing: /home/ohtoai/rust_ros_ws/install/lifecycle_msgs/lib/python3.12/site-packages/lifecycle_msgs/lifecycle_msgs_s__rosidl_typesupport_fastrtps_c.so
[46.572s] -- Installing: /home/ohtoai/rust_ros_ws/install/lifecycle_msgs/lib/python3.12/site-packages/lifecycle_msgs/lifecycle_msgs_s__rosidl_typesupport_c.so
[46.573s] -- Installing: /home/ohtoai/rust_ros_ws/install/lifecycle_msgs/lib/python3.12/site-packages/lifecycle_msgs/lifecycle_msgs_s__rosidl_typesupport_introspection_c.so
[46.574s] -- Installing: /home/ohtoai/rust_ros_ws/install/lifecycle_msgs/lib/python3.12/site-packages/lifecycle_msgs/msg
[46.574s] -- Installing: /home/ohtoai/rust_ros_ws/install/lifecycle_msgs/lib/python3.12/site-packages/lifecycle_msgs/msg/_transition.py
[46.575s] -- Installing: /home/ohtoai/rust_ros_ws/install/lifecycle_msgs/lib/python3.12/site-packages/lifecycle_msgs/msg/_state.py
[46.575s] -- Installing: /home/ohtoai/rust_ros_ws/install/lifecycle_msgs/lib/python3.12/site-packages/lifecycle_msgs/msg/_transition_description_s.c
[46.575s] -- Installing: /home/ohtoai/rust_ros_ws/install/lifecycle_msgs/lib/python3.12/site-packages/lifecycle_msgs/msg/_transition_event.py
[46.576s] -- Installing: /home/ohtoai/rust_ros_ws/install/lifecycle_msgs/lib/python3.12/site-packages/lifecycle_msgs/msg/_state_s.c
[46.576s] -- Installing: /home/ohtoai/rust_ros_ws/install/lifecycle_msgs/lib/python3.12/site-packages/lifecycle_msgs/msg/_transition_event_s.c
[46.576s] -- Installing: /home/ohtoai/rust_ros_ws/install/lifecycle_msgs/lib/python3.12/site-packages/lifecycle_msgs/msg/_transition_s.c
[46.577s] -- Installing: /home/ohtoai/rust_ros_ws/install/lifecycle_msgs/lib/python3.12/site-packages/lifecycle_msgs/msg/_transition_description.py
[46.578s] -- Installing: /home/ohtoai/rust_ros_ws/install/lifecycle_msgs/lib/python3.12/site-packages/lifecycle_msgs/msg/__init__.py
[46.578s] -- Installing: /home/ohtoai/rust_ros_ws/install/lifecycle_msgs/lib/python3.12/site-packages/lifecycle_msgs/srv
[46.578s] -- Installing: /home/ohtoai/rust_ros_ws/install/lifecycle_msgs/lib/python3.12/site-packages/lifecycle_msgs/srv/_get_available_transitions.py
[46.578s] -- Installing: /home/ohtoai/rust_ros_ws/install/lifecycle_msgs/lib/python3.12/site-packages/lifecycle_msgs/srv/_get_available_transitions_s.c
[46.579s] -- Installing: /home/ohtoai/rust_ros_ws/install/lifecycle_msgs/lib/python3.12/site-packages/lifecycle_msgs/srv/_get_available_states_s.c
[46.579s] -- Installing: /home/ohtoai/rust_ros_ws/install/lifecycle_msgs/lib/python3.12/site-packages/lifecycle_msgs/srv/_get_state_s.c
[46.579s] -- Installing: /home/ohtoai/rust_ros_ws/install/lifecycle_msgs/lib/python3.12/site-packages/lifecycle_msgs/srv/_get_available_states.py
[46.580s] -- Installing: /home/ohtoai/rust_ros_ws/install/lifecycle_msgs/lib/python3.12/site-packages/lifecycle_msgs/srv/_get_state.py
[46.580s] -- Installing: /home/ohtoai/rust_ros_ws/install/lifecycle_msgs/lib/python3.12/site-packages/lifecycle_msgs/srv/_change_state_s.c
[46.580s] -- Installing: /home/ohtoai/rust_ros_ws/install/lifecycle_msgs/lib/python3.12/site-packages/lifecycle_msgs/srv/_change_state.py
[46.581s] -- Installing: /home/ohtoai/rust_ros_ws/install/lifecycle_msgs/lib/python3.12/site-packages/lifecycle_msgs/srv/__init__.py
[46.581s] -- Installing: /home/ohtoai/rust_ros_ws/install/lifecycle_msgs/lib/python3.12/site-packages/lifecycle_msgs/_lifecycle_msgs_s.ep.rosidl_typesupport_introspection_c.c
[46.582s] -- Installing: /home/ohtoai/rust_ros_ws/install/lifecycle_msgs/lib/python3.12/site-packages/lifecycle_msgs/_lifecycle_msgs_s.ep.rosidl_typesupport_fastrtps_c.c
[46.582s] -- Installing: /home/ohtoai/rust_ros_ws/install/lifecycle_msgs/lib/python3.12/site-packages/lifecycle_msgs/_lifecycle_msgs_s.ep.rosidl_typesupport_c.c
[46.583s] -- Installing: /home/ohtoai/rust_ros_ws/install/lifecycle_msgs/lib/python3.12/site-packages/lifecycle_msgs/__init__.py
[46.640s] Listing '/home/ohtoai/rust_ros_ws/install/lifecycle_msgs/lib/python3.12/site-packages/lifecycle_msgs'...
[46.640s] Compiling '/home/ohtoai/rust_ros_ws/install/lifecycle_msgs/lib/python3.12/site-packages/lifecycle_msgs/__init__.py'...
[46.640s] Listing '/home/ohtoai/rust_ros_ws/install/lifecycle_msgs/lib/python3.12/site-packages/lifecycle_msgs/msg'...
[46.640s] Compiling '/home/ohtoai/rust_ros_ws/install/lifecycle_msgs/lib/python3.12/site-packages/lifecycle_msgs/msg/__init__.py'...
[46.640s] Compiling '/home/ohtoai/rust_ros_ws/install/lifecycle_msgs/lib/python3.12/site-packages/lifecycle_msgs/msg/_state.py'...
[46.640s] Compiling '/home/ohtoai/rust_ros_ws/install/lifecycle_msgs/lib/python3.12/site-packages/lifecycle_msgs/msg/_transition.py'...
[46.640s] Compiling '/home/ohtoai/rust_ros_ws/install/lifecycle_msgs/lib/python3.12/site-packages/lifecycle_msgs/msg/_transition_description.py'...
[46.640s] Compiling '/home/ohtoai/rust_ros_ws/install/lifecycle_msgs/lib/python3.12/site-packages/lifecycle_msgs/msg/_transition_event.py'...
[46.640s] Listing '/home/ohtoai/rust_ros_ws/install/lifecycle_msgs/lib/python3.12/site-packages/lifecycle_msgs/srv'...
[46.640s] Compiling '/home/ohtoai/rust_ros_ws/install/lifecycle_msgs/lib/python3.12/site-packages/lifecycle_msgs/srv/__init__.py'...
[46.640s] Compiling '/home/ohtoai/rust_ros_ws/install/lifecycle_msgs/lib/python3.12/site-packages/lifecycle_msgs/srv/_change_state.py'...
[46.640s] Compiling '/home/ohtoai/rust_ros_ws/install/lifecycle_msgs/lib/python3.12/site-packages/lifecycle_msgs/srv/_get_available_states.py'...
[46.640s] Compiling '/home/ohtoai/rust_ros_ws/install/lifecycle_msgs/lib/python3.12/site-packages/lifecycle_msgs/srv/_get_available_transitions.py'...
[46.640s] Compiling '/home/ohtoai/rust_ros_ws/install/lifecycle_msgs/lib/python3.12/site-packages/lifecycle_msgs/srv/_get_state.py'...
[46.649s] -- Installing: /home/ohtoai/rust_ros_ws/install/lifecycle_msgs/lib/python3.12/site-packages/lifecycle_msgs/lifecycle_msgs_s__rosidl_typesupport_fastrtps_c.so
[46.649s] -- Set non-toolchain portion of runtime path of "/home/ohtoai/rust_ros_ws/install/lifecycle_msgs/lib/python3.12/site-packages/lifecycle_msgs/lifecycle_msgs_s__rosidl_typesupport_fastrtps_c.so" to ""
[46.651s] -- Installing: /home/ohtoai/rust_ros_ws/install/lifecycle_msgs/lib/python3.12/site-packages/lifecycle_msgs/lifecycle_msgs_s__rosidl_typesupport_introspection_c.so
[46.656s] -- Set non-toolchain portion of runtime path of "/home/ohtoai/rust_ros_ws/install/lifecycle_msgs/lib/python3.12/site-packages/lifecycle_msgs/lifecycle_msgs_s__rosidl_typesupport_introspection_c.so" to ""
[46.656s] -- Installing: /home/ohtoai/rust_ros_ws/install/lifecycle_msgs/lib/python3.12/site-packages/lifecycle_msgs/lifecycle_msgs_s__rosidl_typesupport_c.so
[46.656s] -- Set non-toolchain portion of runtime path of "/home/ohtoai/rust_ros_ws/install/lifecycle_msgs/lib/python3.12/site-packages/lifecycle_msgs/lifecycle_msgs_s__rosidl_typesupport_c.so" to ""
[46.656s] -- Installing: /home/ohtoai/rust_ros_ws/install/lifecycle_msgs/lib/liblifecycle_msgs__rosidl_generator_py.so
[46.656s] -- Set non-toolchain portion of runtime path of "/home/ohtoai/rust_ros_ws/install/lifecycle_msgs/lib/liblifecycle_msgs__rosidl_generator_py.so" to ""
[46.656s] -- Installing: /home/ohtoai/rust_ros_ws/install/lifecycle_msgs/share/lifecycle_msgs/msg/State.idl
[46.656s] -- Installing: /home/ohtoai/rust_ros_ws/install/lifecycle_msgs/share/lifecycle_msgs/msg/Transition.idl
[46.656s] -- Installing: /home/ohtoai/rust_ros_ws/install/lifecycle_msgs/share/lifecycle_msgs/msg/TransitionDescription.idl
[46.656s] -- Installing: /home/ohtoai/rust_ros_ws/install/lifecycle_msgs/share/lifecycle_msgs/msg/TransitionEvent.idl
[46.656s] -- Installing: /home/ohtoai/rust_ros_ws/install/lifecycle_msgs/share/lifecycle_msgs/srv/ChangeState.idl
[46.659s] -- Installing: /home/ohtoai/rust_ros_ws/install/lifecycle_msgs/share/lifecycle_msgs/srv/GetAvailableStates.idl
[46.659s] -- Installing: /home/ohtoai/rust_ros_ws/install/lifecycle_msgs/share/lifecycle_msgs/srv/GetAvailableTransitions.idl
[46.659s] -- Installing: /home/ohtoai/rust_ros_ws/install/lifecycle_msgs/share/lifecycle_msgs/srv/GetState.idl
[46.660s] -- Installing: /home/ohtoai/rust_ros_ws/install/lifecycle_msgs/share/lifecycle_msgs/msg/State.msg
[46.660s] -- Installing: /home/ohtoai/rust_ros_ws/install/lifecycle_msgs/share/lifecycle_msgs/msg/Transition.msg
[46.661s] -- Installing: /home/ohtoai/rust_ros_ws/install/lifecycle_msgs/share/lifecycle_msgs/msg/TransitionDescription.msg
[46.662s] -- Installing: /home/ohtoai/rust_ros_ws/install/lifecycle_msgs/share/lifecycle_msgs/msg/TransitionEvent.msg
[46.662s] -- Installing: /home/ohtoai/rust_ros_ws/install/lifecycle_msgs/share/lifecycle_msgs/srv/ChangeState.srv
[46.662s] -- Installing: /home/ohtoai/rust_ros_ws/install/lifecycle_msgs/share/lifecycle_msgs/srv/GetAvailableStates.srv
[46.663s] -- Installing: /home/ohtoai/rust_ros_ws/install/lifecycle_msgs/share/lifecycle_msgs/srv/GetAvailableTransitions.srv
[46.663s] -- Installing: /home/ohtoai/rust_ros_ws/install/lifecycle_msgs/share/lifecycle_msgs/srv/GetState.srv
[46.664s] -- Installing: /home/ohtoai/rust_ros_ws/install/lifecycle_msgs/share/ament_index/resource_index/package_run_dependencies/lifecycle_msgs
[46.664s] -- Installing: /home/ohtoai/rust_ros_ws/install/lifecycle_msgs/share/ament_index/resource_index/parent_prefix_path/lifecycle_msgs
[46.664s] -- Installing: /home/ohtoai/rust_ros_ws/install/lifecycle_msgs/share/lifecycle_msgs/environment/ament_prefix_path.sh
[46.666s] -- Installing: /home/ohtoai/rust_ros_ws/install/lifecycle_msgs/share/lifecycle_msgs/environment/ament_prefix_path.dsv
[46.666s] -- Installing: /home/ohtoai/rust_ros_ws/install/lifecycle_msgs/share/lifecycle_msgs/environment/path.sh
[46.666s] -- Installing: /home/ohtoai/rust_ros_ws/install/lifecycle_msgs/share/lifecycle_msgs/environment/path.dsv
[46.667s] -- Installing: /home/ohtoai/rust_ros_ws/install/lifecycle_msgs/share/lifecycle_msgs/local_setup.bash
[46.667s] -- Installing: /home/ohtoai/rust_ros_ws/install/lifecycle_msgs/share/lifecycle_msgs/local_setup.sh
[46.668s] -- Installing: /home/ohtoai/rust_ros_ws/install/lifecycle_msgs/share/lifecycle_msgs/local_setup.zsh
[46.668s] -- Installing: /home/ohtoai/rust_ros_ws/install/lifecycle_msgs/share/lifecycle_msgs/local_setup.dsv
[46.669s] -- Installing: /home/ohtoai/rust_ros_ws/install/lifecycle_msgs/share/lifecycle_msgs/package.dsv
[46.669s] -- Installing: /home/ohtoai/rust_ros_ws/install/lifecycle_msgs/share/ament_index/resource_index/packages/lifecycle_msgs
[46.669s] -- Installing: /home/ohtoai/rust_ros_ws/install/lifecycle_msgs/share/lifecycle_msgs/cmake/export_lifecycle_msgs__rosidl_generator_cExport.cmake
[46.670s] -- Installing: /home/ohtoai/rust_ros_ws/install/lifecycle_msgs/share/lifecycle_msgs/cmake/export_lifecycle_msgs__rosidl_generator_cExport-noconfig.cmake
[46.670s] -- Installing: /home/ohtoai/rust_ros_ws/install/lifecycle_msgs/share/lifecycle_msgs/cmake/export_lifecycle_msgs__rosidl_typesupport_fastrtps_cExport.cmake
[46.670s] -- Installing: /home/ohtoai/rust_ros_ws/install/lifecycle_msgs/share/lifecycle_msgs/cmake/export_lifecycle_msgs__rosidl_typesupport_fastrtps_cExport-noconfig.cmake
[46.670s] -- Installing: /home/ohtoai/rust_ros_ws/install/lifecycle_msgs/share/lifecycle_msgs/cmake/lifecycle_msgs__rosidl_typesupport_introspection_cExport.cmake
[46.671s] -- Installing: /home/ohtoai/rust_ros_ws/install/lifecycle_msgs/share/lifecycle_msgs/cmake/lifecycle_msgs__rosidl_typesupport_introspection_cExport-noconfig.cmake
[46.672s] -- Installing: /home/ohtoai/rust_ros_ws/install/lifecycle_msgs/share/lifecycle_msgs/cmake/lifecycle_msgs__rosidl_typesupport_cExport.cmake
[46.672s] -- Installing: /home/ohtoai/rust_ros_ws/install/lifecycle_msgs/share/lifecycle_msgs/cmake/lifecycle_msgs__rosidl_typesupport_cExport-noconfig.cmake
[46.673s] -- Installing: /home/ohtoai/rust_ros_ws/install/lifecycle_msgs/share/lifecycle_msgs/cmake/export_lifecycle_msgs__rosidl_generator_cppExport.cmake
[46.674s] -- Installing: /home/ohtoai/rust_ros_ws/install/lifecycle_msgs/share/lifecycle_msgs/cmake/export_lifecycle_msgs__rosidl_typesupport_fastrtps_cppExport.cmake
[46.674s] -- Installing: /home/ohtoai/rust_ros_ws/install/lifecycle_msgs/share/lifecycle_msgs/cmake/export_lifecycle_msgs__rosidl_typesupport_fastrtps_cppExport-noconfig.cmake
[46.674s] -- Installing: /home/ohtoai/rust_ros_ws/install/lifecycle_msgs/share/lifecycle_msgs/cmake/lifecycle_msgs__rosidl_typesupport_introspection_cppExport.cmake
[46.675s] -- Installing: /home/ohtoai/rust_ros_ws/install/lifecycle_msgs/share/lifecycle_msgs/cmake/lifecycle_msgs__rosidl_typesupport_introspection_cppExport-noconfig.cmake
[46.676s] -- Installing: /home/ohtoai/rust_ros_ws/install/lifecycle_msgs/share/lifecycle_msgs/cmake/lifecycle_msgs__rosidl_typesupport_cppExport.cmake
[46.676s] -- Installing: /home/ohtoai/rust_ros_ws/install/lifecycle_msgs/share/lifecycle_msgs/cmake/lifecycle_msgs__rosidl_typesupport_cppExport-noconfig.cmake
[46.676s] -- Installing: /home/ohtoai/rust_ros_ws/install/lifecycle_msgs/share/lifecycle_msgs/cmake/export_lifecycle_msgs__rosidl_generator_pyExport.cmake
[46.677s] -- Installing: /home/ohtoai/rust_ros_ws/install/lifecycle_msgs/share/lifecycle_msgs/cmake/export_lifecycle_msgs__rosidl_generator_pyExport-noconfig.cmake
[46.678s] -- Installing: /home/ohtoai/rust_ros_ws/install/lifecycle_msgs/share/lifecycle_msgs/cmake/rosidl_cmake-extras.cmake
[46.679s] -- Installing: /home/ohtoai/rust_ros_ws/install/lifecycle_msgs/share/lifecycle_msgs/cmake/ament_cmake_export_dependencies-extras.cmake
[46.679s] -- Installing: /home/ohtoai/rust_ros_ws/install/lifecycle_msgs/share/lifecycle_msgs/cmake/ament_cmake_export_include_directories-extras.cmake
[46.680s] -- Installing: /home/ohtoai/rust_ros_ws/install/lifecycle_msgs/share/lifecycle_msgs/cmake/ament_cmake_export_libraries-extras.cmake
[46.680s] -- Installing: /home/ohtoai/rust_ros_ws/install/lifecycle_msgs/share/lifecycle_msgs/cmake/ament_cmake_export_targets-extras.cmake
[46.680s] -- Installing: /home/ohtoai/rust_ros_ws/install/lifecycle_msgs/share/lifecycle_msgs/cmake/rosidl_cmake_export_typesupport_targets-extras.cmake
[46.680s] -- Installing: /home/ohtoai/rust_ros_ws/install/lifecycle_msgs/share/lifecycle_msgs/cmake/rosidl_cmake_export_typesupport_libraries-extras.cmake
[46.681s] -- Installing: /home/ohtoai/rust_ros_ws/install/lifecycle_msgs/share/lifecycle_msgs/cmake/lifecycle_msgsConfig.cmake
[46.681s] -- Installing: /home/ohtoai/rust_ros_ws/install/lifecycle_msgs/share/lifecycle_msgs/cmake/lifecycle_msgsConfig-version.cmake
[46.684s] -- Installing: /home/ohtoai/rust_ros_ws/install/lifecycle_msgs/share/lifecycle_msgs/package.xml
[46.690s] Invoked command in '/home/ohtoai/rust_ros_ws/build/lifecycle_msgs' returned '0': AMENT_PREFIX_PATH=/home/ohtoai/rust_ros_ws/install/rosidl_default_runtime:/home/ohtoai/rust_ros_ws/install/rosidl_default_generators:/home/ohtoai/rust_ros_ws/install/action_msgs:/home/ohtoai/rust_ros_ws/install/service_msgs:/home/ohtoai/rust_ros_ws/install/unique_identifier_msgs:/home/ohtoai/rust_ros_ws/install/builtin_interfaces:/home/ohtoai/rust_ros_ws/install/rosidl_core_runtime:/home/ohtoai/rust_ros_ws/install/rosidl_core_generators:/home/ohtoai/rust_ros_ws/install/rosidl_generator_rs:/home/ohtoai/rust_ros_ws/install/rosidl_runtime_rs:${AMENT_PREFIX_PATH} CMAKE_PREFIX_PATH=/home/ohtoai/rust_ros_ws/install/rosidl_default_runtime:/home/ohtoai/rust_ros_ws/install/rosidl_default_generators:/home/ohtoai/rust_ros_ws/install/action_msgs:/home/ohtoai/rust_ros_ws/install/service_msgs:/home/ohtoai/rust_ros_ws/install/unique_identifier_msgs:/home/ohtoai/rust_ros_ws/install/builtin_interfaces:/home/ohtoai/rust_ros_ws/install/rosidl_core_runtime:/home/ohtoai/rust_ros_ws/install/rosidl_core_generators:/home/ohtoai/rust_ros_ws/install/rosidl_generator_rs:/opt/ros/jazzy/opt/gz_math_vendor:/opt/ros/jazzy/opt/gz_utils_vendor:/opt/ros/jazzy/opt/gz_cmake_vendor:/opt/ros/jazzy DEBUGINFOD_URLS=https://debuginfod.ubuntu.com LD_LIBRARY_PATH=/home/ohtoai/rust_ros_ws/install/action_msgs/lib:/home/ohtoai/rust_ros_ws/install/service_msgs/lib:/home/ohtoai/rust_ros_ws/install/unique_identifier_msgs/lib:/home/ohtoai/rust_ros_ws/install/builtin_interfaces/lib:${LD_LIBRARY_PATH} PYTHONPATH=/home/ohtoai/rust_ros_ws/install/action_msgs/lib/python3.12/site-packages:/home/ohtoai/rust_ros_ws/install/service_msgs/lib/python3.12/site-packages:/home/ohtoai/rust_ros_ws/install/unique_identifier_msgs/lib/python3.12/site-packages:/home/ohtoai/rust_ros_ws/install/builtin_interfaces/lib/python3.12/site-packages:/home/ohtoai/rust_ros_ws/install/rosidl_generator_rs/lib/python3.12/site-packages:${PYTHONPATH} /usr/bin/cmake --install /home/ohtoai/rust_ros_ws/build/lifecycle_msgs
