[0.015s] Invoking command in '/home/ohtoai/rust_ros_ws/build/rosidl_core_generators': AMENT_PREFIX_PATH=/home/ohtoai/rust_ros_ws/install/rosidl_generator_rs:/home/ohtoai/rust_ros_ws/install/rosidl_runtime_rs:${AMENT_PREFIX_PATH} CMAKE_PREFIX_PATH=/home/ohtoai/rust_ros_ws/install/rosidl_generator_rs:/opt/ros/jazzy/opt/gz_math_vendor:/opt/ros/jazzy/opt/gz_utils_vendor:/opt/ros/jazzy/opt/gz_cmake_vendor:/opt/ros/jazzy DEBUGINFOD_URLS=https://debuginfod.ubuntu.com PYTHONPATH=/home/ohtoai/rust_ros_ws/install/rosidl_generator_rs/lib/python3.12/site-packages:${PYTHONPATH} /usr/bin/cmake /home/ohtoai/rust_ros_ws/src/ros2/rosidl_core/rosidl_core_generators -DCMAKE_INSTALL_PREFIX=/home/ohtoai/rust_ros_ws/install/rosidl_core_generators
[0.061s] -- Found ament_cmake: 2.5.3 (/opt/ros/jazzy/share/ament_cmake/cmake)
[0.265s] -- Found Python3: /usr/bin/python3 (found version "3.12.3") found components: Interpreter 
[0.366s] -- Found ament_lint_auto: 0.17.1 (/opt/ros/jazzy/share/ament_lint_auto/cmake)
[0.498s] -- Added test 'copyright' to check source files copyright and LICENSE
[0.498s] -- Added test 'lint_cmake' to check CMake code style
[0.499s] -- Added test 'xmllint' to check XML markup files
[0.500s] -- Configuring done (0.5s)
[0.506s] -- Generating done (0.0s)
[0.508s] -- Build files have been written to: /home/ohtoai/rust_ros_ws/build/rosidl_core_generators
[0.519s] Invoked command in '/home/ohtoai/rust_ros_ws/build/rosidl_core_generators' returned '0': AMENT_PREFIX_PATH=/home/ohtoai/rust_ros_ws/install/rosidl_generator_rs:/home/ohtoai/rust_ros_ws/install/rosidl_runtime_rs:${AMENT_PREFIX_PATH} CMAKE_PREFIX_PATH=/home/ohtoai/rust_ros_ws/install/rosidl_generator_rs:/opt/ros/jazzy/opt/gz_math_vendor:/opt/ros/jazzy/opt/gz_utils_vendor:/opt/ros/jazzy/opt/gz_cmake_vendor:/opt/ros/jazzy DEBUGINFOD_URLS=https://debuginfod.ubuntu.com PYTHONPATH=/home/ohtoai/rust_ros_ws/install/rosidl_generator_rs/lib/python3.12/site-packages:${PYTHONPATH} /usr/bin/cmake /home/ohtoai/rust_ros_ws/src/ros2/rosidl_core/rosidl_core_generators -DCMAKE_INSTALL_PREFIX=/home/ohtoai/rust_ros_ws/install/rosidl_core_generators
[0.520s] Invoking command in '/home/ohtoai/rust_ros_ws/build/rosidl_core_generators': AMENT_PREFIX_PATH=/home/ohtoai/rust_ros_ws/install/rosidl_generator_rs:/home/ohtoai/rust_ros_ws/install/rosidl_runtime_rs:${AMENT_PREFIX_PATH} CMAKE_PREFIX_PATH=/home/ohtoai/rust_ros_ws/install/rosidl_generator_rs:/opt/ros/jazzy/opt/gz_math_vendor:/opt/ros/jazzy/opt/gz_utils_vendor:/opt/ros/jazzy/opt/gz_cmake_vendor:/opt/ros/jazzy DEBUGINFOD_URLS=https://debuginfod.ubuntu.com PYTHONPATH=/home/ohtoai/rust_ros_ws/install/rosidl_generator_rs/lib/python3.12/site-packages:${PYTHONPATH} /usr/bin/cmake --build /home/ohtoai/rust_ros_ws/build/rosidl_core_generators -- -j2 -l2
[0.566s] Invoked command in '/home/ohtoai/rust_ros_ws/build/rosidl_core_generators' returned '0': AMENT_PREFIX_PATH=/home/ohtoai/rust_ros_ws/install/rosidl_generator_rs:/home/ohtoai/rust_ros_ws/install/rosidl_runtime_rs:${AMENT_PREFIX_PATH} CMAKE_PREFIX_PATH=/home/ohtoai/rust_ros_ws/install/rosidl_generator_rs:/opt/ros/jazzy/opt/gz_math_vendor:/opt/ros/jazzy/opt/gz_utils_vendor:/opt/ros/jazzy/opt/gz_cmake_vendor:/opt/ros/jazzy DEBUGINFOD_URLS=https://debuginfod.ubuntu.com PYTHONPATH=/home/ohtoai/rust_ros_ws/install/rosidl_generator_rs/lib/python3.12/site-packages:${PYTHONPATH} /usr/bin/cmake --build /home/ohtoai/rust_ros_ws/build/rosidl_core_generators -- -j2 -l2
[0.568s] Invoking command in '/home/ohtoai/rust_ros_ws/build/rosidl_core_generators': AMENT_PREFIX_PATH=/home/ohtoai/rust_ros_ws/install/rosidl_generator_rs:/home/ohtoai/rust_ros_ws/install/rosidl_runtime_rs:${AMENT_PREFIX_PATH} CMAKE_PREFIX_PATH=/home/ohtoai/rust_ros_ws/install/rosidl_generator_rs:/opt/ros/jazzy/opt/gz_math_vendor:/opt/ros/jazzy/opt/gz_utils_vendor:/opt/ros/jazzy/opt/gz_cmake_vendor:/opt/ros/jazzy DEBUGINFOD_URLS=https://debuginfod.ubuntu.com PYTHONPATH=/home/ohtoai/rust_ros_ws/install/rosidl_generator_rs/lib/python3.12/site-packages:${PYTHONPATH} /usr/bin/cmake --install /home/ohtoai/rust_ros_ws/build/rosidl_core_generators
[0.577s] -- Install configuration: ""
[0.578s] -- Installing: /home/ohtoai/rust_ros_ws/install/rosidl_core_generators/share/ament_index/resource_index/package_run_dependencies/rosidl_core_generators
[0.578s] -- Installing: /home/ohtoai/rust_ros_ws/install/rosidl_core_generators/share/ament_index/resource_index/parent_prefix_path/rosidl_core_generators
[0.578s] -- Installing: /home/ohtoai/rust_ros_ws/install/rosidl_core_generators/share/rosidl_core_generators/environment/ament_prefix_path.sh
[0.579s] -- Installing: /home/ohtoai/rust_ros_ws/install/rosidl_core_generators/share/rosidl_core_generators/environment/ament_prefix_path.dsv
[0.580s] -- Installing: /home/ohtoai/rust_ros_ws/install/rosidl_core_generators/share/rosidl_core_generators/environment/path.sh
[0.580s] -- Installing: /home/ohtoai/rust_ros_ws/install/rosidl_core_generators/share/rosidl_core_generators/environment/path.dsv
[0.581s] -- Installing: /home/ohtoai/rust_ros_ws/install/rosidl_core_generators/share/rosidl_core_generators/local_setup.bash
[0.581s] -- Installing: /home/ohtoai/rust_ros_ws/install/rosidl_core_generators/share/rosidl_core_generators/local_setup.sh
[0.581s] -- Installing: /home/ohtoai/rust_ros_ws/install/rosidl_core_generators/share/rosidl_core_generators/local_setup.zsh
[0.582s] -- Installing: /home/ohtoai/rust_ros_ws/install/rosidl_core_generators/share/rosidl_core_generators/local_setup.dsv
[0.582s] -- Installing: /home/ohtoai/rust_ros_ws/install/rosidl_core_generators/share/rosidl_core_generators/package.dsv
[0.582s] -- Installing: /home/ohtoai/rust_ros_ws/install/rosidl_core_generators/share/ament_index/resource_index/packages/rosidl_core_generators
[0.583s] -- Installing: /home/ohtoai/rust_ros_ws/install/rosidl_core_generators/share/rosidl_core_generators/cmake/rosidl_core_generators-extras.cmake
[0.583s] -- Installing: /home/ohtoai/rust_ros_ws/install/rosidl_core_generators/share/rosidl_core_generators/cmake/ament_cmake_export_dependencies-extras.cmake
[0.583s] -- Installing: /home/ohtoai/rust_ros_ws/install/rosidl_core_generators/share/rosidl_core_generators/cmake/rosidl_core_generatorsConfig.cmake
[0.584s] -- Installing: /home/ohtoai/rust_ros_ws/install/rosidl_core_generators/share/rosidl_core_generators/cmake/rosidl_core_generatorsConfig-version.cmake
[0.584s] -- Installing: /home/ohtoai/rust_ros_ws/install/rosidl_core_generators/share/rosidl_core_generators/package.xml
[0.588s] Invoked command in '/home/ohtoai/rust_ros_ws/build/rosidl_core_generators' returned '0': AMENT_PREFIX_PATH=/home/ohtoai/rust_ros_ws/install/rosidl_generator_rs:/home/ohtoai/rust_ros_ws/install/rosidl_runtime_rs:${AMENT_PREFIX_PATH} CMAKE_PREFIX_PATH=/home/ohtoai/rust_ros_ws/install/rosidl_generator_rs:/opt/ros/jazzy/opt/gz_math_vendor:/opt/ros/jazzy/opt/gz_utils_vendor:/opt/ros/jazzy/opt/gz_cmake_vendor:/opt/ros/jazzy DEBUGINFOD_URLS=https://debuginfod.ubuntu.com PYTHONPATH=/home/ohtoai/rust_ros_ws/install/rosidl_generator_rs/lib/python3.12/site-packages:${PYTHONPATH} /usr/bin/cmake --install /home/ohtoai/rust_ros_ws/build/rosidl_core_generators
