[0.082s] Invoking command in '/home/ohtoai/rust_ros_ws/build/statistics_msgs': AMENT_PREFIX_PATH=/home/ohtoai/rust_ros_ws/install/rosidl_default_runtime:/home/ohtoai/rust_ros_ws/install/rosidl_default_generators:/home/ohtoai/rust_ros_ws/install/action_msgs:/home/ohtoai/rust_ros_ws/install/service_msgs:/home/ohtoai/rust_ros_ws/install/unique_identifier_msgs:/home/ohtoai/rust_ros_ws/install/builtin_interfaces:/home/ohtoai/rust_ros_ws/install/rosidl_core_runtime:/home/ohtoai/rust_ros_ws/install/rosidl_core_generators:/home/ohtoai/rust_ros_ws/install/rosidl_generator_rs:/home/ohtoai/rust_ros_ws/install/rosidl_runtime_rs:${AMENT_PREFIX_PATH} CMAKE_PREFIX_PATH=/home/ohtoai/rust_ros_ws/install/rosidl_default_runtime:/home/ohtoai/rust_ros_ws/install/rosidl_default_generators:/home/ohtoai/rust_ros_ws/install/action_msgs:/home/ohtoai/rust_ros_ws/install/service_msgs:/home/ohtoai/rust_ros_ws/install/unique_identifier_msgs:/home/ohtoai/rust_ros_ws/install/builtin_interfaces:/home/ohtoai/rust_ros_ws/install/rosidl_core_runtime:/home/ohtoai/rust_ros_ws/install/rosidl_core_generators:/home/ohtoai/rust_ros_ws/install/rosidl_generator_rs:/opt/ros/jazzy/opt/gz_math_vendor:/opt/ros/jazzy/opt/gz_utils_vendor:/opt/ros/jazzy/opt/gz_cmake_vendor:/opt/ros/jazzy DEBUGINFOD_URLS=https://debuginfod.ubuntu.com LD_LIBRARY_PATH=/home/ohtoai/rust_ros_ws/install/action_msgs/lib:/home/ohtoai/rust_ros_ws/install/service_msgs/lib:/home/ohtoai/rust_ros_ws/install/unique_identifier_msgs/lib:/home/ohtoai/rust_ros_ws/install/builtin_interfaces/lib:${LD_LIBRARY_PATH} PYTHONPATH=/home/ohtoai/rust_ros_ws/install/action_msgs/lib/python3.12/site-packages:/home/ohtoai/rust_ros_ws/install/service_msgs/lib/python3.12/site-packages:/home/ohtoai/rust_ros_ws/install/unique_identifier_msgs/lib/python3.12/site-packages:/home/ohtoai/rust_ros_ws/install/builtin_interfaces/lib/python3.12/site-packages:/home/ohtoai/rust_ros_ws/install/rosidl_generator_rs/lib/python3.12/site-packages:${PYTHONPATH} /usr/bin/cmake /home/ohtoai/rust_ros_ws/src/ros2/rcl_interfaces/statistics_msgs -DCMAKE_INSTALL_PREFIX=/home/ohtoai/rust_ros_ws/install/statistics_msgs
[0.188s] -- The C compiler identification is GNU 13.3.0
[0.286s] -- The CXX compiler identification is GNU 13.3.0
[0.326s] -- Detecting C compiler ABI info
[0.456s] -- Detecting C compiler ABI info - done
[0.471s] -- Check for working C compiler: /usr/bin/cc - skipped
[0.471s] -- Detecting C compile features
[0.472s] -- Detecting C compile features - done
[0.488s] -- Detecting CXX compiler ABI info
[0.639s] -- Detecting CXX compiler ABI info - done
[0.657s] -- Check for working CXX compiler: /usr/bin/c++ - skipped
[0.659s] -- Detecting CXX compile features
[0.660s] -- Detecting CXX compile features - done
[0.668s] -- Found ament_cmake: 2.5.3 (/opt/ros/jazzy/share/ament_cmake/cmake)
[0.819s] -- Found Python3: /usr/bin/python3 (found version "3.12.3") found components: Interpreter 
[0.925s] -- Found builtin_interfaces: 2.0.2 (/home/ohtoai/rust_ros_ws/install/builtin_interfaces/share/builtin_interfaces/cmake)
[0.962s] -- Found rosidl_generator_c: 4.6.5 (/opt/ros/jazzy/share/rosidl_generator_c/cmake)
[0.975s] -- Found rosidl_generator_cpp: 4.6.5 (/opt/ros/jazzy/share/rosidl_generator_cpp/cmake)
[0.989s] -- Using all available rosidl_typesupport_c: rosidl_typesupport_fastrtps_c;rosidl_typesupport_introspection_c
[1.014s] -- Using all available rosidl_typesupport_cpp: rosidl_typesupport_fastrtps_cpp;rosidl_typesupport_introspection_cpp
[1.048s] -- Found rosidl_default_generators: 1.6.0 (/home/ohtoai/rust_ros_ws/install/rosidl_default_generators/share/rosidl_default_generators/cmake)
[1.073s] -- Found rosidl_adapter: 4.6.5 (/opt/ros/jazzy/share/rosidl_adapter/cmake)
[1.911s] -- Found ament_cmake_ros: 0.12.0 (/opt/ros/jazzy/share/ament_cmake_ros/cmake)
[2.897s] -- Using all available rosidl_typesupport_c: rosidl_typesupport_fastrtps_c;rosidl_typesupport_introspection_c
[3.296s] -- Using all available rosidl_typesupport_cpp: rosidl_typesupport_fastrtps_cpp;rosidl_typesupport_introspection_cpp
[3.306s] -- Found python_cmake_module: 0.11.1 (/opt/ros/jazzy/share/python_cmake_module/cmake)
[3.494s] -- Found PythonExtra: /usr/bin/python3  
[4.112s] -- Found Python3: /usr/bin/python3 (found version "3.12.3") found components: Interpreter Development NumPy Development.Module Development.Embed 
[4.158s] -- Configuring done (4.1s)
[4.222s] -- Generating done (0.1s)
[4.234s] -- Build files have been written to: /home/ohtoai/rust_ros_ws/build/statistics_msgs
[4.245s] Invoked command in '/home/ohtoai/rust_ros_ws/build/statistics_msgs' returned '0': AMENT_PREFIX_PATH=/home/ohtoai/rust_ros_ws/install/rosidl_default_runtime:/home/ohtoai/rust_ros_ws/install/rosidl_default_generators:/home/ohtoai/rust_ros_ws/install/action_msgs:/home/ohtoai/rust_ros_ws/install/service_msgs:/home/ohtoai/rust_ros_ws/install/unique_identifier_msgs:/home/ohtoai/rust_ros_ws/install/builtin_interfaces:/home/ohtoai/rust_ros_ws/install/rosidl_core_runtime:/home/ohtoai/rust_ros_ws/install/rosidl_core_generators:/home/ohtoai/rust_ros_ws/install/rosidl_generator_rs:/home/ohtoai/rust_ros_ws/install/rosidl_runtime_rs:${AMENT_PREFIX_PATH} CMAKE_PREFIX_PATH=/home/ohtoai/rust_ros_ws/install/rosidl_default_runtime:/home/ohtoai/rust_ros_ws/install/rosidl_default_generators:/home/ohtoai/rust_ros_ws/install/action_msgs:/home/ohtoai/rust_ros_ws/install/service_msgs:/home/ohtoai/rust_ros_ws/install/unique_identifier_msgs:/home/ohtoai/rust_ros_ws/install/builtin_interfaces:/home/ohtoai/rust_ros_ws/install/rosidl_core_runtime:/home/ohtoai/rust_ros_ws/install/rosidl_core_generators:/home/ohtoai/rust_ros_ws/install/rosidl_generator_rs:/opt/ros/jazzy/opt/gz_math_vendor:/opt/ros/jazzy/opt/gz_utils_vendor:/opt/ros/jazzy/opt/gz_cmake_vendor:/opt/ros/jazzy DEBUGINFOD_URLS=https://debuginfod.ubuntu.com LD_LIBRARY_PATH=/home/ohtoai/rust_ros_ws/install/action_msgs/lib:/home/ohtoai/rust_ros_ws/install/service_msgs/lib:/home/ohtoai/rust_ros_ws/install/unique_identifier_msgs/lib:/home/ohtoai/rust_ros_ws/install/builtin_interfaces/lib:${LD_LIBRARY_PATH} PYTHONPATH=/home/ohtoai/rust_ros_ws/install/action_msgs/lib/python3.12/site-packages:/home/ohtoai/rust_ros_ws/install/service_msgs/lib/python3.12/site-packages:/home/ohtoai/rust_ros_ws/install/unique_identifier_msgs/lib/python3.12/site-packages:/home/ohtoai/rust_ros_ws/install/builtin_interfaces/lib/python3.12/site-packages:/home/ohtoai/rust_ros_ws/install/rosidl_generator_rs/lib/python3.12/site-packages:${PYTHONPATH} /usr/bin/cmake /home/ohtoai/rust_ros_ws/src/ros2/rcl_interfaces/statistics_msgs -DCMAKE_INSTALL_PREFIX=/home/ohtoai/rust_ros_ws/install/statistics_msgs
[4.246s] Invoking command in '/home/ohtoai/rust_ros_ws/build/statistics_msgs': AMENT_PREFIX_PATH=/home/ohtoai/rust_ros_ws/install/rosidl_default_runtime:/home/ohtoai/rust_ros_ws/install/rosidl_default_generators:/home/ohtoai/rust_ros_ws/install/action_msgs:/home/ohtoai/rust_ros_ws/install/service_msgs:/home/ohtoai/rust_ros_ws/install/unique_identifier_msgs:/home/ohtoai/rust_ros_ws/install/builtin_interfaces:/home/ohtoai/rust_ros_ws/install/rosidl_core_runtime:/home/ohtoai/rust_ros_ws/install/rosidl_core_generators:/home/ohtoai/rust_ros_ws/install/rosidl_generator_rs:/home/ohtoai/rust_ros_ws/install/rosidl_runtime_rs:${AMENT_PREFIX_PATH} CMAKE_PREFIX_PATH=/home/ohtoai/rust_ros_ws/install/rosidl_default_runtime:/home/ohtoai/rust_ros_ws/install/rosidl_default_generators:/home/ohtoai/rust_ros_ws/install/action_msgs:/home/ohtoai/rust_ros_ws/install/service_msgs:/home/ohtoai/rust_ros_ws/install/unique_identifier_msgs:/home/ohtoai/rust_ros_ws/install/builtin_interfaces:/home/ohtoai/rust_ros_ws/install/rosidl_core_runtime:/home/ohtoai/rust_ros_ws/install/rosidl_core_generators:/home/ohtoai/rust_ros_ws/install/rosidl_generator_rs:/opt/ros/jazzy/opt/gz_math_vendor:/opt/ros/jazzy/opt/gz_utils_vendor:/opt/ros/jazzy/opt/gz_cmake_vendor:/opt/ros/jazzy DEBUGINFOD_URLS=https://debuginfod.ubuntu.com LD_LIBRARY_PATH=/home/ohtoai/rust_ros_ws/install/action_msgs/lib:/home/ohtoai/rust_ros_ws/install/service_msgs/lib:/home/ohtoai/rust_ros_ws/install/unique_identifier_msgs/lib:/home/ohtoai/rust_ros_ws/install/builtin_interfaces/lib:${LD_LIBRARY_PATH} PYTHONPATH=/home/ohtoai/rust_ros_ws/install/action_msgs/lib/python3.12/site-packages:/home/ohtoai/rust_ros_ws/install/service_msgs/lib/python3.12/site-packages:/home/ohtoai/rust_ros_ws/install/unique_identifier_msgs/lib/python3.12/site-packages:/home/ohtoai/rust_ros_ws/install/builtin_interfaces/lib/python3.12/site-packages:/home/ohtoai/rust_ros_ws/install/rosidl_generator_rs/lib/python3.12/site-packages:${PYTHONPATH} /usr/bin/cmake --build /home/ohtoai/rust_ros_ws/build/statistics_msgs -- -j2 -l2
[4.340s] [  1%] [34m[1mGenerating type hashes for ROS interfaces[0m
[4.785s] [  1%] Built target statistics_msgs__rosidl_generator_type_description
[4.818s] [  3%] [34m[1mGenerating Rust code for ROS interfaces[0m
[5.338s] [  3%] Built target statistics_msgs__rs
[5.374s] [  3%] Built target ament_cmake_python_copy_statistics_msgs
[5.405s] [  5%] [34m[1mGenerating C code for ROS interfaces[0m
[6.200s] [  7%] [32mBuilding C object CMakeFiles/statistics_msgs__rosidl_generator_c.dir/rosidl_generator_c/statistics_msgs/msg/detail/metrics_message__description.c.o[0m
[6.283s] [  9%] [32mBuilding C object CMakeFiles/statistics_msgs__rosidl_generator_c.dir/rosidl_generator_c/statistics_msgs/msg/detail/metrics_message__functions.c.o[0m
[6.439s] [ 10%] [32mBuilding C object CMakeFiles/statistics_msgs__rosidl_generator_c.dir/rosidl_generator_c/statistics_msgs/msg/detail/metrics_message__type_support.c.o[0m
[6.502s] [ 12%] [32mBuilding C object CMakeFiles/statistics_msgs__rosidl_generator_c.dir/rosidl_generator_c/statistics_msgs/msg/detail/statistic_data_point__description.c.o[0m
[6.548s] [ 14%] [32mBuilding C object CMakeFiles/statistics_msgs__rosidl_generator_c.dir/rosidl_generator_c/statistics_msgs/msg/detail/statistic_data_point__functions.c.o[0m
[6.638s] [ 16%] [32mBuilding C object CMakeFiles/statistics_msgs__rosidl_generator_c.dir/rosidl_generator_c/statistics_msgs/msg/detail/statistic_data_point__type_support.c.o[0m
[6.675s] [ 18%] [32mBuilding C object CMakeFiles/statistics_msgs__rosidl_generator_c.dir/rosidl_generator_c/statistics_msgs/msg/detail/statistic_data_type__description.c.o[0m
[6.729s] [ 20%] [32mBuilding C object CMakeFiles/statistics_msgs__rosidl_generator_c.dir/rosidl_generator_c/statistics_msgs/msg/detail/statistic_data_type__functions.c.o[0m
[6.776s] [ 21%] [32mBuilding C object CMakeFiles/statistics_msgs__rosidl_generator_c.dir/rosidl_generator_c/statistics_msgs/msg/detail/statistic_data_type__type_support.c.o[0m
[6.830s] [ 23%] [32m[1mLinking C shared library libstatistics_msgs__rosidl_generator_c.so[0m
[6.923s] [ 23%] Built target statistics_msgs__rosidl_generator_c
[6.962s] [ 25%] [34m[1mGenerating C++ code for ROS interfaces[0m
[7.850s] [ 25%] Built target statistics_msgs__cpp
[8.171s] running egg_info
[8.173s] creating statistics_msgs.egg-info
[8.191s] writing statistics_msgs.egg-info/PKG-INFO
[8.191s] writing dependency_links to statistics_msgs.egg-info/dependency_links.txt
[8.191s] writing top-level names to statistics_msgs.egg-info/top_level.txt
[8.193s] writing manifest file 'statistics_msgs.egg-info/SOURCES.txt'
[8.237s] reading manifest file 'statistics_msgs.egg-info/SOURCES.txt'
[8.238s] writing manifest file 'statistics_msgs.egg-info/SOURCES.txt'
[8.270s] [ 25%] Built target ament_cmake_python_build_statistics_msgs_egg
[8.283s] [ 27%] [34m[1mGenerating C introspection for ROS interfaces[0m
[8.769s] [ 29%] [32mBuilding C object CMakeFiles/statistics_msgs__rosidl_typesupport_introspection_c.dir/rosidl_typesupport_introspection_c/statistics_msgs/msg/detail/metrics_message__type_support.c.o[0m
[8.849s] [ 30%] [32mBuilding C object CMakeFiles/statistics_msgs__rosidl_typesupport_introspection_c.dir/rosidl_typesupport_introspection_c/statistics_msgs/msg/detail/statistic_data_point__type_support.c.o[0m
[8.888s] [ 32%] [32mBuilding C object CMakeFiles/statistics_msgs__rosidl_typesupport_introspection_c.dir/rosidl_typesupport_introspection_c/statistics_msgs/msg/detail/statistic_data_type__type_support.c.o[0m
[8.956s] [ 34%] [32m[1mLinking C shared library libstatistics_msgs__rosidl_typesupport_introspection_c.so[0m
[9.007s] [ 34%] Built target statistics_msgs__rosidl_typesupport_introspection_c
[9.036s] [ 36%] [34m[1mGenerating C type support dispatch for ROS interfaces[0m
[9.486s] [ 38%] [32mBuilding CXX object CMakeFiles/statistics_msgs__rosidl_typesupport_c.dir/rosidl_typesupport_c/statistics_msgs/msg/metrics_message__type_support.cpp.o[0m
[9.558s] [ 40%] [32mBuilding CXX object CMakeFiles/statistics_msgs__rosidl_typesupport_c.dir/rosidl_typesupport_c/statistics_msgs/msg/statistic_data_point__type_support.cpp.o[0m
[9.596s] [ 41%] [32mBuilding CXX object CMakeFiles/statistics_msgs__rosidl_typesupport_c.dir/rosidl_typesupport_c/statistics_msgs/msg/statistic_data_type__type_support.cpp.o[0m
[9.664s] [ 43%] [32m[1mLinking CXX shared library libstatistics_msgs__rosidl_typesupport_c.so[0m
[9.721s] [ 43%] Built target statistics_msgs__rosidl_typesupport_c
[9.754s] [ 45%] [34m[1mGenerating C++ introspection for ROS interfaces[0m
[10.435s] [ 47%] [32mBuilding CXX object CMakeFiles/statistics_msgs__rosidl_typesupport_introspection_cpp.dir/rosidl_typesupport_introspection_cpp/statistics_msgs/msg/detail/metrics_message__type_support.cpp.o[0m
[10.841s] [ 49%] [32mBuilding CXX object CMakeFiles/statistics_msgs__rosidl_typesupport_introspection_cpp.dir/rosidl_typesupport_introspection_cpp/statistics_msgs/msg/detail/statistic_data_point__type_support.cpp.o[0m
[11.203s] [ 50%] [32mBuilding CXX object CMakeFiles/statistics_msgs__rosidl_typesupport_introspection_cpp.dir/rosidl_typesupport_introspection_cpp/statistics_msgs/msg/detail/statistic_data_type__type_support.cpp.o[0m
[11.607s] [ 52%] [32m[1mLinking CXX shared library libstatistics_msgs__rosidl_typesupport_introspection_cpp.so[0m
[11.709s] [ 52%] Built target statistics_msgs__rosidl_typesupport_introspection_cpp
[11.722s] [ 54%] [34m[1mGenerating C++ type support dispatch for ROS interfaces[0m
[12.168s] [ 56%] [32mBuilding CXX object CMakeFiles/statistics_msgs__rosidl_typesupport_cpp.dir/rosidl_typesupport_cpp/statistics_msgs/msg/metrics_message__type_support.cpp.o[0m
[12.481s] [ 58%] [32mBuilding CXX object CMakeFiles/statistics_msgs__rosidl_typesupport_cpp.dir/rosidl_typesupport_cpp/statistics_msgs/msg/statistic_data_point__type_support.cpp.o[0m
[12.814s] [ 60%] [32mBuilding CXX object CMakeFiles/statistics_msgs__rosidl_typesupport_cpp.dir/rosidl_typesupport_cpp/statistics_msgs/msg/statistic_data_type__type_support.cpp.o[0m
[13.177s] [ 61%] [32m[1mLinking CXX shared library libstatistics_msgs__rosidl_typesupport_cpp.so[0m
[13.232s] [ 61%] Built target statistics_msgs__rosidl_typesupport_cpp
[13.263s] [ 63%] [34m[1mGenerating C type support for eProsima Fast-RTPS[0m
[13.893s] [ 65%] [32mBuilding CXX object CMakeFiles/statistics_msgs__rosidl_typesupport_fastrtps_c.dir/rosidl_typesupport_fastrtps_c/statistics_msgs/msg/detail/metrics_message__type_support_c.cpp.o[0m
[14.497s] [ 67%] [32mBuilding CXX object CMakeFiles/statistics_msgs__rosidl_typesupport_fastrtps_c.dir/rosidl_typesupport_fastrtps_c/statistics_msgs/msg/detail/statistic_data_point__type_support_c.cpp.o[0m
[15.025s] [ 69%] [32mBuilding CXX object CMakeFiles/statistics_msgs__rosidl_typesupport_fastrtps_c.dir/rosidl_typesupport_fastrtps_c/statistics_msgs/msg/detail/statistic_data_type__type_support_c.cpp.o[0m
[15.577s] [ 70%] [32m[1mLinking CXX shared library libstatistics_msgs__rosidl_typesupport_fastrtps_c.so[0m
[15.693s] [ 70%] Built target statistics_msgs__rosidl_typesupport_fastrtps_c
[15.713s] [ 72%] [34m[1mGenerating C++ type support for eProsima Fast-RTPS[0m
[16.334s] [ 74%] [32mBuilding CXX object CMakeFiles/statistics_msgs__rosidl_typesupport_fastrtps_cpp.dir/rosidl_typesupport_fastrtps_cpp/statistics_msgs/msg/detail/dds_fastrtps/metrics_message__type_support.cpp.o[0m
[17.057s] [ 76%] [32mBuilding CXX object CMakeFiles/statistics_msgs__rosidl_typesupport_fastrtps_cpp.dir/rosidl_typesupport_fastrtps_cpp/statistics_msgs/msg/detail/dds_fastrtps/statistic_data_point__type_support.cpp.o[0m
[17.595s] [ 78%] [32mBuilding CXX object CMakeFiles/statistics_msgs__rosidl_typesupport_fastrtps_cpp.dir/rosidl_typesupport_fastrtps_cpp/statistics_msgs/msg/detail/dds_fastrtps/statistic_data_type__type_support.cpp.o[0m
[18.130s] [ 80%] [32m[1mLinking CXX shared library libstatistics_msgs__rosidl_typesupport_fastrtps_cpp.so[0m
[18.250s] [ 80%] Built target statistics_msgs__rosidl_typesupport_fastrtps_cpp
[18.287s] [ 80%] Built target statistics_msgs
[18.330s] [ 81%] [34m[1mGenerating Python code for ROS interfaces[0m
[19.026s] [ 81%] Built target statistics_msgs__py
[19.065s] [ 83%] [32mBuilding C object CMakeFiles/statistics_msgs__rosidl_generator_py.dir/rosidl_generator_py/statistics_msgs/msg/_metrics_message_s.c.o[0m
[19.204s] [ 85%] [32mBuilding C object CMakeFiles/statistics_msgs__rosidl_generator_py.dir/rosidl_generator_py/statistics_msgs/msg/_statistic_data_point_s.c.o[0m
[19.372s] [ 87%] [32mBuilding C object CMakeFiles/statistics_msgs__rosidl_generator_py.dir/rosidl_generator_py/statistics_msgs/msg/_statistic_data_type_s.c.o[0m
[19.524s] [ 89%] [32m[1mLinking C shared library libstatistics_msgs__rosidl_generator_py.so[0m
[19.594s] [ 89%] Built target statistics_msgs__rosidl_generator_py
[19.652s] [ 90%] [32mBuilding C object CMakeFiles/statistics_msgs_s__rosidl_typesupport_fastrtps_c.dir/rosidl_generator_py/statistics_msgs/_statistics_msgs_s.ep.rosidl_typesupport_fastrtps_c.c.o[0m
[19.807s] [ 92%] [32m[1mLinking C shared module rosidl_generator_py/statistics_msgs/statistics_msgs_s__rosidl_typesupport_fastrtps_c.so[0m
[19.859s] [ 92%] Built target statistics_msgs_s__rosidl_typesupport_fastrtps_c
[19.884s] [ 94%] [32mBuilding C object CMakeFiles/statistics_msgs_s__rosidl_typesupport_introspection_c.dir/rosidl_generator_py/statistics_msgs/_statistics_msgs_s.ep.rosidl_typesupport_introspection_c.c.o[0m
[20.066s] [ 96%] [32m[1mLinking C shared module rosidl_generator_py/statistics_msgs/statistics_msgs_s__rosidl_typesupport_introspection_c.so[0m
[20.103s] [ 96%] Built target statistics_msgs_s__rosidl_typesupport_introspection_c
[20.154s] [ 98%] [32mBuilding C object CMakeFiles/statistics_msgs_s__rosidl_typesupport_c.dir/rosidl_generator_py/statistics_msgs/_statistics_msgs_s.ep.rosidl_typesupport_c.c.o[0m
[20.309s] [100%] [32m[1mLinking C shared module rosidl_generator_py/statistics_msgs/statistics_msgs_s__rosidl_typesupport_c.so[0m
[20.369s] [100%] Built target statistics_msgs_s__rosidl_typesupport_c
[20.381s] Invoked command in '/home/ohtoai/rust_ros_ws/build/statistics_msgs' returned '0': AMENT_PREFIX_PATH=/home/ohtoai/rust_ros_ws/install/rosidl_default_runtime:/home/ohtoai/rust_ros_ws/install/rosidl_default_generators:/home/ohtoai/rust_ros_ws/install/action_msgs:/home/ohtoai/rust_ros_ws/install/service_msgs:/home/ohtoai/rust_ros_ws/install/unique_identifier_msgs:/home/ohtoai/rust_ros_ws/install/builtin_interfaces:/home/ohtoai/rust_ros_ws/install/rosidl_core_runtime:/home/ohtoai/rust_ros_ws/install/rosidl_core_generators:/home/ohtoai/rust_ros_ws/install/rosidl_generator_rs:/home/ohtoai/rust_ros_ws/install/rosidl_runtime_rs:${AMENT_PREFIX_PATH} CMAKE_PREFIX_PATH=/home/ohtoai/rust_ros_ws/install/rosidl_default_runtime:/home/ohtoai/rust_ros_ws/install/rosidl_default_generators:/home/ohtoai/rust_ros_ws/install/action_msgs:/home/ohtoai/rust_ros_ws/install/service_msgs:/home/ohtoai/rust_ros_ws/install/unique_identifier_msgs:/home/ohtoai/rust_ros_ws/install/builtin_interfaces:/home/ohtoai/rust_ros_ws/install/rosidl_core_runtime:/home/ohtoai/rust_ros_ws/install/rosidl_core_generators:/home/ohtoai/rust_ros_ws/install/rosidl_generator_rs:/opt/ros/jazzy/opt/gz_math_vendor:/opt/ros/jazzy/opt/gz_utils_vendor:/opt/ros/jazzy/opt/gz_cmake_vendor:/opt/ros/jazzy DEBUGINFOD_URLS=https://debuginfod.ubuntu.com LD_LIBRARY_PATH=/home/ohtoai/rust_ros_ws/install/action_msgs/lib:/home/ohtoai/rust_ros_ws/install/service_msgs/lib:/home/ohtoai/rust_ros_ws/install/unique_identifier_msgs/lib:/home/ohtoai/rust_ros_ws/install/builtin_interfaces/lib:${LD_LIBRARY_PATH} PYTHONPATH=/home/ohtoai/rust_ros_ws/install/action_msgs/lib/python3.12/site-packages:/home/ohtoai/rust_ros_ws/install/service_msgs/lib/python3.12/site-packages:/home/ohtoai/rust_ros_ws/install/unique_identifier_msgs/lib/python3.12/site-packages:/home/ohtoai/rust_ros_ws/install/builtin_interfaces/lib/python3.12/site-packages:/home/ohtoai/rust_ros_ws/install/rosidl_generator_rs/lib/python3.12/site-packages:${PYTHONPATH} /usr/bin/cmake --build /home/ohtoai/rust_ros_ws/build/statistics_msgs -- -j2 -l2
[20.382s] Invoking command in '/home/ohtoai/rust_ros_ws/build/statistics_msgs': AMENT_PREFIX_PATH=/home/ohtoai/rust_ros_ws/install/rosidl_default_runtime:/home/ohtoai/rust_ros_ws/install/rosidl_default_generators:/home/ohtoai/rust_ros_ws/install/action_msgs:/home/ohtoai/rust_ros_ws/install/service_msgs:/home/ohtoai/rust_ros_ws/install/unique_identifier_msgs:/home/ohtoai/rust_ros_ws/install/builtin_interfaces:/home/ohtoai/rust_ros_ws/install/rosidl_core_runtime:/home/ohtoai/rust_ros_ws/install/rosidl_core_generators:/home/ohtoai/rust_ros_ws/install/rosidl_generator_rs:/home/ohtoai/rust_ros_ws/install/rosidl_runtime_rs:${AMENT_PREFIX_PATH} CMAKE_PREFIX_PATH=/home/ohtoai/rust_ros_ws/install/rosidl_default_runtime:/home/ohtoai/rust_ros_ws/install/rosidl_default_generators:/home/ohtoai/rust_ros_ws/install/action_msgs:/home/ohtoai/rust_ros_ws/install/service_msgs:/home/ohtoai/rust_ros_ws/install/unique_identifier_msgs:/home/ohtoai/rust_ros_ws/install/builtin_interfaces:/home/ohtoai/rust_ros_ws/install/rosidl_core_runtime:/home/ohtoai/rust_ros_ws/install/rosidl_core_generators:/home/ohtoai/rust_ros_ws/install/rosidl_generator_rs:/opt/ros/jazzy/opt/gz_math_vendor:/opt/ros/jazzy/opt/gz_utils_vendor:/opt/ros/jazzy/opt/gz_cmake_vendor:/opt/ros/jazzy DEBUGINFOD_URLS=https://debuginfod.ubuntu.com LD_LIBRARY_PATH=/home/ohtoai/rust_ros_ws/install/action_msgs/lib:/home/ohtoai/rust_ros_ws/install/service_msgs/lib:/home/ohtoai/rust_ros_ws/install/unique_identifier_msgs/lib:/home/ohtoai/rust_ros_ws/install/builtin_interfaces/lib:${LD_LIBRARY_PATH} PYTHONPATH=/home/ohtoai/rust_ros_ws/install/action_msgs/lib/python3.12/site-packages:/home/ohtoai/rust_ros_ws/install/service_msgs/lib/python3.12/site-packages:/home/ohtoai/rust_ros_ws/install/unique_identifier_msgs/lib/python3.12/site-packages:/home/ohtoai/rust_ros_ws/install/builtin_interfaces/lib/python3.12/site-packages:/home/ohtoai/rust_ros_ws/install/rosidl_generator_rs/lib/python3.12/site-packages:${PYTHONPATH} /usr/bin/cmake --install /home/ohtoai/rust_ros_ws/build/statistics_msgs
[20.393s] -- Install configuration: ""
[20.393s] -- Installing: /home/ohtoai/rust_ros_ws/install/statistics_msgs/share/ament_index/resource_index/rosidl_interfaces/statistics_msgs
[20.393s] -- Installing: /home/ohtoai/rust_ros_ws/install/statistics_msgs/share/statistics_msgs/msg/MetricsMessage.json
[20.394s] -- Installing: /home/ohtoai/rust_ros_ws/install/statistics_msgs/share/statistics_msgs/msg/StatisticDataPoint.json
[20.394s] -- Installing: /home/ohtoai/rust_ros_ws/install/statistics_msgs/share/statistics_msgs/msg/StatisticDataType.json
[20.395s] -- Installing: /home/ohtoai/rust_ros_ws/install/statistics_msgs/include/statistics_msgs/statistics_msgs
[20.395s] -- Installing: /home/ohtoai/rust_ros_ws/install/statistics_msgs/include/statistics_msgs/statistics_msgs/msg
[20.395s] -- Installing: /home/ohtoai/rust_ros_ws/install/statistics_msgs/include/statistics_msgs/statistics_msgs/msg/detail
[20.395s] -- Installing: /home/ohtoai/rust_ros_ws/install/statistics_msgs/include/statistics_msgs/statistics_msgs/msg/detail/statistic_data_point__functions.h
[20.395s] -- Installing: /home/ohtoai/rust_ros_ws/install/statistics_msgs/include/statistics_msgs/statistics_msgs/msg/detail/statistic_data_point__type_support.h
[20.395s] -- Installing: /home/ohtoai/rust_ros_ws/install/statistics_msgs/include/statistics_msgs/statistics_msgs/msg/detail/metrics_message__struct.h
[20.395s] -- Installing: /home/ohtoai/rust_ros_ws/install/statistics_msgs/include/statistics_msgs/statistics_msgs/msg/detail/statistic_data_type__functions.c
[20.396s] -- Installing: /home/ohtoai/rust_ros_ws/install/statistics_msgs/include/statistics_msgs/statistics_msgs/msg/detail/statistic_data_point__type_support.c
[20.396s] -- Installing: /home/ohtoai/rust_ros_ws/install/statistics_msgs/include/statistics_msgs/statistics_msgs/msg/detail/metrics_message__description.c
[20.396s] -- Installing: /home/ohtoai/rust_ros_ws/install/statistics_msgs/include/statistics_msgs/statistics_msgs/msg/detail/statistic_data_point__functions.c
[20.396s] -- Installing: /home/ohtoai/rust_ros_ws/install/statistics_msgs/include/statistics_msgs/statistics_msgs/msg/detail/metrics_message__type_support.c
[20.396s] -- Installing: /home/ohtoai/rust_ros_ws/install/statistics_msgs/include/statistics_msgs/statistics_msgs/msg/detail/statistic_data_type__functions.h
[20.396s] -- Installing: /home/ohtoai/rust_ros_ws/install/statistics_msgs/include/statistics_msgs/statistics_msgs/msg/detail/statistic_data_point__description.c
[20.397s] -- Installing: /home/ohtoai/rust_ros_ws/install/statistics_msgs/include/statistics_msgs/statistics_msgs/msg/detail/statistic_data_type__type_support.c
[20.397s] -- Installing: /home/ohtoai/rust_ros_ws/install/statistics_msgs/include/statistics_msgs/statistics_msgs/msg/detail/metrics_message__functions.h
[20.397s] -- Installing: /home/ohtoai/rust_ros_ws/install/statistics_msgs/include/statistics_msgs/statistics_msgs/msg/detail/statistic_data_type__description.c
[20.397s] -- Installing: /home/ohtoai/rust_ros_ws/install/statistics_msgs/include/statistics_msgs/statistics_msgs/msg/detail/metrics_message__functions.c
[20.397s] -- Installing: /home/ohtoai/rust_ros_ws/install/statistics_msgs/include/statistics_msgs/statistics_msgs/msg/detail/statistic_data_type__struct.h
[20.397s] -- Installing: /home/ohtoai/rust_ros_ws/install/statistics_msgs/include/statistics_msgs/statistics_msgs/msg/detail/statistic_data_point__struct.h
[20.398s] -- Installing: /home/ohtoai/rust_ros_ws/install/statistics_msgs/include/statistics_msgs/statistics_msgs/msg/detail/metrics_message__type_support.h
[20.398s] -- Installing: /home/ohtoai/rust_ros_ws/install/statistics_msgs/include/statistics_msgs/statistics_msgs/msg/detail/statistic_data_type__type_support.h
[20.398s] -- Installing: /home/ohtoai/rust_ros_ws/install/statistics_msgs/include/statistics_msgs/statistics_msgs/msg/metrics_message.h
[20.398s] -- Installing: /home/ohtoai/rust_ros_ws/install/statistics_msgs/include/statistics_msgs/statistics_msgs/msg/rosidl_generator_c__visibility_control.h
[20.398s] -- Installing: /home/ohtoai/rust_ros_ws/install/statistics_msgs/include/statistics_msgs/statistics_msgs/msg/statistic_data_type.h
[20.398s] -- Installing: /home/ohtoai/rust_ros_ws/install/statistics_msgs/include/statistics_msgs/statistics_msgs/msg/statistic_data_point.h
[20.399s] -- Installing: /home/ohtoai/rust_ros_ws/install/statistics_msgs/share/statistics_msgs/environment/library_path.sh
[20.399s] -- Installing: /home/ohtoai/rust_ros_ws/install/statistics_msgs/share/statistics_msgs/environment/library_path.dsv
[20.399s] -- Installing: /home/ohtoai/rust_ros_ws/install/statistics_msgs/lib/libstatistics_msgs__rosidl_generator_c.so
[20.400s] -- Set non-toolchain portion of runtime path of "/home/ohtoai/rust_ros_ws/install/statistics_msgs/lib/libstatistics_msgs__rosidl_generator_c.so" to ""
[20.400s] -- Up-to-date: /home/ohtoai/rust_ros_ws/install/statistics_msgs/include/statistics_msgs/statistics_msgs
[20.400s] -- Up-to-date: /home/ohtoai/rust_ros_ws/install/statistics_msgs/include/statistics_msgs/statistics_msgs/msg
[20.401s] -- Up-to-date: /home/ohtoai/rust_ros_ws/install/statistics_msgs/include/statistics_msgs/statistics_msgs/msg/detail
[20.401s] -- Installing: /home/ohtoai/rust_ros_ws/install/statistics_msgs/include/statistics_msgs/statistics_msgs/msg/detail/statistic_data_type__rosidl_typesupport_fastrtps_c.h
[20.401s] -- Installing: /home/ohtoai/rust_ros_ws/install/statistics_msgs/include/statistics_msgs/statistics_msgs/msg/detail/statistic_data_point__rosidl_typesupport_fastrtps_c.h
[20.401s] -- Installing: /home/ohtoai/rust_ros_ws/install/statistics_msgs/include/statistics_msgs/statistics_msgs/msg/detail/metrics_message__rosidl_typesupport_fastrtps_c.h
[20.402s] -- Installing: /home/ohtoai/rust_ros_ws/install/statistics_msgs/include/statistics_msgs/statistics_msgs/msg/rosidl_typesupport_fastrtps_c__visibility_control.h
[20.402s] -- Installing: /home/ohtoai/rust_ros_ws/install/statistics_msgs/lib/libstatistics_msgs__rosidl_typesupport_fastrtps_c.so
[20.402s] -- Set non-toolchain portion of runtime path of "/home/ohtoai/rust_ros_ws/install/statistics_msgs/lib/libstatistics_msgs__rosidl_typesupport_fastrtps_c.so" to ""
[20.402s] -- Up-to-date: /home/ohtoai/rust_ros_ws/install/statistics_msgs/include/statistics_msgs/statistics_msgs
[20.402s] -- Up-to-date: /home/ohtoai/rust_ros_ws/install/statistics_msgs/include/statistics_msgs/statistics_msgs/msg
[20.403s] -- Up-to-date: /home/ohtoai/rust_ros_ws/install/statistics_msgs/include/statistics_msgs/statistics_msgs/msg/detail
[20.403s] -- Installing: /home/ohtoai/rust_ros_ws/install/statistics_msgs/include/statistics_msgs/statistics_msgs/msg/detail/statistic_data_type__traits.hpp
[20.403s] -- Installing: /home/ohtoai/rust_ros_ws/install/statistics_msgs/include/statistics_msgs/statistics_msgs/msg/detail/statistic_data_point__traits.hpp
[20.403s] -- Installing: /home/ohtoai/rust_ros_ws/install/statistics_msgs/include/statistics_msgs/statistics_msgs/msg/detail/metrics_message__struct.hpp
[20.403s] -- Installing: /home/ohtoai/rust_ros_ws/install/statistics_msgs/include/statistics_msgs/statistics_msgs/msg/detail/metrics_message__builder.hpp
[20.403s] -- Installing: /home/ohtoai/rust_ros_ws/install/statistics_msgs/include/statistics_msgs/statistics_msgs/msg/detail/statistic_data_point__builder.hpp
[20.403s] -- Installing: /home/ohtoai/rust_ros_ws/install/statistics_msgs/include/statistics_msgs/statistics_msgs/msg/detail/metrics_message__type_support.hpp
[20.404s] -- Installing: /home/ohtoai/rust_ros_ws/install/statistics_msgs/include/statistics_msgs/statistics_msgs/msg/detail/metrics_message__traits.hpp
[20.404s] -- Installing: /home/ohtoai/rust_ros_ws/install/statistics_msgs/include/statistics_msgs/statistics_msgs/msg/detail/statistic_data_type__type_support.hpp
[20.404s] -- Installing: /home/ohtoai/rust_ros_ws/install/statistics_msgs/include/statistics_msgs/statistics_msgs/msg/detail/statistic_data_point__type_support.hpp
[20.404s] -- Installing: /home/ohtoai/rust_ros_ws/install/statistics_msgs/include/statistics_msgs/statistics_msgs/msg/detail/statistic_data_type__struct.hpp
[20.405s] -- Installing: /home/ohtoai/rust_ros_ws/install/statistics_msgs/include/statistics_msgs/statistics_msgs/msg/detail/statistic_data_point__struct.hpp
[20.405s] -- Installing: /home/ohtoai/rust_ros_ws/install/statistics_msgs/include/statistics_msgs/statistics_msgs/msg/detail/statistic_data_type__builder.hpp
[20.405s] -- Installing: /home/ohtoai/rust_ros_ws/install/statistics_msgs/include/statistics_msgs/statistics_msgs/msg/rosidl_generator_cpp__visibility_control.hpp
[20.405s] -- Installing: /home/ohtoai/rust_ros_ws/install/statistics_msgs/include/statistics_msgs/statistics_msgs/msg/statistic_data_point.hpp
[20.405s] -- Installing: /home/ohtoai/rust_ros_ws/install/statistics_msgs/include/statistics_msgs/statistics_msgs/msg/metrics_message.hpp
[20.406s] -- Installing: /home/ohtoai/rust_ros_ws/install/statistics_msgs/include/statistics_msgs/statistics_msgs/msg/statistic_data_type.hpp
[20.406s] -- Up-to-date: /home/ohtoai/rust_ros_ws/install/statistics_msgs/include/statistics_msgs/statistics_msgs
[20.406s] -- Up-to-date: /home/ohtoai/rust_ros_ws/install/statistics_msgs/include/statistics_msgs/statistics_msgs/msg
[20.406s] -- Up-to-date: /home/ohtoai/rust_ros_ws/install/statistics_msgs/include/statistics_msgs/statistics_msgs/msg/detail
[20.406s] -- Installing: /home/ohtoai/rust_ros_ws/install/statistics_msgs/include/statistics_msgs/statistics_msgs/msg/detail/metrics_message__rosidl_typesupport_fastrtps_cpp.hpp
[20.407s] -- Installing: /home/ohtoai/rust_ros_ws/install/statistics_msgs/include/statistics_msgs/statistics_msgs/msg/detail/dds_fastrtps
[20.407s] -- Installing: /home/ohtoai/rust_ros_ws/install/statistics_msgs/include/statistics_msgs/statistics_msgs/msg/detail/statistic_data_point__rosidl_typesupport_fastrtps_cpp.hpp
[20.408s] -- Installing: /home/ohtoai/rust_ros_ws/install/statistics_msgs/include/statistics_msgs/statistics_msgs/msg/detail/statistic_data_type__rosidl_typesupport_fastrtps_cpp.hpp
[20.408s] -- Installing: /home/ohtoai/rust_ros_ws/install/statistics_msgs/include/statistics_msgs/statistics_msgs/msg/rosidl_typesupport_fastrtps_cpp__visibility_control.h
[20.410s] -- Installing: /home/ohtoai/rust_ros_ws/install/statistics_msgs/lib/libstatistics_msgs__rosidl_typesupport_fastrtps_cpp.so
[20.411s] -- Set non-toolchain portion of runtime path of "/home/ohtoai/rust_ros_ws/install/statistics_msgs/lib/libstatistics_msgs__rosidl_typesupport_fastrtps_cpp.so" to ""
[20.411s] -- Up-to-date: /home/ohtoai/rust_ros_ws/install/statistics_msgs/include/statistics_msgs/statistics_msgs
[20.412s] -- Up-to-date: /home/ohtoai/rust_ros_ws/install/statistics_msgs/include/statistics_msgs/statistics_msgs/msg
[20.412s] -- Up-to-date: /home/ohtoai/rust_ros_ws/install/statistics_msgs/include/statistics_msgs/statistics_msgs/msg/detail
[20.412s] -- Installing: /home/ohtoai/rust_ros_ws/install/statistics_msgs/include/statistics_msgs/statistics_msgs/msg/detail/statistic_data_point__type_support.c
[20.412s] -- Installing: /home/ohtoai/rust_ros_ws/install/statistics_msgs/include/statistics_msgs/statistics_msgs/msg/detail/metrics_message__type_support.c
[20.412s] -- Installing: /home/ohtoai/rust_ros_ws/install/statistics_msgs/include/statistics_msgs/statistics_msgs/msg/detail/statistic_data_point__rosidl_typesupport_introspection_c.h
[20.412s] -- Installing: /home/ohtoai/rust_ros_ws/install/statistics_msgs/include/statistics_msgs/statistics_msgs/msg/detail/statistic_data_type__rosidl_typesupport_introspection_c.h
[20.420s] -- Installing: /home/ohtoai/rust_ros_ws/install/statistics_msgs/include/statistics_msgs/statistics_msgs/msg/detail/metrics_message__rosidl_typesupport_introspection_c.h
[20.420s] -- Installing: /home/ohtoai/rust_ros_ws/install/statistics_msgs/include/statistics_msgs/statistics_msgs/msg/detail/statistic_data_type__type_support.c
[20.420s] -- Installing: /home/ohtoai/rust_ros_ws/install/statistics_msgs/include/statistics_msgs/statistics_msgs/msg/rosidl_typesupport_introspection_c__visibility_control.h
[20.420s] -- Installing: /home/ohtoai/rust_ros_ws/install/statistics_msgs/lib/libstatistics_msgs__rosidl_typesupport_introspection_c.so
[20.420s] -- Set non-toolchain portion of runtime path of "/home/ohtoai/rust_ros_ws/install/statistics_msgs/lib/libstatistics_msgs__rosidl_typesupport_introspection_c.so" to ""
[20.420s] -- Installing: /home/ohtoai/rust_ros_ws/install/statistics_msgs/lib/libstatistics_msgs__rosidl_typesupport_c.so
[20.420s] -- Set non-toolchain portion of runtime path of "/home/ohtoai/rust_ros_ws/install/statistics_msgs/lib/libstatistics_msgs__rosidl_typesupport_c.so" to ""
[20.420s] -- Up-to-date: /home/ohtoai/rust_ros_ws/install/statistics_msgs/include/statistics_msgs/statistics_msgs
[20.420s] -- Up-to-date: /home/ohtoai/rust_ros_ws/install/statistics_msgs/include/statistics_msgs/statistics_msgs/msg
[20.420s] -- Up-to-date: /home/ohtoai/rust_ros_ws/install/statistics_msgs/include/statistics_msgs/statistics_msgs/msg/detail
[20.420s] -- Installing: /home/ohtoai/rust_ros_ws/install/statistics_msgs/include/statistics_msgs/statistics_msgs/msg/detail/metrics_message__type_support.cpp
[20.420s] -- Installing: /home/ohtoai/rust_ros_ws/install/statistics_msgs/include/statistics_msgs/statistics_msgs/msg/detail/statistic_data_type__rosidl_typesupport_introspection_cpp.hpp
[20.420s] -- Installing: /home/ohtoai/rust_ros_ws/install/statistics_msgs/include/statistics_msgs/statistics_msgs/msg/detail/statistic_data_point__rosidl_typesupport_introspection_cpp.hpp
[20.420s] -- Installing: /home/ohtoai/rust_ros_ws/install/statistics_msgs/include/statistics_msgs/statistics_msgs/msg/detail/metrics_message__rosidl_typesupport_introspection_cpp.hpp
[20.420s] -- Installing: /home/ohtoai/rust_ros_ws/install/statistics_msgs/include/statistics_msgs/statistics_msgs/msg/detail/statistic_data_type__type_support.cpp
[20.420s] -- Installing: /home/ohtoai/rust_ros_ws/install/statistics_msgs/include/statistics_msgs/statistics_msgs/msg/detail/statistic_data_point__type_support.cpp
[20.421s] -- Installing: /home/ohtoai/rust_ros_ws/install/statistics_msgs/lib/libstatistics_msgs__rosidl_typesupport_introspection_cpp.so
[20.421s] -- Set non-toolchain portion of runtime path of "/home/ohtoai/rust_ros_ws/install/statistics_msgs/lib/libstatistics_msgs__rosidl_typesupport_introspection_cpp.so" to ""
[20.421s] -- Installing: /home/ohtoai/rust_ros_ws/install/statistics_msgs/lib/libstatistics_msgs__rosidl_typesupport_cpp.so
[20.423s] -- Set non-toolchain portion of runtime path of "/home/ohtoai/rust_ros_ws/install/statistics_msgs/lib/libstatistics_msgs__rosidl_typesupport_cpp.so" to ""
[20.423s] -- Installing: /home/ohtoai/rust_ros_ws/install/statistics_msgs/share/ament_index/resource_index/rust_packages/statistics_msgs
[20.423s] -- Installing: /home/ohtoai/rust_ros_ws/install/statistics_msgs/share/statistics_msgs/rust
[20.423s] -- Installing: /home/ohtoai/rust_ros_ws/install/statistics_msgs/share/statistics_msgs/rust/build.rs
[20.424s] -- Installing: /home/ohtoai/rust_ros_ws/install/statistics_msgs/share/statistics_msgs/rust/Cargo.toml
[20.425s] -- Installing: /home/ohtoai/rust_ros_ws/install/statistics_msgs/share/statistics_msgs/rust/src
[20.425s] -- Installing: /home/ohtoai/rust_ros_ws/install/statistics_msgs/share/statistics_msgs/rust/src/msg.rs
[20.426s] -- Installing: /home/ohtoai/rust_ros_ws/install/statistics_msgs/share/statistics_msgs/rust/src/lib.rs
[20.427s] -- Installing: /home/ohtoai/rust_ros_ws/install/statistics_msgs/share/statistics_msgs/environment/pythonpath.sh
[20.427s] -- Installing: /home/ohtoai/rust_ros_ws/install/statistics_msgs/share/statistics_msgs/environment/pythonpath.dsv
[20.428s] -- Installing: /home/ohtoai/rust_ros_ws/install/statistics_msgs/lib/python3.12/site-packages/statistics_msgs-2.0.2-py3.12.egg-info
[20.429s] -- Installing: /home/ohtoai/rust_ros_ws/install/statistics_msgs/lib/python3.12/site-packages/statistics_msgs-2.0.2-py3.12.egg-info/PKG-INFO
[20.429s] -- Installing: /home/ohtoai/rust_ros_ws/install/statistics_msgs/lib/python3.12/site-packages/statistics_msgs-2.0.2-py3.12.egg-info/top_level.txt
[20.430s] -- Installing: /home/ohtoai/rust_ros_ws/install/statistics_msgs/lib/python3.12/site-packages/statistics_msgs-2.0.2-py3.12.egg-info/SOURCES.txt
[20.430s] -- Installing: /home/ohtoai/rust_ros_ws/install/statistics_msgs/lib/python3.12/site-packages/statistics_msgs-2.0.2-py3.12.egg-info/dependency_links.txt
[20.431s] -- Installing: /home/ohtoai/rust_ros_ws/install/statistics_msgs/lib/python3.12/site-packages/statistics_msgs
[20.431s] -- Installing: /home/ohtoai/rust_ros_ws/install/statistics_msgs/lib/python3.12/site-packages/statistics_msgs/statistics_msgs_s__rosidl_typesupport_fastrtps_c.so
[20.432s] -- Installing: /home/ohtoai/rust_ros_ws/install/statistics_msgs/lib/python3.12/site-packages/statistics_msgs/statistics_msgs_s__rosidl_typesupport_introspection_c.so
[20.432s] -- Installing: /home/ohtoai/rust_ros_ws/install/statistics_msgs/lib/python3.12/site-packages/statistics_msgs/msg
[20.432s] -- Installing: /home/ohtoai/rust_ros_ws/install/statistics_msgs/lib/python3.12/site-packages/statistics_msgs/msg/_statistic_data_type.py
[20.433s] -- Installing: /home/ohtoai/rust_ros_ws/install/statistics_msgs/lib/python3.12/site-packages/statistics_msgs/msg/_statistic_data_point.py
[20.433s] -- Installing: /home/ohtoai/rust_ros_ws/install/statistics_msgs/lib/python3.12/site-packages/statistics_msgs/msg/_metrics_message_s.c
[20.434s] -- Installing: /home/ohtoai/rust_ros_ws/install/statistics_msgs/lib/python3.12/site-packages/statistics_msgs/msg/_statistic_data_point_s.c
[20.434s] -- Installing: /home/ohtoai/rust_ros_ws/install/statistics_msgs/lib/python3.12/site-packages/statistics_msgs/msg/_metrics_message.py
[20.435s] -- Installing: /home/ohtoai/rust_ros_ws/install/statistics_msgs/lib/python3.12/site-packages/statistics_msgs/msg/_statistic_data_type_s.c
[20.435s] -- Installing: /home/ohtoai/rust_ros_ws/install/statistics_msgs/lib/python3.12/site-packages/statistics_msgs/msg/__init__.py
[20.436s] -- Installing: /home/ohtoai/rust_ros_ws/install/statistics_msgs/lib/python3.12/site-packages/statistics_msgs/_statistics_msgs_s.ep.rosidl_typesupport_c.c
[20.436s] -- Installing: /home/ohtoai/rust_ros_ws/install/statistics_msgs/lib/python3.12/site-packages/statistics_msgs/_statistics_msgs_s.ep.rosidl_typesupport_introspection_c.c
[20.438s] -- Installing: /home/ohtoai/rust_ros_ws/install/statistics_msgs/lib/python3.12/site-packages/statistics_msgs/statistics_msgs_s__rosidl_typesupport_c.so
[20.439s] -- Installing: /home/ohtoai/rust_ros_ws/install/statistics_msgs/lib/python3.12/site-packages/statistics_msgs/_statistics_msgs_s.ep.rosidl_typesupport_fastrtps_c.c
[20.441s] -- Installing: /home/ohtoai/rust_ros_ws/install/statistics_msgs/lib/python3.12/site-packages/statistics_msgs/__init__.py
[20.506s] Listing '/home/ohtoai/rust_ros_ws/install/statistics_msgs/lib/python3.12/site-packages/statistics_msgs'...
[20.506s] Compiling '/home/ohtoai/rust_ros_ws/install/statistics_msgs/lib/python3.12/site-packages/statistics_msgs/__init__.py'...
[20.506s] Listing '/home/ohtoai/rust_ros_ws/install/statistics_msgs/lib/python3.12/site-packages/statistics_msgs/msg'...
[20.506s] Compiling '/home/ohtoai/rust_ros_ws/install/statistics_msgs/lib/python3.12/site-packages/statistics_msgs/msg/__init__.py'...
[20.506s] Compiling '/home/ohtoai/rust_ros_ws/install/statistics_msgs/lib/python3.12/site-packages/statistics_msgs/msg/_metrics_message.py'...
[20.506s] Compiling '/home/ohtoai/rust_ros_ws/install/statistics_msgs/lib/python3.12/site-packages/statistics_msgs/msg/_statistic_data_point.py'...
[20.506s] Compiling '/home/ohtoai/rust_ros_ws/install/statistics_msgs/lib/python3.12/site-packages/statistics_msgs/msg/_statistic_data_type.py'...
[20.509s] -- Installing: /home/ohtoai/rust_ros_ws/install/statistics_msgs/lib/python3.12/site-packages/statistics_msgs/statistics_msgs_s__rosidl_typesupport_fastrtps_c.so
[20.511s] -- Set non-toolchain portion of runtime path of "/home/ohtoai/rust_ros_ws/install/statistics_msgs/lib/python3.12/site-packages/statistics_msgs/statistics_msgs_s__rosidl_typesupport_fastrtps_c.so" to ""
[20.512s] -- Installing: /home/ohtoai/rust_ros_ws/install/statistics_msgs/lib/python3.12/site-packages/statistics_msgs/statistics_msgs_s__rosidl_typesupport_introspection_c.so
[20.514s] -- Set non-toolchain portion of runtime path of "/home/ohtoai/rust_ros_ws/install/statistics_msgs/lib/python3.12/site-packages/statistics_msgs/statistics_msgs_s__rosidl_typesupport_introspection_c.so" to ""
[20.514s] -- Installing: /home/ohtoai/rust_ros_ws/install/statistics_msgs/lib/python3.12/site-packages/statistics_msgs/statistics_msgs_s__rosidl_typesupport_c.so
[20.515s] -- Set non-toolchain portion of runtime path of "/home/ohtoai/rust_ros_ws/install/statistics_msgs/lib/python3.12/site-packages/statistics_msgs/statistics_msgs_s__rosidl_typesupport_c.so" to ""
[20.516s] -- Installing: /home/ohtoai/rust_ros_ws/install/statistics_msgs/lib/libstatistics_msgs__rosidl_generator_py.so
[20.517s] -- Set non-toolchain portion of runtime path of "/home/ohtoai/rust_ros_ws/install/statistics_msgs/lib/libstatistics_msgs__rosidl_generator_py.so" to ""
[20.517s] -- Installing: /home/ohtoai/rust_ros_ws/install/statistics_msgs/share/statistics_msgs/msg/MetricsMessage.idl
[20.518s] -- Installing: /home/ohtoai/rust_ros_ws/install/statistics_msgs/share/statistics_msgs/msg/StatisticDataPoint.idl
[20.519s] -- Installing: /home/ohtoai/rust_ros_ws/install/statistics_msgs/share/statistics_msgs/msg/StatisticDataType.idl
[20.520s] -- Installing: /home/ohtoai/rust_ros_ws/install/statistics_msgs/share/statistics_msgs/msg/MetricsMessage.msg
[20.521s] -- Installing: /home/ohtoai/rust_ros_ws/install/statistics_msgs/share/statistics_msgs/msg/StatisticDataPoint.msg
[20.521s] -- Installing: /home/ohtoai/rust_ros_ws/install/statistics_msgs/share/statistics_msgs/msg/StatisticDataType.msg
[20.523s] -- Installing: /home/ohtoai/rust_ros_ws/install/statistics_msgs/share/ament_index/resource_index/package_run_dependencies/statistics_msgs
[20.524s] -- Installing: /home/ohtoai/rust_ros_ws/install/statistics_msgs/share/ament_index/resource_index/parent_prefix_path/statistics_msgs
[20.525s] -- Installing: /home/ohtoai/rust_ros_ws/install/statistics_msgs/share/statistics_msgs/environment/ament_prefix_path.sh
[20.525s] -- Installing: /home/ohtoai/rust_ros_ws/install/statistics_msgs/share/statistics_msgs/environment/ament_prefix_path.dsv
[20.526s] -- Installing: /home/ohtoai/rust_ros_ws/install/statistics_msgs/share/statistics_msgs/environment/path.sh
[20.528s] -- Installing: /home/ohtoai/rust_ros_ws/install/statistics_msgs/share/statistics_msgs/environment/path.dsv
[20.528s] -- Installing: /home/ohtoai/rust_ros_ws/install/statistics_msgs/share/statistics_msgs/local_setup.bash
[20.530s] -- Installing: /home/ohtoai/rust_ros_ws/install/statistics_msgs/share/statistics_msgs/local_setup.sh
[20.530s] -- Installing: /home/ohtoai/rust_ros_ws/install/statistics_msgs/share/statistics_msgs/local_setup.zsh
[20.530s] -- Installing: /home/ohtoai/rust_ros_ws/install/statistics_msgs/share/statistics_msgs/local_setup.dsv
[20.531s] -- Installing: /home/ohtoai/rust_ros_ws/install/statistics_msgs/share/statistics_msgs/package.dsv
[20.533s] -- Installing: /home/ohtoai/rust_ros_ws/install/statistics_msgs/share/ament_index/resource_index/packages/statistics_msgs
[20.534s] -- Installing: /home/ohtoai/rust_ros_ws/install/statistics_msgs/share/statistics_msgs/cmake/export_statistics_msgs__rosidl_generator_cExport.cmake
[20.535s] -- Installing: /home/ohtoai/rust_ros_ws/install/statistics_msgs/share/statistics_msgs/cmake/export_statistics_msgs__rosidl_generator_cExport-noconfig.cmake
[20.536s] -- Installing: /home/ohtoai/rust_ros_ws/install/statistics_msgs/share/statistics_msgs/cmake/export_statistics_msgs__rosidl_typesupport_fastrtps_cExport.cmake
[20.537s] -- Installing: /home/ohtoai/rust_ros_ws/install/statistics_msgs/share/statistics_msgs/cmake/export_statistics_msgs__rosidl_typesupport_fastrtps_cExport-noconfig.cmake
[20.539s] -- Installing: /home/ohtoai/rust_ros_ws/install/statistics_msgs/share/statistics_msgs/cmake/export_statistics_msgs__rosidl_generator_cppExport.cmake
[20.540s] -- Installing: /home/ohtoai/rust_ros_ws/install/statistics_msgs/share/statistics_msgs/cmake/export_statistics_msgs__rosidl_typesupport_fastrtps_cppExport.cmake
[20.541s] -- Installing: /home/ohtoai/rust_ros_ws/install/statistics_msgs/share/statistics_msgs/cmake/export_statistics_msgs__rosidl_typesupport_fastrtps_cppExport-noconfig.cmake
[20.541s] -- Installing: /home/ohtoai/rust_ros_ws/install/statistics_msgs/share/statistics_msgs/cmake/statistics_msgs__rosidl_typesupport_introspection_cExport.cmake
[20.542s] -- Installing: /home/ohtoai/rust_ros_ws/install/statistics_msgs/share/statistics_msgs/cmake/statistics_msgs__rosidl_typesupport_introspection_cExport-noconfig.cmake
[20.544s] -- Installing: /home/ohtoai/rust_ros_ws/install/statistics_msgs/share/statistics_msgs/cmake/statistics_msgs__rosidl_typesupport_cExport.cmake
[20.545s] -- Installing: /home/ohtoai/rust_ros_ws/install/statistics_msgs/share/statistics_msgs/cmake/statistics_msgs__rosidl_typesupport_cExport-noconfig.cmake
[20.546s] -- Installing: /home/ohtoai/rust_ros_ws/install/statistics_msgs/share/statistics_msgs/cmake/statistics_msgs__rosidl_typesupport_introspection_cppExport.cmake
[20.546s] -- Installing: /home/ohtoai/rust_ros_ws/install/statistics_msgs/share/statistics_msgs/cmake/statistics_msgs__rosidl_typesupport_introspection_cppExport-noconfig.cmake
[20.548s] -- Installing: /home/ohtoai/rust_ros_ws/install/statistics_msgs/share/statistics_msgs/cmake/statistics_msgs__rosidl_typesupport_cppExport.cmake
[20.548s] -- Installing: /home/ohtoai/rust_ros_ws/install/statistics_msgs/share/statistics_msgs/cmake/statistics_msgs__rosidl_typesupport_cppExport-noconfig.cmake
[20.548s] -- Installing: /home/ohtoai/rust_ros_ws/install/statistics_msgs/share/statistics_msgs/cmake/export_statistics_msgs__rosidl_generator_pyExport.cmake
[20.550s] -- Installing: /home/ohtoai/rust_ros_ws/install/statistics_msgs/share/statistics_msgs/cmake/export_statistics_msgs__rosidl_generator_pyExport-noconfig.cmake
[20.552s] -- Installing: /home/ohtoai/rust_ros_ws/install/statistics_msgs/share/statistics_msgs/cmake/rosidl_cmake-extras.cmake
[20.552s] -- Installing: /home/ohtoai/rust_ros_ws/install/statistics_msgs/share/statistics_msgs/cmake/ament_cmake_export_dependencies-extras.cmake
[20.552s] -- Installing: /home/ohtoai/rust_ros_ws/install/statistics_msgs/share/statistics_msgs/cmake/ament_cmake_export_include_directories-extras.cmake
[20.553s] -- Installing: /home/ohtoai/rust_ros_ws/install/statistics_msgs/share/statistics_msgs/cmake/ament_cmake_export_libraries-extras.cmake
[20.553s] -- Installing: /home/ohtoai/rust_ros_ws/install/statistics_msgs/share/statistics_msgs/cmake/ament_cmake_export_targets-extras.cmake
[20.553s] -- Installing: /home/ohtoai/rust_ros_ws/install/statistics_msgs/share/statistics_msgs/cmake/rosidl_cmake_export_typesupport_targets-extras.cmake
[20.554s] -- Installing: /home/ohtoai/rust_ros_ws/install/statistics_msgs/share/statistics_msgs/cmake/rosidl_cmake_export_typesupport_libraries-extras.cmake
[20.555s] -- Installing: /home/ohtoai/rust_ros_ws/install/statistics_msgs/share/statistics_msgs/cmake/statistics_msgsConfig.cmake
[20.555s] -- Installing: /home/ohtoai/rust_ros_ws/install/statistics_msgs/share/statistics_msgs/cmake/statistics_msgsConfig-version.cmake
[20.556s] -- Installing: /home/ohtoai/rust_ros_ws/install/statistics_msgs/share/statistics_msgs/package.xml
[20.562s] Invoked command in '/home/ohtoai/rust_ros_ws/build/statistics_msgs' returned '0': AMENT_PREFIX_PATH=/home/ohtoai/rust_ros_ws/install/rosidl_default_runtime:/home/ohtoai/rust_ros_ws/install/rosidl_default_generators:/home/ohtoai/rust_ros_ws/install/action_msgs:/home/ohtoai/rust_ros_ws/install/service_msgs:/home/ohtoai/rust_ros_ws/install/unique_identifier_msgs:/home/ohtoai/rust_ros_ws/install/builtin_interfaces:/home/ohtoai/rust_ros_ws/install/rosidl_core_runtime:/home/ohtoai/rust_ros_ws/install/rosidl_core_generators:/home/ohtoai/rust_ros_ws/install/rosidl_generator_rs:/home/ohtoai/rust_ros_ws/install/rosidl_runtime_rs:${AMENT_PREFIX_PATH} CMAKE_PREFIX_PATH=/home/ohtoai/rust_ros_ws/install/rosidl_default_runtime:/home/ohtoai/rust_ros_ws/install/rosidl_default_generators:/home/ohtoai/rust_ros_ws/install/action_msgs:/home/ohtoai/rust_ros_ws/install/service_msgs:/home/ohtoai/rust_ros_ws/install/unique_identifier_msgs:/home/ohtoai/rust_ros_ws/install/builtin_interfaces:/home/ohtoai/rust_ros_ws/install/rosidl_core_runtime:/home/ohtoai/rust_ros_ws/install/rosidl_core_generators:/home/ohtoai/rust_ros_ws/install/rosidl_generator_rs:/opt/ros/jazzy/opt/gz_math_vendor:/opt/ros/jazzy/opt/gz_utils_vendor:/opt/ros/jazzy/opt/gz_cmake_vendor:/opt/ros/jazzy DEBUGINFOD_URLS=https://debuginfod.ubuntu.com LD_LIBRARY_PATH=/home/ohtoai/rust_ros_ws/install/action_msgs/lib:/home/ohtoai/rust_ros_ws/install/service_msgs/lib:/home/ohtoai/rust_ros_ws/install/unique_identifier_msgs/lib:/home/ohtoai/rust_ros_ws/install/builtin_interfaces/lib:${LD_LIBRARY_PATH} PYTHONPATH=/home/ohtoai/rust_ros_ws/install/action_msgs/lib/python3.12/site-packages:/home/ohtoai/rust_ros_ws/install/service_msgs/lib/python3.12/site-packages:/home/ohtoai/rust_ros_ws/install/unique_identifier_msgs/lib/python3.12/site-packages:/home/ohtoai/rust_ros_ws/install/builtin_interfaces/lib/python3.12/site-packages:/home/ohtoai/rust_ros_ws/install/rosidl_generator_rs/lib/python3.12/site-packages:${PYTHONPATH} /usr/bin/cmake --install /home/ohtoai/rust_ros_ws/build/statistics_msgs
