-- The C compiler identification is GNU 13.3.0
-- The CXX compiler identification is GNU 13.3.0
-- Detecting C compiler ABI info
-- Detecting C compiler ABI info - done
-- Check for working C compiler: /usr/bin/cc - skipped
-- Detecting C compile features
-- Detecting C compile features - done
-- Detecting CXX compiler ABI info
-- Detecting CXX compiler ABI info - done
-- Check for working CXX compiler: /usr/bin/c++ - skipped
-- Detecting CXX compile features
-- Detecting CXX compile features - done
-- Found ament_cmake: 2.5.3 (/opt/ros/jazzy/share/ament_cmake/cmake)
-- Found Python3: /usr/bin/python3 (found version "3.12.3") found components: Interpreter 
-- Found rosidl_default_generators: 1.6.0 (/home/ohtoai/rust_ros_ws/install/rosidl_default_generators/share/rosidl_default_generators/cmake)
-- Using all available rosidl_typesupport_c: rosidl_typesupport_fastrtps_c;rosidl_typesupport_introspection_c
-- Using all available rosidl_typesupport_cpp: rosidl_typesupport_fastrtps_cpp;rosidl_typesupport_introspection_cpp
-- Found rosidl_adapter: 4.6.5 (/opt/ros/jazzy/share/rosidl_adapter/cmake)
-- Found std_msgs: 5.3.5 (/home/ohtoai/rust_ros_ws/install/std_msgs/share/std_msgs/cmake)
-- Found ament_cmake_cppcheck: 0.17.1 (/opt/ros/jazzy/share/ament_cmake_cppcheck/cmake)
-- Found ament_cmake_cpplint: 0.17.1 (/opt/ros/jazzy/share/ament_cmake_cpplint/cmake)
-- Found ament_cmake_uncrustify: 0.17.1 (/opt/ros/jazzy/share/ament_cmake_uncrustify/cmake)
-- Found ament_cmake_ros: 0.12.0 (/opt/ros/jazzy/share/ament_cmake_ros/cmake)
-- Using all available rosidl_typesupport_c: rosidl_typesupport_fastrtps_c;rosidl_typesupport_introspection_c
-- Using all available rosidl_typesupport_cpp: rosidl_typesupport_fastrtps_cpp;rosidl_typesupport_introspection_cpp
-- Found python_cmake_module: 0.11.1 (/opt/ros/jazzy/share/python_cmake_module/cmake)
-- Found PythonExtra: /usr/bin/python3  
-- Found Python3: /usr/bin/python3 (found version "3.12.3") found components: Interpreter Development NumPy Development.Module Development.Embed 
-- Found ament_cmake_flake8: 0.17.1 (/opt/ros/jazzy/share/ament_cmake_flake8/cmake)
-- Found ament_cmake_pep257: 0.17.1 (/opt/ros/jazzy/share/ament_cmake_pep257/cmake)
-- Configuring done (5.0s)
-- Generating done (0.1s)
-- Build files have been written to: /home/ohtoai/rust_ros_ws/build/diagnostic_msgs
[  1%] [34m[1mGenerating Rust code for ROS interfaces[0m
[  1%] Built target diagnostic_msgs__rs
[  2%] [34m[1mGenerating type hashes for ROS interfaces[0m
[  2%] Built target diagnostic_msgs__rosidl_generator_type_description
[  2%] Built target ament_cmake_python_copy_diagnostic_msgs
[  4%] [34m[1mGenerating C code for ROS interfaces[0m
[  5%] [32mBuilding C object CMakeFiles/diagnostic_msgs__rosidl_generator_c.dir/rosidl_generator_c/diagnostic_msgs/msg/detail/diagnostic_array__description.c.o[0m
[  6%] [32mBuilding C object CMakeFiles/diagnostic_msgs__rosidl_generator_c.dir/rosidl_generator_c/diagnostic_msgs/msg/detail/diagnostic_array__functions.c.o[0m
[  8%] [32mBuilding C object CMakeFiles/diagnostic_msgs__rosidl_generator_c.dir/rosidl_generator_c/diagnostic_msgs/msg/detail/diagnostic_array__type_support.c.o[0m
[  9%] [32mBuilding C object CMakeFiles/diagnostic_msgs__rosidl_generator_c.dir/rosidl_generator_c/diagnostic_msgs/msg/detail/diagnostic_status__description.c.o[0m
[ 10%] [32mBuilding C object CMakeFiles/diagnostic_msgs__rosidl_generator_c.dir/rosidl_generator_c/diagnostic_msgs/msg/detail/diagnostic_status__functions.c.o[0m
[ 12%] [32mBuilding C object CMakeFiles/diagnostic_msgs__rosidl_generator_c.dir/rosidl_generator_c/diagnostic_msgs/msg/detail/diagnostic_status__type_support.c.o[0m
[ 13%] [32mBuilding C object CMakeFiles/diagnostic_msgs__rosidl_generator_c.dir/rosidl_generator_c/diagnostic_msgs/msg/detail/key_value__description.c.o[0m
[ 14%] [32mBuilding C object CMakeFiles/diagnostic_msgs__rosidl_generator_c.dir/rosidl_generator_c/diagnostic_msgs/msg/detail/key_value__functions.c.o[0m
[ 16%] [32mBuilding C object CMakeFiles/diagnostic_msgs__rosidl_generator_c.dir/rosidl_generator_c/diagnostic_msgs/msg/detail/key_value__type_support.c.o[0m
[ 17%] [32mBuilding C object CMakeFiles/diagnostic_msgs__rosidl_generator_c.dir/rosidl_generator_c/diagnostic_msgs/srv/detail/add_diagnostics__description.c.o[0m
[ 18%] [32mBuilding C object CMakeFiles/diagnostic_msgs__rosidl_generator_c.dir/rosidl_generator_c/diagnostic_msgs/srv/detail/add_diagnostics__functions.c.o[0m
[ 20%] [32mBuilding C object CMakeFiles/diagnostic_msgs__rosidl_generator_c.dir/rosidl_generator_c/diagnostic_msgs/srv/detail/add_diagnostics__type_support.c.o[0m
[ 21%] [32mBuilding C object CMakeFiles/diagnostic_msgs__rosidl_generator_c.dir/rosidl_generator_c/diagnostic_msgs/srv/detail/self_test__description.c.o[0m
[ 22%] [32mBuilding C object CMakeFiles/diagnostic_msgs__rosidl_generator_c.dir/rosidl_generator_c/diagnostic_msgs/srv/detail/self_test__functions.c.o[0m
[ 24%] [32mBuilding C object CMakeFiles/diagnostic_msgs__rosidl_generator_c.dir/rosidl_generator_c/diagnostic_msgs/srv/detail/self_test__type_support.c.o[0m
[ 25%] [32m[1mLinking C shared library libdiagnostic_msgs__rosidl_generator_c.so[0m
[ 25%] Built target diagnostic_msgs__rosidl_generator_c
[ 26%] [34m[1mGenerating C++ code for ROS interfaces[0m
[ 26%] Built target diagnostic_msgs__cpp
running egg_info
creating diagnostic_msgs.egg-info
writing diagnostic_msgs.egg-info/PKG-INFO
writing dependency_links to diagnostic_msgs.egg-info/dependency_links.txt
writing top-level names to diagnostic_msgs.egg-info/top_level.txt
writing manifest file 'diagnostic_msgs.egg-info/SOURCES.txt'
reading manifest file 'diagnostic_msgs.egg-info/SOURCES.txt'
writing manifest file 'diagnostic_msgs.egg-info/SOURCES.txt'
[ 26%] Built target ament_cmake_python_build_diagnostic_msgs_egg
[ 28%] [34m[1mGenerating C type support for eProsima Fast-RTPS[0m
[ 29%] [32mBuilding CXX object CMakeFiles/diagnostic_msgs__rosidl_typesupport_fastrtps_c.dir/rosidl_typesupport_fastrtps_c/diagnostic_msgs/msg/detail/diagnostic_array__type_support_c.cpp.o[0m
[ 30%] [32mBuilding CXX object CMakeFiles/diagnostic_msgs__rosidl_typesupport_fastrtps_c.dir/rosidl_typesupport_fastrtps_c/diagnostic_msgs/msg/detail/diagnostic_status__type_support_c.cpp.o[0m
[ 32%] [32mBuilding CXX object CMakeFiles/diagnostic_msgs__rosidl_typesupport_fastrtps_c.dir/rosidl_typesupport_fastrtps_c/diagnostic_msgs/msg/detail/key_value__type_support_c.cpp.o[0m
[ 33%] [32mBuilding CXX object CMakeFiles/diagnostic_msgs__rosidl_typesupport_fastrtps_c.dir/rosidl_typesupport_fastrtps_c/diagnostic_msgs/srv/detail/add_diagnostics__type_support_c.cpp.o[0m
[ 34%] [32mBuilding CXX object CMakeFiles/diagnostic_msgs__rosidl_typesupport_fastrtps_c.dir/rosidl_typesupport_fastrtps_c/diagnostic_msgs/srv/detail/self_test__type_support_c.cpp.o[0m
[ 36%] [32m[1mLinking CXX shared library libdiagnostic_msgs__rosidl_typesupport_fastrtps_c.so[0m
[ 36%] Built target diagnostic_msgs__rosidl_typesupport_fastrtps_c
[ 37%] [34m[1mGenerating C introspection for ROS interfaces[0m
[ 38%] [32mBuilding C object CMakeFiles/diagnostic_msgs__rosidl_typesupport_introspection_c.dir/rosidl_typesupport_introspection_c/diagnostic_msgs/msg/detail/diagnostic_array__type_support.c.o[0m
[ 40%] [32mBuilding C object CMakeFiles/diagnostic_msgs__rosidl_typesupport_introspection_c.dir/rosidl_typesupport_introspection_c/diagnostic_msgs/msg/detail/diagnostic_status__type_support.c.o[0m
[ 41%] [32mBuilding C object CMakeFiles/diagnostic_msgs__rosidl_typesupport_introspection_c.dir/rosidl_typesupport_introspection_c/diagnostic_msgs/msg/detail/key_value__type_support.c.o[0m
[ 42%] [32mBuilding C object CMakeFiles/diagnostic_msgs__rosidl_typesupport_introspection_c.dir/rosidl_typesupport_introspection_c/diagnostic_msgs/srv/detail/add_diagnostics__type_support.c.o[0m
[ 44%] [32mBuilding C object CMakeFiles/diagnostic_msgs__rosidl_typesupport_introspection_c.dir/rosidl_typesupport_introspection_c/diagnostic_msgs/srv/detail/self_test__type_support.c.o[0m
[ 45%] [32m[1mLinking C shared library libdiagnostic_msgs__rosidl_typesupport_introspection_c.so[0m
[ 45%] Built target diagnostic_msgs__rosidl_typesupport_introspection_c
[ 46%] [34m[1mGenerating C type support dispatch for ROS interfaces[0m
[ 48%] [32mBuilding CXX object CMakeFiles/diagnostic_msgs__rosidl_typesupport_c.dir/rosidl_typesupport_c/diagnostic_msgs/msg/diagnostic_array__type_support.cpp.o[0m
[ 49%] [32mBuilding CXX object CMakeFiles/diagnostic_msgs__rosidl_typesupport_c.dir/rosidl_typesupport_c/diagnostic_msgs/msg/diagnostic_status__type_support.cpp.o[0m
[ 50%] [32mBuilding CXX object CMakeFiles/diagnostic_msgs__rosidl_typesupport_c.dir/rosidl_typesupport_c/diagnostic_msgs/msg/key_value__type_support.cpp.o[0m
[ 52%] [32mBuilding CXX object CMakeFiles/diagnostic_msgs__rosidl_typesupport_c.dir/rosidl_typesupport_c/diagnostic_msgs/srv/add_diagnostics__type_support.cpp.o[0m
[ 53%] [32mBuilding CXX object CMakeFiles/diagnostic_msgs__rosidl_typesupport_c.dir/rosidl_typesupport_c/diagnostic_msgs/srv/self_test__type_support.cpp.o[0m
[ 54%] [32m[1mLinking CXX shared library libdiagnostic_msgs__rosidl_typesupport_c.so[0m
[ 54%] Built target diagnostic_msgs__rosidl_typesupport_c
[ 56%] [34m[1mGenerating C++ type support for eProsima Fast-RTPS[0m
[ 57%] [32mBuilding CXX object CMakeFiles/diagnostic_msgs__rosidl_typesupport_fastrtps_cpp.dir/rosidl_typesupport_fastrtps_cpp/diagnostic_msgs/msg/detail/dds_fastrtps/diagnostic_array__type_support.cpp.o[0m
[ 58%] [32mBuilding CXX object CMakeFiles/diagnostic_msgs__rosidl_typesupport_fastrtps_cpp.dir/rosidl_typesupport_fastrtps_cpp/diagnostic_msgs/msg/detail/dds_fastrtps/diagnostic_status__type_support.cpp.o[0m
[ 60%] [32mBuilding CXX object CMakeFiles/diagnostic_msgs__rosidl_typesupport_fastrtps_cpp.dir/rosidl_typesupport_fastrtps_cpp/diagnostic_msgs/msg/detail/dds_fastrtps/key_value__type_support.cpp.o[0m
[ 61%] [32mBuilding CXX object CMakeFiles/diagnostic_msgs__rosidl_typesupport_fastrtps_cpp.dir/rosidl_typesupport_fastrtps_cpp/diagnostic_msgs/srv/detail/dds_fastrtps/add_diagnostics__type_support.cpp.o[0m
[ 62%] [32mBuilding CXX object CMakeFiles/diagnostic_msgs__rosidl_typesupport_fastrtps_cpp.dir/rosidl_typesupport_fastrtps_cpp/diagnostic_msgs/srv/detail/dds_fastrtps/self_test__type_support.cpp.o[0m
[ 64%] [32m[1mLinking CXX shared library libdiagnostic_msgs__rosidl_typesupport_fastrtps_cpp.so[0m
[ 64%] Built target diagnostic_msgs__rosidl_typesupport_fastrtps_cpp
[ 65%] [34m[1mGenerating C++ introspection for ROS interfaces[0m
[ 66%] [32mBuilding CXX object CMakeFiles/diagnostic_msgs__rosidl_typesupport_introspection_cpp.dir/rosidl_typesupport_introspection_cpp/diagnostic_msgs/msg/detail/diagnostic_array__type_support.cpp.o[0m
[ 68%] [32mBuilding CXX object CMakeFiles/diagnostic_msgs__rosidl_typesupport_introspection_cpp.dir/rosidl_typesupport_introspection_cpp/diagnostic_msgs/msg/detail/diagnostic_status__type_support.cpp.o[0m
[ 69%] [32mBuilding CXX object CMakeFiles/diagnostic_msgs__rosidl_typesupport_introspection_cpp.dir/rosidl_typesupport_introspection_cpp/diagnostic_msgs/msg/detail/key_value__type_support.cpp.o[0m
[ 70%] [32mBuilding CXX object CMakeFiles/diagnostic_msgs__rosidl_typesupport_introspection_cpp.dir/rosidl_typesupport_introspection_cpp/diagnostic_msgs/srv/detail/add_diagnostics__type_support.cpp.o[0m
[ 72%] [32mBuilding CXX object CMakeFiles/diagnostic_msgs__rosidl_typesupport_introspection_cpp.dir/rosidl_typesupport_introspection_cpp/diagnostic_msgs/srv/detail/self_test__type_support.cpp.o[0m
[ 73%] [32m[1mLinking CXX shared library libdiagnostic_msgs__rosidl_typesupport_introspection_cpp.so[0m
[ 73%] Built target diagnostic_msgs__rosidl_typesupport_introspection_cpp
[ 74%] [34m[1mGenerating C++ type support dispatch for ROS interfaces[0m
[ 76%] [32mBuilding CXX object CMakeFiles/diagnostic_msgs__rosidl_typesupport_cpp.dir/rosidl_typesupport_cpp/diagnostic_msgs/msg/diagnostic_array__type_support.cpp.o[0m
[ 77%] [32mBuilding CXX object CMakeFiles/diagnostic_msgs__rosidl_typesupport_cpp.dir/rosidl_typesupport_cpp/diagnostic_msgs/msg/diagnostic_status__type_support.cpp.o[0m
[ 78%] [32mBuilding CXX object CMakeFiles/diagnostic_msgs__rosidl_typesupport_cpp.dir/rosidl_typesupport_cpp/diagnostic_msgs/msg/key_value__type_support.cpp.o[0m
[ 80%] [32mBuilding CXX object CMakeFiles/diagnostic_msgs__rosidl_typesupport_cpp.dir/rosidl_typesupport_cpp/diagnostic_msgs/srv/add_diagnostics__type_support.cpp.o[0m
[ 81%] [32mBuilding CXX object CMakeFiles/diagnostic_msgs__rosidl_typesupport_cpp.dir/rosidl_typesupport_cpp/diagnostic_msgs/srv/self_test__type_support.cpp.o[0m
[ 82%] [32m[1mLinking CXX shared library libdiagnostic_msgs__rosidl_typesupport_cpp.so[0m
[ 82%] Built target diagnostic_msgs__rosidl_typesupport_cpp
[ 82%] Built target diagnostic_msgs
[ 84%] [34m[1mGenerating Python code for ROS interfaces[0m
[ 84%] Built target diagnostic_msgs__py
[ 85%] [32mBuilding C object CMakeFiles/diagnostic_msgs__rosidl_generator_py.dir/rosidl_generator_py/diagnostic_msgs/msg/_diagnostic_array_s.c.o[0m
[ 86%] [32mBuilding C object CMakeFiles/diagnostic_msgs__rosidl_generator_py.dir/rosidl_generator_py/diagnostic_msgs/msg/_diagnostic_status_s.c.o[0m
[ 88%] [32mBuilding C object CMakeFiles/diagnostic_msgs__rosidl_generator_py.dir/rosidl_generator_py/diagnostic_msgs/msg/_key_value_s.c.o[0m
[ 89%] [32mBuilding C object CMakeFiles/diagnostic_msgs__rosidl_generator_py.dir/rosidl_generator_py/diagnostic_msgs/srv/_add_diagnostics_s.c.o[0m
[ 90%] [32mBuilding C object CMakeFiles/diagnostic_msgs__rosidl_generator_py.dir/rosidl_generator_py/diagnostic_msgs/srv/_self_test_s.c.o[0m
[ 92%] [32m[1mLinking C shared library libdiagnostic_msgs__rosidl_generator_py.so[0m
[ 92%] Built target diagnostic_msgs__rosidl_generator_py
[ 93%] [32mBuilding C object CMakeFiles/diagnostic_msgs_s__rosidl_typesupport_fastrtps_c.dir/rosidl_generator_py/diagnostic_msgs/_diagnostic_msgs_s.ep.rosidl_typesupport_fastrtps_c.c.o[0m
[ 94%] [32m[1mLinking C shared module rosidl_generator_py/diagnostic_msgs/diagnostic_msgs_s__rosidl_typesupport_fastrtps_c.so[0m
[ 94%] Built target diagnostic_msgs_s__rosidl_typesupport_fastrtps_c
[ 96%] [32mBuilding C object CMakeFiles/diagnostic_msgs_s__rosidl_typesupport_introspection_c.dir/rosidl_generator_py/diagnostic_msgs/_diagnostic_msgs_s.ep.rosidl_typesupport_introspection_c.c.o[0m
[ 97%] [32m[1mLinking C shared module rosidl_generator_py/diagnostic_msgs/diagnostic_msgs_s__rosidl_typesupport_introspection_c.so[0m
[ 97%] Built target diagnostic_msgs_s__rosidl_typesupport_introspection_c
[ 98%] [32mBuilding C object CMakeFiles/diagnostic_msgs_s__rosidl_typesupport_c.dir/rosidl_generator_py/diagnostic_msgs/_diagnostic_msgs_s.ep.rosidl_typesupport_c.c.o[0m
[100%] [32m[1mLinking C shared module rosidl_generator_py/diagnostic_msgs/diagnostic_msgs_s__rosidl_typesupport_c.so[0m
[100%] Built target diagnostic_msgs_s__rosidl_typesupport_c
-- Install configuration: ""
-- Installing: /home/ohtoai/rust_ros_ws/install/diagnostic_msgs/share/ament_index/resource_index/rosidl_interfaces/diagnostic_msgs
-- Installing: /home/ohtoai/rust_ros_ws/install/diagnostic_msgs/share/diagnostic_msgs/msg/DiagnosticArray.json
-- Installing: /home/ohtoai/rust_ros_ws/install/diagnostic_msgs/share/diagnostic_msgs/msg/DiagnosticStatus.json
-- Installing: /home/ohtoai/rust_ros_ws/install/diagnostic_msgs/share/diagnostic_msgs/msg/KeyValue.json
-- Installing: /home/ohtoai/rust_ros_ws/install/diagnostic_msgs/share/diagnostic_msgs/srv/AddDiagnostics.json
-- Installing: /home/ohtoai/rust_ros_ws/install/diagnostic_msgs/share/diagnostic_msgs/srv/SelfTest.json
-- Installing: /home/ohtoai/rust_ros_ws/install/diagnostic_msgs/include/diagnostic_msgs/diagnostic_msgs
-- Installing: /home/ohtoai/rust_ros_ws/install/diagnostic_msgs/include/diagnostic_msgs/diagnostic_msgs/msg
-- Installing: /home/ohtoai/rust_ros_ws/install/diagnostic_msgs/include/diagnostic_msgs/diagnostic_msgs/msg/detail
-- Installing: /home/ohtoai/rust_ros_ws/install/diagnostic_msgs/include/diagnostic_msgs/diagnostic_msgs/msg/detail/key_value__type_support.h
-- Installing: /home/ohtoai/rust_ros_ws/install/diagnostic_msgs/include/diagnostic_msgs/diagnostic_msgs/msg/detail/diagnostic_array__type_support.c
-- Installing: /home/ohtoai/rust_ros_ws/install/diagnostic_msgs/include/diagnostic_msgs/diagnostic_msgs/msg/detail/diagnostic_array__struct.h
-- Installing: /home/ohtoai/rust_ros_ws/install/diagnostic_msgs/include/diagnostic_msgs/diagnostic_msgs/msg/detail/key_value__description.c
-- Installing: /home/ohtoai/rust_ros_ws/install/diagnostic_msgs/include/diagnostic_msgs/diagnostic_msgs/msg/detail/key_value__type_support.c
-- Installing: /home/ohtoai/rust_ros_ws/install/diagnostic_msgs/include/diagnostic_msgs/diagnostic_msgs/msg/detail/diagnostic_array__functions.c
-- Installing: /home/ohtoai/rust_ros_ws/install/diagnostic_msgs/include/diagnostic_msgs/diagnostic_msgs/msg/detail/key_value__functions.c
-- Installing: /home/ohtoai/rust_ros_ws/install/diagnostic_msgs/include/diagnostic_msgs/diagnostic_msgs/msg/detail/diagnostic_status__functions.h
-- Installing: /home/ohtoai/rust_ros_ws/install/diagnostic_msgs/include/diagnostic_msgs/diagnostic_msgs/msg/detail/diagnostic_status__type_support.c
-- Installing: /home/ohtoai/rust_ros_ws/install/diagnostic_msgs/include/diagnostic_msgs/diagnostic_msgs/msg/detail/key_value__functions.h
-- Installing: /home/ohtoai/rust_ros_ws/install/diagnostic_msgs/include/diagnostic_msgs/diagnostic_msgs/msg/detail/key_value__struct.h
-- Installing: /home/ohtoai/rust_ros_ws/install/diagnostic_msgs/include/diagnostic_msgs/diagnostic_msgs/msg/detail/diagnostic_status__struct.h
-- Installing: /home/ohtoai/rust_ros_ws/install/diagnostic_msgs/include/diagnostic_msgs/diagnostic_msgs/msg/detail/diagnostic_status__functions.c
-- Installing: /home/ohtoai/rust_ros_ws/install/diagnostic_msgs/include/diagnostic_msgs/diagnostic_msgs/msg/detail/diagnostic_status__type_support.h
-- Installing: /home/ohtoai/rust_ros_ws/install/diagnostic_msgs/include/diagnostic_msgs/diagnostic_msgs/msg/detail/diagnostic_array__type_support.h
-- Installing: /home/ohtoai/rust_ros_ws/install/diagnostic_msgs/include/diagnostic_msgs/diagnostic_msgs/msg/detail/diagnostic_array__description.c
-- Installing: /home/ohtoai/rust_ros_ws/install/diagnostic_msgs/include/diagnostic_msgs/diagnostic_msgs/msg/detail/diagnostic_status__description.c
-- Installing: /home/ohtoai/rust_ros_ws/install/diagnostic_msgs/include/diagnostic_msgs/diagnostic_msgs/msg/detail/diagnostic_array__functions.h
-- Installing: /home/ohtoai/rust_ros_ws/install/diagnostic_msgs/include/diagnostic_msgs/diagnostic_msgs/msg/diagnostic_array.h
-- Installing: /home/ohtoai/rust_ros_ws/install/diagnostic_msgs/include/diagnostic_msgs/diagnostic_msgs/msg/rosidl_generator_c__visibility_control.h
-- Installing: /home/ohtoai/rust_ros_ws/install/diagnostic_msgs/include/diagnostic_msgs/diagnostic_msgs/msg/key_value.h
-- Installing: /home/ohtoai/rust_ros_ws/install/diagnostic_msgs/include/diagnostic_msgs/diagnostic_msgs/msg/diagnostic_status.h
-- Installing: /home/ohtoai/rust_ros_ws/install/diagnostic_msgs/include/diagnostic_msgs/diagnostic_msgs/srv
-- Installing: /home/ohtoai/rust_ros_ws/install/diagnostic_msgs/include/diagnostic_msgs/diagnostic_msgs/srv/detail
-- Installing: /home/ohtoai/rust_ros_ws/install/diagnostic_msgs/include/diagnostic_msgs/diagnostic_msgs/srv/detail/add_diagnostics__functions.c
-- Installing: /home/ohtoai/rust_ros_ws/install/diagnostic_msgs/include/diagnostic_msgs/diagnostic_msgs/srv/detail/add_diagnostics__type_support.h
-- Installing: /home/ohtoai/rust_ros_ws/install/diagnostic_msgs/include/diagnostic_msgs/diagnostic_msgs/srv/detail/self_test__functions.h
-- Installing: /home/ohtoai/rust_ros_ws/install/diagnostic_msgs/include/diagnostic_msgs/diagnostic_msgs/srv/detail/add_diagnostics__type_support.c
-- Installing: /home/ohtoai/rust_ros_ws/install/diagnostic_msgs/include/diagnostic_msgs/diagnostic_msgs/srv/detail/self_test__struct.h
-- Installing: /home/ohtoai/rust_ros_ws/install/diagnostic_msgs/include/diagnostic_msgs/diagnostic_msgs/srv/detail/add_diagnostics__functions.h
-- Installing: /home/ohtoai/rust_ros_ws/install/diagnostic_msgs/include/diagnostic_msgs/diagnostic_msgs/srv/detail/add_diagnostics__description.c
-- Installing: /home/ohtoai/rust_ros_ws/install/diagnostic_msgs/include/diagnostic_msgs/diagnostic_msgs/srv/detail/self_test__type_support.h
-- Installing: /home/ohtoai/rust_ros_ws/install/diagnostic_msgs/include/diagnostic_msgs/diagnostic_msgs/srv/detail/self_test__type_support.c
-- Installing: /home/ohtoai/rust_ros_ws/install/diagnostic_msgs/include/diagnostic_msgs/diagnostic_msgs/srv/detail/self_test__description.c
-- Installing: /home/ohtoai/rust_ros_ws/install/diagnostic_msgs/include/diagnostic_msgs/diagnostic_msgs/srv/detail/add_diagnostics__struct.h
-- Installing: /home/ohtoai/rust_ros_ws/install/diagnostic_msgs/include/diagnostic_msgs/diagnostic_msgs/srv/detail/self_test__functions.c
-- Installing: /home/ohtoai/rust_ros_ws/install/diagnostic_msgs/include/diagnostic_msgs/diagnostic_msgs/srv/add_diagnostics.h
-- Installing: /home/ohtoai/rust_ros_ws/install/diagnostic_msgs/include/diagnostic_msgs/diagnostic_msgs/srv/self_test.h
-- Installing: /home/ohtoai/rust_ros_ws/install/diagnostic_msgs/share/diagnostic_msgs/environment/library_path.sh
-- Installing: /home/ohtoai/rust_ros_ws/install/diagnostic_msgs/share/diagnostic_msgs/environment/library_path.dsv
-- Installing: /home/ohtoai/rust_ros_ws/install/diagnostic_msgs/lib/libdiagnostic_msgs__rosidl_generator_c.so
-- Set non-toolchain portion of runtime path of "/home/ohtoai/rust_ros_ws/install/diagnostic_msgs/lib/libdiagnostic_msgs__rosidl_generator_c.so" to ""
-- Up-to-date: /home/ohtoai/rust_ros_ws/install/diagnostic_msgs/include/diagnostic_msgs/diagnostic_msgs
-- Up-to-date: /home/ohtoai/rust_ros_ws/install/diagnostic_msgs/include/diagnostic_msgs/diagnostic_msgs/msg
-- Up-to-date: /home/ohtoai/rust_ros_ws/install/diagnostic_msgs/include/diagnostic_msgs/diagnostic_msgs/msg/detail
-- Installing: /home/ohtoai/rust_ros_ws/install/diagnostic_msgs/include/diagnostic_msgs/diagnostic_msgs/msg/detail/diagnostic_status__rosidl_typesupport_fastrtps_c.h
-- Installing: /home/ohtoai/rust_ros_ws/install/diagnostic_msgs/include/diagnostic_msgs/diagnostic_msgs/msg/detail/key_value__rosidl_typesupport_fastrtps_c.h
-- Installing: /home/ohtoai/rust_ros_ws/install/diagnostic_msgs/include/diagnostic_msgs/diagnostic_msgs/msg/detail/diagnostic_array__rosidl_typesupport_fastrtps_c.h
-- Installing: /home/ohtoai/rust_ros_ws/install/diagnostic_msgs/include/diagnostic_msgs/diagnostic_msgs/msg/rosidl_typesupport_fastrtps_c__visibility_control.h
-- Up-to-date: /home/ohtoai/rust_ros_ws/install/diagnostic_msgs/include/diagnostic_msgs/diagnostic_msgs/srv
-- Up-to-date: /home/ohtoai/rust_ros_ws/install/diagnostic_msgs/include/diagnostic_msgs/diagnostic_msgs/srv/detail
-- Installing: /home/ohtoai/rust_ros_ws/install/diagnostic_msgs/include/diagnostic_msgs/diagnostic_msgs/srv/detail/add_diagnostics__rosidl_typesupport_fastrtps_c.h
-- Installing: /home/ohtoai/rust_ros_ws/install/diagnostic_msgs/include/diagnostic_msgs/diagnostic_msgs/srv/detail/self_test__rosidl_typesupport_fastrtps_c.h
-- Installing: /home/ohtoai/rust_ros_ws/install/diagnostic_msgs/lib/libdiagnostic_msgs__rosidl_typesupport_fastrtps_c.so
-- Set non-toolchain portion of runtime path of "/home/ohtoai/rust_ros_ws/install/diagnostic_msgs/lib/libdiagnostic_msgs__rosidl_typesupport_fastrtps_c.so" to ""
-- Up-to-date: /home/ohtoai/rust_ros_ws/install/diagnostic_msgs/include/diagnostic_msgs/diagnostic_msgs
-- Up-to-date: /home/ohtoai/rust_ros_ws/install/diagnostic_msgs/include/diagnostic_msgs/diagnostic_msgs/msg
-- Up-to-date: /home/ohtoai/rust_ros_ws/install/diagnostic_msgs/include/diagnostic_msgs/diagnostic_msgs/msg/detail
-- Installing: /home/ohtoai/rust_ros_ws/install/diagnostic_msgs/include/diagnostic_msgs/diagnostic_msgs/msg/detail/diagnostic_array__type_support.c
-- Installing: /home/ohtoai/rust_ros_ws/install/diagnostic_msgs/include/diagnostic_msgs/diagnostic_msgs/msg/detail/key_value__type_support.c
-- Installing: /home/ohtoai/rust_ros_ws/install/diagnostic_msgs/include/diagnostic_msgs/diagnostic_msgs/msg/detail/diagnostic_status__rosidl_typesupport_introspection_c.h
-- Installing: /home/ohtoai/rust_ros_ws/install/diagnostic_msgs/include/diagnostic_msgs/diagnostic_msgs/msg/detail/diagnostic_array__rosidl_typesupport_introspection_c.h
-- Installing: /home/ohtoai/rust_ros_ws/install/diagnostic_msgs/include/diagnostic_msgs/diagnostic_msgs/msg/detail/key_value__rosidl_typesupport_introspection_c.h
-- Installing: /home/ohtoai/rust_ros_ws/install/diagnostic_msgs/include/diagnostic_msgs/diagnostic_msgs/msg/detail/diagnostic_status__type_support.c
-- Installing: /home/ohtoai/rust_ros_ws/install/diagnostic_msgs/include/diagnostic_msgs/diagnostic_msgs/msg/rosidl_typesupport_introspection_c__visibility_control.h
-- Up-to-date: /home/ohtoai/rust_ros_ws/install/diagnostic_msgs/include/diagnostic_msgs/diagnostic_msgs/srv
-- Up-to-date: /home/ohtoai/rust_ros_ws/install/diagnostic_msgs/include/diagnostic_msgs/diagnostic_msgs/srv/detail
-- Installing: /home/ohtoai/rust_ros_ws/install/diagnostic_msgs/include/diagnostic_msgs/diagnostic_msgs/srv/detail/add_diagnostics__type_support.c
-- Installing: /home/ohtoai/rust_ros_ws/install/diagnostic_msgs/include/diagnostic_msgs/diagnostic_msgs/srv/detail/add_diagnostics__rosidl_typesupport_introspection_c.h
-- Installing: /home/ohtoai/rust_ros_ws/install/diagnostic_msgs/include/diagnostic_msgs/diagnostic_msgs/srv/detail/self_test__type_support.c
-- Installing: /home/ohtoai/rust_ros_ws/install/diagnostic_msgs/include/diagnostic_msgs/diagnostic_msgs/srv/detail/self_test__rosidl_typesupport_introspection_c.h
-- Installing: /home/ohtoai/rust_ros_ws/install/diagnostic_msgs/lib/libdiagnostic_msgs__rosidl_typesupport_introspection_c.so
-- Set non-toolchain portion of runtime path of "/home/ohtoai/rust_ros_ws/install/diagnostic_msgs/lib/libdiagnostic_msgs__rosidl_typesupport_introspection_c.so" to ""
-- Installing: /home/ohtoai/rust_ros_ws/install/diagnostic_msgs/lib/libdiagnostic_msgs__rosidl_typesupport_c.so
-- Set non-toolchain portion of runtime path of "/home/ohtoai/rust_ros_ws/install/diagnostic_msgs/lib/libdiagnostic_msgs__rosidl_typesupport_c.so" to ""
-- Up-to-date: /home/ohtoai/rust_ros_ws/install/diagnostic_msgs/include/diagnostic_msgs/diagnostic_msgs
-- Up-to-date: /home/ohtoai/rust_ros_ws/install/diagnostic_msgs/include/diagnostic_msgs/diagnostic_msgs/msg
-- Up-to-date: /home/ohtoai/rust_ros_ws/install/diagnostic_msgs/include/diagnostic_msgs/diagnostic_msgs/msg/detail
-- Installing: /home/ohtoai/rust_ros_ws/install/diagnostic_msgs/include/diagnostic_msgs/diagnostic_msgs/msg/detail/diagnostic_array__traits.hpp
-- Installing: /home/ohtoai/rust_ros_ws/install/diagnostic_msgs/include/diagnostic_msgs/diagnostic_msgs/msg/detail/key_value__builder.hpp
-- Installing: /home/ohtoai/rust_ros_ws/install/diagnostic_msgs/include/diagnostic_msgs/diagnostic_msgs/msg/detail/key_value__struct.hpp
-- Installing: /home/ohtoai/rust_ros_ws/install/diagnostic_msgs/include/diagnostic_msgs/diagnostic_msgs/msg/detail/diagnostic_array__struct.hpp
-- Installing: /home/ohtoai/rust_ros_ws/install/diagnostic_msgs/include/diagnostic_msgs/diagnostic_msgs/msg/detail/diagnostic_status__struct.hpp
-- Installing: /home/ohtoai/rust_ros_ws/install/diagnostic_msgs/include/diagnostic_msgs/diagnostic_msgs/msg/detail/diagnostic_status__type_support.hpp
-- Installing: /home/ohtoai/rust_ros_ws/install/diagnostic_msgs/include/diagnostic_msgs/diagnostic_msgs/msg/detail/diagnostic_array__type_support.hpp
-- Installing: /home/ohtoai/rust_ros_ws/install/diagnostic_msgs/include/diagnostic_msgs/diagnostic_msgs/msg/detail/key_value__traits.hpp
-- Installing: /home/ohtoai/rust_ros_ws/install/diagnostic_msgs/include/diagnostic_msgs/diagnostic_msgs/msg/detail/diagnostic_array__builder.hpp
-- Installing: /home/ohtoai/rust_ros_ws/install/diagnostic_msgs/include/diagnostic_msgs/diagnostic_msgs/msg/detail/diagnostic_status__traits.hpp
-- Installing: /home/ohtoai/rust_ros_ws/install/diagnostic_msgs/include/diagnostic_msgs/diagnostic_msgs/msg/detail/diagnostic_status__builder.hpp
-- Installing: /home/ohtoai/rust_ros_ws/install/diagnostic_msgs/include/diagnostic_msgs/diagnostic_msgs/msg/detail/key_value__type_support.hpp
-- Installing: /home/ohtoai/rust_ros_ws/install/diagnostic_msgs/include/diagnostic_msgs/diagnostic_msgs/msg/rosidl_generator_cpp__visibility_control.hpp
-- Installing: /home/ohtoai/rust_ros_ws/install/diagnostic_msgs/include/diagnostic_msgs/diagnostic_msgs/msg/diagnostic_array.hpp
-- Installing: /home/ohtoai/rust_ros_ws/install/diagnostic_msgs/include/diagnostic_msgs/diagnostic_msgs/msg/key_value.hpp
-- Installing: /home/ohtoai/rust_ros_ws/install/diagnostic_msgs/include/diagnostic_msgs/diagnostic_msgs/msg/diagnostic_status.hpp
-- Up-to-date: /home/ohtoai/rust_ros_ws/install/diagnostic_msgs/include/diagnostic_msgs/diagnostic_msgs/srv
-- Up-to-date: /home/ohtoai/rust_ros_ws/install/diagnostic_msgs/include/diagnostic_msgs/diagnostic_msgs/srv/detail
-- Installing: /home/ohtoai/rust_ros_ws/install/diagnostic_msgs/include/diagnostic_msgs/diagnostic_msgs/srv/detail/self_test__struct.hpp
-- Installing: /home/ohtoai/rust_ros_ws/install/diagnostic_msgs/include/diagnostic_msgs/diagnostic_msgs/srv/detail/add_diagnostics__type_support.hpp
-- Installing: /home/ohtoai/rust_ros_ws/install/diagnostic_msgs/include/diagnostic_msgs/diagnostic_msgs/srv/detail/add_diagnostics__struct.hpp
-- Installing: /home/ohtoai/rust_ros_ws/install/diagnostic_msgs/include/diagnostic_msgs/diagnostic_msgs/srv/detail/add_diagnostics__traits.hpp
-- Installing: /home/ohtoai/rust_ros_ws/install/diagnostic_msgs/include/diagnostic_msgs/diagnostic_msgs/srv/detail/self_test__traits.hpp
-- Installing: /home/ohtoai/rust_ros_ws/install/diagnostic_msgs/include/diagnostic_msgs/diagnostic_msgs/srv/detail/add_diagnostics__builder.hpp
-- Installing: /home/ohtoai/rust_ros_ws/install/diagnostic_msgs/include/diagnostic_msgs/diagnostic_msgs/srv/detail/self_test__type_support.hpp
-- Installing: /home/ohtoai/rust_ros_ws/install/diagnostic_msgs/include/diagnostic_msgs/diagnostic_msgs/srv/detail/self_test__builder.hpp
-- Installing: /home/ohtoai/rust_ros_ws/install/diagnostic_msgs/include/diagnostic_msgs/diagnostic_msgs/srv/self_test.hpp
-- Installing: /home/ohtoai/rust_ros_ws/install/diagnostic_msgs/include/diagnostic_msgs/diagnostic_msgs/srv/add_diagnostics.hpp
-- Up-to-date: /home/ohtoai/rust_ros_ws/install/diagnostic_msgs/include/diagnostic_msgs/diagnostic_msgs
-- Up-to-date: /home/ohtoai/rust_ros_ws/install/diagnostic_msgs/include/diagnostic_msgs/diagnostic_msgs/msg
-- Up-to-date: /home/ohtoai/rust_ros_ws/install/diagnostic_msgs/include/diagnostic_msgs/diagnostic_msgs/msg/detail
-- Installing: /home/ohtoai/rust_ros_ws/install/diagnostic_msgs/include/diagnostic_msgs/diagnostic_msgs/msg/detail/diagnostic_array__rosidl_typesupport_fastrtps_cpp.hpp
-- Installing: /home/ohtoai/rust_ros_ws/install/diagnostic_msgs/include/diagnostic_msgs/diagnostic_msgs/msg/detail/diagnostic_status__rosidl_typesupport_fastrtps_cpp.hpp
-- Installing: /home/ohtoai/rust_ros_ws/install/diagnostic_msgs/include/diagnostic_msgs/diagnostic_msgs/msg/detail/dds_fastrtps
-- Installing: /home/ohtoai/rust_ros_ws/install/diagnostic_msgs/include/diagnostic_msgs/diagnostic_msgs/msg/detail/key_value__rosidl_typesupport_fastrtps_cpp.hpp
-- Installing: /home/ohtoai/rust_ros_ws/install/diagnostic_msgs/include/diagnostic_msgs/diagnostic_msgs/msg/rosidl_typesupport_fastrtps_cpp__visibility_control.h
-- Up-to-date: /home/ohtoai/rust_ros_ws/install/diagnostic_msgs/include/diagnostic_msgs/diagnostic_msgs/srv
-- Up-to-date: /home/ohtoai/rust_ros_ws/install/diagnostic_msgs/include/diagnostic_msgs/diagnostic_msgs/srv/detail
-- Installing: /home/ohtoai/rust_ros_ws/install/diagnostic_msgs/include/diagnostic_msgs/diagnostic_msgs/srv/detail/add_diagnostics__rosidl_typesupport_fastrtps_cpp.hpp
-- Installing: /home/ohtoai/rust_ros_ws/install/diagnostic_msgs/include/diagnostic_msgs/diagnostic_msgs/srv/detail/self_test__rosidl_typesupport_fastrtps_cpp.hpp
-- Installing: /home/ohtoai/rust_ros_ws/install/diagnostic_msgs/include/diagnostic_msgs/diagnostic_msgs/srv/detail/dds_fastrtps
-- Installing: /home/ohtoai/rust_ros_ws/install/diagnostic_msgs/lib/libdiagnostic_msgs__rosidl_typesupport_fastrtps_cpp.so
-- Set non-toolchain portion of runtime path of "/home/ohtoai/rust_ros_ws/install/diagnostic_msgs/lib/libdiagnostic_msgs__rosidl_typesupport_fastrtps_cpp.so" to ""
-- Up-to-date: /home/ohtoai/rust_ros_ws/install/diagnostic_msgs/include/diagnostic_msgs/diagnostic_msgs
-- Up-to-date: /home/ohtoai/rust_ros_ws/install/diagnostic_msgs/include/diagnostic_msgs/diagnostic_msgs/msg
-- Up-to-date: /home/ohtoai/rust_ros_ws/install/diagnostic_msgs/include/diagnostic_msgs/diagnostic_msgs/msg/detail
-- Installing: /home/ohtoai/rust_ros_ws/install/diagnostic_msgs/include/diagnostic_msgs/diagnostic_msgs/msg/detail/diagnostic_status__type_support.cpp
-- Installing: /home/ohtoai/rust_ros_ws/install/diagnostic_msgs/include/diagnostic_msgs/diagnostic_msgs/msg/detail/key_value__type_support.cpp
-- Installing: /home/ohtoai/rust_ros_ws/install/diagnostic_msgs/include/diagnostic_msgs/diagnostic_msgs/msg/detail/diagnostic_array__rosidl_typesupport_introspection_cpp.hpp
-- Installing: /home/ohtoai/rust_ros_ws/install/diagnostic_msgs/include/diagnostic_msgs/diagnostic_msgs/msg/detail/key_value__rosidl_typesupport_introspection_cpp.hpp
-- Installing: /home/ohtoai/rust_ros_ws/install/diagnostic_msgs/include/diagnostic_msgs/diagnostic_msgs/msg/detail/diagnostic_status__rosidl_typesupport_introspection_cpp.hpp
-- Installing: /home/ohtoai/rust_ros_ws/install/diagnostic_msgs/include/diagnostic_msgs/diagnostic_msgs/msg/detail/diagnostic_array__type_support.cpp
-- Up-to-date: /home/ohtoai/rust_ros_ws/install/diagnostic_msgs/include/diagnostic_msgs/diagnostic_msgs/srv
-- Up-to-date: /home/ohtoai/rust_ros_ws/install/diagnostic_msgs/include/diagnostic_msgs/diagnostic_msgs/srv/detail
-- Installing: /home/ohtoai/rust_ros_ws/install/diagnostic_msgs/include/diagnostic_msgs/diagnostic_msgs/srv/detail/self_test__type_support.cpp
-- Installing: /home/ohtoai/rust_ros_ws/install/diagnostic_msgs/include/diagnostic_msgs/diagnostic_msgs/srv/detail/self_test__rosidl_typesupport_introspection_cpp.hpp
-- Installing: /home/ohtoai/rust_ros_ws/install/diagnostic_msgs/include/diagnostic_msgs/diagnostic_msgs/srv/detail/add_diagnostics__rosidl_typesupport_introspection_cpp.hpp
-- Installing: /home/ohtoai/rust_ros_ws/install/diagnostic_msgs/include/diagnostic_msgs/diagnostic_msgs/srv/detail/add_diagnostics__type_support.cpp
-- Installing: /home/ohtoai/rust_ros_ws/install/diagnostic_msgs/lib/libdiagnostic_msgs__rosidl_typesupport_introspection_cpp.so
-- Set non-toolchain portion of runtime path of "/home/ohtoai/rust_ros_ws/install/diagnostic_msgs/lib/libdiagnostic_msgs__rosidl_typesupport_introspection_cpp.so" to ""
-- Installing: /home/ohtoai/rust_ros_ws/install/diagnostic_msgs/lib/libdiagnostic_msgs__rosidl_typesupport_cpp.so
-- Set non-toolchain portion of runtime path of "/home/ohtoai/rust_ros_ws/install/diagnostic_msgs/lib/libdiagnostic_msgs__rosidl_typesupport_cpp.so" to ""
-- Installing: /home/ohtoai/rust_ros_ws/install/diagnostic_msgs/share/ament_index/resource_index/rust_packages/diagnostic_msgs
-- Installing: /home/ohtoai/rust_ros_ws/install/diagnostic_msgs/share/diagnostic_msgs/rust
-- Installing: /home/ohtoai/rust_ros_ws/install/diagnostic_msgs/share/diagnostic_msgs/rust/build.rs
-- Installing: /home/ohtoai/rust_ros_ws/install/diagnostic_msgs/share/diagnostic_msgs/rust/Cargo.toml
-- Installing: /home/ohtoai/rust_ros_ws/install/diagnostic_msgs/share/diagnostic_msgs/rust/src
-- Installing: /home/ohtoai/rust_ros_ws/install/diagnostic_msgs/share/diagnostic_msgs/rust/src/msg.rs
-- Installing: /home/ohtoai/rust_ros_ws/install/diagnostic_msgs/share/diagnostic_msgs/rust/src/srv.rs
-- Installing: /home/ohtoai/rust_ros_ws/install/diagnostic_msgs/share/diagnostic_msgs/rust/src/lib.rs
-- Installing: /home/ohtoai/rust_ros_ws/install/diagnostic_msgs/share/diagnostic_msgs/environment/pythonpath.sh
-- Installing: /home/ohtoai/rust_ros_ws/install/diagnostic_msgs/share/diagnostic_msgs/environment/pythonpath.dsv
-- Installing: /home/ohtoai/rust_ros_ws/install/diagnostic_msgs/lib/python3.12/site-packages/diagnostic_msgs-5.3.5-py3.12.egg-info
-- Installing: /home/ohtoai/rust_ros_ws/install/diagnostic_msgs/lib/python3.12/site-packages/diagnostic_msgs-5.3.5-py3.12.egg-info/PKG-INFO
-- Installing: /home/ohtoai/rust_ros_ws/install/diagnostic_msgs/lib/python3.12/site-packages/diagnostic_msgs-5.3.5-py3.12.egg-info/top_level.txt
-- Installing: /home/ohtoai/rust_ros_ws/install/diagnostic_msgs/lib/python3.12/site-packages/diagnostic_msgs-5.3.5-py3.12.egg-info/SOURCES.txt
-- Installing: /home/ohtoai/rust_ros_ws/install/diagnostic_msgs/lib/python3.12/site-packages/diagnostic_msgs-5.3.5-py3.12.egg-info/dependency_links.txt
-- Installing: /home/ohtoai/rust_ros_ws/install/diagnostic_msgs/lib/python3.12/site-packages/diagnostic_msgs
-- Installing: /home/ohtoai/rust_ros_ws/install/diagnostic_msgs/lib/python3.12/site-packages/diagnostic_msgs/msg
-- Installing: /home/ohtoai/rust_ros_ws/install/diagnostic_msgs/lib/python3.12/site-packages/diagnostic_msgs/msg/_diagnostic_array.py
-- Installing: /home/ohtoai/rust_ros_ws/install/diagnostic_msgs/lib/python3.12/site-packages/diagnostic_msgs/msg/_key_value_s.c
-- Installing: /home/ohtoai/rust_ros_ws/install/diagnostic_msgs/lib/python3.12/site-packages/diagnostic_msgs/msg/_diagnostic_array_s.c
-- Installing: /home/ohtoai/rust_ros_ws/install/diagnostic_msgs/lib/python3.12/site-packages/diagnostic_msgs/msg/_diagnostic_status.py
-- Installing: /home/ohtoai/rust_ros_ws/install/diagnostic_msgs/lib/python3.12/site-packages/diagnostic_msgs/msg/_key_value.py
-- Installing: /home/ohtoai/rust_ros_ws/install/diagnostic_msgs/lib/python3.12/site-packages/diagnostic_msgs/msg/_diagnostic_status_s.c
-- Installing: /home/ohtoai/rust_ros_ws/install/diagnostic_msgs/lib/python3.12/site-packages/diagnostic_msgs/msg/__init__.py
-- Installing: /home/ohtoai/rust_ros_ws/install/diagnostic_msgs/lib/python3.12/site-packages/diagnostic_msgs/diagnostic_msgs_s__rosidl_typesupport_c.so
-- Installing: /home/ohtoai/rust_ros_ws/install/diagnostic_msgs/lib/python3.12/site-packages/diagnostic_msgs/srv
-- Installing: /home/ohtoai/rust_ros_ws/install/diagnostic_msgs/lib/python3.12/site-packages/diagnostic_msgs/srv/_self_test_s.c
-- Installing: /home/ohtoai/rust_ros_ws/install/diagnostic_msgs/lib/python3.12/site-packages/diagnostic_msgs/srv/_add_diagnostics.py
-- Installing: /home/ohtoai/rust_ros_ws/install/diagnostic_msgs/lib/python3.12/site-packages/diagnostic_msgs/srv/_add_diagnostics_s.c
-- Installing: /home/ohtoai/rust_ros_ws/install/diagnostic_msgs/lib/python3.12/site-packages/diagnostic_msgs/srv/_self_test.py
-- Installing: /home/ohtoai/rust_ros_ws/install/diagnostic_msgs/lib/python3.12/site-packages/diagnostic_msgs/srv/__init__.py
-- Installing: /home/ohtoai/rust_ros_ws/install/diagnostic_msgs/lib/python3.12/site-packages/diagnostic_msgs/_diagnostic_msgs_s.ep.rosidl_typesupport_c.c
-- Installing: /home/ohtoai/rust_ros_ws/install/diagnostic_msgs/lib/python3.12/site-packages/diagnostic_msgs/_diagnostic_msgs_s.ep.rosidl_typesupport_fastrtps_c.c
-- Installing: /home/ohtoai/rust_ros_ws/install/diagnostic_msgs/lib/python3.12/site-packages/diagnostic_msgs/diagnostic_msgs_s__rosidl_typesupport_introspection_c.so
-- Installing: /home/ohtoai/rust_ros_ws/install/diagnostic_msgs/lib/python3.12/site-packages/diagnostic_msgs/_diagnostic_msgs_s.ep.rosidl_typesupport_introspection_c.c
-- Installing: /home/ohtoai/rust_ros_ws/install/diagnostic_msgs/lib/python3.12/site-packages/diagnostic_msgs/diagnostic_msgs_s__rosidl_typesupport_fastrtps_c.so
-- Installing: /home/ohtoai/rust_ros_ws/install/diagnostic_msgs/lib/python3.12/site-packages/diagnostic_msgs/__init__.py
Listing '/home/ohtoai/rust_ros_ws/install/diagnostic_msgs/lib/python3.12/site-packages/diagnostic_msgs'...
Compiling '/home/ohtoai/rust_ros_ws/install/diagnostic_msgs/lib/python3.12/site-packages/diagnostic_msgs/__init__.py'...
Listing '/home/ohtoai/rust_ros_ws/install/diagnostic_msgs/lib/python3.12/site-packages/diagnostic_msgs/msg'...
Compiling '/home/ohtoai/rust_ros_ws/install/diagnostic_msgs/lib/python3.12/site-packages/diagnostic_msgs/msg/__init__.py'...
Compiling '/home/ohtoai/rust_ros_ws/install/diagnostic_msgs/lib/python3.12/site-packages/diagnostic_msgs/msg/_diagnostic_array.py'...
Compiling '/home/ohtoai/rust_ros_ws/install/diagnostic_msgs/lib/python3.12/site-packages/diagnostic_msgs/msg/_diagnostic_status.py'...
Compiling '/home/ohtoai/rust_ros_ws/install/diagnostic_msgs/lib/python3.12/site-packages/diagnostic_msgs/msg/_key_value.py'...
Listing '/home/ohtoai/rust_ros_ws/install/diagnostic_msgs/lib/python3.12/site-packages/diagnostic_msgs/srv'...
Compiling '/home/ohtoai/rust_ros_ws/install/diagnostic_msgs/lib/python3.12/site-packages/diagnostic_msgs/srv/__init__.py'...
Compiling '/home/ohtoai/rust_ros_ws/install/diagnostic_msgs/lib/python3.12/site-packages/diagnostic_msgs/srv/_add_diagnostics.py'...
Compiling '/home/ohtoai/rust_ros_ws/install/diagnostic_msgs/lib/python3.12/site-packages/diagnostic_msgs/srv/_self_test.py'...
-- Installing: /home/ohtoai/rust_ros_ws/install/diagnostic_msgs/lib/python3.12/site-packages/diagnostic_msgs/diagnostic_msgs_s__rosidl_typesupport_fastrtps_c.so
-- Set non-toolchain portion of runtime path of "/home/ohtoai/rust_ros_ws/install/diagnostic_msgs/lib/python3.12/site-packages/diagnostic_msgs/diagnostic_msgs_s__rosidl_typesupport_fastrtps_c.so" to ""
-- Installing: /home/ohtoai/rust_ros_ws/install/diagnostic_msgs/lib/python3.12/site-packages/diagnostic_msgs/diagnostic_msgs_s__rosidl_typesupport_introspection_c.so
-- Set non-toolchain portion of runtime path of "/home/ohtoai/rust_ros_ws/install/diagnostic_msgs/lib/python3.12/site-packages/diagnostic_msgs/diagnostic_msgs_s__rosidl_typesupport_introspection_c.so" to ""
-- Installing: /home/ohtoai/rust_ros_ws/install/diagnostic_msgs/lib/python3.12/site-packages/diagnostic_msgs/diagnostic_msgs_s__rosidl_typesupport_c.so
-- Set non-toolchain portion of runtime path of "/home/ohtoai/rust_ros_ws/install/diagnostic_msgs/lib/python3.12/site-packages/diagnostic_msgs/diagnostic_msgs_s__rosidl_typesupport_c.so" to ""
-- Installing: /home/ohtoai/rust_ros_ws/install/diagnostic_msgs/lib/libdiagnostic_msgs__rosidl_generator_py.so
-- Set non-toolchain portion of runtime path of "/home/ohtoai/rust_ros_ws/install/diagnostic_msgs/lib/libdiagnostic_msgs__rosidl_generator_py.so" to ""
-- Installing: /home/ohtoai/rust_ros_ws/install/diagnostic_msgs/share/diagnostic_msgs/msg/DiagnosticArray.idl
-- Installing: /home/ohtoai/rust_ros_ws/install/diagnostic_msgs/share/diagnostic_msgs/msg/DiagnosticStatus.idl
-- Installing: /home/ohtoai/rust_ros_ws/install/diagnostic_msgs/share/diagnostic_msgs/msg/KeyValue.idl
-- Installing: /home/ohtoai/rust_ros_ws/install/diagnostic_msgs/share/diagnostic_msgs/srv/AddDiagnostics.idl
-- Installing: /home/ohtoai/rust_ros_ws/install/diagnostic_msgs/share/diagnostic_msgs/srv/SelfTest.idl
-- Installing: /home/ohtoai/rust_ros_ws/install/diagnostic_msgs/share/diagnostic_msgs/msg/DiagnosticArray.msg
-- Installing: /home/ohtoai/rust_ros_ws/install/diagnostic_msgs/share/diagnostic_msgs/msg/DiagnosticStatus.msg
-- Installing: /home/ohtoai/rust_ros_ws/install/diagnostic_msgs/share/diagnostic_msgs/msg/KeyValue.msg
-- Installing: /home/ohtoai/rust_ros_ws/install/diagnostic_msgs/share/diagnostic_msgs/srv/AddDiagnostics.srv
-- Installing: /home/ohtoai/rust_ros_ws/install/diagnostic_msgs/share/diagnostic_msgs/srv/SelfTest.srv
-- Installing: /home/ohtoai/rust_ros_ws/install/diagnostic_msgs/share/ament_index/resource_index/package_run_dependencies/diagnostic_msgs
-- Installing: /home/ohtoai/rust_ros_ws/install/diagnostic_msgs/share/ament_index/resource_index/parent_prefix_path/diagnostic_msgs
-- Installing: /home/ohtoai/rust_ros_ws/install/diagnostic_msgs/share/diagnostic_msgs/environment/ament_prefix_path.sh
-- Installing: /home/ohtoai/rust_ros_ws/install/diagnostic_msgs/share/diagnostic_msgs/environment/ament_prefix_path.dsv
-- Installing: /home/ohtoai/rust_ros_ws/install/diagnostic_msgs/share/diagnostic_msgs/environment/path.sh
-- Installing: /home/ohtoai/rust_ros_ws/install/diagnostic_msgs/share/diagnostic_msgs/environment/path.dsv
-- Installing: /home/ohtoai/rust_ros_ws/install/diagnostic_msgs/share/diagnostic_msgs/local_setup.bash
-- Installing: /home/ohtoai/rust_ros_ws/install/diagnostic_msgs/share/diagnostic_msgs/local_setup.sh
-- Installing: /home/ohtoai/rust_ros_ws/install/diagnostic_msgs/share/diagnostic_msgs/local_setup.zsh
-- Installing: /home/ohtoai/rust_ros_ws/install/diagnostic_msgs/share/diagnostic_msgs/local_setup.dsv
-- Installing: /home/ohtoai/rust_ros_ws/install/diagnostic_msgs/share/diagnostic_msgs/package.dsv
-- Installing: /home/ohtoai/rust_ros_ws/install/diagnostic_msgs/share/ament_index/resource_index/packages/diagnostic_msgs
-- Installing: /home/ohtoai/rust_ros_ws/install/diagnostic_msgs/share/diagnostic_msgs/cmake/export_diagnostic_msgs__rosidl_generator_cExport.cmake
-- Installing: /home/ohtoai/rust_ros_ws/install/diagnostic_msgs/share/diagnostic_msgs/cmake/export_diagnostic_msgs__rosidl_generator_cExport-noconfig.cmake
-- Installing: /home/ohtoai/rust_ros_ws/install/diagnostic_msgs/share/diagnostic_msgs/cmake/export_diagnostic_msgs__rosidl_typesupport_fastrtps_cExport.cmake
-- Installing: /home/ohtoai/rust_ros_ws/install/diagnostic_msgs/share/diagnostic_msgs/cmake/export_diagnostic_msgs__rosidl_typesupport_fastrtps_cExport-noconfig.cmake
-- Installing: /home/ohtoai/rust_ros_ws/install/diagnostic_msgs/share/diagnostic_msgs/cmake/diagnostic_msgs__rosidl_typesupport_introspection_cExport.cmake
-- Installing: /home/ohtoai/rust_ros_ws/install/diagnostic_msgs/share/diagnostic_msgs/cmake/diagnostic_msgs__rosidl_typesupport_introspection_cExport-noconfig.cmake
-- Installing: /home/ohtoai/rust_ros_ws/install/diagnostic_msgs/share/diagnostic_msgs/cmake/diagnostic_msgs__rosidl_typesupport_cExport.cmake
-- Installing: /home/ohtoai/rust_ros_ws/install/diagnostic_msgs/share/diagnostic_msgs/cmake/diagnostic_msgs__rosidl_typesupport_cExport-noconfig.cmake
-- Installing: /home/ohtoai/rust_ros_ws/install/diagnostic_msgs/share/diagnostic_msgs/cmake/export_diagnostic_msgs__rosidl_generator_cppExport.cmake
-- Installing: /home/ohtoai/rust_ros_ws/install/diagnostic_msgs/share/diagnostic_msgs/cmake/export_diagnostic_msgs__rosidl_typesupport_fastrtps_cppExport.cmake
-- Installing: /home/ohtoai/rust_ros_ws/install/diagnostic_msgs/share/diagnostic_msgs/cmake/export_diagnostic_msgs__rosidl_typesupport_fastrtps_cppExport-noconfig.cmake
-- Installing: /home/ohtoai/rust_ros_ws/install/diagnostic_msgs/share/diagnostic_msgs/cmake/diagnostic_msgs__rosidl_typesupport_introspection_cppExport.cmake
-- Installing: /home/ohtoai/rust_ros_ws/install/diagnostic_msgs/share/diagnostic_msgs/cmake/diagnostic_msgs__rosidl_typesupport_introspection_cppExport-noconfig.cmake
-- Installing: /home/ohtoai/rust_ros_ws/install/diagnostic_msgs/share/diagnostic_msgs/cmake/diagnostic_msgs__rosidl_typesupport_cppExport.cmake
-- Installing: /home/ohtoai/rust_ros_ws/install/diagnostic_msgs/share/diagnostic_msgs/cmake/diagnostic_msgs__rosidl_typesupport_cppExport-noconfig.cmake
-- Installing: /home/ohtoai/rust_ros_ws/install/diagnostic_msgs/share/diagnostic_msgs/cmake/export_diagnostic_msgs__rosidl_generator_pyExport.cmake
-- Installing: /home/ohtoai/rust_ros_ws/install/diagnostic_msgs/share/diagnostic_msgs/cmake/export_diagnostic_msgs__rosidl_generator_pyExport-noconfig.cmake
-- Installing: /home/ohtoai/rust_ros_ws/install/diagnostic_msgs/share/diagnostic_msgs/cmake/rosidl_cmake-extras.cmake
-- Installing: /home/ohtoai/rust_ros_ws/install/diagnostic_msgs/share/diagnostic_msgs/cmake/ament_cmake_export_dependencies-extras.cmake
-- Installing: /home/ohtoai/rust_ros_ws/install/diagnostic_msgs/share/diagnostic_msgs/cmake/ament_cmake_export_include_directories-extras.cmake
-- Installing: /home/ohtoai/rust_ros_ws/install/diagnostic_msgs/share/diagnostic_msgs/cmake/ament_cmake_export_libraries-extras.cmake
-- Installing: /home/ohtoai/rust_ros_ws/install/diagnostic_msgs/share/diagnostic_msgs/cmake/ament_cmake_export_targets-extras.cmake
-- Installing: /home/ohtoai/rust_ros_ws/install/diagnostic_msgs/share/diagnostic_msgs/cmake/rosidl_cmake_export_typesupport_targets-extras.cmake
-- Installing: /home/ohtoai/rust_ros_ws/install/diagnostic_msgs/share/diagnostic_msgs/cmake/rosidl_cmake_export_typesupport_libraries-extras.cmake
-- Installing: /home/ohtoai/rust_ros_ws/install/diagnostic_msgs/share/diagnostic_msgs/cmake/diagnostic_msgsConfig.cmake
-- Installing: /home/ohtoai/rust_ros_ws/install/diagnostic_msgs/share/diagnostic_msgs/cmake/diagnostic_msgsConfig-version.cmake
-- Installing: /home/ohtoai/rust_ros_ws/install/diagnostic_msgs/share/diagnostic_msgs/package.xml
